2024/09/09 23:41:13 - mmengine - INFO - 
------------------------------------------------------------
System environment:
    sys.platform: linux
    Python: 3.9.19 | packaged by conda-forge | (main, Mar 20 2024, 12:50:21) [GCC 12.3.0]
    CUDA available: True
    numpy_random_seed: 1923527182
    CUDA_HOME: /tools/cuda/cuda11.8
    NVCC: Cuda compilation tools, release 11.8, V11.8.89
    GCC: gcc (Ubuntu 7.5.0-3ubuntu1~18.04) 7.5.0
    PyTorch: 1.13.1+cu117
    PyTorch compiling details: PyTorch built with:
  - GCC 9.3
  - C++ Version: 201402
  - Intel(R) Math Kernel Library Version 2020.0.0 Product Build 20191122 for Intel(R) 64 architecture applications
  - Intel(R) MKL-DNN v2.6.0 (Git Hash 52b5f107dd9cf10910aaa19cb47f3abf9b349815)
  - OpenMP 201511 (a.k.a. OpenMP 4.5)
  - LAPACK is enabled (usually provided by MKL)
  - NNPACK is enabled
  - CPU capability usage: AVX2
  - CUDA Runtime 11.7
  - NVCC architecture flags: -gencode;arch=compute_37,code=sm_37;-gencode;arch=compute_50,code=sm_50;-gencode;arch=compute_60,code=sm_60;-gencode;arch=compute_70,code=sm_70;-gencode;arch=compute_75,code=sm_75;-gencode;arch=compute_80,code=sm_80;-gencode;arch=compute_86,code=sm_86
  - CuDNN 8.5
  - Magma 2.6.1
  - Build settings: BLAS_INFO=mkl, BUILD_TYPE=Release, CUDA_VERSION=11.7, CUDNN_VERSION=8.5.0, CXX_COMPILER=/opt/rh/devtoolset-9/root/usr/bin/c++, CXX_FLAGS= -fabi-version=11 -Wno-deprecated -fvisibility-inlines-hidden -DUSE_PTHREADPOOL -fopenmp -DNDEBUG -DUSE_KINETO -DUSE_FBGEMM -DUSE_QNNPACK -DUSE_PYTORCH_QNNPACK -DUSE_XNNPACK -DSYMBOLICATE_MOBILE_DEBUG_HANDLE -DEDGE_PROFILER_USE_KINETO -O2 -fPIC -Wno-narrowing -Wall -Wextra -Werror=return-type -Werror=non-virtual-dtor -Wno-missing-field-initializers -Wno-type-limits -Wno-array-bounds -Wno-unknown-pragmas -Wunused-local-typedefs -Wno-unused-parameter -Wno-unused-function -Wno-unused-result -Wno-strict-overflow -Wno-strict-aliasing -Wno-error=deprecated-declarations -Wno-stringop-overflow -Wno-psabi -Wno-error=pedantic -Wno-error=redundant-decls -Wno-error=old-style-cast -fdiagnostics-color=always -faligned-new -Wno-unused-but-set-variable -Wno-maybe-uninitialized -fno-math-errno -fno-trapping-math -Werror=format -Werror=cast-function-type -Wno-stringop-overflow, LAPACK_INFO=mkl, PERF_WITH_AVX=1, PERF_WITH_AVX2=1, PERF_WITH_AVX512=1, TORCH_VERSION=1.13.1, USE_CUDA=ON, USE_CUDNN=ON, USE_EXCEPTION_PTR=1, USE_GFLAGS=OFF, USE_GLOG=OFF, USE_MKL=ON, USE_MKLDNN=ON, USE_MPI=OFF, USE_NCCL=ON, USE_NNPACK=ON, USE_OPENMP=ON, USE_ROCM=OFF, 

    TorchVision: 0.14.1+cu117
    OpenCV: 4.10.0
    MMEngine: 0.8.4

Runtime environment:
    cudnn_benchmark: True
    mp_cfg: {'mp_start_method': 'fork', 'opencv_num_threads': 0}
    dist_cfg: {'backend': 'nccl'}
    seed: 1923527182
    Distributed launcher: none
    Distributed training: False
    GPU number: 1
------------------------------------------------------------

2024/09/09 23:41:13 - mmengine - INFO - Config:
data_root = '/SHARE_ST/icl/Neurips2024/zeroseg_kdu_khy/data/coco_stuff164k'
dataset_type = 'COCOObjectDataset'
default_hooks = dict(
    checkpoint=dict(by_epoch=False, interval=2000, type='CheckpointHook'),
    logger=dict(interval=50, log_metric_by_epoch=False, type='LoggerHook'),
    param_scheduler=dict(type='ParamSchedulerHook'),
    sampler_seed=dict(type='DistSamplerSeedHook'),
    timer=dict(type='IterTimerHook'),
    visualization=dict(draw=True, interval=1, type='SegVisualizationHook'))
default_scope = 'mmseg'
env_cfg = dict(
    cudnn_benchmark=True,
    dist_cfg=dict(backend='nccl'),
    mp_cfg=dict(mp_start_method='fork', opencv_num_threads=0))
launcher = 'none'
load_from = None
log_level = 'INFO'
log_processor = dict(by_epoch=False)
model = dict(
    P=0.14,
    T=0.17,
    clip_path='ViT-B/16',
    kl_sizes=[
        0.9749851923788148,
        0.804973056633385,
        0.6138345976796581,
    ],
    logit_scale=50,
    name_path='./configs/cls_coco_object.txt',
    prob_thd=0.45,
    type='CLIPForSegmentation')
resume = False
test_cfg = dict(type='TestLoop')
test_dataloader = dict(
    batch_size=1,
    dataset=dict(
        data_prefix=dict(
            img_path='images/val2017', seg_map_path='annotations/val2017'),
        data_root=
        '/SHARE_ST/icl/Neurips2024/zeroseg_kdu_khy/data/coco_stuff164k',
        pipeline=[
            dict(type='LoadImageFromFile'),
            dict(keep_ratio=True, scale=(
                2048,
                448,
            ), type='Resize'),
            dict(type='LoadAnnotations'),
            dict(type='PackSegInputs'),
        ],
        reduce_zero_label=False,
        type='COCOObjectDataset'),
    num_workers=4,
    persistent_workers=True,
    sampler=dict(shuffle=False, type='DefaultSampler'))
test_evaluator = dict(
    iou_metrics=[
        'mIoU',
    ], type='IoUMetric')
test_pipeline = [
    dict(type='LoadImageFromFile'),
    dict(keep_ratio=True, scale=(
        2048,
        448,
    ), type='Resize'),
    dict(type='LoadAnnotations'),
    dict(type='PackSegInputs'),
]
vis_backends = [
    dict(type='LocalVisBackend'),
]
visualizer = dict(
    name='visualizer',
    save_dir='./outputs/',
    type='SegLocalVisualizer',
    vis_backends=[
        dict(type='LocalVisBackend'),
    ])
work_dir = './hyper-coco'

2024/09/09 23:41:19 - mmengine - INFO - Distributed training is not used, all SyncBatchNorm (SyncBN) layers in the model will be automatically reverted to BatchNormXd layers if they are used.
2024/09/09 23:41:19 - mmengine - INFO - Hooks will be executed in the following order:
before_run:
(VERY_HIGH   ) RuntimeInfoHook                    
(BELOW_NORMAL) LoggerHook                         
 -------------------- 
before_train:
(VERY_HIGH   ) RuntimeInfoHook                    
(NORMAL      ) IterTimerHook                      
(VERY_LOW    ) CheckpointHook                     
 -------------------- 
before_train_epoch:
(VERY_HIGH   ) RuntimeInfoHook                    
(NORMAL      ) IterTimerHook                      
(NORMAL      ) DistSamplerSeedHook                
 -------------------- 
before_train_iter:
(VERY_HIGH   ) RuntimeInfoHook                    
(NORMAL      ) IterTimerHook                      
 -------------------- 
after_train_iter:
(VERY_HIGH   ) RuntimeInfoHook                    
(NORMAL      ) IterTimerHook                      
(NORMAL      ) SegVisualizationHook               
(BELOW_NORMAL) LoggerHook                         
(LOW         ) ParamSchedulerHook                 
(VERY_LOW    ) CheckpointHook                     
 -------------------- 
after_train_epoch:
(NORMAL      ) IterTimerHook                      
(LOW         ) ParamSchedulerHook                 
(VERY_LOW    ) CheckpointHook                     
 -------------------- 
before_val:
(VERY_HIGH   ) RuntimeInfoHook                    
 -------------------- 
before_val_epoch:
(NORMAL      ) IterTimerHook                      
 -------------------- 
before_val_iter:
(NORMAL      ) IterTimerHook                      
 -------------------- 
after_val_iter:
(NORMAL      ) IterTimerHook                      
(NORMAL      ) SegVisualizationHook               
(BELOW_NORMAL) LoggerHook                         
 -------------------- 
after_val_epoch:
(VERY_HIGH   ) RuntimeInfoHook                    
(NORMAL      ) IterTimerHook                      
(BELOW_NORMAL) LoggerHook                         
(LOW         ) ParamSchedulerHook                 
(VERY_LOW    ) CheckpointHook                     
 -------------------- 
after_val:
(VERY_HIGH   ) RuntimeInfoHook                    
 -------------------- 
after_train:
(VERY_HIGH   ) RuntimeInfoHook                    
(VERY_LOW    ) CheckpointHook                     
 -------------------- 
before_test:
(VERY_HIGH   ) RuntimeInfoHook                    
 -------------------- 
before_test_epoch:
(NORMAL      ) IterTimerHook                      
 -------------------- 
before_test_iter:
(NORMAL      ) IterTimerHook                      
 -------------------- 
after_test_iter:
(NORMAL      ) IterTimerHook                      
(NORMAL      ) SegVisualizationHook               
(BELOW_NORMAL) LoggerHook                         
 -------------------- 
after_test_epoch:
(VERY_HIGH   ) RuntimeInfoHook                    
(NORMAL      ) IterTimerHook                      
(BELOW_NORMAL) LoggerHook                         
 -------------------- 
after_test:
(VERY_HIGH   ) RuntimeInfoHook                    
 -------------------- 
after_run:
(BELOW_NORMAL) LoggerHook                         
 -------------------- 
2024/09/09 23:41:28 - mmengine - INFO - Iter(test) [  50/5000]    eta: 0:14:54  time: 0.1579  data_time: 0.0857  memory: 1286  
2024/09/09 23:41:37 - mmengine - INFO - Iter(test) [ 100/5000]    eta: 0:14:17  time: 0.1708  data_time: 0.1055  memory: 1274  
2024/09/09 23:41:45 - mmengine - INFO - Iter(test) [ 150/5000]    eta: 0:13:58  time: 0.1663  data_time: 0.0918  memory: 1269  
2024/09/09 23:41:54 - mmengine - INFO - Iter(test) [ 200/5000]    eta: 0:13:53  time: 0.1576  data_time: 0.0837  memory: 1274  
2024/09/09 23:42:03 - mmengine - INFO - Iter(test) [ 250/5000]    eta: 0:13:39  time: 0.1559  data_time: 0.0878  memory: 1269  
2024/09/09 23:42:11 - mmengine - INFO - Iter(test) [ 300/5000]    eta: 0:13:31  time: 0.1757  data_time: 0.0933  memory: 1278  
2024/09/09 23:42:19 - mmengine - INFO - Iter(test) [ 350/5000]    eta: 0:13:16  time: 0.1498  data_time: 0.0899  memory: 1269  
2024/09/09 23:42:28 - mmengine - INFO - Iter(test) [ 400/5000]    eta: 0:13:09  time: 0.1871  data_time: 0.0930  memory: 1323  
2024/09/09 23:42:36 - mmengine - INFO - Iter(test) [ 450/5000]    eta: 0:12:58  time: 0.1594  data_time: 0.0957  memory: 1286  
2024/09/09 23:42:45 - mmengine - INFO - Iter(test) [ 500/5000]    eta: 0:12:49  time: 0.1697  data_time: 0.0937  memory: 1284  
2024/09/09 23:42:53 - mmengine - INFO - Iter(test) [ 550/5000]    eta: 0:12:39  time: 0.1633  data_time: 0.0921  memory: 1270  
2024/09/09 23:43:02 - mmengine - INFO - Iter(test) [ 600/5000]    eta: 0:12:29  time: 0.1607  data_time: 0.0961  memory: 1291  
2024/09/09 23:43:10 - mmengine - INFO - Iter(test) [ 650/5000]    eta: 0:12:18  time: 0.1524  data_time: 0.0894  memory: 1312  
2024/09/09 23:43:18 - mmengine - INFO - Iter(test) [ 700/5000]    eta: 0:12:10  time: 0.1783  data_time: 0.0959  memory: 1263  
2024/09/09 23:43:27 - mmengine - INFO - Iter(test) [ 750/5000]    eta: 0:12:00  time: 0.1522  data_time: 0.0907  memory: 1272  
2024/09/09 23:43:35 - mmengine - INFO - Iter(test) [ 800/5000]    eta: 0:11:52  time: 0.1827  data_time: 0.0936  memory: 1270  
2024/09/09 23:43:43 - mmengine - INFO - Iter(test) [ 850/5000]    eta: 0:11:42  time: 0.1575  data_time: 0.0901  memory: 1348  
2024/09/09 23:43:51 - mmengine - INFO - Iter(test) [ 900/5000]    eta: 0:11:32  time: 0.1509  data_time: 0.0844  memory: 1253  
2024/09/09 23:44:00 - mmengine - INFO - Iter(test) [ 950/5000]    eta: 0:11:23  time: 0.1592  data_time: 0.0901  memory: 1276  
2024/09/09 23:44:08 - mmengine - INFO - Iter(test) [1000/5000]    eta: 0:11:15  time: 0.1673  data_time: 0.0882  memory: 1294  
2024/09/09 23:44:17 - mmengine - INFO - Iter(test) [1050/5000]    eta: 0:11:06  time: 0.1579  data_time: 0.0901  memory: 1287  
2024/09/09 23:44:25 - mmengine - INFO - Iter(test) [1100/5000]    eta: 0:10:57  time: 0.1634  data_time: 0.0898  memory: 1284  
2024/09/09 23:44:33 - mmengine - INFO - Iter(test) [1150/5000]    eta: 0:10:48  time: 0.1588  data_time: 0.0903  memory: 1271  
2024/09/09 23:44:41 - mmengine - INFO - Iter(test) [1200/5000]    eta: 0:10:39  time: 0.1621  data_time: 0.0884  memory: 1270  
2024/09/09 23:44:50 - mmengine - INFO - Iter(test) [1250/5000]    eta: 0:10:31  time: 0.1753  data_time: 0.0984  memory: 1349  
2024/09/09 23:44:58 - mmengine - INFO - Iter(test) [1300/5000]    eta: 0:10:22  time: 0.1587  data_time: 0.0954  memory: 1280  
2024/09/09 23:45:06 - mmengine - INFO - Iter(test) [1350/5000]    eta: 0:10:13  time: 0.1622  data_time: 0.1069  memory: 1270  
2024/09/09 23:45:15 - mmengine - INFO - Iter(test) [1400/5000]    eta: 0:10:04  time: 0.1689  data_time: 0.0884  memory: 1335  
2024/09/09 23:45:23 - mmengine - INFO - Iter(test) [1450/5000]    eta: 0:09:56  time: 0.1590  data_time: 0.0905  memory: 1270  
2024/09/09 23:45:32 - mmengine - INFO - Iter(test) [1500/5000]    eta: 0:09:48  time: 0.1728  data_time: 0.0892  memory: 1273  
2024/09/09 23:45:40 - mmengine - INFO - Iter(test) [1550/5000]    eta: 0:09:40  time: 0.1657  data_time: 0.0916  memory: 1272  
2024/09/09 23:45:49 - mmengine - INFO - Iter(test) [1600/5000]    eta: 0:09:32  time: 0.1574  data_time: 0.0876  memory: 1270  
2024/09/09 23:45:58 - mmengine - INFO - Iter(test) [1650/5000]    eta: 0:09:24  time: 0.1669  data_time: 0.0924  memory: 1369  
2024/09/09 23:46:06 - mmengine - INFO - Iter(test) [1700/5000]    eta: 0:09:15  time: 0.1545  data_time: 0.0922  memory: 1311  
2024/09/09 23:46:14 - mmengine - INFO - Iter(test) [1750/5000]    eta: 0:09:06  time: 0.1582  data_time: 0.0909  memory: 1295  
2024/09/09 23:46:22 - mmengine - INFO - Iter(test) [1800/5000]    eta: 0:08:57  time: 0.1623  data_time: 0.0855  memory: 1408  
2024/09/09 23:46:31 - mmengine - INFO - Iter(test) [1850/5000]    eta: 0:08:50  time: 0.1818  data_time: 0.0902  memory: 1294  
2024/09/09 23:46:39 - mmengine - INFO - Iter(test) [1900/5000]    eta: 0:08:41  time: 0.1717  data_time: 0.0885  memory: 1270  
2024/09/09 23:46:48 - mmengine - INFO - Iter(test) [1950/5000]    eta: 0:08:33  time: 0.1683  data_time: 0.0894  memory: 1285  
2024/09/09 23:46:57 - mmengine - INFO - Iter(test) [2000/5000]    eta: 0:08:25  time: 0.1582  data_time: 0.0883  memory: 1284  
2024/09/09 23:47:05 - mmengine - INFO - Iter(test) [2050/5000]    eta: 0:08:16  time: 0.1543  data_time: 0.0957  memory: 1270  
2024/09/09 23:47:13 - mmengine - INFO - Iter(test) [2100/5000]    eta: 0:08:08  time: 0.1735  data_time: 0.0850  memory: 1277  
2024/09/09 23:47:21 - mmengine - INFO - Iter(test) [2150/5000]    eta: 0:07:59  time: 0.1599  data_time: 0.0902  memory: 1297  
2024/09/09 23:47:30 - mmengine - INFO - Iter(test) [2200/5000]    eta: 0:07:50  time: 0.1754  data_time: 0.0827  memory: 1264  
2024/09/09 23:47:38 - mmengine - INFO - Iter(test) [2250/5000]    eta: 0:07:42  time: 0.1586  data_time: 0.0850  memory: 1288  
2024/09/09 23:47:46 - mmengine - INFO - Iter(test) [2300/5000]    eta: 0:07:33  time: 0.1581  data_time: 0.1003  memory: 1274  
2024/09/09 23:47:54 - mmengine - INFO - Iter(test) [2350/5000]    eta: 0:07:25  time: 0.1651  data_time: 0.0871  memory: 1270  
2024/09/09 23:48:03 - mmengine - INFO - Iter(test) [2400/5000]    eta: 0:07:16  time: 0.1712  data_time: 0.0945  memory: 1270  
2024/09/09 23:48:11 - mmengine - INFO - Iter(test) [2450/5000]    eta: 0:07:08  time: 0.1672  data_time: 0.0910  memory: 1268  
2024/09/09 23:48:19 - mmengine - INFO - Iter(test) [2500/5000]    eta: 0:06:59  time: 0.1726  data_time: 0.0878  memory: 1291  
2024/09/09 23:48:28 - mmengine - INFO - Iter(test) [2550/5000]    eta: 0:06:51  time: 0.1576  data_time: 0.0916  memory: 1282  
2024/09/09 23:48:36 - mmengine - INFO - Iter(test) [2600/5000]    eta: 0:06:43  time: 0.1667  data_time: 0.0859  memory: 1417  
2024/09/09 23:48:44 - mmengine - INFO - Iter(test) [2650/5000]    eta: 0:06:34  time: 0.1501  data_time: 0.0920  memory: 1270  
2024/09/09 23:48:53 - mmengine - INFO - Iter(test) [2700/5000]    eta: 0:06:26  time: 0.1702  data_time: 0.0887  memory: 1281  
2024/09/09 23:49:01 - mmengine - INFO - Iter(test) [2750/5000]    eta: 0:06:17  time: 0.1512  data_time: 0.0951  memory: 1298  
2024/09/09 23:49:09 - mmengine - INFO - Iter(test) [2800/5000]    eta: 0:06:08  time: 0.1612  data_time: 0.0905  memory: 1284  
2024/09/09 23:49:18 - mmengine - INFO - Iter(test) [2850/5000]    eta: 0:06:00  time: 0.1631  data_time: 0.0919  memory: 1270  
2024/09/09 23:49:26 - mmengine - INFO - Iter(test) [2900/5000]    eta: 0:05:52  time: 0.1927  data_time: 0.0962  memory: 1310  
2024/09/09 23:49:35 - mmengine - INFO - Iter(test) [2950/5000]    eta: 0:05:44  time: 0.1574  data_time: 0.0906  memory: 1270  
2024/09/09 23:49:43 - mmengine - INFO - Iter(test) [3000/5000]    eta: 0:05:35  time: 0.1603  data_time: 0.0850  memory: 1299  
2024/09/09 23:49:51 - mmengine - INFO - Iter(test) [3050/5000]    eta: 0:05:27  time: 0.1593  data_time: 0.0855  memory: 1275  
2024/09/09 23:49:59 - mmengine - INFO - Iter(test) [3100/5000]    eta: 0:05:18  time: 0.1663  data_time: 0.0954  memory: 1270  
2024/09/09 23:50:08 - mmengine - INFO - Iter(test) [3150/5000]    eta: 0:05:10  time: 0.1641  data_time: 0.0924  memory: 1270  
2024/09/09 23:50:16 - mmengine - INFO - Iter(test) [3200/5000]    eta: 0:05:01  time: 0.1668  data_time: 0.0946  memory: 1285  
2024/09/09 23:50:25 - mmengine - INFO - Iter(test) [3250/5000]    eta: 0:04:53  time: 0.1828  data_time: 0.0960  memory: 1383  
2024/09/09 23:50:33 - mmengine - INFO - Iter(test) [3300/5000]    eta: 0:04:45  time: 0.1586  data_time: 0.0858  memory: 1278  
2024/09/09 23:50:41 - mmengine - INFO - Iter(test) [3350/5000]    eta: 0:04:36  time: 0.1600  data_time: 0.0939  memory: 1270  
2024/09/09 23:50:50 - mmengine - INFO - Iter(test) [3400/5000]    eta: 0:04:28  time: 0.1657  data_time: 0.1054  memory: 1269  
2024/09/09 23:50:58 - mmengine - INFO - Iter(test) [3450/5000]    eta: 0:04:19  time: 0.1573  data_time: 0.0852  memory: 1270  
2024/09/09 23:51:06 - mmengine - INFO - Iter(test) [3500/5000]    eta: 0:04:11  time: 0.1771  data_time: 0.1007  memory: 1281  
2024/09/09 23:51:14 - mmengine - INFO - Iter(test) [3550/5000]    eta: 0:04:02  time: 0.1606  data_time: 0.0907  memory: 1254  
2024/09/09 23:51:23 - mmengine - INFO - Iter(test) [3600/5000]    eta: 0:03:54  time: 0.1624  data_time: 0.0897  memory: 1271  
2024/09/09 23:51:31 - mmengine - INFO - Iter(test) [3650/5000]    eta: 0:03:46  time: 0.1486  data_time: 0.0947  memory: 1284  
2024/09/09 23:51:40 - mmengine - INFO - Iter(test) [3700/5000]    eta: 0:03:37  time: 0.1578  data_time: 0.0844  memory: 1286  
2024/09/09 23:51:48 - mmengine - INFO - Iter(test) [3750/5000]    eta: 0:03:29  time: 0.1709  data_time: 0.0986  memory: 1265  
2024/09/09 23:51:56 - mmengine - INFO - Iter(test) [3800/5000]    eta: 0:03:20  time: 0.1612  data_time: 0.0871  memory: 1297  
2024/09/09 23:52:04 - mmengine - INFO - Iter(test) [3850/5000]    eta: 0:03:12  time: 0.1784  data_time: 0.0960  memory: 1270  
2024/09/09 23:52:13 - mmengine - INFO - Iter(test) [3900/5000]    eta: 0:03:04  time: 0.1550  data_time: 0.0887  memory: 1400  
2024/09/09 23:52:21 - mmengine - INFO - Iter(test) [3950/5000]    eta: 0:02:55  time: 0.1629  data_time: 0.0907  memory: 1277  
2024/09/09 23:52:29 - mmengine - INFO - Iter(test) [4000/5000]    eta: 0:02:47  time: 0.1725  data_time: 0.0952  memory: 1375  
2024/09/09 23:52:37 - mmengine - INFO - Iter(test) [4050/5000]    eta: 0:02:38  time: 0.1733  data_time: 0.1095  memory: 1269  
2024/09/09 23:52:46 - mmengine - INFO - Iter(test) [4100/5000]    eta: 0:02:30  time: 0.1653  data_time: 0.0922  memory: 1262  
2024/09/09 23:52:54 - mmengine - INFO - Iter(test) [4150/5000]    eta: 0:02:22  time: 0.1595  data_time: 0.0936  memory: 1268  
2024/09/09 23:53:02 - mmengine - INFO - Iter(test) [4200/5000]    eta: 0:02:13  time: 0.1565  data_time: 0.0918  memory: 1270  
2024/09/09 23:53:11 - mmengine - INFO - Iter(test) [4250/5000]    eta: 0:02:05  time: 0.1692  data_time: 0.0952  memory: 1392  
2024/09/09 23:53:19 - mmengine - INFO - Iter(test) [4300/5000]    eta: 0:01:57  time: 0.1572  data_time: 0.0926  memory: 1311  
2024/09/09 23:53:27 - mmengine - INFO - Iter(test) [4350/5000]    eta: 0:01:48  time: 0.1825  data_time: 0.0991  memory: 1325  
2024/09/09 23:53:36 - mmengine - INFO - Iter(test) [4400/5000]    eta: 0:01:40  time: 0.1711  data_time: 0.0893  memory: 1302  
2024/09/09 23:53:44 - mmengine - INFO - Iter(test) [4450/5000]    eta: 0:01:32  time: 0.1605  data_time: 0.0914  memory: 1296  
2024/09/09 23:53:53 - mmengine - INFO - Iter(test) [4500/5000]    eta: 0:01:23  time: 0.1584  data_time: 0.0906  memory: 1293  
2024/09/09 23:54:01 - mmengine - INFO - Iter(test) [4550/5000]    eta: 0:01:15  time: 0.1881  data_time: 0.0896  memory: 1345  
2024/09/09 23:54:10 - mmengine - INFO - Iter(test) [4600/5000]    eta: 0:01:06  time: 0.1610  data_time: 0.0895  memory: 1270  
2024/09/09 23:54:18 - mmengine - INFO - Iter(test) [4650/5000]    eta: 0:00:58  time: 0.1737  data_time: 0.0972  memory: 1270  
2024/09/09 23:54:26 - mmengine - INFO - Iter(test) [4700/5000]    eta: 0:00:50  time: 0.1731  data_time: 0.0878  memory: 1292  
2024/09/09 23:54:35 - mmengine - INFO - Iter(test) [4750/5000]    eta: 0:00:41  time: 0.1728  data_time: 0.0983  memory: 1291  
2024/09/09 23:54:43 - mmengine - INFO - Iter(test) [4800/5000]    eta: 0:00:33  time: 0.1584  data_time: 0.0847  memory: 1319  
2024/09/09 23:54:51 - mmengine - INFO - Iter(test) [4850/5000]    eta: 0:00:25  time: 0.1845  data_time: 0.0998  memory: 1253  
2024/09/09 23:55:00 - mmengine - INFO - Iter(test) [4900/5000]    eta: 0:00:16  time: 0.1551  data_time: 0.0902  memory: 1286  
2024/09/09 23:55:08 - mmengine - INFO - Iter(test) [4950/5000]    eta: 0:00:08  time: 0.1480  data_time: 0.0800  memory: 1259  
2024/09/09 23:55:16 - mmengine - INFO - Iter(test) [5000/5000]    eta: 0:00:00  time: 0.1580  data_time: 0.0895  memory: 1297  
2024/09/09 23:55:16 - mmengine - INFO - Iter(test) [5000/5000]    aAcc: 71.9300  mIoU: 34.2500  mAcc: 56.6500  data_time: 0.0928  time: 0.1673
