2024/09/09 22:13:20 - mmengine - INFO - 
------------------------------------------------------------
System environment:
    sys.platform: linux
    Python: 3.9.19 | packaged by conda-forge | (main, Mar 20 2024, 12:50:21) [GCC 12.3.0]
    CUDA available: True
    numpy_random_seed: 1712951036
    CUDA_HOME: /tools/cuda/cuda11.8
    NVCC: Cuda compilation tools, release 11.8, V11.8.89
    GCC: gcc (Ubuntu 7.5.0-3ubuntu1~18.04) 7.5.0
    PyTorch: 1.13.1+cu117
    PyTorch compiling details: PyTorch built with:
  - GCC 9.3
  - C++ Version: 201402
  - Intel(R) Math Kernel Library Version 2020.0.0 Product Build 20191122 for Intel(R) 64 architecture applications
  - Intel(R) MKL-DNN v2.6.0 (Git Hash 52b5f107dd9cf10910aaa19cb47f3abf9b349815)
  - OpenMP 201511 (a.k.a. OpenMP 4.5)
  - LAPACK is enabled (usually provided by MKL)
  - NNPACK is enabled
  - CPU capability usage: AVX2
  - CUDA Runtime 11.7
  - NVCC architecture flags: -gencode;arch=compute_37,code=sm_37;-gencode;arch=compute_50,code=sm_50;-gencode;arch=compute_60,code=sm_60;-gencode;arch=compute_70,code=sm_70;-gencode;arch=compute_75,code=sm_75;-gencode;arch=compute_80,code=sm_80;-gencode;arch=compute_86,code=sm_86
  - CuDNN 8.5
  - Magma 2.6.1
  - Build settings: BLAS_INFO=mkl, BUILD_TYPE=Release, CUDA_VERSION=11.7, CUDNN_VERSION=8.5.0, CXX_COMPILER=/opt/rh/devtoolset-9/root/usr/bin/c++, CXX_FLAGS= -fabi-version=11 -Wno-deprecated -fvisibility-inlines-hidden -DUSE_PTHREADPOOL -fopenmp -DNDEBUG -DUSE_KINETO -DUSE_FBGEMM -DUSE_QNNPACK -DUSE_PYTORCH_QNNPACK -DUSE_XNNPACK -DSYMBOLICATE_MOBILE_DEBUG_HANDLE -DEDGE_PROFILER_USE_KINETO -O2 -fPIC -Wno-narrowing -Wall -Wextra -Werror=return-type -Werror=non-virtual-dtor -Wno-missing-field-initializers -Wno-type-limits -Wno-array-bounds -Wno-unknown-pragmas -Wunused-local-typedefs -Wno-unused-parameter -Wno-unused-function -Wno-unused-result -Wno-strict-overflow -Wno-strict-aliasing -Wno-error=deprecated-declarations -Wno-stringop-overflow -Wno-psabi -Wno-error=pedantic -Wno-error=redundant-decls -Wno-error=old-style-cast -fdiagnostics-color=always -faligned-new -Wno-unused-but-set-variable -Wno-maybe-uninitialized -fno-math-errno -fno-trapping-math -Werror=format -Werror=cast-function-type -Wno-stringop-overflow, LAPACK_INFO=mkl, PERF_WITH_AVX=1, PERF_WITH_AVX2=1, PERF_WITH_AVX512=1, TORCH_VERSION=1.13.1, USE_CUDA=ON, USE_CUDNN=ON, USE_EXCEPTION_PTR=1, USE_GFLAGS=OFF, USE_GLOG=OFF, USE_MKL=ON, USE_MKLDNN=ON, USE_MPI=OFF, USE_NCCL=ON, USE_NNPACK=ON, USE_OPENMP=ON, USE_ROCM=OFF, 

    TorchVision: 0.14.1+cu117
    OpenCV: 4.10.0
    MMEngine: 0.8.4

Runtime environment:
    cudnn_benchmark: True
    mp_cfg: {'mp_start_method': 'fork', 'opencv_num_threads': 0}
    dist_cfg: {'backend': 'nccl'}
    seed: 1712951036
    Distributed launcher: none
    Distributed training: False
    GPU number: 1
------------------------------------------------------------

2024/09/09 22:13:20 - mmengine - INFO - Config:
data_root = '/SHARE_ST/icl/Neurips2024/zeroseg_kdu_khy/data/coco_stuff164k'
dataset_type = 'COCOObjectDataset'
default_hooks = dict(
    checkpoint=dict(by_epoch=False, interval=2000, type='CheckpointHook'),
    logger=dict(interval=50, log_metric_by_epoch=False, type='LoggerHook'),
    param_scheduler=dict(type='ParamSchedulerHook'),
    sampler_seed=dict(type='DistSamplerSeedHook'),
    timer=dict(type='IterTimerHook'),
    visualization=dict(draw=True, interval=1, type='SegVisualizationHook'))
default_scope = 'mmseg'
env_cfg = dict(
    cudnn_benchmark=True,
    dist_cfg=dict(backend='nccl'),
    mp_cfg=dict(mp_start_method='fork', opencv_num_threads=0))
launcher = 'none'
load_from = None
log_level = 'INFO'
log_processor = dict(by_epoch=False)
model = dict(
    P=0.14,
    T=0.12,
    clip_path='ViT-B/16',
    kl_sizes=[
        0.7752192035991311,
        0.925508381308105,
        0.47315830679538073,
        0.6482341965121091,
        0.6866127396912376,
    ],
    logit_scale=50,
    name_path='./configs/cls_coco_object.txt',
    prob_thd=0.45,
    type='CLIPForSegmentation')
resume = False
test_cfg = dict(type='TestLoop')
test_dataloader = dict(
    batch_size=1,
    dataset=dict(
        data_prefix=dict(
            img_path='images/val2017', seg_map_path='annotations/val2017'),
        data_root=
        '/SHARE_ST/icl/Neurips2024/zeroseg_kdu_khy/data/coco_stuff164k',
        pipeline=[
            dict(type='LoadImageFromFile'),
            dict(keep_ratio=True, scale=(
                2048,
                448,
            ), type='Resize'),
            dict(type='LoadAnnotations'),
            dict(type='PackSegInputs'),
        ],
        reduce_zero_label=False,
        type='COCOObjectDataset'),
    num_workers=4,
    persistent_workers=True,
    sampler=dict(shuffle=False, type='DefaultSampler'))
test_evaluator = dict(
    iou_metrics=[
        'mIoU',
    ], type='IoUMetric')
test_pipeline = [
    dict(type='LoadImageFromFile'),
    dict(keep_ratio=True, scale=(
        2048,
        448,
    ), type='Resize'),
    dict(type='LoadAnnotations'),
    dict(type='PackSegInputs'),
]
vis_backends = [
    dict(type='LocalVisBackend'),
]
visualizer = dict(
    name='visualizer',
    save_dir='./outputs/',
    type='SegLocalVisualizer',
    vis_backends=[
        dict(type='LocalVisBackend'),
    ])
work_dir = './hyper-coco'

2024/09/09 22:13:27 - mmengine - INFO - Distributed training is not used, all SyncBatchNorm (SyncBN) layers in the model will be automatically reverted to BatchNormXd layers if they are used.
2024/09/09 22:13:27 - mmengine - INFO - Hooks will be executed in the following order:
before_run:
(VERY_HIGH   ) RuntimeInfoHook                    
(BELOW_NORMAL) LoggerHook                         
 -------------------- 
before_train:
(VERY_HIGH   ) RuntimeInfoHook                    
(NORMAL      ) IterTimerHook                      
(VERY_LOW    ) CheckpointHook                     
 -------------------- 
before_train_epoch:
(VERY_HIGH   ) RuntimeInfoHook                    
(NORMAL      ) IterTimerHook                      
(NORMAL      ) DistSamplerSeedHook                
 -------------------- 
before_train_iter:
(VERY_HIGH   ) RuntimeInfoHook                    
(NORMAL      ) IterTimerHook                      
 -------------------- 
after_train_iter:
(VERY_HIGH   ) RuntimeInfoHook                    
(NORMAL      ) IterTimerHook                      
(NORMAL      ) SegVisualizationHook               
(BELOW_NORMAL) LoggerHook                         
(LOW         ) ParamSchedulerHook                 
(VERY_LOW    ) CheckpointHook                     
 -------------------- 
after_train_epoch:
(NORMAL      ) IterTimerHook                      
(LOW         ) ParamSchedulerHook                 
(VERY_LOW    ) CheckpointHook                     
 -------------------- 
before_val:
(VERY_HIGH   ) RuntimeInfoHook                    
 -------------------- 
before_val_epoch:
(NORMAL      ) IterTimerHook                      
 -------------------- 
before_val_iter:
(NORMAL      ) IterTimerHook                      
 -------------------- 
after_val_iter:
(NORMAL      ) IterTimerHook                      
(NORMAL      ) SegVisualizationHook               
(BELOW_NORMAL) LoggerHook                         
 -------------------- 
after_val_epoch:
(VERY_HIGH   ) RuntimeInfoHook                    
(NORMAL      ) IterTimerHook                      
(BELOW_NORMAL) LoggerHook                         
(LOW         ) ParamSchedulerHook                 
(VERY_LOW    ) CheckpointHook                     
 -------------------- 
after_val:
(VERY_HIGH   ) RuntimeInfoHook                    
 -------------------- 
after_train:
(VERY_HIGH   ) RuntimeInfoHook                    
(VERY_LOW    ) CheckpointHook                     
 -------------------- 
before_test:
(VERY_HIGH   ) RuntimeInfoHook                    
 -------------------- 
before_test_epoch:
(NORMAL      ) IterTimerHook                      
 -------------------- 
before_test_iter:
(NORMAL      ) IterTimerHook                      
 -------------------- 
after_test_iter:
(NORMAL      ) IterTimerHook                      
(NORMAL      ) SegVisualizationHook               
(BELOW_NORMAL) LoggerHook                         
 -------------------- 
after_test_epoch:
(VERY_HIGH   ) RuntimeInfoHook                    
(NORMAL      ) IterTimerHook                      
(BELOW_NORMAL) LoggerHook                         
 -------------------- 
after_test:
(VERY_HIGH   ) RuntimeInfoHook                    
 -------------------- 
after_run:
(BELOW_NORMAL) LoggerHook                         
 -------------------- 
2024/09/09 22:13:36 - mmengine - INFO - Iter(test) [  50/5000]    eta: 0:15:24  time: 0.1571  data_time: 0.0861  memory: 1287  
2024/09/09 22:13:45 - mmengine - INFO - Iter(test) [ 100/5000]    eta: 0:14:42  time: 0.1733  data_time: 0.0998  memory: 1273  
2024/09/09 22:13:54 - mmengine - INFO - Iter(test) [ 150/5000]    eta: 0:14:27  time: 0.2121  data_time: 0.0956  memory: 1269  
2024/09/09 22:14:02 - mmengine - INFO - Iter(test) [ 200/5000]    eta: 0:14:07  time: 0.1734  data_time: 0.0837  memory: 1273  
2024/09/09 22:14:11 - mmengine - INFO - Iter(test) [ 250/5000]    eta: 0:13:45  time: 0.1546  data_time: 0.0849  memory: 1269  
2024/09/09 22:14:19 - mmengine - INFO - Iter(test) [ 300/5000]    eta: 0:13:33  time: 0.1778  data_time: 0.0917  memory: 1278  
2024/09/09 22:14:28 - mmengine - INFO - Iter(test) [ 350/5000]    eta: 0:13:22  time: 0.1731  data_time: 0.0852  memory: 1270  
2024/09/09 22:14:36 - mmengine - INFO - Iter(test) [ 400/5000]    eta: 0:13:12  time: 0.1844  data_time: 0.0844  memory: 1323  
2024/09/09 22:14:45 - mmengine - INFO - Iter(test) [ 450/5000]    eta: 0:13:07  time: 0.2072  data_time: 0.1034  memory: 1286  
2024/09/09 22:14:54 - mmengine - INFO - Iter(test) [ 500/5000]    eta: 0:13:03  time: 0.1959  data_time: 0.0971  memory: 1286  
2024/09/09 22:15:02 - mmengine - INFO - Iter(test) [ 550/5000]    eta: 0:12:51  time: 0.1627  data_time: 0.1025  memory: 1271  
2024/09/09 22:15:11 - mmengine - INFO - Iter(test) [ 600/5000]    eta: 0:12:42  time: 0.1692  data_time: 0.1054  memory: 1292  
2024/09/09 22:15:20 - mmengine - INFO - Iter(test) [ 650/5000]    eta: 0:12:33  time: 0.1874  data_time: 0.0940  memory: 1312  
2024/09/09 22:15:28 - mmengine - INFO - Iter(test) [ 700/5000]    eta: 0:12:25  time: 0.1993  data_time: 0.1000  memory: 1263  
2024/09/09 22:15:37 - mmengine - INFO - Iter(test) [ 750/5000]    eta: 0:12:15  time: 0.1539  data_time: 0.0906  memory: 1272  
2024/09/09 22:15:46 - mmengine - INFO - Iter(test) [ 800/5000]    eta: 0:12:07  time: 0.1718  data_time: 0.0947  memory: 1270  
2024/09/09 22:15:54 - mmengine - INFO - Iter(test) [ 850/5000]    eta: 0:11:58  time: 0.1685  data_time: 0.0913  memory: 1347  
2024/09/09 22:16:03 - mmengine - INFO - Iter(test) [ 900/5000]    eta: 0:11:48  time: 0.1579  data_time: 0.0871  memory: 1254  
2024/09/09 22:16:11 - mmengine - INFO - Iter(test) [ 950/5000]    eta: 0:11:40  time: 0.1635  data_time: 0.0947  memory: 1275  
2024/09/09 22:16:20 - mmengine - INFO - Iter(test) [1000/5000]    eta: 0:11:32  time: 0.1628  data_time: 0.0817  memory: 1293  
2024/09/09 22:16:29 - mmengine - INFO - Iter(test) [1050/5000]    eta: 0:11:23  time: 0.1716  data_time: 0.0889  memory: 1287  
2024/09/09 22:16:37 - mmengine - INFO - Iter(test) [1100/5000]    eta: 0:11:14  time: 0.1897  data_time: 0.0896  memory: 1286  
2024/09/09 22:16:46 - mmengine - INFO - Iter(test) [1150/5000]    eta: 0:11:05  time: 0.1594  data_time: 0.0969  memory: 1270  
2024/09/09 22:16:55 - mmengine - INFO - Iter(test) [1200/5000]    eta: 0:10:57  time: 0.1691  data_time: 0.0930  memory: 1270  
2024/09/09 22:17:04 - mmengine - INFO - Iter(test) [1250/5000]    eta: 0:10:50  time: 0.1960  data_time: 0.0923  memory: 1349  
2024/09/09 22:17:13 - mmengine - INFO - Iter(test) [1300/5000]    eta: 0:10:42  time: 0.1713  data_time: 0.0915  memory: 1280  
2024/09/09 22:17:21 - mmengine - INFO - Iter(test) [1350/5000]    eta: 0:10:32  time: 0.1580  data_time: 0.0954  memory: 1270  
2024/09/09 22:17:30 - mmengine - INFO - Iter(test) [1400/5000]    eta: 0:10:24  time: 0.1708  data_time: 0.0967  memory: 1335  
2024/09/09 22:17:38 - mmengine - INFO - Iter(test) [1450/5000]    eta: 0:10:14  time: 0.1629  data_time: 0.0898  memory: 1271  
2024/09/09 22:17:47 - mmengine - INFO - Iter(test) [1500/5000]    eta: 0:10:06  time: 0.1735  data_time: 0.0961  memory: 1274  
2024/09/09 22:17:56 - mmengine - INFO - Iter(test) [1550/5000]    eta: 0:09:57  time: 0.1532  data_time: 0.0880  memory: 1271  
2024/09/09 22:18:04 - mmengine - INFO - Iter(test) [1600/5000]    eta: 0:09:49  time: 0.1603  data_time: 0.0877  memory: 1271  
2024/09/09 22:18:13 - mmengine - INFO - Iter(test) [1650/5000]    eta: 0:09:40  time: 0.1795  data_time: 0.0977  memory: 1368  
2024/09/09 22:18:21 - mmengine - INFO - Iter(test) [1700/5000]    eta: 0:09:31  time: 0.1706  data_time: 0.0892  memory: 1312  
2024/09/09 22:18:30 - mmengine - INFO - Iter(test) [1750/5000]    eta: 0:09:22  time: 0.1682  data_time: 0.0885  memory: 1295  
2024/09/09 22:18:39 - mmengine - INFO - Iter(test) [1800/5000]    eta: 0:09:14  time: 0.1679  data_time: 0.0851  memory: 1407  
2024/09/09 22:18:48 - mmengine - INFO - Iter(test) [1850/5000]    eta: 0:09:05  time: 0.1599  data_time: 0.0906  memory: 1293  
2024/09/09 22:18:56 - mmengine - INFO - Iter(test) [1900/5000]    eta: 0:08:57  time: 0.1785  data_time: 0.0922  memory: 1270  
2024/09/09 22:19:05 - mmengine - INFO - Iter(test) [1950/5000]    eta: 0:08:48  time: 0.1622  data_time: 0.0855  memory: 1285  
2024/09/09 22:19:14 - mmengine - INFO - Iter(test) [2000/5000]    eta: 0:08:39  time: 0.1539  data_time: 0.0942  memory: 1284  
2024/09/09 22:19:22 - mmengine - INFO - Iter(test) [2050/5000]    eta: 0:08:30  time: 0.1560  data_time: 0.0955  memory: 1270  
2024/09/09 22:19:30 - mmengine - INFO - Iter(test) [2100/5000]    eta: 0:08:21  time: 0.1579  data_time: 0.0839  memory: 1277  
2024/09/09 22:19:39 - mmengine - INFO - Iter(test) [2150/5000]    eta: 0:08:12  time: 0.1608  data_time: 0.0981  memory: 1298  
2024/09/09 22:19:47 - mmengine - INFO - Iter(test) [2200/5000]    eta: 0:08:03  time: 0.1679  data_time: 0.0833  memory: 1264  
2024/09/09 22:19:56 - mmengine - INFO - Iter(test) [2250/5000]    eta: 0:07:55  time: 0.1700  data_time: 0.0871  memory: 1289  
2024/09/09 22:20:04 - mmengine - INFO - Iter(test) [2300/5000]    eta: 0:07:46  time: 0.1647  data_time: 0.1007  memory: 1274  
2024/09/09 22:20:13 - mmengine - INFO - Iter(test) [2350/5000]    eta: 0:07:37  time: 0.1756  data_time: 0.0884  memory: 1270  
2024/09/09 22:20:21 - mmengine - INFO - Iter(test) [2400/5000]    eta: 0:07:28  time: 0.1716  data_time: 0.0909  memory: 1270  
2024/09/09 22:20:30 - mmengine - INFO - Iter(test) [2450/5000]    eta: 0:07:19  time: 0.1613  data_time: 0.0895  memory: 1269  
2024/09/09 22:20:38 - mmengine - INFO - Iter(test) [2500/5000]    eta: 0:07:10  time: 0.1750  data_time: 0.0898  memory: 1292  
2024/09/09 22:20:47 - mmengine - INFO - Iter(test) [2550/5000]    eta: 0:07:02  time: 0.1714  data_time: 0.0901  memory: 1282  
2024/09/09 22:20:55 - mmengine - INFO - Iter(test) [2600/5000]    eta: 0:06:53  time: 0.1498  data_time: 0.0849  memory: 1415  
2024/09/09 22:21:04 - mmengine - INFO - Iter(test) [2650/5000]    eta: 0:06:44  time: 0.1549  data_time: 0.0884  memory: 1271  
2024/09/09 22:21:12 - mmengine - INFO - Iter(test) [2700/5000]    eta: 0:06:35  time: 0.1684  data_time: 0.0918  memory: 1282  
2024/09/09 22:21:20 - mmengine - INFO - Iter(test) [2750/5000]    eta: 0:06:27  time: 0.1565  data_time: 0.0868  memory: 1299  
2024/09/09 22:21:29 - mmengine - INFO - Iter(test) [2800/5000]    eta: 0:06:18  time: 0.1747  data_time: 0.0950  memory: 1285  
2024/09/09 22:21:38 - mmengine - INFO - Iter(test) [2850/5000]    eta: 0:06:10  time: 0.1589  data_time: 0.0976  memory: 1271  
2024/09/09 22:21:47 - mmengine - INFO - Iter(test) [2900/5000]    eta: 0:06:01  time: 0.1959  data_time: 0.1009  memory: 1310  
2024/09/09 22:21:55 - mmengine - INFO - Iter(test) [2950/5000]    eta: 0:05:52  time: 0.1578  data_time: 0.0952  memory: 1271  
2024/09/09 22:22:04 - mmengine - INFO - Iter(test) [3000/5000]    eta: 0:05:44  time: 0.1688  data_time: 0.0857  memory: 1301  
2024/09/09 22:22:12 - mmengine - INFO - Iter(test) [3050/5000]    eta: 0:05:35  time: 0.1627  data_time: 0.0844  memory: 1275  
2024/09/09 22:22:21 - mmengine - INFO - Iter(test) [3100/5000]    eta: 0:05:27  time: 0.1594  data_time: 0.0898  memory: 1271  
2024/09/09 22:22:29 - mmengine - INFO - Iter(test) [3150/5000]    eta: 0:05:18  time: 0.1678  data_time: 0.0921  memory: 1270  
2024/09/09 22:22:38 - mmengine - INFO - Iter(test) [3200/5000]    eta: 0:05:09  time: 0.1682  data_time: 0.0860  memory: 1285  
2024/09/09 22:22:47 - mmengine - INFO - Iter(test) [3250/5000]    eta: 0:05:01  time: 0.1846  data_time: 0.0891  memory: 1384  
2024/09/09 22:22:55 - mmengine - INFO - Iter(test) [3300/5000]    eta: 0:04:52  time: 0.1644  data_time: 0.0867  memory: 1277  
2024/09/09 22:23:04 - mmengine - INFO - Iter(test) [3350/5000]    eta: 0:04:44  time: 0.1608  data_time: 0.0921  memory: 1270  
2024/09/09 22:23:13 - mmengine - INFO - Iter(test) [3400/5000]    eta: 0:04:35  time: 0.1723  data_time: 0.0955  memory: 1270  
2024/09/09 22:23:22 - mmengine - INFO - Iter(test) [3450/5000]    eta: 0:04:27  time: 0.1713  data_time: 0.0825  memory: 1270  
2024/09/09 22:23:30 - mmengine - INFO - Iter(test) [3500/5000]    eta: 0:04:18  time: 0.1905  data_time: 0.0938  memory: 1280  
2024/09/09 22:23:39 - mmengine - INFO - Iter(test) [3550/5000]    eta: 0:04:09  time: 0.1587  data_time: 0.0886  memory: 1254  
2024/09/09 22:23:47 - mmengine - INFO - Iter(test) [3600/5000]    eta: 0:04:01  time: 0.1763  data_time: 0.0889  memory: 1272  
2024/09/09 22:23:56 - mmengine - INFO - Iter(test) [3650/5000]    eta: 0:03:52  time: 0.1771  data_time: 0.0870  memory: 1285  
2024/09/09 22:24:04 - mmengine - INFO - Iter(test) [3700/5000]    eta: 0:03:43  time: 0.1729  data_time: 0.0887  memory: 1286  
2024/09/09 22:24:12 - mmengine - INFO - Iter(test) [3750/5000]    eta: 0:03:35  time: 0.1650  data_time: 0.0855  memory: 1265  
2024/09/09 22:24:21 - mmengine - INFO - Iter(test) [3800/5000]    eta: 0:03:26  time: 0.1647  data_time: 0.0864  memory: 1297  
2024/09/09 22:24:30 - mmengine - INFO - Iter(test) [3850/5000]    eta: 0:03:17  time: 0.1837  data_time: 0.0933  memory: 1271  
2024/09/09 22:24:38 - mmengine - INFO - Iter(test) [3900/5000]    eta: 0:03:09  time: 0.1695  data_time: 0.0884  memory: 1400  
2024/09/09 22:24:47 - mmengine - INFO - Iter(test) [3950/5000]    eta: 0:03:00  time: 0.1675  data_time: 0.0902  memory: 1278  
2024/09/09 22:24:56 - mmengine - INFO - Iter(test) [4000/5000]    eta: 0:02:52  time: 0.1735  data_time: 0.0920  memory: 1374  
2024/09/09 22:25:05 - mmengine - INFO - Iter(test) [4050/5000]    eta: 0:02:43  time: 0.1814  data_time: 0.0927  memory: 1270  
2024/09/09 22:25:13 - mmengine - INFO - Iter(test) [4100/5000]    eta: 0:02:34  time: 0.1595  data_time: 0.0820  memory: 1262  
2024/09/09 22:25:21 - mmengine - INFO - Iter(test) [4150/5000]    eta: 0:02:26  time: 0.1674  data_time: 0.1068  memory: 1267  
2024/09/09 22:25:30 - mmengine - INFO - Iter(test) [4200/5000]    eta: 0:02:17  time: 0.1823  data_time: 0.0928  memory: 1270  
2024/09/09 22:25:39 - mmengine - INFO - Iter(test) [4250/5000]    eta: 0:02:09  time: 0.1747  data_time: 0.0988  memory: 1393  
2024/09/09 22:25:47 - mmengine - INFO - Iter(test) [4300/5000]    eta: 0:02:00  time: 0.1597  data_time: 0.0855  memory: 1312  
2024/09/09 22:25:56 - mmengine - INFO - Iter(test) [4350/5000]    eta: 0:01:51  time: 0.1815  data_time: 0.0967  memory: 1324  
2024/09/09 22:26:04 - mmengine - INFO - Iter(test) [4400/5000]    eta: 0:01:43  time: 0.1613  data_time: 0.0917  memory: 1302  
2024/09/09 22:26:13 - mmengine - INFO - Iter(test) [4450/5000]    eta: 0:01:34  time: 0.1555  data_time: 0.0986  memory: 1296  
2024/09/09 22:26:21 - mmengine - INFO - Iter(test) [4500/5000]    eta: 0:01:25  time: 0.1781  data_time: 0.0937  memory: 1294  
2024/09/09 22:26:30 - mmengine - INFO - Iter(test) [4550/5000]    eta: 0:01:17  time: 0.1832  data_time: 0.0870  memory: 1345  
2024/09/09 22:26:39 - mmengine - INFO - Iter(test) [4600/5000]    eta: 0:01:08  time: 0.1936  data_time: 0.0996  memory: 1270  
2024/09/09 22:26:47 - mmengine - INFO - Iter(test) [4650/5000]    eta: 0:01:00  time: 0.1605  data_time: 0.1034  memory: 1271  
2024/09/09 22:26:56 - mmengine - INFO - Iter(test) [4700/5000]    eta: 0:00:51  time: 0.1877  data_time: 0.0885  memory: 1292  
2024/09/09 22:27:05 - mmengine - INFO - Iter(test) [4750/5000]    eta: 0:00:43  time: 0.1940  data_time: 0.0906  memory: 1291  
2024/09/09 22:27:13 - mmengine - INFO - Iter(test) [4800/5000]    eta: 0:00:34  time: 0.1574  data_time: 0.0904  memory: 1318  
2024/09/09 22:27:22 - mmengine - INFO - Iter(test) [4850/5000]    eta: 0:00:25  time: 0.1719  data_time: 0.0895  memory: 1253  
2024/09/09 22:27:30 - mmengine - INFO - Iter(test) [4900/5000]    eta: 0:00:17  time: 0.1615  data_time: 0.0875  memory: 1287  
2024/09/09 22:27:39 - mmengine - INFO - Iter(test) [4950/5000]    eta: 0:00:08  time: 0.1636  data_time: 0.0829  memory: 1259  
2024/09/09 22:27:47 - mmengine - INFO - Iter(test) [5000/5000]    eta: 0:00:00  time: 0.1588  data_time: 0.0877  memory: 1299  
2024/09/09 22:27:47 - mmengine - INFO - Iter(test) [5000/5000]    aAcc: 71.9200  mIoU: 34.4000  mAcc: 57.0900  data_time: 0.0925  time: 0.1720
