2024/09/09 23:10:49 - mmengine - INFO - 
------------------------------------------------------------
System environment:
    sys.platform: linux
    Python: 3.9.19 | packaged by conda-forge | (main, Mar 20 2024, 12:50:21) [GCC 12.3.0]
    CUDA available: True
    numpy_random_seed: 1467161542
    CUDA_HOME: /tools/cuda/cuda11.8
    NVCC: Cuda compilation tools, release 11.8, V11.8.89
    GCC: gcc (Ubuntu 7.5.0-3ubuntu1~18.04) 7.5.0
    PyTorch: 1.13.1+cu117
    PyTorch compiling details: PyTorch built with:
  - GCC 9.3
  - C++ Version: 201402
  - Intel(R) Math Kernel Library Version 2020.0.0 Product Build 20191122 for Intel(R) 64 architecture applications
  - Intel(R) MKL-DNN v2.6.0 (Git Hash 52b5f107dd9cf10910aaa19cb47f3abf9b349815)
  - OpenMP 201511 (a.k.a. OpenMP 4.5)
  - LAPACK is enabled (usually provided by MKL)
  - NNPACK is enabled
  - CPU capability usage: AVX2
  - CUDA Runtime 11.7
  - NVCC architecture flags: -gencode;arch=compute_37,code=sm_37;-gencode;arch=compute_50,code=sm_50;-gencode;arch=compute_60,code=sm_60;-gencode;arch=compute_70,code=sm_70;-gencode;arch=compute_75,code=sm_75;-gencode;arch=compute_80,code=sm_80;-gencode;arch=compute_86,code=sm_86
  - CuDNN 8.5
  - Magma 2.6.1
  - Build settings: BLAS_INFO=mkl, BUILD_TYPE=Release, CUDA_VERSION=11.7, CUDNN_VERSION=8.5.0, CXX_COMPILER=/opt/rh/devtoolset-9/root/usr/bin/c++, CXX_FLAGS= -fabi-version=11 -Wno-deprecated -fvisibility-inlines-hidden -DUSE_PTHREADPOOL -fopenmp -DNDEBUG -DUSE_KINETO -DUSE_FBGEMM -DUSE_QNNPACK -DUSE_PYTORCH_QNNPACK -DUSE_XNNPACK -DSYMBOLICATE_MOBILE_DEBUG_HANDLE -DEDGE_PROFILER_USE_KINETO -O2 -fPIC -Wno-narrowing -Wall -Wextra -Werror=return-type -Werror=non-virtual-dtor -Wno-missing-field-initializers -Wno-type-limits -Wno-array-bounds -Wno-unknown-pragmas -Wunused-local-typedefs -Wno-unused-parameter -Wno-unused-function -Wno-unused-result -Wno-strict-overflow -Wno-strict-aliasing -Wno-error=deprecated-declarations -Wno-stringop-overflow -Wno-psabi -Wno-error=pedantic -Wno-error=redundant-decls -Wno-error=old-style-cast -fdiagnostics-color=always -faligned-new -Wno-unused-but-set-variable -Wno-maybe-uninitialized -fno-math-errno -fno-trapping-math -Werror=format -Werror=cast-function-type -Wno-stringop-overflow, LAPACK_INFO=mkl, PERF_WITH_AVX=1, PERF_WITH_AVX2=1, PERF_WITH_AVX512=1, TORCH_VERSION=1.13.1, USE_CUDA=ON, USE_CUDNN=ON, USE_EXCEPTION_PTR=1, USE_GFLAGS=OFF, USE_GLOG=OFF, USE_MKL=ON, USE_MKLDNN=ON, USE_MPI=OFF, USE_NCCL=ON, USE_NNPACK=ON, USE_OPENMP=ON, USE_ROCM=OFF, 

    TorchVision: 0.14.1+cu117
    OpenCV: 4.10.0
    MMEngine: 0.8.4

Runtime environment:
    cudnn_benchmark: True
    mp_cfg: {'mp_start_method': 'fork', 'opencv_num_threads': 0}
    dist_cfg: {'backend': 'nccl'}
    seed: 1467161542
    Distributed launcher: none
    Distributed training: False
    GPU number: 1
------------------------------------------------------------

2024/09/09 23:10:50 - mmengine - INFO - Config:
data_root = '/SHARE_ST/icl/Neurips2024/zeroseg_kdu_khy/data/coco_stuff164k'
dataset_type = 'COCOObjectDataset'
default_hooks = dict(
    checkpoint=dict(by_epoch=False, interval=2000, type='CheckpointHook'),
    logger=dict(interval=50, log_metric_by_epoch=False, type='LoggerHook'),
    param_scheduler=dict(type='ParamSchedulerHook'),
    sampler_seed=dict(type='DistSamplerSeedHook'),
    timer=dict(type='IterTimerHook'),
    visualization=dict(draw=True, interval=1, type='SegVisualizationHook'))
default_scope = 'mmseg'
env_cfg = dict(
    cudnn_benchmark=True,
    dist_cfg=dict(backend='nccl'),
    mp_cfg=dict(mp_start_method='fork', opencv_num_threads=0))
launcher = 'none'
load_from = None
log_level = 'INFO'
log_processor = dict(by_epoch=False)
model = dict(
    P=0.16,
    T=0.15,
    clip_path='ViT-B/16',
    kl_sizes=[
        0.7912663209195689,
        0.4931457467811954,
        0.8553594358423642,
        0.7155944058359154,
        0.9638857251271546,
    ],
    logit_scale=50,
    name_path='./configs/cls_coco_object.txt',
    prob_thd=0.45,
    type='CLIPForSegmentation')
resume = False
test_cfg = dict(type='TestLoop')
test_dataloader = dict(
    batch_size=1,
    dataset=dict(
        data_prefix=dict(
            img_path='images/val2017', seg_map_path='annotations/val2017'),
        data_root=
        '/SHARE_ST/icl/Neurips2024/zeroseg_kdu_khy/data/coco_stuff164k',
        pipeline=[
            dict(type='LoadImageFromFile'),
            dict(keep_ratio=True, scale=(
                2048,
                448,
            ), type='Resize'),
            dict(type='LoadAnnotations'),
            dict(type='PackSegInputs'),
        ],
        reduce_zero_label=False,
        type='COCOObjectDataset'),
    num_workers=4,
    persistent_workers=True,
    sampler=dict(shuffle=False, type='DefaultSampler'))
test_evaluator = dict(
    iou_metrics=[
        'mIoU',
    ], type='IoUMetric')
test_pipeline = [
    dict(type='LoadImageFromFile'),
    dict(keep_ratio=True, scale=(
        2048,
        448,
    ), type='Resize'),
    dict(type='LoadAnnotations'),
    dict(type='PackSegInputs'),
]
vis_backends = [
    dict(type='LocalVisBackend'),
]
visualizer = dict(
    name='visualizer',
    save_dir='./outputs/',
    type='SegLocalVisualizer',
    vis_backends=[
        dict(type='LocalVisBackend'),
    ])
work_dir = './hyper-coco'

2024/09/09 23:10:55 - mmengine - INFO - Distributed training is not used, all SyncBatchNorm (SyncBN) layers in the model will be automatically reverted to BatchNormXd layers if they are used.
2024/09/09 23:10:55 - mmengine - INFO - Hooks will be executed in the following order:
before_run:
(VERY_HIGH   ) RuntimeInfoHook                    
(BELOW_NORMAL) LoggerHook                         
 -------------------- 
before_train:
(VERY_HIGH   ) RuntimeInfoHook                    
(NORMAL      ) IterTimerHook                      
(VERY_LOW    ) CheckpointHook                     
 -------------------- 
before_train_epoch:
(VERY_HIGH   ) RuntimeInfoHook                    
(NORMAL      ) IterTimerHook                      
(NORMAL      ) DistSamplerSeedHook                
 -------------------- 
before_train_iter:
(VERY_HIGH   ) RuntimeInfoHook                    
(NORMAL      ) IterTimerHook                      
 -------------------- 
after_train_iter:
(VERY_HIGH   ) RuntimeInfoHook                    
(NORMAL      ) IterTimerHook                      
(NORMAL      ) SegVisualizationHook               
(BELOW_NORMAL) LoggerHook                         
(LOW         ) ParamSchedulerHook                 
(VERY_LOW    ) CheckpointHook                     
 -------------------- 
after_train_epoch:
(NORMAL      ) IterTimerHook                      
(LOW         ) ParamSchedulerHook                 
(VERY_LOW    ) CheckpointHook                     
 -------------------- 
before_val:
(VERY_HIGH   ) RuntimeInfoHook                    
 -------------------- 
before_val_epoch:
(NORMAL      ) IterTimerHook                      
 -------------------- 
before_val_iter:
(NORMAL      ) IterTimerHook                      
 -------------------- 
after_val_iter:
(NORMAL      ) IterTimerHook                      
(NORMAL      ) SegVisualizationHook               
(BELOW_NORMAL) LoggerHook                         
 -------------------- 
after_val_epoch:
(VERY_HIGH   ) RuntimeInfoHook                    
(NORMAL      ) IterTimerHook                      
(BELOW_NORMAL) LoggerHook                         
(LOW         ) ParamSchedulerHook                 
(VERY_LOW    ) CheckpointHook                     
 -------------------- 
after_val:
(VERY_HIGH   ) RuntimeInfoHook                    
 -------------------- 
after_train:
(VERY_HIGH   ) RuntimeInfoHook                    
(VERY_LOW    ) CheckpointHook                     
 -------------------- 
before_test:
(VERY_HIGH   ) RuntimeInfoHook                    
 -------------------- 
before_test_epoch:
(NORMAL      ) IterTimerHook                      
 -------------------- 
before_test_iter:
(NORMAL      ) IterTimerHook                      
 -------------------- 
after_test_iter:
(NORMAL      ) IterTimerHook                      
(NORMAL      ) SegVisualizationHook               
(BELOW_NORMAL) LoggerHook                         
 -------------------- 
after_test_epoch:
(VERY_HIGH   ) RuntimeInfoHook                    
(NORMAL      ) IterTimerHook                      
(BELOW_NORMAL) LoggerHook                         
 -------------------- 
after_test:
(VERY_HIGH   ) RuntimeInfoHook                    
 -------------------- 
after_run:
(BELOW_NORMAL) LoggerHook                         
 -------------------- 
2024/09/09 23:11:06 - mmengine - INFO - Iter(test) [  50/5000]    eta: 0:16:12  time: 0.1844  data_time: 0.0881  memory: 1286  
2024/09/09 23:11:15 - mmengine - INFO - Iter(test) [ 100/5000]    eta: 0:15:24  time: 0.1939  data_time: 0.0948  memory: 1274  
2024/09/09 23:11:24 - mmengine - INFO - Iter(test) [ 150/5000]    eta: 0:15:04  time: 0.1977  data_time: 0.0987  memory: 1269  
2024/09/09 23:11:33 - mmengine - INFO - Iter(test) [ 200/5000]    eta: 0:14:40  time: 0.1749  data_time: 0.0889  memory: 1274  
2024/09/09 23:11:41 - mmengine - INFO - Iter(test) [ 250/5000]    eta: 0:14:23  time: 0.1633  data_time: 0.0849  memory: 1270  
2024/09/09 23:11:51 - mmengine - INFO - Iter(test) [ 300/5000]    eta: 0:14:16  time: 0.1924  data_time: 0.0884  memory: 1278  
2024/09/09 23:12:00 - mmengine - INFO - Iter(test) [ 350/5000]    eta: 0:14:06  time: 0.1874  data_time: 0.0824  memory: 1270  
2024/09/09 23:12:09 - mmengine - INFO - Iter(test) [ 400/5000]    eta: 0:13:55  time: 0.1868  data_time: 0.0877  memory: 1323  
2024/09/09 23:12:17 - mmengine - INFO - Iter(test) [ 450/5000]    eta: 0:13:40  time: 0.1589  data_time: 0.0945  memory: 1285  
2024/09/09 23:12:26 - mmengine - INFO - Iter(test) [ 500/5000]    eta: 0:13:32  time: 0.1879  data_time: 0.1035  memory: 1284  
2024/09/09 23:12:35 - mmengine - INFO - Iter(test) [ 550/5000]    eta: 0:13:23  time: 0.1792  data_time: 0.0938  memory: 1270  
2024/09/09 23:12:44 - mmengine - INFO - Iter(test) [ 600/5000]    eta: 0:13:14  time: 0.1760  data_time: 0.1000  memory: 1290  
2024/09/09 23:12:53 - mmengine - INFO - Iter(test) [ 650/5000]    eta: 0:13:04  time: 0.1709  data_time: 0.0945  memory: 1312  
2024/09/09 23:13:02 - mmengine - INFO - Iter(test) [ 700/5000]    eta: 0:12:54  time: 0.1753  data_time: 0.0959  memory: 1263  
2024/09/09 23:13:11 - mmengine - INFO - Iter(test) [ 750/5000]    eta: 0:12:45  time: 0.1684  data_time: 0.0911  memory: 1272  
2024/09/09 23:13:21 - mmengine - INFO - Iter(test) [ 800/5000]    eta: 0:12:39  time: 0.1957  data_time: 0.0931  memory: 1270  
2024/09/09 23:13:29 - mmengine - INFO - Iter(test) [ 850/5000]    eta: 0:12:27  time: 0.1634  data_time: 0.0995  memory: 1348  
2024/09/09 23:13:38 - mmengine - INFO - Iter(test) [ 900/5000]    eta: 0:12:17  time: 0.1570  data_time: 0.0892  memory: 1253  
2024/09/09 23:13:47 - mmengine - INFO - Iter(test) [ 950/5000]    eta: 0:12:08  time: 0.1779  data_time: 0.0897  memory: 1275  
2024/09/09 23:13:56 - mmengine - INFO - Iter(test) [1000/5000]    eta: 0:11:58  time: 0.1664  data_time: 0.0869  memory: 1295  
2024/09/09 23:14:05 - mmengine - INFO - Iter(test) [1050/5000]    eta: 0:11:50  time: 0.1778  data_time: 0.0854  memory: 1286  
2024/09/09 23:14:14 - mmengine - INFO - Iter(test) [1100/5000]    eta: 0:11:40  time: 0.1678  data_time: 0.0968  memory: 1284  
2024/09/09 23:14:23 - mmengine - INFO - Iter(test) [1150/5000]    eta: 0:11:32  time: 0.1616  data_time: 0.0933  memory: 1270  
2024/09/09 23:14:32 - mmengine - INFO - Iter(test) [1200/5000]    eta: 0:11:22  time: 0.1745  data_time: 0.0880  memory: 1270  
2024/09/09 23:14:41 - mmengine - INFO - Iter(test) [1250/5000]    eta: 0:11:14  time: 0.1786  data_time: 0.0939  memory: 1349  
2024/09/09 23:14:50 - mmengine - INFO - Iter(test) [1300/5000]    eta: 0:11:05  time: 0.1739  data_time: 0.0893  memory: 1280  
2024/09/09 23:14:58 - mmengine - INFO - Iter(test) [1350/5000]    eta: 0:10:55  time: 0.1821  data_time: 0.0940  memory: 1270  
2024/09/09 23:15:07 - mmengine - INFO - Iter(test) [1400/5000]    eta: 0:10:46  time: 0.1590  data_time: 0.0868  memory: 1335  
2024/09/09 23:15:16 - mmengine - INFO - Iter(test) [1450/5000]    eta: 0:10:36  time: 0.1804  data_time: 0.0908  memory: 1271  
2024/09/09 23:15:25 - mmengine - INFO - Iter(test) [1500/5000]    eta: 0:10:28  time: 0.1914  data_time: 0.0905  memory: 1273  
2024/09/09 23:15:34 - mmengine - INFO - Iter(test) [1550/5000]    eta: 0:10:19  time: 0.1784  data_time: 0.0875  memory: 1271  
2024/09/09 23:15:44 - mmengine - INFO - Iter(test) [1600/5000]    eta: 0:10:10  time: 0.1884  data_time: 0.0876  memory: 1270  
2024/09/09 23:15:53 - mmengine - INFO - Iter(test) [1650/5000]    eta: 0:10:03  time: 0.1764  data_time: 0.0907  memory: 1369  
2024/09/09 23:16:02 - mmengine - INFO - Iter(test) [1700/5000]    eta: 0:09:53  time: 0.1623  data_time: 0.0948  memory: 1312  
2024/09/09 23:16:12 - mmengine - INFO - Iter(test) [1750/5000]    eta: 0:09:46  time: 0.2261  data_time: 0.1283  memory: 1295  
2024/09/09 23:16:21 - mmengine - INFO - Iter(test) [1800/5000]    eta: 0:09:37  time: 0.1961  data_time: 0.0869  memory: 1407  
2024/09/09 23:16:30 - mmengine - INFO - Iter(test) [1850/5000]    eta: 0:09:28  time: 0.1608  data_time: 0.0936  memory: 1294  
2024/09/09 23:16:39 - mmengine - INFO - Iter(test) [1900/5000]    eta: 0:09:19  time: 0.1942  data_time: 0.0881  memory: 1270  
2024/09/09 23:16:48 - mmengine - INFO - Iter(test) [1950/5000]    eta: 0:09:10  time: 0.1917  data_time: 0.0868  memory: 1286  
2024/09/09 23:16:57 - mmengine - INFO - Iter(test) [2000/5000]    eta: 0:09:01  time: 0.1838  data_time: 0.0974  memory: 1286  
2024/09/09 23:17:05 - mmengine - INFO - Iter(test) [2050/5000]    eta: 0:08:51  time: 0.1689  data_time: 0.1018  memory: 1270  
2024/09/09 23:17:14 - mmengine - INFO - Iter(test) [2100/5000]    eta: 0:08:42  time: 0.1687  data_time: 0.0860  memory: 1277  
2024/09/09 23:17:23 - mmengine - INFO - Iter(test) [2150/5000]    eta: 0:08:32  time: 0.1626  data_time: 0.0981  memory: 1297  
2024/09/09 23:17:32 - mmengine - INFO - Iter(test) [2200/5000]    eta: 0:08:23  time: 0.1723  data_time: 0.0822  memory: 1265  
2024/09/09 23:17:41 - mmengine - INFO - Iter(test) [2250/5000]    eta: 0:08:14  time: 0.1737  data_time: 0.0869  memory: 1288  
2024/09/09 23:17:50 - mmengine - INFO - Iter(test) [2300/5000]    eta: 0:08:05  time: 0.1575  data_time: 0.1007  memory: 1274  
2024/09/09 23:17:59 - mmengine - INFO - Iter(test) [2350/5000]    eta: 0:07:56  time: 0.1839  data_time: 0.0942  memory: 1271  
2024/09/09 23:18:07 - mmengine - INFO - Iter(test) [2400/5000]    eta: 0:07:47  time: 0.1759  data_time: 0.0923  memory: 1270  
2024/09/09 23:18:16 - mmengine - INFO - Iter(test) [2450/5000]    eta: 0:07:38  time: 0.1751  data_time: 0.0911  memory: 1269  
2024/09/09 23:18:25 - mmengine - INFO - Iter(test) [2500/5000]    eta: 0:07:29  time: 0.1712  data_time: 0.0833  memory: 1291  
2024/09/09 23:18:34 - mmengine - INFO - Iter(test) [2550/5000]    eta: 0:07:20  time: 0.1769  data_time: 0.0917  memory: 1282  
2024/09/09 23:18:44 - mmengine - INFO - Iter(test) [2600/5000]    eta: 0:07:11  time: 0.1724  data_time: 0.0881  memory: 1415  
2024/09/09 23:18:52 - mmengine - INFO - Iter(test) [2650/5000]    eta: 0:07:02  time: 0.1770  data_time: 0.0857  memory: 1271  
2024/09/09 23:19:01 - mmengine - INFO - Iter(test) [2700/5000]    eta: 0:06:53  time: 0.1783  data_time: 0.0932  memory: 1283  
2024/09/09 23:19:11 - mmengine - INFO - Iter(test) [2750/5000]    eta: 0:06:44  time: 0.1980  data_time: 0.0988  memory: 1297  
2024/09/09 23:19:20 - mmengine - INFO - Iter(test) [2800/5000]    eta: 0:06:35  time: 0.1843  data_time: 0.0978  memory: 1284  
2024/09/09 23:19:29 - mmengine - INFO - Iter(test) [2850/5000]    eta: 0:06:26  time: 0.1918  data_time: 0.0908  memory: 1270  
2024/09/09 23:19:38 - mmengine - INFO - Iter(test) [2900/5000]    eta: 0:06:17  time: 0.1942  data_time: 0.0992  memory: 1309  
2024/09/09 23:19:47 - mmengine - INFO - Iter(test) [2950/5000]    eta: 0:06:08  time: 0.1871  data_time: 0.0918  memory: 1270  
2024/09/09 23:19:56 - mmengine - INFO - Iter(test) [3000/5000]    eta: 0:05:59  time: 0.1990  data_time: 0.0853  memory: 1299  
2024/09/09 23:20:05 - mmengine - INFO - Iter(test) [3050/5000]    eta: 0:05:50  time: 0.2070  data_time: 0.0854  memory: 1276  
2024/09/09 23:20:14 - mmengine - INFO - Iter(test) [3100/5000]    eta: 0:05:41  time: 0.1893  data_time: 0.0904  memory: 1270  
2024/09/09 23:20:23 - mmengine - INFO - Iter(test) [3150/5000]    eta: 0:05:32  time: 0.1925  data_time: 0.1048  memory: 1270  
2024/09/09 23:20:32 - mmengine - INFO - Iter(test) [3200/5000]    eta: 0:05:23  time: 0.1896  data_time: 0.0873  memory: 1285  
2024/09/09 23:20:41 - mmengine - INFO - Iter(test) [3250/5000]    eta: 0:05:14  time: 0.2038  data_time: 0.0838  memory: 1384  
2024/09/09 23:20:50 - mmengine - INFO - Iter(test) [3300/5000]    eta: 0:05:05  time: 0.1974  data_time: 0.0927  memory: 1277  
2024/09/09 23:20:59 - mmengine - INFO - Iter(test) [3350/5000]    eta: 0:04:56  time: 0.1635  data_time: 0.0974  memory: 1270  
2024/09/09 23:21:08 - mmengine - INFO - Iter(test) [3400/5000]    eta: 0:04:47  time: 0.1744  data_time: 0.0949  memory: 1270  
2024/09/09 23:21:17 - mmengine - INFO - Iter(test) [3450/5000]    eta: 0:04:39  time: 0.1766  data_time: 0.0963  memory: 1270  
2024/09/09 23:21:26 - mmengine - INFO - Iter(test) [3500/5000]    eta: 0:04:30  time: 0.1735  data_time: 0.1117  memory: 1279  
2024/09/09 23:21:35 - mmengine - INFO - Iter(test) [3550/5000]    eta: 0:04:21  time: 0.1724  data_time: 0.0896  memory: 1255  
2024/09/09 23:21:44 - mmengine - INFO - Iter(test) [3600/5000]    eta: 0:04:12  time: 0.1678  data_time: 0.0892  memory: 1271  
2024/09/09 23:21:53 - mmengine - INFO - Iter(test) [3650/5000]    eta: 0:04:03  time: 0.1624  data_time: 0.0918  memory: 1285  
2024/09/09 23:22:02 - mmengine - INFO - Iter(test) [3700/5000]    eta: 0:03:53  time: 0.1679  data_time: 0.0886  memory: 1287  
2024/09/09 23:22:11 - mmengine - INFO - Iter(test) [3750/5000]    eta: 0:03:44  time: 0.1786  data_time: 0.0990  memory: 1265  
2024/09/09 23:22:20 - mmengine - INFO - Iter(test) [3800/5000]    eta: 0:03:35  time: 0.1938  data_time: 0.0911  memory: 1297  
2024/09/09 23:22:29 - mmengine - INFO - Iter(test) [3850/5000]    eta: 0:03:26  time: 0.1799  data_time: 0.0971  memory: 1271  
2024/09/09 23:22:38 - mmengine - INFO - Iter(test) [3900/5000]    eta: 0:03:18  time: 0.1597  data_time: 0.0897  memory: 1399  
2024/09/09 23:22:47 - mmengine - INFO - Iter(test) [3950/5000]    eta: 0:03:09  time: 0.1735  data_time: 0.0913  memory: 1278  
2024/09/09 23:22:56 - mmengine - INFO - Iter(test) [4000/5000]    eta: 0:03:00  time: 0.1750  data_time: 0.0920  memory: 1376  
2024/09/09 23:23:05 - mmengine - INFO - Iter(test) [4050/5000]    eta: 0:02:51  time: 0.1903  data_time: 0.0898  memory: 1271  
2024/09/09 23:23:14 - mmengine - INFO - Iter(test) [4100/5000]    eta: 0:02:42  time: 0.1659  data_time: 0.0959  memory: 1262  
2024/09/09 23:23:23 - mmengine - INFO - Iter(test) [4150/5000]    eta: 0:02:33  time: 0.1796  data_time: 0.0952  memory: 1267  
2024/09/09 23:23:32 - mmengine - INFO - Iter(test) [4200/5000]    eta: 0:02:24  time: 0.1710  data_time: 0.0863  memory: 1270  
2024/09/09 23:23:42 - mmengine - INFO - Iter(test) [4250/5000]    eta: 0:02:15  time: 0.1660  data_time: 0.0900  memory: 1392  
2024/09/09 23:23:50 - mmengine - INFO - Iter(test) [4300/5000]    eta: 0:02:06  time: 0.1695  data_time: 0.0904  memory: 1312  
2024/09/09 23:23:59 - mmengine - INFO - Iter(test) [4350/5000]    eta: 0:01:57  time: 0.1842  data_time: 0.0986  memory: 1325  
2024/09/09 23:24:08 - mmengine - INFO - Iter(test) [4400/5000]    eta: 0:01:47  time: 0.1700  data_time: 0.0819  memory: 1301  
2024/09/09 23:24:17 - mmengine - INFO - Iter(test) [4450/5000]    eta: 0:01:38  time: 0.1895  data_time: 0.0891  memory: 1295  
2024/09/09 23:24:26 - mmengine - INFO - Iter(test) [4500/5000]    eta: 0:01:30  time: 0.1886  data_time: 0.0907  memory: 1294  
2024/09/09 23:24:35 - mmengine - INFO - Iter(test) [4550/5000]    eta: 0:01:20  time: 0.1846  data_time: 0.0898  memory: 1345  
2024/09/09 23:24:44 - mmengine - INFO - Iter(test) [4600/5000]    eta: 0:01:12  time: 0.1978  data_time: 0.0924  memory: 1270  
2024/09/09 23:24:53 - mmengine - INFO - Iter(test) [4650/5000]    eta: 0:01:02  time: 0.1632  data_time: 0.1015  memory: 1271  
2024/09/09 23:25:02 - mmengine - INFO - Iter(test) [4700/5000]    eta: 0:00:53  time: 0.1907  data_time: 0.0900  memory: 1292  
2024/09/09 23:25:11 - mmengine - INFO - Iter(test) [4750/5000]    eta: 0:00:44  time: 0.1917  data_time: 0.0884  memory: 1291  
2024/09/09 23:25:20 - mmengine - INFO - Iter(test) [4800/5000]    eta: 0:00:35  time: 0.1660  data_time: 0.0987  memory: 1318  
2024/09/09 23:25:29 - mmengine - INFO - Iter(test) [4850/5000]    eta: 0:00:26  time: 0.1757  data_time: 0.0931  memory: 1253  
2024/09/09 23:25:38 - mmengine - INFO - Iter(test) [4900/5000]    eta: 0:00:18  time: 0.2253  data_time: 0.1020  memory: 1287  
2024/09/09 23:25:47 - mmengine - INFO - Iter(test) [4950/5000]    eta: 0:00:09  time: 0.1559  data_time: 0.0860  memory: 1259  
2024/09/09 23:25:56 - mmengine - INFO - Iter(test) [5000/5000]    eta: 0:00:00  time: 0.1586  data_time: 0.0901  memory: 1298  
2024/09/09 23:25:56 - mmengine - INFO - Iter(test) [5000/5000]    aAcc: 71.7800  mIoU: 34.0000  mAcc: 56.3800  data_time: 0.0922  time: 0.1800
