2024/09/09 22:41:48 - mmengine - INFO - 
------------------------------------------------------------
System environment:
    sys.platform: linux
    Python: 3.9.19 | packaged by conda-forge | (main, Mar 20 2024, 12:50:21) [GCC 12.3.0]
    CUDA available: True
    numpy_random_seed: 605239117
    CUDA_HOME: /tools/cuda/cuda11.8
    NVCC: Cuda compilation tools, release 11.8, V11.8.89
    GCC: gcc (Ubuntu 7.5.0-3ubuntu1~18.04) 7.5.0
    PyTorch: 1.13.1+cu117
    PyTorch compiling details: PyTorch built with:
  - GCC 9.3
  - C++ Version: 201402
  - Intel(R) Math Kernel Library Version 2020.0.0 Product Build 20191122 for Intel(R) 64 architecture applications
  - Intel(R) MKL-DNN v2.6.0 (Git Hash 52b5f107dd9cf10910aaa19cb47f3abf9b349815)
  - OpenMP 201511 (a.k.a. OpenMP 4.5)
  - LAPACK is enabled (usually provided by MKL)
  - NNPACK is enabled
  - CPU capability usage: AVX2
  - CUDA Runtime 11.7
  - NVCC architecture flags: -gencode;arch=compute_37,code=sm_37;-gencode;arch=compute_50,code=sm_50;-gencode;arch=compute_60,code=sm_60;-gencode;arch=compute_70,code=sm_70;-gencode;arch=compute_75,code=sm_75;-gencode;arch=compute_80,code=sm_80;-gencode;arch=compute_86,code=sm_86
  - CuDNN 8.5
  - Magma 2.6.1
  - Build settings: BLAS_INFO=mkl, BUILD_TYPE=Release, CUDA_VERSION=11.7, CUDNN_VERSION=8.5.0, CXX_COMPILER=/opt/rh/devtoolset-9/root/usr/bin/c++, CXX_FLAGS= -fabi-version=11 -Wno-deprecated -fvisibility-inlines-hidden -DUSE_PTHREADPOOL -fopenmp -DNDEBUG -DUSE_KINETO -DUSE_FBGEMM -DUSE_QNNPACK -DUSE_PYTORCH_QNNPACK -DUSE_XNNPACK -DSYMBOLICATE_MOBILE_DEBUG_HANDLE -DEDGE_PROFILER_USE_KINETO -O2 -fPIC -Wno-narrowing -Wall -Wextra -Werror=return-type -Werror=non-virtual-dtor -Wno-missing-field-initializers -Wno-type-limits -Wno-array-bounds -Wno-unknown-pragmas -Wunused-local-typedefs -Wno-unused-parameter -Wno-unused-function -Wno-unused-result -Wno-strict-overflow -Wno-strict-aliasing -Wno-error=deprecated-declarations -Wno-stringop-overflow -Wno-psabi -Wno-error=pedantic -Wno-error=redundant-decls -Wno-error=old-style-cast -fdiagnostics-color=always -faligned-new -Wno-unused-but-set-variable -Wno-maybe-uninitialized -fno-math-errno -fno-trapping-math -Werror=format -Werror=cast-function-type -Wno-stringop-overflow, LAPACK_INFO=mkl, PERF_WITH_AVX=1, PERF_WITH_AVX2=1, PERF_WITH_AVX512=1, TORCH_VERSION=1.13.1, USE_CUDA=ON, USE_CUDNN=ON, USE_EXCEPTION_PTR=1, USE_GFLAGS=OFF, USE_GLOG=OFF, USE_MKL=ON, USE_MKLDNN=ON, USE_MPI=OFF, USE_NCCL=ON, USE_NNPACK=ON, USE_OPENMP=ON, USE_ROCM=OFF, 

    TorchVision: 0.14.1+cu117
    OpenCV: 4.10.0
    MMEngine: 0.8.4

Runtime environment:
    cudnn_benchmark: True
    mp_cfg: {'mp_start_method': 'fork', 'opencv_num_threads': 0}
    dist_cfg: {'backend': 'nccl'}
    seed: 605239117
    Distributed launcher: none
    Distributed training: False
    GPU number: 1
------------------------------------------------------------

2024/09/09 22:41:48 - mmengine - INFO - Config:
data_root = '/SHARE_ST/icl/Neurips2024/zeroseg_kdu_khy/data/coco_stuff164k'
dataset_type = 'COCOObjectDataset'
default_hooks = dict(
    checkpoint=dict(by_epoch=False, interval=2000, type='CheckpointHook'),
    logger=dict(interval=50, log_metric_by_epoch=False, type='LoggerHook'),
    param_scheduler=dict(type='ParamSchedulerHook'),
    sampler_seed=dict(type='DistSamplerSeedHook'),
    timer=dict(type='IterTimerHook'),
    visualization=dict(draw=True, interval=1, type='SegVisualizationHook'))
default_scope = 'mmseg'
env_cfg = dict(
    cudnn_benchmark=True,
    dist_cfg=dict(backend='nccl'),
    mp_cfg=dict(mp_start_method='fork', opencv_num_threads=0))
launcher = 'none'
load_from = None
log_level = 'INFO'
log_processor = dict(by_epoch=False)
model = dict(
    P=0.13,
    T=0.1,
    clip_path='ViT-B/16',
    kl_sizes=[
        0.8751835918603615,
        0.26889281520838515,
        0.9456278763885965,
    ],
    logit_scale=50,
    name_path='./configs/cls_coco_object.txt',
    prob_thd=0.45,
    type='CLIPForSegmentation')
resume = False
test_cfg = dict(type='TestLoop')
test_dataloader = dict(
    batch_size=1,
    dataset=dict(
        data_prefix=dict(
            img_path='images/val2017', seg_map_path='annotations/val2017'),
        data_root=
        '/SHARE_ST/icl/Neurips2024/zeroseg_kdu_khy/data/coco_stuff164k',
        pipeline=[
            dict(type='LoadImageFromFile'),
            dict(keep_ratio=True, scale=(
                2048,
                448,
            ), type='Resize'),
            dict(type='LoadAnnotations'),
            dict(type='PackSegInputs'),
        ],
        reduce_zero_label=False,
        type='COCOObjectDataset'),
    num_workers=4,
    persistent_workers=True,
    sampler=dict(shuffle=False, type='DefaultSampler'))
test_evaluator = dict(
    iou_metrics=[
        'mIoU',
    ], type='IoUMetric')
test_pipeline = [
    dict(type='LoadImageFromFile'),
    dict(keep_ratio=True, scale=(
        2048,
        448,
    ), type='Resize'),
    dict(type='LoadAnnotations'),
    dict(type='PackSegInputs'),
]
vis_backends = [
    dict(type='LocalVisBackend'),
]
visualizer = dict(
    name='visualizer',
    save_dir='./outputs/',
    type='SegLocalVisualizer',
    vis_backends=[
        dict(type='LocalVisBackend'),
    ])
work_dir = './hyper-coco'

2024/09/09 22:41:54 - mmengine - INFO - Distributed training is not used, all SyncBatchNorm (SyncBN) layers in the model will be automatically reverted to BatchNormXd layers if they are used.
2024/09/09 22:41:54 - mmengine - INFO - Hooks will be executed in the following order:
before_run:
(VERY_HIGH   ) RuntimeInfoHook                    
(BELOW_NORMAL) LoggerHook                         
 -------------------- 
before_train:
(VERY_HIGH   ) RuntimeInfoHook                    
(NORMAL      ) IterTimerHook                      
(VERY_LOW    ) CheckpointHook                     
 -------------------- 
before_train_epoch:
(VERY_HIGH   ) RuntimeInfoHook                    
(NORMAL      ) IterTimerHook                      
(NORMAL      ) DistSamplerSeedHook                
 -------------------- 
before_train_iter:
(VERY_HIGH   ) RuntimeInfoHook                    
(NORMAL      ) IterTimerHook                      
 -------------------- 
after_train_iter:
(VERY_HIGH   ) RuntimeInfoHook                    
(NORMAL      ) IterTimerHook                      
(NORMAL      ) SegVisualizationHook               
(BELOW_NORMAL) LoggerHook                         
(LOW         ) ParamSchedulerHook                 
(VERY_LOW    ) CheckpointHook                     
 -------------------- 
after_train_epoch:
(NORMAL      ) IterTimerHook                      
(LOW         ) ParamSchedulerHook                 
(VERY_LOW    ) CheckpointHook                     
 -------------------- 
before_val:
(VERY_HIGH   ) RuntimeInfoHook                    
 -------------------- 
before_val_epoch:
(NORMAL      ) IterTimerHook                      
 -------------------- 
before_val_iter:
(NORMAL      ) IterTimerHook                      
 -------------------- 
after_val_iter:
(NORMAL      ) IterTimerHook                      
(NORMAL      ) SegVisualizationHook               
(BELOW_NORMAL) LoggerHook                         
 -------------------- 
after_val_epoch:
(VERY_HIGH   ) RuntimeInfoHook                    
(NORMAL      ) IterTimerHook                      
(BELOW_NORMAL) LoggerHook                         
(LOW         ) ParamSchedulerHook                 
(VERY_LOW    ) CheckpointHook                     
 -------------------- 
after_val:
(VERY_HIGH   ) RuntimeInfoHook                    
 -------------------- 
after_train:
(VERY_HIGH   ) RuntimeInfoHook                    
(VERY_LOW    ) CheckpointHook                     
 -------------------- 
before_test:
(VERY_HIGH   ) RuntimeInfoHook                    
 -------------------- 
before_test_epoch:
(NORMAL      ) IterTimerHook                      
 -------------------- 
before_test_iter:
(NORMAL      ) IterTimerHook                      
 -------------------- 
after_test_iter:
(NORMAL      ) IterTimerHook                      
(NORMAL      ) SegVisualizationHook               
(BELOW_NORMAL) LoggerHook                         
 -------------------- 
after_test_epoch:
(VERY_HIGH   ) RuntimeInfoHook                    
(NORMAL      ) IterTimerHook                      
(BELOW_NORMAL) LoggerHook                         
 -------------------- 
after_test:
(VERY_HIGH   ) RuntimeInfoHook                    
 -------------------- 
after_run:
(BELOW_NORMAL) LoggerHook                         
 -------------------- 
2024/09/09 22:42:04 - mmengine - INFO - Iter(test) [  50/5000]    eta: 0:15:33  time: 0.1553  data_time: 0.0861  memory: 1286  
2024/09/09 22:42:12 - mmengine - INFO - Iter(test) [ 100/5000]    eta: 0:14:21  time: 0.1707  data_time: 0.0976  memory: 1275  
2024/09/09 22:42:20 - mmengine - INFO - Iter(test) [ 150/5000]    eta: 0:13:56  time: 0.1658  data_time: 0.0958  memory: 1270  
2024/09/09 22:42:28 - mmengine - INFO - Iter(test) [ 200/5000]    eta: 0:13:39  time: 0.1643  data_time: 0.0865  memory: 1275  
2024/09/09 22:42:36 - mmengine - INFO - Iter(test) [ 250/5000]    eta: 0:13:19  time: 0.1557  data_time: 0.0861  memory: 1269  
2024/09/09 22:42:45 - mmengine - INFO - Iter(test) [ 300/5000]    eta: 0:13:10  time: 0.1657  data_time: 0.0891  memory: 1279  
2024/09/09 22:42:53 - mmengine - INFO - Iter(test) [ 350/5000]    eta: 0:13:03  time: 0.1589  data_time: 0.0822  memory: 1269  
2024/09/09 22:43:01 - mmengine - INFO - Iter(test) [ 400/5000]    eta: 0:12:51  time: 0.1636  data_time: 0.0878  memory: 1324  
2024/09/09 22:43:10 - mmengine - INFO - Iter(test) [ 450/5000]    eta: 0:12:42  time: 0.1793  data_time: 0.0948  memory: 1284  
2024/09/09 22:43:18 - mmengine - INFO - Iter(test) [ 500/5000]    eta: 0:12:33  time: 0.1623  data_time: 0.0948  memory: 1284  
2024/09/09 22:43:26 - mmengine - INFO - Iter(test) [ 550/5000]    eta: 0:12:25  time: 0.1856  data_time: 0.0941  memory: 1270  
2024/09/09 22:43:34 - mmengine - INFO - Iter(test) [ 600/5000]    eta: 0:12:16  time: 0.1643  data_time: 0.0906  memory: 1291  
2024/09/09 22:43:43 - mmengine - INFO - Iter(test) [ 650/5000]    eta: 0:12:07  time: 0.1688  data_time: 0.0995  memory: 1312  
2024/09/09 22:43:51 - mmengine - INFO - Iter(test) [ 700/5000]    eta: 0:11:58  time: 0.1627  data_time: 0.1001  memory: 1263  
2024/09/09 22:44:00 - mmengine - INFO - Iter(test) [ 750/5000]    eta: 0:11:50  time: 0.1718  data_time: 0.0873  memory: 1272  
2024/09/09 22:44:08 - mmengine - INFO - Iter(test) [ 800/5000]    eta: 0:11:42  time: 0.1627  data_time: 0.0934  memory: 1270  
2024/09/09 22:44:16 - mmengine - INFO - Iter(test) [ 850/5000]    eta: 0:11:33  time: 0.1751  data_time: 0.0981  memory: 1348  
2024/09/09 22:44:24 - mmengine - INFO - Iter(test) [ 900/5000]    eta: 0:11:23  time: 0.1449  data_time: 0.0820  memory: 1253  
2024/09/09 22:44:33 - mmengine - INFO - Iter(test) [ 950/5000]    eta: 0:11:15  time: 0.1741  data_time: 0.0949  memory: 1275  
2024/09/09 22:44:41 - mmengine - INFO - Iter(test) [1000/5000]    eta: 0:11:07  time: 0.1507  data_time: 0.0858  memory: 1295  
2024/09/09 22:44:49 - mmengine - INFO - Iter(test) [1050/5000]    eta: 0:10:58  time: 0.1603  data_time: 0.0866  memory: 1286  
2024/09/09 22:44:58 - mmengine - INFO - Iter(test) [1100/5000]    eta: 0:10:50  time: 0.1627  data_time: 0.0909  memory: 1284  
2024/09/09 22:45:06 - mmengine - INFO - Iter(test) [1150/5000]    eta: 0:10:41  time: 0.1555  data_time: 0.0927  memory: 1271  
2024/09/09 22:45:14 - mmengine - INFO - Iter(test) [1200/5000]    eta: 0:10:32  time: 0.1739  data_time: 0.0900  memory: 1271  
2024/09/09 22:45:22 - mmengine - INFO - Iter(test) [1250/5000]    eta: 0:10:24  time: 0.1600  data_time: 0.0982  memory: 1349  
2024/09/09 22:45:31 - mmengine - INFO - Iter(test) [1300/5000]    eta: 0:10:16  time: 0.1837  data_time: 0.0922  memory: 1280  
2024/09/09 22:45:39 - mmengine - INFO - Iter(test) [1350/5000]    eta: 0:10:07  time: 0.1571  data_time: 0.0925  memory: 1270  
2024/09/09 22:45:47 - mmengine - INFO - Iter(test) [1400/5000]    eta: 0:09:58  time: 0.1488  data_time: 0.0868  memory: 1335  
2024/09/09 22:45:55 - mmengine - INFO - Iter(test) [1450/5000]    eta: 0:09:49  time: 0.1688  data_time: 0.0930  memory: 1270  
2024/09/09 22:46:04 - mmengine - INFO - Iter(test) [1500/5000]    eta: 0:09:42  time: 0.1631  data_time: 0.0899  memory: 1273  
2024/09/09 22:46:12 - mmengine - INFO - Iter(test) [1550/5000]    eta: 0:09:33  time: 0.1541  data_time: 0.0875  memory: 1270  
2024/09/09 22:46:20 - mmengine - INFO - Iter(test) [1600/5000]    eta: 0:09:25  time: 0.1524  data_time: 0.0895  memory: 1271  
2024/09/09 22:46:29 - mmengine - INFO - Iter(test) [1650/5000]    eta: 0:09:17  time: 0.1587  data_time: 0.0946  memory: 1368  
2024/09/09 22:46:37 - mmengine - INFO - Iter(test) [1700/5000]    eta: 0:09:08  time: 0.1628  data_time: 0.0990  memory: 1311  
2024/09/09 22:46:45 - mmengine - INFO - Iter(test) [1750/5000]    eta: 0:09:00  time: 0.1732  data_time: 0.0919  memory: 1295  
2024/09/09 22:46:54 - mmengine - INFO - Iter(test) [1800/5000]    eta: 0:08:52  time: 0.1739  data_time: 0.0904  memory: 1407  
2024/09/09 22:47:02 - mmengine - INFO - Iter(test) [1850/5000]    eta: 0:08:44  time: 0.1520  data_time: 0.0938  memory: 1294  
2024/09/09 22:47:10 - mmengine - INFO - Iter(test) [1900/5000]    eta: 0:08:35  time: 0.1521  data_time: 0.0938  memory: 1270  
2024/09/09 22:47:18 - mmengine - INFO - Iter(test) [1950/5000]    eta: 0:08:26  time: 0.1596  data_time: 0.0884  memory: 1286  
2024/09/09 22:47:27 - mmengine - INFO - Iter(test) [2000/5000]    eta: 0:08:18  time: 0.1766  data_time: 0.0860  memory: 1284  
2024/09/09 22:47:35 - mmengine - INFO - Iter(test) [2050/5000]    eta: 0:08:10  time: 0.1685  data_time: 0.0969  memory: 1270  
2024/09/09 22:47:43 - mmengine - INFO - Iter(test) [2100/5000]    eta: 0:08:02  time: 0.1531  data_time: 0.0848  memory: 1277  
2024/09/09 22:47:52 - mmengine - INFO - Iter(test) [2150/5000]    eta: 0:07:53  time: 0.1596  data_time: 0.0909  memory: 1297  
2024/09/09 22:48:00 - mmengine - INFO - Iter(test) [2200/5000]    eta: 0:07:45  time: 0.1550  data_time: 0.0886  memory: 1264  
2024/09/09 22:48:08 - mmengine - INFO - Iter(test) [2250/5000]    eta: 0:07:36  time: 0.1559  data_time: 0.0886  memory: 1287  
2024/09/09 22:48:16 - mmengine - INFO - Iter(test) [2300/5000]    eta: 0:07:28  time: 0.1598  data_time: 0.0947  memory: 1274  
2024/09/09 22:48:24 - mmengine - INFO - Iter(test) [2350/5000]    eta: 0:07:20  time: 0.1760  data_time: 0.0999  memory: 1271  
2024/09/09 22:48:32 - mmengine - INFO - Iter(test) [2400/5000]    eta: 0:07:11  time: 0.1544  data_time: 0.0961  memory: 1270  
2024/09/09 22:48:41 - mmengine - INFO - Iter(test) [2450/5000]    eta: 0:07:03  time: 0.1744  data_time: 0.0886  memory: 1269  
2024/09/09 22:48:49 - mmengine - INFO - Iter(test) [2500/5000]    eta: 0:06:54  time: 0.1625  data_time: 0.0876  memory: 1291  
2024/09/09 22:48:58 - mmengine - INFO - Iter(test) [2550/5000]    eta: 0:06:46  time: 0.1858  data_time: 0.0944  memory: 1282  
2024/09/09 22:49:06 - mmengine - INFO - Iter(test) [2600/5000]    eta: 0:06:38  time: 0.1480  data_time: 0.0852  memory: 1415  
2024/09/09 22:49:14 - mmengine - INFO - Iter(test) [2650/5000]    eta: 0:06:29  time: 0.1526  data_time: 0.0859  memory: 1270  
2024/09/09 22:49:22 - mmengine - INFO - Iter(test) [2700/5000]    eta: 0:06:21  time: 0.1590  data_time: 0.0904  memory: 1283  
2024/09/09 22:49:30 - mmengine - INFO - Iter(test) [2750/5000]    eta: 0:06:12  time: 0.1711  data_time: 0.0935  memory: 1298  
2024/09/09 22:49:39 - mmengine - INFO - Iter(test) [2800/5000]    eta: 0:06:04  time: 0.1624  data_time: 0.0920  memory: 1284  
2024/09/09 22:49:47 - mmengine - INFO - Iter(test) [2850/5000]    eta: 0:05:56  time: 0.1614  data_time: 0.0920  memory: 1270  
2024/09/09 22:49:55 - mmengine - INFO - Iter(test) [2900/5000]    eta: 0:05:48  time: 0.1726  data_time: 0.1000  memory: 1309  
2024/09/09 22:50:04 - mmengine - INFO - Iter(test) [2950/5000]    eta: 0:05:40  time: 0.1707  data_time: 0.0921  memory: 1270  
2024/09/09 22:50:12 - mmengine - INFO - Iter(test) [3000/5000]    eta: 0:05:31  time: 0.1573  data_time: 0.0874  memory: 1299  
2024/09/09 22:50:20 - mmengine - INFO - Iter(test) [3050/5000]    eta: 0:05:23  time: 0.1546  data_time: 0.0861  memory: 1275  
2024/09/09 22:50:28 - mmengine - INFO - Iter(test) [3100/5000]    eta: 0:05:14  time: 0.1722  data_time: 0.0918  memory: 1271  
2024/09/09 22:50:36 - mmengine - INFO - Iter(test) [3150/5000]    eta: 0:05:06  time: 0.1641  data_time: 0.1083  memory: 1270  
2024/09/09 22:50:45 - mmengine - INFO - Iter(test) [3200/5000]    eta: 0:04:58  time: 0.1633  data_time: 0.0989  memory: 1285  
2024/09/09 22:50:54 - mmengine - INFO - Iter(test) [3250/5000]    eta: 0:04:50  time: 0.1857  data_time: 0.0789  memory: 1383  
2024/09/09 22:51:02 - mmengine - INFO - Iter(test) [3300/5000]    eta: 0:04:42  time: 0.1553  data_time: 0.0856  memory: 1279  
2024/09/09 22:51:10 - mmengine - INFO - Iter(test) [3350/5000]    eta: 0:04:33  time: 0.1613  data_time: 0.0924  memory: 1269  
2024/09/09 22:51:18 - mmengine - INFO - Iter(test) [3400/5000]    eta: 0:04:25  time: 0.1569  data_time: 0.0995  memory: 1269  
2024/09/09 22:51:26 - mmengine - INFO - Iter(test) [3450/5000]    eta: 0:04:17  time: 0.1507  data_time: 0.0827  memory: 1270  
2024/09/09 22:51:35 - mmengine - INFO - Iter(test) [3500/5000]    eta: 0:04:08  time: 0.1694  data_time: 0.1026  memory: 1280  
2024/09/09 22:51:43 - mmengine - INFO - Iter(test) [3550/5000]    eta: 0:04:00  time: 0.1574  data_time: 0.0925  memory: 1255  
2024/09/09 22:51:51 - mmengine - INFO - Iter(test) [3600/5000]    eta: 0:03:51  time: 0.1602  data_time: 0.0883  memory: 1272  
2024/09/09 22:51:59 - mmengine - INFO - Iter(test) [3650/5000]    eta: 0:03:43  time: 0.1549  data_time: 0.0909  memory: 1284  
2024/09/09 22:52:07 - mmengine - INFO - Iter(test) [3700/5000]    eta: 0:03:35  time: 0.1568  data_time: 0.0841  memory: 1285  
2024/09/09 22:52:16 - mmengine - INFO - Iter(test) [3750/5000]    eta: 0:03:27  time: 0.1581  data_time: 0.0862  memory: 1264  
2024/09/09 22:52:24 - mmengine - INFO - Iter(test) [3800/5000]    eta: 0:03:18  time: 0.1621  data_time: 0.0869  memory: 1297  
2024/09/09 22:52:32 - mmengine - INFO - Iter(test) [3850/5000]    eta: 0:03:10  time: 0.1611  data_time: 0.0903  memory: 1271  
2024/09/09 22:52:41 - mmengine - INFO - Iter(test) [3900/5000]    eta: 0:03:02  time: 0.1557  data_time: 0.0971  memory: 1400  
2024/09/09 22:52:49 - mmengine - INFO - Iter(test) [3950/5000]    eta: 0:02:53  time: 0.1628  data_time: 0.1063  memory: 1277  
2024/09/09 22:52:57 - mmengine - INFO - Iter(test) [4000/5000]    eta: 0:02:45  time: 0.1652  data_time: 0.1029  memory: 1375  
2024/09/09 22:53:05 - mmengine - INFO - Iter(test) [4050/5000]    eta: 0:02:37  time: 0.1620  data_time: 0.0912  memory: 1270  
2024/09/09 22:53:14 - mmengine - INFO - Iter(test) [4100/5000]    eta: 0:02:29  time: 0.1562  data_time: 0.0814  memory: 1262  
2024/09/09 22:53:22 - mmengine - INFO - Iter(test) [4150/5000]    eta: 0:02:20  time: 0.1638  data_time: 0.0934  memory: 1267  
2024/09/09 22:53:30 - mmengine - INFO - Iter(test) [4200/5000]    eta: 0:02:12  time: 0.1567  data_time: 0.0863  memory: 1270  
2024/09/09 22:53:39 - mmengine - INFO - Iter(test) [4250/5000]    eta: 0:02:04  time: 0.1842  data_time: 0.1000  memory: 1392  
2024/09/09 22:53:47 - mmengine - INFO - Iter(test) [4300/5000]    eta: 0:01:55  time: 0.1550  data_time: 0.0859  memory: 1311  
2024/09/09 22:53:55 - mmengine - INFO - Iter(test) [4350/5000]    eta: 0:01:47  time: 0.1667  data_time: 0.1010  memory: 1325  
2024/09/09 22:54:03 - mmengine - INFO - Iter(test) [4400/5000]    eta: 0:01:39  time: 0.1794  data_time: 0.0915  memory: 1302  
2024/09/09 22:54:12 - mmengine - INFO - Iter(test) [4450/5000]    eta: 0:01:31  time: 0.1543  data_time: 0.0880  memory: 1296  
2024/09/09 22:54:20 - mmengine - INFO - Iter(test) [4500/5000]    eta: 0:01:22  time: 0.1561  data_time: 0.0920  memory: 1294  
2024/09/09 22:54:28 - mmengine - INFO - Iter(test) [4550/5000]    eta: 0:01:14  time: 0.1576  data_time: 0.0884  memory: 1345  
2024/09/09 22:54:37 - mmengine - INFO - Iter(test) [4600/5000]    eta: 0:01:06  time: 0.1787  data_time: 0.0991  memory: 1270  
2024/09/09 22:54:45 - mmengine - INFO - Iter(test) [4650/5000]    eta: 0:00:58  time: 0.1663  data_time: 0.0982  memory: 1271  
2024/09/09 22:54:53 - mmengine - INFO - Iter(test) [4700/5000]    eta: 0:00:49  time: 0.1776  data_time: 0.0920  memory: 1292  
2024/09/09 22:55:02 - mmengine - INFO - Iter(test) [4750/5000]    eta: 0:00:41  time: 0.1617  data_time: 0.0978  memory: 1291  
2024/09/09 22:55:10 - mmengine - INFO - Iter(test) [4800/5000]    eta: 0:00:33  time: 0.1764  data_time: 0.0874  memory: 1318  
2024/09/09 22:55:18 - mmengine - INFO - Iter(test) [4850/5000]    eta: 0:00:24  time: 0.1582  data_time: 0.0938  memory: 1253  
2024/09/09 22:55:26 - mmengine - INFO - Iter(test) [4900/5000]    eta: 0:00:16  time: 0.1667  data_time: 0.0877  memory: 1287  
2024/09/09 22:55:35 - mmengine - INFO - Iter(test) [4950/5000]    eta: 0:00:08  time: 0.1854  data_time: 0.0905  memory: 1258  
2024/09/09 22:55:43 - mmengine - INFO - Iter(test) [5000/5000]    eta: 0:00:00  time: 0.1739  data_time: 0.0880  memory: 1297  
2024/09/09 22:55:43 - mmengine - INFO - Iter(test) [5000/5000]    aAcc: 71.8800  mIoU: 34.1800  mAcc: 56.7300  data_time: 0.0926  time: 0.1658
