2024/09/09 21:01:43 - mmengine - INFO - 
------------------------------------------------------------
System environment:
    sys.platform: linux
    Python: 3.9.19 | packaged by conda-forge | (main, Mar 20 2024, 12:50:21) [GCC 12.3.0]
    CUDA available: True
    numpy_random_seed: 1887869322
    CUDA_HOME: /tools/cuda/cuda11.8
    NVCC: Cuda compilation tools, release 11.8, V11.8.89
    GCC: gcc (Ubuntu 7.5.0-3ubuntu1~18.04) 7.5.0
    PyTorch: 1.13.1+cu117
    PyTorch compiling details: PyTorch built with:
  - GCC 9.3
  - C++ Version: 201402
  - Intel(R) Math Kernel Library Version 2020.0.0 Product Build 20191122 for Intel(R) 64 architecture applications
  - Intel(R) MKL-DNN v2.6.0 (Git Hash 52b5f107dd9cf10910aaa19cb47f3abf9b349815)
  - OpenMP 201511 (a.k.a. OpenMP 4.5)
  - LAPACK is enabled (usually provided by MKL)
  - NNPACK is enabled
  - CPU capability usage: AVX2
  - CUDA Runtime 11.7
  - NVCC architecture flags: -gencode;arch=compute_37,code=sm_37;-gencode;arch=compute_50,code=sm_50;-gencode;arch=compute_60,code=sm_60;-gencode;arch=compute_70,code=sm_70;-gencode;arch=compute_75,code=sm_75;-gencode;arch=compute_80,code=sm_80;-gencode;arch=compute_86,code=sm_86
  - CuDNN 8.5
  - Magma 2.6.1
  - Build settings: BLAS_INFO=mkl, BUILD_TYPE=Release, CUDA_VERSION=11.7, CUDNN_VERSION=8.5.0, CXX_COMPILER=/opt/rh/devtoolset-9/root/usr/bin/c++, CXX_FLAGS= -fabi-version=11 -Wno-deprecated -fvisibility-inlines-hidden -DUSE_PTHREADPOOL -fopenmp -DNDEBUG -DUSE_KINETO -DUSE_FBGEMM -DUSE_QNNPACK -DUSE_PYTORCH_QNNPACK -DUSE_XNNPACK -DSYMBOLICATE_MOBILE_DEBUG_HANDLE -DEDGE_PROFILER_USE_KINETO -O2 -fPIC -Wno-narrowing -Wall -Wextra -Werror=return-type -Werror=non-virtual-dtor -Wno-missing-field-initializers -Wno-type-limits -Wno-array-bounds -Wno-unknown-pragmas -Wunused-local-typedefs -Wno-unused-parameter -Wno-unused-function -Wno-unused-result -Wno-strict-overflow -Wno-strict-aliasing -Wno-error=deprecated-declarations -Wno-stringop-overflow -Wno-psabi -Wno-error=pedantic -Wno-error=redundant-decls -Wno-error=old-style-cast -fdiagnostics-color=always -faligned-new -Wno-unused-but-set-variable -Wno-maybe-uninitialized -fno-math-errno -fno-trapping-math -Werror=format -Werror=cast-function-type -Wno-stringop-overflow, LAPACK_INFO=mkl, PERF_WITH_AVX=1, PERF_WITH_AVX2=1, PERF_WITH_AVX512=1, TORCH_VERSION=1.13.1, USE_CUDA=ON, USE_CUDNN=ON, USE_EXCEPTION_PTR=1, USE_GFLAGS=OFF, USE_GLOG=OFF, USE_MKL=ON, USE_MKLDNN=ON, USE_MPI=OFF, USE_NCCL=ON, USE_NNPACK=ON, USE_OPENMP=ON, USE_ROCM=OFF, 

    TorchVision: 0.14.1+cu117
    OpenCV: 4.10.0
    MMEngine: 0.8.4

Runtime environment:
    cudnn_benchmark: True
    mp_cfg: {'mp_start_method': 'fork', 'opencv_num_threads': 0}
    dist_cfg: {'backend': 'nccl'}
    seed: 1887869322
    Distributed launcher: none
    Distributed training: False
    GPU number: 1
------------------------------------------------------------

2024/09/09 21:01:43 - mmengine - INFO - Config:
data_root = '/SHARE_ST/icl/Neurips2024/zeroseg_kdu_khy/data/coco_stuff164k'
dataset_type = 'COCOObjectDataset'
default_hooks = dict(
    checkpoint=dict(by_epoch=False, interval=2000, type='CheckpointHook'),
    logger=dict(interval=50, log_metric_by_epoch=False, type='LoggerHook'),
    param_scheduler=dict(type='ParamSchedulerHook'),
    sampler_seed=dict(type='DistSamplerSeedHook'),
    timer=dict(type='IterTimerHook'),
    visualization=dict(draw=True, interval=1, type='SegVisualizationHook'))
default_scope = 'mmseg'
env_cfg = dict(
    cudnn_benchmark=True,
    dist_cfg=dict(backend='nccl'),
    mp_cfg=dict(mp_start_method='fork', opencv_num_threads=0))
launcher = 'none'
load_from = None
log_level = 'INFO'
log_processor = dict(by_epoch=False)
model = dict(
    P=0.2,
    T=0.09,
    clip_path='ViT-B/16',
    kl_sizes=[
        0.8740030888922894,
        0.7883244540065957,
        0.39557169903567346,
        0.5177720690896945,
        0.30758696333316216,
        0.8996076111887488,
        0.6497661579551135,
    ],
    logit_scale=50,
    name_path='./configs/cls_coco_object.txt',
    prob_thd=0.45,
    type='CLIPForSegmentation')
resume = False
test_cfg = dict(type='TestLoop')
test_dataloader = dict(
    batch_size=1,
    dataset=dict(
        data_prefix=dict(
            img_path='images/val2017', seg_map_path='annotations/val2017'),
        data_root=
        '/SHARE_ST/icl/Neurips2024/zeroseg_kdu_khy/data/coco_stuff164k',
        pipeline=[
            dict(type='LoadImageFromFile'),
            dict(keep_ratio=True, scale=(
                2048,
                448,
            ), type='Resize'),
            dict(type='LoadAnnotations'),
            dict(type='PackSegInputs'),
        ],
        reduce_zero_label=False,
        type='COCOObjectDataset'),
    num_workers=4,
    persistent_workers=True,
    sampler=dict(shuffle=False, type='DefaultSampler'))
test_evaluator = dict(
    iou_metrics=[
        'mIoU',
    ], type='IoUMetric')
test_pipeline = [
    dict(type='LoadImageFromFile'),
    dict(keep_ratio=True, scale=(
        2048,
        448,
    ), type='Resize'),
    dict(type='LoadAnnotations'),
    dict(type='PackSegInputs'),
]
vis_backends = [
    dict(type='LocalVisBackend'),
]
visualizer = dict(
    name='visualizer',
    save_dir='./outputs/',
    type='SegLocalVisualizer',
    vis_backends=[
        dict(type='LocalVisBackend'),
    ])
work_dir = './hyper-coco'

2024/09/09 21:01:49 - mmengine - INFO - Distributed training is not used, all SyncBatchNorm (SyncBN) layers in the model will be automatically reverted to BatchNormXd layers if they are used.
2024/09/09 21:01:49 - mmengine - INFO - Hooks will be executed in the following order:
before_run:
(VERY_HIGH   ) RuntimeInfoHook                    
(BELOW_NORMAL) LoggerHook                         
 -------------------- 
before_train:
(VERY_HIGH   ) RuntimeInfoHook                    
(NORMAL      ) IterTimerHook                      
(VERY_LOW    ) CheckpointHook                     
 -------------------- 
before_train_epoch:
(VERY_HIGH   ) RuntimeInfoHook                    
(NORMAL      ) IterTimerHook                      
(NORMAL      ) DistSamplerSeedHook                
 -------------------- 
before_train_iter:
(VERY_HIGH   ) RuntimeInfoHook                    
(NORMAL      ) IterTimerHook                      
 -------------------- 
after_train_iter:
(VERY_HIGH   ) RuntimeInfoHook                    
(NORMAL      ) IterTimerHook                      
(NORMAL      ) SegVisualizationHook               
(BELOW_NORMAL) LoggerHook                         
(LOW         ) ParamSchedulerHook                 
(VERY_LOW    ) CheckpointHook                     
 -------------------- 
after_train_epoch:
(NORMAL      ) IterTimerHook                      
(LOW         ) ParamSchedulerHook                 
(VERY_LOW    ) CheckpointHook                     
 -------------------- 
before_val:
(VERY_HIGH   ) RuntimeInfoHook                    
 -------------------- 
before_val_epoch:
(NORMAL      ) IterTimerHook                      
 -------------------- 
before_val_iter:
(NORMAL      ) IterTimerHook                      
 -------------------- 
after_val_iter:
(NORMAL      ) IterTimerHook                      
(NORMAL      ) SegVisualizationHook               
(BELOW_NORMAL) LoggerHook                         
 -------------------- 
after_val_epoch:
(VERY_HIGH   ) RuntimeInfoHook                    
(NORMAL      ) IterTimerHook                      
(BELOW_NORMAL) LoggerHook                         
(LOW         ) ParamSchedulerHook                 
(VERY_LOW    ) CheckpointHook                     
 -------------------- 
after_val:
(VERY_HIGH   ) RuntimeInfoHook                    
 -------------------- 
after_train:
(VERY_HIGH   ) RuntimeInfoHook                    
(VERY_LOW    ) CheckpointHook                     
 -------------------- 
before_test:
(VERY_HIGH   ) RuntimeInfoHook                    
 -------------------- 
before_test_epoch:
(NORMAL      ) IterTimerHook                      
 -------------------- 
before_test_iter:
(NORMAL      ) IterTimerHook                      
 -------------------- 
after_test_iter:
(NORMAL      ) IterTimerHook                      
(NORMAL      ) SegVisualizationHook               
(BELOW_NORMAL) LoggerHook                         
 -------------------- 
after_test_epoch:
(VERY_HIGH   ) RuntimeInfoHook                    
(NORMAL      ) IterTimerHook                      
(BELOW_NORMAL) LoggerHook                         
 -------------------- 
after_test:
(VERY_HIGH   ) RuntimeInfoHook                    
 -------------------- 
after_run:
(BELOW_NORMAL) LoggerHook                         
 -------------------- 
2024/09/09 21:02:01 - mmengine - INFO - Iter(test) [  50/5000]    eta: 0:17:15  time: 0.2052  data_time: 0.0977  memory: 1286  
2024/09/09 21:02:10 - mmengine - INFO - Iter(test) [ 100/5000]    eta: 0:15:49  time: 0.1943  data_time: 0.0943  memory: 1273  
2024/09/09 21:02:19 - mmengine - INFO - Iter(test) [ 150/5000]    eta: 0:15:25  time: 0.1784  data_time: 0.0905  memory: 1269  
2024/09/09 21:02:28 - mmengine - INFO - Iter(test) [ 200/5000]    eta: 0:14:57  time: 0.1581  data_time: 0.0860  memory: 1274  
2024/09/09 21:02:37 - mmengine - INFO - Iter(test) [ 250/5000]    eta: 0:14:41  time: 0.1593  data_time: 0.0857  memory: 1268  
2024/09/09 21:02:46 - mmengine - INFO - Iter(test) [ 300/5000]    eta: 0:14:29  time: 0.1710  data_time: 0.0877  memory: 1279  
2024/09/09 21:02:55 - mmengine - INFO - Iter(test) [ 350/5000]    eta: 0:14:17  time: 0.1777  data_time: 0.0891  memory: 1269  
2024/09/09 21:03:04 - mmengine - INFO - Iter(test) [ 400/5000]    eta: 0:14:06  time: 0.1743  data_time: 0.0933  memory: 1324  
2024/09/09 21:03:13 - mmengine - INFO - Iter(test) [ 450/5000]    eta: 0:13:56  time: 0.1722  data_time: 0.0939  memory: 1286  
2024/09/09 21:03:22 - mmengine - INFO - Iter(test) [ 500/5000]    eta: 0:13:47  time: 0.1803  data_time: 0.0930  memory: 1284  
2024/09/09 21:03:31 - mmengine - INFO - Iter(test) [ 550/5000]    eta: 0:13:36  time: 0.1762  data_time: 0.0891  memory: 1270  
2024/09/09 21:03:41 - mmengine - INFO - Iter(test) [ 600/5000]    eta: 0:13:29  time: 0.2090  data_time: 0.0908  memory: 1290  
2024/09/09 21:03:50 - mmengine - INFO - Iter(test) [ 650/5000]    eta: 0:13:19  time: 0.1580  data_time: 0.0917  memory: 1312  
2024/09/09 21:03:59 - mmengine - INFO - Iter(test) [ 700/5000]    eta: 0:13:09  time: 0.1925  data_time: 0.0999  memory: 1263  
2024/09/09 21:04:08 - mmengine - INFO - Iter(test) [ 750/5000]    eta: 0:12:58  time: 0.1586  data_time: 0.0894  memory: 1272  
2024/09/09 21:04:17 - mmengine - INFO - Iter(test) [ 800/5000]    eta: 0:12:50  time: 0.1769  data_time: 0.0919  memory: 1270  
2024/09/09 21:04:26 - mmengine - INFO - Iter(test) [ 850/5000]    eta: 0:12:38  time: 0.1831  data_time: 0.0903  memory: 1350  
2024/09/09 21:04:34 - mmengine - INFO - Iter(test) [ 900/5000]    eta: 0:12:26  time: 0.1578  data_time: 0.0841  memory: 1254  
2024/09/09 21:04:43 - mmengine - INFO - Iter(test) [ 950/5000]    eta: 0:12:16  time: 0.1911  data_time: 0.0894  memory: 1275  
2024/09/09 21:04:52 - mmengine - INFO - Iter(test) [1000/5000]    eta: 0:12:08  time: 0.2009  data_time: 0.0831  memory: 1293  
2024/09/09 21:05:02 - mmengine - INFO - Iter(test) [1050/5000]    eta: 0:11:59  time: 0.1951  data_time: 0.0859  memory: 1286  
2024/09/09 21:05:11 - mmengine - INFO - Iter(test) [1100/5000]    eta: 0:11:50  time: 0.1889  data_time: 0.0932  memory: 1284  
2024/09/09 21:05:20 - mmengine - INFO - Iter(test) [1150/5000]    eta: 0:11:41  time: 0.1729  data_time: 0.0957  memory: 1270  
2024/09/09 21:05:29 - mmengine - INFO - Iter(test) [1200/5000]    eta: 0:11:32  time: 0.1827  data_time: 0.0883  memory: 1271  
2024/09/09 21:05:38 - mmengine - INFO - Iter(test) [1250/5000]    eta: 0:11:24  time: 0.2100  data_time: 0.0926  memory: 1349  
2024/09/09 21:05:48 - mmengine - INFO - Iter(test) [1300/5000]    eta: 0:11:16  time: 0.1771  data_time: 0.0898  memory: 1280  
2024/09/09 21:05:57 - mmengine - INFO - Iter(test) [1350/5000]    eta: 0:11:06  time: 0.1915  data_time: 0.0927  memory: 1271  
2024/09/09 21:06:05 - mmengine - INFO - Iter(test) [1400/5000]    eta: 0:10:56  time: 0.1582  data_time: 0.0877  memory: 1335  
2024/09/09 21:06:14 - mmengine - INFO - Iter(test) [1450/5000]    eta: 0:10:46  time: 0.1802  data_time: 0.0926  memory: 1271  
2024/09/09 21:06:23 - mmengine - INFO - Iter(test) [1500/5000]    eta: 0:10:37  time: 0.1930  data_time: 0.0935  memory: 1273  
2024/09/09 21:06:32 - mmengine - INFO - Iter(test) [1550/5000]    eta: 0:10:28  time: 0.1906  data_time: 0.0956  memory: 1271  
2024/09/09 21:06:42 - mmengine - INFO - Iter(test) [1600/5000]    eta: 0:10:19  time: 0.1868  data_time: 0.0874  memory: 1271  
2024/09/09 21:06:51 - mmengine - INFO - Iter(test) [1650/5000]    eta: 0:10:10  time: 0.1758  data_time: 0.0899  memory: 1370  
2024/09/09 21:07:00 - mmengine - INFO - Iter(test) [1700/5000]    eta: 0:10:01  time: 0.1750  data_time: 0.0867  memory: 1311  
2024/09/09 21:07:09 - mmengine - INFO - Iter(test) [1750/5000]    eta: 0:09:51  time: 0.1744  data_time: 0.0910  memory: 1295  
2024/09/09 21:07:18 - mmengine - INFO - Iter(test) [1800/5000]    eta: 0:09:43  time: 0.1757  data_time: 0.0888  memory: 1407  
2024/09/09 21:07:28 - mmengine - INFO - Iter(test) [1850/5000]    eta: 0:09:34  time: 0.1951  data_time: 0.0952  memory: 1294  
2024/09/09 21:07:36 - mmengine - INFO - Iter(test) [1900/5000]    eta: 0:09:24  time: 0.1933  data_time: 0.0880  memory: 1270  
2024/09/09 21:07:45 - mmengine - INFO - Iter(test) [1950/5000]    eta: 0:09:15  time: 0.1915  data_time: 0.0861  memory: 1286  
2024/09/09 21:07:54 - mmengine - INFO - Iter(test) [2000/5000]    eta: 0:09:06  time: 0.1858  data_time: 0.0853  memory: 1285  
2024/09/09 21:08:03 - mmengine - INFO - Iter(test) [2050/5000]    eta: 0:08:56  time: 0.1887  data_time: 0.0937  memory: 1270  
2024/09/09 21:08:12 - mmengine - INFO - Iter(test) [2100/5000]    eta: 0:08:47  time: 0.1781  data_time: 0.0866  memory: 1277  
2024/09/09 21:08:21 - mmengine - INFO - Iter(test) [2150/5000]    eta: 0:08:37  time: 0.1637  data_time: 0.0930  memory: 1296  
2024/09/09 21:08:30 - mmengine - INFO - Iter(test) [2200/5000]    eta: 0:08:28  time: 0.1739  data_time: 0.0827  memory: 1265  
2024/09/09 21:08:39 - mmengine - INFO - Iter(test) [2250/5000]    eta: 0:08:19  time: 0.1760  data_time: 0.0849  memory: 1288  
2024/09/09 21:08:48 - mmengine - INFO - Iter(test) [2300/5000]    eta: 0:08:10  time: 0.1646  data_time: 0.0964  memory: 1275  
2024/09/09 21:08:57 - mmengine - INFO - Iter(test) [2350/5000]    eta: 0:08:01  time: 0.2011  data_time: 0.0865  memory: 1271  
2024/09/09 21:09:06 - mmengine - INFO - Iter(test) [2400/5000]    eta: 0:07:52  time: 0.1956  data_time: 0.0910  memory: 1269  
2024/09/09 21:09:15 - mmengine - INFO - Iter(test) [2450/5000]    eta: 0:07:43  time: 0.1923  data_time: 0.0891  memory: 1270  
2024/09/09 21:09:24 - mmengine - INFO - Iter(test) [2500/5000]    eta: 0:07:33  time: 0.1850  data_time: 0.0883  memory: 1291  
2024/09/09 21:09:33 - mmengine - INFO - Iter(test) [2550/5000]    eta: 0:07:24  time: 0.1708  data_time: 0.0899  memory: 1282  
2024/09/09 21:09:42 - mmengine - INFO - Iter(test) [2600/5000]    eta: 0:07:15  time: 0.1618  data_time: 0.0823  memory: 1415  
2024/09/09 21:09:52 - mmengine - INFO - Iter(test) [2650/5000]    eta: 0:07:07  time: 0.1634  data_time: 0.0851  memory: 1270  
2024/09/09 21:10:01 - mmengine - INFO - Iter(test) [2700/5000]    eta: 0:06:57  time: 0.1638  data_time: 0.0896  memory: 1282  
2024/09/09 21:10:10 - mmengine - INFO - Iter(test) [2750/5000]    eta: 0:06:48  time: 0.1594  data_time: 0.0878  memory: 1299  
2024/09/09 21:10:18 - mmengine - INFO - Iter(test) [2800/5000]    eta: 0:06:39  time: 0.1758  data_time: 0.0906  memory: 1284  
2024/09/09 21:10:28 - mmengine - INFO - Iter(test) [2850/5000]    eta: 0:06:30  time: 0.1798  data_time: 0.0905  memory: 1270  
2024/09/09 21:10:37 - mmengine - INFO - Iter(test) [2900/5000]    eta: 0:06:21  time: 0.1795  data_time: 0.0957  memory: 1309  
2024/09/09 21:10:46 - mmengine - INFO - Iter(test) [2950/5000]    eta: 0:06:12  time: 0.1704  data_time: 0.0986  memory: 1270  
2024/09/09 21:10:55 - mmengine - INFO - Iter(test) [3000/5000]    eta: 0:06:03  time: 0.2000  data_time: 0.1036  memory: 1299  
2024/09/09 21:11:04 - mmengine - INFO - Iter(test) [3050/5000]    eta: 0:05:53  time: 0.1853  data_time: 0.0846  memory: 1277  
2024/09/09 21:11:13 - mmengine - INFO - Iter(test) [3100/5000]    eta: 0:05:44  time: 0.1709  data_time: 0.0896  memory: 1270  
2024/09/09 21:11:22 - mmengine - INFO - Iter(test) [3150/5000]    eta: 0:05:35  time: 0.1973  data_time: 0.0922  memory: 1271  
2024/09/09 21:11:31 - mmengine - INFO - Iter(test) [3200/5000]    eta: 0:05:26  time: 0.1941  data_time: 0.0868  memory: 1285  
2024/09/09 21:11:40 - mmengine - INFO - Iter(test) [3250/5000]    eta: 0:05:17  time: 0.1985  data_time: 0.0817  memory: 1384  
2024/09/09 21:11:49 - mmengine - INFO - Iter(test) [3300/5000]    eta: 0:05:08  time: 0.1683  data_time: 0.0852  memory: 1277  
2024/09/09 21:11:58 - mmengine - INFO - Iter(test) [3350/5000]    eta: 0:04:59  time: 0.1629  data_time: 0.0950  memory: 1269  
2024/09/09 21:12:08 - mmengine - INFO - Iter(test) [3400/5000]    eta: 0:04:50  time: 0.1746  data_time: 0.0946  memory: 1270  
2024/09/09 21:12:17 - mmengine - INFO - Iter(test) [3450/5000]    eta: 0:04:41  time: 0.1700  data_time: 0.0868  memory: 1269  
2024/09/09 21:12:25 - mmengine - INFO - Iter(test) [3500/5000]    eta: 0:04:32  time: 0.1673  data_time: 0.0946  memory: 1279  
2024/09/09 21:12:34 - mmengine - INFO - Iter(test) [3550/5000]    eta: 0:04:23  time: 0.1895  data_time: 0.0931  memory: 1254  
2024/09/09 21:12:43 - mmengine - INFO - Iter(test) [3600/5000]    eta: 0:04:13  time: 0.1783  data_time: 0.0880  memory: 1272  
2024/09/09 21:12:52 - mmengine - INFO - Iter(test) [3650/5000]    eta: 0:04:04  time: 0.1691  data_time: 0.0864  memory: 1284  
2024/09/09 21:13:01 - mmengine - INFO - Iter(test) [3700/5000]    eta: 0:03:55  time: 0.1744  data_time: 0.0833  memory: 1286  
2024/09/09 21:13:10 - mmengine - INFO - Iter(test) [3750/5000]    eta: 0:03:46  time: 0.1649  data_time: 0.0940  memory: 1264  
2024/09/09 21:13:19 - mmengine - INFO - Iter(test) [3800/5000]    eta: 0:03:37  time: 0.1871  data_time: 0.0967  memory: 1297  
2024/09/09 21:13:29 - mmengine - INFO - Iter(test) [3850/5000]    eta: 0:03:28  time: 0.1941  data_time: 0.0891  memory: 1272  
2024/09/09 21:13:38 - mmengine - INFO - Iter(test) [3900/5000]    eta: 0:03:19  time: 0.2108  data_time: 0.0936  memory: 1400  
2024/09/09 21:13:47 - mmengine - INFO - Iter(test) [3950/5000]    eta: 0:03:10  time: 0.1778  data_time: 0.0911  memory: 1277  
2024/09/09 21:13:56 - mmengine - INFO - Iter(test) [4000/5000]    eta: 0:03:01  time: 0.2017  data_time: 0.0912  memory: 1375  
2024/09/09 21:14:06 - mmengine - INFO - Iter(test) [4050/5000]    eta: 0:02:52  time: 0.1909  data_time: 0.1016  memory: 1271  
2024/09/09 21:14:15 - mmengine - INFO - Iter(test) [4100/5000]    eta: 0:02:43  time: 0.1800  data_time: 0.0914  memory: 1262  
2024/09/09 21:14:24 - mmengine - INFO - Iter(test) [4150/5000]    eta: 0:02:34  time: 0.1844  data_time: 0.0946  memory: 1268  
2024/09/09 21:14:33 - mmengine - INFO - Iter(test) [4200/5000]    eta: 0:02:25  time: 0.2028  data_time: 0.0865  memory: 1270  
2024/09/09 21:14:43 - mmengine - INFO - Iter(test) [4250/5000]    eta: 0:02:16  time: 0.1948  data_time: 0.0951  memory: 1393  
2024/09/09 21:14:51 - mmengine - INFO - Iter(test) [4300/5000]    eta: 0:02:07  time: 0.1612  data_time: 0.0915  memory: 1311  
2024/09/09 21:15:01 - mmengine - INFO - Iter(test) [4350/5000]    eta: 0:01:58  time: 0.2052  data_time: 0.0989  memory: 1325  
2024/09/09 21:15:09 - mmengine - INFO - Iter(test) [4400/5000]    eta: 0:01:48  time: 0.1786  data_time: 0.0863  memory: 1304  
2024/09/09 21:15:18 - mmengine - INFO - Iter(test) [4450/5000]    eta: 0:01:39  time: 0.1648  data_time: 0.0877  memory: 1296  
2024/09/09 21:15:28 - mmengine - INFO - Iter(test) [4500/5000]    eta: 0:01:30  time: 0.1752  data_time: 0.0867  memory: 1293  
2024/09/09 21:15:37 - mmengine - INFO - Iter(test) [4550/5000]    eta: 0:01:21  time: 0.1804  data_time: 0.0878  memory: 1346  
2024/09/09 21:15:46 - mmengine - INFO - Iter(test) [4600/5000]    eta: 0:01:12  time: 0.1948  data_time: 0.0886  memory: 1271  
2024/09/09 21:15:55 - mmengine - INFO - Iter(test) [4650/5000]    eta: 0:01:03  time: 0.2124  data_time: 0.0996  memory: 1271  
2024/09/09 21:16:05 - mmengine - INFO - Iter(test) [4700/5000]    eta: 0:00:54  time: 0.1815  data_time: 0.0872  memory: 1294  
2024/09/09 21:16:14 - mmengine - INFO - Iter(test) [4750/5000]    eta: 0:00:45  time: 0.1684  data_time: 0.0987  memory: 1291  
2024/09/09 21:16:23 - mmengine - INFO - Iter(test) [4800/5000]    eta: 0:00:36  time: 0.2032  data_time: 0.0879  memory: 1318  
2024/09/09 21:16:32 - mmengine - INFO - Iter(test) [4850/5000]    eta: 0:00:27  time: 0.1981  data_time: 0.0896  memory: 1254  
2024/09/09 21:16:41 - mmengine - INFO - Iter(test) [4900/5000]    eta: 0:00:18  time: 0.1651  data_time: 0.0880  memory: 1287  
2024/09/09 21:16:50 - mmengine - INFO - Iter(test) [4950/5000]    eta: 0:00:09  time: 0.1606  data_time: 0.0794  memory: 1259  
2024/09/09 21:17:00 - mmengine - INFO - Iter(test) [5000/5000]    eta: 0:00:00  time: 0.1727  data_time: 0.0883  memory: 1297  
2024/09/09 21:17:00 - mmengine - INFO - Iter(test) [5000/5000]    aAcc: 71.3000  mIoU: 33.2500  mAcc: 55.3000  data_time: 0.0916  time: 0.1818
