2024/09/09 23:26:22 - mmengine - INFO - 
------------------------------------------------------------
System environment:
    sys.platform: linux
    Python: 3.9.19 | packaged by conda-forge | (main, Mar 20 2024, 12:50:21) [GCC 12.3.0]
    CUDA available: True
    numpy_random_seed: 139993122
    CUDA_HOME: /tools/cuda/cuda11.8
    NVCC: Cuda compilation tools, release 11.8, V11.8.89
    GCC: gcc (Ubuntu 7.5.0-3ubuntu1~18.04) 7.5.0
    PyTorch: 1.13.1+cu117
    PyTorch compiling details: PyTorch built with:
  - GCC 9.3
  - C++ Version: 201402
  - Intel(R) Math Kernel Library Version 2020.0.0 Product Build 20191122 for Intel(R) 64 architecture applications
  - Intel(R) MKL-DNN v2.6.0 (Git Hash 52b5f107dd9cf10910aaa19cb47f3abf9b349815)
  - OpenMP 201511 (a.k.a. OpenMP 4.5)
  - LAPACK is enabled (usually provided by MKL)
  - NNPACK is enabled
  - CPU capability usage: AVX2
  - CUDA Runtime 11.7
  - NVCC architecture flags: -gencode;arch=compute_37,code=sm_37;-gencode;arch=compute_50,code=sm_50;-gencode;arch=compute_60,code=sm_60;-gencode;arch=compute_70,code=sm_70;-gencode;arch=compute_75,code=sm_75;-gencode;arch=compute_80,code=sm_80;-gencode;arch=compute_86,code=sm_86
  - CuDNN 8.5
  - Magma 2.6.1
  - Build settings: BLAS_INFO=mkl, BUILD_TYPE=Release, CUDA_VERSION=11.7, CUDNN_VERSION=8.5.0, CXX_COMPILER=/opt/rh/devtoolset-9/root/usr/bin/c++, CXX_FLAGS= -fabi-version=11 -Wno-deprecated -fvisibility-inlines-hidden -DUSE_PTHREADPOOL -fopenmp -DNDEBUG -DUSE_KINETO -DUSE_FBGEMM -DUSE_QNNPACK -DUSE_PYTORCH_QNNPACK -DUSE_XNNPACK -DSYMBOLICATE_MOBILE_DEBUG_HANDLE -DEDGE_PROFILER_USE_KINETO -O2 -fPIC -Wno-narrowing -Wall -Wextra -Werror=return-type -Werror=non-virtual-dtor -Wno-missing-field-initializers -Wno-type-limits -Wno-array-bounds -Wno-unknown-pragmas -Wunused-local-typedefs -Wno-unused-parameter -Wno-unused-function -Wno-unused-result -Wno-strict-overflow -Wno-strict-aliasing -Wno-error=deprecated-declarations -Wno-stringop-overflow -Wno-psabi -Wno-error=pedantic -Wno-error=redundant-decls -Wno-error=old-style-cast -fdiagnostics-color=always -faligned-new -Wno-unused-but-set-variable -Wno-maybe-uninitialized -fno-math-errno -fno-trapping-math -Werror=format -Werror=cast-function-type -Wno-stringop-overflow, LAPACK_INFO=mkl, PERF_WITH_AVX=1, PERF_WITH_AVX2=1, PERF_WITH_AVX512=1, TORCH_VERSION=1.13.1, USE_CUDA=ON, USE_CUDNN=ON, USE_EXCEPTION_PTR=1, USE_GFLAGS=OFF, USE_GLOG=OFF, USE_MKL=ON, USE_MKLDNN=ON, USE_MPI=OFF, USE_NCCL=ON, USE_NNPACK=ON, USE_OPENMP=ON, USE_ROCM=OFF, 

    TorchVision: 0.14.1+cu117
    OpenCV: 4.10.0
    MMEngine: 0.8.4

Runtime environment:
    cudnn_benchmark: True
    mp_cfg: {'mp_start_method': 'fork', 'opencv_num_threads': 0}
    dist_cfg: {'backend': 'nccl'}
    seed: 139993122
    Distributed launcher: none
    Distributed training: False
    GPU number: 1
------------------------------------------------------------

2024/09/09 23:26:22 - mmengine - INFO - Config:
data_root = '/SHARE_ST/icl/Neurips2024/zeroseg_kdu_khy/data/VOCdevkit/VOC2010'
dataset_type = 'PascalContext60Dataset'
default_hooks = dict(
    checkpoint=dict(by_epoch=False, interval=2000, type='CheckpointHook'),
    logger=dict(interval=50, log_metric_by_epoch=False, type='LoggerHook'),
    param_scheduler=dict(type='ParamSchedulerHook'),
    sampler_seed=dict(type='DistSamplerSeedHook'),
    timer=dict(type='IterTimerHook'),
    visualization=dict(draw=True, interval=1, type='SegVisualizationHook'))
default_scope = 'mmseg'
env_cfg = dict(
    cudnn_benchmark=True,
    dist_cfg=dict(backend='nccl'),
    mp_cfg=dict(mp_start_method='fork', opencv_num_threads=0))
launcher = 'none'
load_from = None
log_level = 'INFO'
log_processor = dict(by_epoch=False)
model = dict(
    P=0.13,
    T=0.07,
    clip_path='ViT-B/16',
    kl_sizes=[
        0.9523356040383827,
        0.9034917759081119,
        0.7401601797971487,
        0.7735051599217577,
    ],
    logit_scale=50,
    name_path='./configs/cls_context60.txt',
    prob_thd=0.5,
    type='CLIPForSegmentation')
resume = False
test_cfg = dict(type='TestLoop')
test_dataloader = dict(
    batch_size=1,
    dataset=dict(
        ann_file='ImageSets/SegmentationContext/val.txt',
        data_prefix=dict(
            img_path='JPEGImages', seg_map_path='SegmentationClassContext'),
        data_root=
        '/SHARE_ST/icl/Neurips2024/zeroseg_kdu_khy/data/VOCdevkit/VOC2010',
        pipeline=[
            dict(type='LoadImageFromFile'),
            dict(keep_ratio=True, scale=(
                2048,
                448,
            ), type='Resize'),
            dict(type='LoadAnnotations'),
            dict(type='PackSegInputs'),
        ],
        type='PascalContext60Dataset'),
    num_workers=4,
    persistent_workers=True,
    sampler=dict(shuffle=False, type='DefaultSampler'))
test_evaluator = dict(
    iou_metrics=[
        'mIoU',
    ], type='IoUMetric')
test_pipeline = [
    dict(type='LoadImageFromFile'),
    dict(keep_ratio=True, scale=(
        2048,
        448,
    ), type='Resize'),
    dict(type='LoadAnnotations'),
    dict(type='PackSegInputs'),
]
vis_backends = [
    dict(type='LocalVisBackend'),
]
visualizer = dict(
    name='visualizer',
    save_dir='./outputs/',
    type='SegLocalVisualizer',
    vis_backends=[
        dict(type='LocalVisBackend'),
    ])
work_dir = './hyper-context'

2024/09/09 23:26:29 - mmengine - INFO - Distributed training is not used, all SyncBatchNorm (SyncBN) layers in the model will be automatically reverted to BatchNormXd layers if they are used.
2024/09/09 23:26:29 - mmengine - INFO - Hooks will be executed in the following order:
before_run:
(VERY_HIGH   ) RuntimeInfoHook                    
(BELOW_NORMAL) LoggerHook                         
 -------------------- 
before_train:
(VERY_HIGH   ) RuntimeInfoHook                    
(NORMAL      ) IterTimerHook                      
(VERY_LOW    ) CheckpointHook                     
 -------------------- 
before_train_epoch:
(VERY_HIGH   ) RuntimeInfoHook                    
(NORMAL      ) IterTimerHook                      
(NORMAL      ) DistSamplerSeedHook                
 -------------------- 
before_train_iter:
(VERY_HIGH   ) RuntimeInfoHook                    
(NORMAL      ) IterTimerHook                      
 -------------------- 
after_train_iter:
(VERY_HIGH   ) RuntimeInfoHook                    
(NORMAL      ) IterTimerHook                      
(NORMAL      ) SegVisualizationHook               
(BELOW_NORMAL) LoggerHook                         
(LOW         ) ParamSchedulerHook                 
(VERY_LOW    ) CheckpointHook                     
 -------------------- 
after_train_epoch:
(NORMAL      ) IterTimerHook                      
(LOW         ) ParamSchedulerHook                 
(VERY_LOW    ) CheckpointHook                     
 -------------------- 
before_val:
(VERY_HIGH   ) RuntimeInfoHook                    
 -------------------- 
before_val_epoch:
(NORMAL      ) IterTimerHook                      
 -------------------- 
before_val_iter:
(NORMAL      ) IterTimerHook                      
 -------------------- 
after_val_iter:
(NORMAL      ) IterTimerHook                      
(NORMAL      ) SegVisualizationHook               
(BELOW_NORMAL) LoggerHook                         
 -------------------- 
after_val_epoch:
(VERY_HIGH   ) RuntimeInfoHook                    
(NORMAL      ) IterTimerHook                      
(BELOW_NORMAL) LoggerHook                         
(LOW         ) ParamSchedulerHook                 
(VERY_LOW    ) CheckpointHook                     
 -------------------- 
after_val:
(VERY_HIGH   ) RuntimeInfoHook                    
 -------------------- 
after_train:
(VERY_HIGH   ) RuntimeInfoHook                    
(VERY_LOW    ) CheckpointHook                     
 -------------------- 
before_test:
(VERY_HIGH   ) RuntimeInfoHook                    
 -------------------- 
before_test_epoch:
(NORMAL      ) IterTimerHook                      
 -------------------- 
before_test_iter:
(NORMAL      ) IterTimerHook                      
 -------------------- 
after_test_iter:
(NORMAL      ) IterTimerHook                      
(NORMAL      ) SegVisualizationHook               
(BELOW_NORMAL) LoggerHook                         
 -------------------- 
after_test_epoch:
(VERY_HIGH   ) RuntimeInfoHook                    
(NORMAL      ) IterTimerHook                      
(BELOW_NORMAL) LoggerHook                         
 -------------------- 
after_test:
(VERY_HIGH   ) RuntimeInfoHook                    
 -------------------- 
after_run:
(BELOW_NORMAL) LoggerHook                         
 -------------------- 
2024/09/09 23:26:39 - mmengine - INFO - Iter(test) [  50/5104]    eta: 0:15:44  time: 0.1788  data_time: 0.0765  memory: 1143  
2024/09/09 23:26:48 - mmengine - INFO - Iter(test) [ 100/5104]    eta: 0:15:07  time: 0.1819  data_time: 0.0712  memory: 1129  
2024/09/09 23:26:57 - mmengine - INFO - Iter(test) [ 150/5104]    eta: 0:14:51  time: 0.1869  data_time: 0.0761  memory: 1125  
2024/09/09 23:27:05 - mmengine - INFO - Iter(test) [ 200/5104]    eta: 0:14:32  time: 0.1929  data_time: 0.0733  memory: 1156  
2024/09/09 23:27:14 - mmengine - INFO - Iter(test) [ 250/5104]    eta: 0:14:19  time: 0.1748  data_time: 0.0769  memory: 1141  
2024/09/09 23:27:23 - mmengine - INFO - Iter(test) [ 300/5104]    eta: 0:14:07  time: 0.1740  data_time: 0.0761  memory: 1123  
2024/09/09 23:27:33 - mmengine - INFO - Iter(test) [ 350/5104]    eta: 0:14:11  time: 0.1788  data_time: 0.0764  memory: 1128  
2024/09/09 23:27:42 - mmengine - INFO - Iter(test) [ 400/5104]    eta: 0:14:03  time: 0.1800  data_time: 0.0735  memory: 1187  
2024/09/09 23:27:51 - mmengine - INFO - Iter(test) [ 450/5104]    eta: 0:13:53  time: 0.1783  data_time: 0.0845  memory: 1130  
2024/09/09 23:27:59 - mmengine - INFO - Iter(test) [ 500/5104]    eta: 0:13:41  time: 0.1655  data_time: 0.0720  memory: 1140  
2024/09/09 23:28:08 - mmengine - INFO - Iter(test) [ 550/5104]    eta: 0:13:30  time: 0.1730  data_time: 0.0751  memory: 1139  
2024/09/09 23:28:17 - mmengine - INFO - Iter(test) [ 600/5104]    eta: 0:13:20  time: 0.1702  data_time: 0.0762  memory: 1142  
2024/09/09 23:28:25 - mmengine - INFO - Iter(test) [ 650/5104]    eta: 0:13:10  time: 0.1720  data_time: 0.0740  memory: 1130  
2024/09/09 23:28:35 - mmengine - INFO - Iter(test) [ 700/5104]    eta: 0:13:09  time: 0.1629  data_time: 0.0734  memory: 1154  
2024/09/09 23:28:44 - mmengine - INFO - Iter(test) [ 750/5104]    eta: 0:12:59  time: 0.1704  data_time: 0.0768  memory: 1167  
2024/09/09 23:28:53 - mmengine - INFO - Iter(test) [ 800/5104]    eta: 0:12:49  time: 0.1752  data_time: 0.0771  memory: 1136  
2024/09/09 23:29:02 - mmengine - INFO - Iter(test) [ 850/5104]    eta: 0:12:39  time: 0.1704  data_time: 0.0767  memory: 1177  
2024/09/09 23:29:10 - mmengine - INFO - Iter(test) [ 900/5104]    eta: 0:12:30  time: 0.1677  data_time: 0.0741  memory: 1271  
2024/09/09 23:29:19 - mmengine - INFO - Iter(test) [ 950/5104]    eta: 0:12:20  time: 0.1834  data_time: 0.0769  memory: 1137  
2024/09/09 23:29:28 - mmengine - INFO - Iter(test) [1000/5104]    eta: 0:12:09  time: 0.1772  data_time: 0.0794  memory: 1127  
2024/09/09 23:29:38 - mmengine - INFO - Iter(test) [1050/5104]    eta: 0:12:04  time: 0.1823  data_time: 0.0758  memory: 1128  
2024/09/09 23:29:47 - mmengine - INFO - Iter(test) [1100/5104]    eta: 0:11:56  time: 0.1848  data_time: 0.0730  memory: 1211  
2024/09/09 23:29:56 - mmengine - INFO - Iter(test) [1150/5104]    eta: 0:11:47  time: 0.1795  data_time: 0.0815  memory: 1132  
2024/09/09 23:30:05 - mmengine - INFO - Iter(test) [1200/5104]    eta: 0:11:41  time: 0.1828  data_time: 0.0722  memory: 1161  
2024/09/09 23:30:15 - mmengine - INFO - Iter(test) [1250/5104]    eta: 0:11:32  time: 0.1756  data_time: 0.0734  memory: 1130  
2024/09/09 23:30:23 - mmengine - INFO - Iter(test) [1300/5104]    eta: 0:11:22  time: 0.1763  data_time: 0.0783  memory: 1148  
2024/09/09 23:30:33 - mmengine - INFO - Iter(test) [1350/5104]    eta: 0:11:14  time: 0.1872  data_time: 0.0893  memory: 1136  
2024/09/09 23:30:42 - mmengine - INFO - Iter(test) [1400/5104]    eta: 0:11:06  time: 0.1732  data_time: 0.0752  memory: 1192  
2024/09/09 23:30:51 - mmengine - INFO - Iter(test) [1450/5104]    eta: 0:10:56  time: 0.1754  data_time: 0.0774  memory: 1128  
2024/09/09 23:31:00 - mmengine - INFO - Iter(test) [1500/5104]    eta: 0:10:49  time: 0.1975  data_time: 0.0994  memory: 1137  
2024/09/09 23:31:10 - mmengine - INFO - Iter(test) [1550/5104]    eta: 0:10:41  time: 0.1767  data_time: 0.0744  memory: 1136  
2024/09/09 23:31:18 - mmengine - INFO - Iter(test) [1600/5104]    eta: 0:10:31  time: 0.1654  data_time: 0.0718  memory: 1156  
2024/09/09 23:31:27 - mmengine - INFO - Iter(test) [1650/5104]    eta: 0:10:21  time: 0.1718  data_time: 0.0780  memory: 1129  
2024/09/09 23:31:37 - mmengine - INFO - Iter(test) [1700/5104]    eta: 0:10:13  time: 0.1905  data_time: 0.0966  memory: 1179  
2024/09/09 23:31:46 - mmengine - INFO - Iter(test) [1750/5104]    eta: 0:10:04  time: 0.1813  data_time: 0.0745  memory: 1146  
2024/09/09 23:31:54 - mmengine - INFO - Iter(test) [1800/5104]    eta: 0:09:55  time: 0.1784  data_time: 0.0761  memory: 1181  
2024/09/09 23:32:03 - mmengine - INFO - Iter(test) [1850/5104]    eta: 0:09:46  time: 0.1708  data_time: 0.0761  memory: 1134  
2024/09/09 23:32:12 - mmengine - INFO - Iter(test) [1900/5104]    eta: 0:09:37  time: 0.1726  data_time: 0.0744  memory: 1191  
2024/09/09 23:32:21 - mmengine - INFO - Iter(test) [1950/5104]    eta: 0:09:27  time: 0.1790  data_time: 0.0725  memory: 1138  
2024/09/09 23:32:30 - mmengine - INFO - Iter(test) [2000/5104]    eta: 0:09:18  time: 0.1606  data_time: 0.0752  memory: 1124  
2024/09/09 23:32:40 - mmengine - INFO - Iter(test) [2050/5104]    eta: 0:09:10  time: 0.1870  data_time: 0.0805  memory: 1153  
2024/09/09 23:32:48 - mmengine - INFO - Iter(test) [2100/5104]    eta: 0:09:01  time: 0.1660  data_time: 0.0764  memory: 1130  
2024/09/09 23:32:57 - mmengine - INFO - Iter(test) [2150/5104]    eta: 0:08:52  time: 0.1860  data_time: 0.0835  memory: 1139  
2024/09/09 23:33:06 - mmengine - INFO - Iter(test) [2200/5104]    eta: 0:08:42  time: 0.1697  data_time: 0.0759  memory: 1155  
2024/09/09 23:33:15 - mmengine - INFO - Iter(test) [2250/5104]    eta: 0:08:33  time: 0.1727  data_time: 0.0745  memory: 1127  
2024/09/09 23:33:24 - mmengine - INFO - Iter(test) [2300/5104]    eta: 0:08:24  time: 0.1674  data_time: 0.0737  memory: 1136  
2024/09/09 23:33:33 - mmengine - INFO - Iter(test) [2350/5104]    eta: 0:08:15  time: 0.1739  data_time: 0.0758  memory: 1187  
2024/09/09 23:33:43 - mmengine - INFO - Iter(test) [2400/5104]    eta: 0:08:07  time: 0.1911  data_time: 0.0758  memory: 1142  
2024/09/09 23:33:52 - mmengine - INFO - Iter(test) [2450/5104]    eta: 0:07:58  time: 0.1778  data_time: 0.0751  memory: 1134  
2024/09/09 23:34:01 - mmengine - INFO - Iter(test) [2500/5104]    eta: 0:07:49  time: 0.1686  data_time: 0.0789  memory: 1251  
2024/09/09 23:34:10 - mmengine - INFO - Iter(test) [2550/5104]    eta: 0:07:40  time: 0.1900  data_time: 0.0862  memory: 1136  
2024/09/09 23:34:19 - mmengine - INFO - Iter(test) [2600/5104]    eta: 0:07:31  time: 0.1767  data_time: 0.0744  memory: 1147  
2024/09/09 23:34:28 - mmengine - INFO - Iter(test) [2650/5104]    eta: 0:07:22  time: 0.1869  data_time: 0.0718  memory: 1140  
2024/09/09 23:34:38 - mmengine - INFO - Iter(test) [2700/5104]    eta: 0:07:14  time: 0.2556  data_time: 0.1489  memory: 1195  
2024/09/09 23:34:48 - mmengine - INFO - Iter(test) [2750/5104]    eta: 0:07:05  time: 0.1782  data_time: 0.0757  memory: 1138  
2024/09/09 23:34:56 - mmengine - INFO - Iter(test) [2800/5104]    eta: 0:06:56  time: 0.1769  data_time: 0.0787  memory: 1130  
2024/09/09 23:35:06 - mmengine - INFO - Iter(test) [2850/5104]    eta: 0:06:47  time: 0.1873  data_time: 0.0764  memory: 1151  
2024/09/09 23:35:15 - mmengine - INFO - Iter(test) [2900/5104]    eta: 0:06:38  time: 0.1793  data_time: 0.0813  memory: 1183  
2024/09/09 23:35:24 - mmengine - INFO - Iter(test) [2950/5104]    eta: 0:06:29  time: 0.1855  data_time: 0.0746  memory: 1158  
2024/09/09 23:35:33 - mmengine - INFO - Iter(test) [3000/5104]    eta: 0:06:20  time: 0.1805  data_time: 0.0740  memory: 1150  
2024/09/09 23:35:44 - mmengine - INFO - Iter(test) [3050/5104]    eta: 0:06:13  time: 0.2523  data_time: 0.1501  memory: 1138  
2024/09/09 23:35:53 - mmengine - INFO - Iter(test) [3100/5104]    eta: 0:06:04  time: 0.1826  data_time: 0.0717  memory: 1151  
2024/09/09 23:36:02 - mmengine - INFO - Iter(test) [3150/5104]    eta: 0:05:54  time: 0.1800  data_time: 0.0848  memory: 1135  
2024/09/09 23:36:11 - mmengine - INFO - Iter(test) [3200/5104]    eta: 0:05:45  time: 0.1779  data_time: 0.0753  memory: 1127  
2024/09/09 23:36:20 - mmengine - INFO - Iter(test) [3250/5104]    eta: 0:05:36  time: 0.1773  data_time: 0.0751  memory: 1125  
2024/09/09 23:36:29 - mmengine - INFO - Iter(test) [3300/5104]    eta: 0:05:27  time: 0.1803  data_time: 0.0738  memory: 1136  
2024/09/09 23:36:38 - mmengine - INFO - Iter(test) [3350/5104]    eta: 0:05:18  time: 0.1765  data_time: 0.0828  memory: 1132  
2024/09/09 23:36:49 - mmengine - INFO - Iter(test) [3400/5104]    eta: 0:05:10  time: 0.1770  data_time: 0.0747  memory: 1137  
2024/09/09 23:36:58 - mmengine - INFO - Iter(test) [3450/5104]    eta: 0:05:00  time: 0.1796  data_time: 0.0773  memory: 1129  
2024/09/09 23:37:07 - mmengine - INFO - Iter(test) [3500/5104]    eta: 0:04:51  time: 0.1896  data_time: 0.0832  memory: 1139  
2024/09/09 23:37:16 - mmengine - INFO - Iter(test) [3550/5104]    eta: 0:04:42  time: 0.1747  data_time: 0.0725  memory: 1158  
2024/09/09 23:37:24 - mmengine - INFO - Iter(test) [3600/5104]    eta: 0:04:33  time: 0.1669  data_time: 0.0774  memory: 1136  
2024/09/09 23:37:33 - mmengine - INFO - Iter(test) [3650/5104]    eta: 0:04:24  time: 0.1734  data_time: 0.0753  memory: 1137  
2024/09/09 23:37:42 - mmengine - INFO - Iter(test) [3700/5104]    eta: 0:04:15  time: 0.1910  data_time: 0.0886  memory: 1124  
2024/09/09 23:37:52 - mmengine - INFO - Iter(test) [3750/5104]    eta: 0:04:06  time: 0.1739  data_time: 0.0758  memory: 1136  
2024/09/09 23:38:01 - mmengine - INFO - Iter(test) [3800/5104]    eta: 0:03:57  time: 0.1774  data_time: 0.0793  memory: 1148  
2024/09/09 23:38:10 - mmengine - INFO - Iter(test) [3850/5104]    eta: 0:03:47  time: 0.1787  data_time: 0.0721  memory: 1134  
2024/09/09 23:38:19 - mmengine - INFO - Iter(test) [3900/5104]    eta: 0:03:38  time: 0.1749  data_time: 0.0762  memory: 1128  
2024/09/09 23:38:27 - mmengine - INFO - Iter(test) [3950/5104]    eta: 0:03:29  time: 0.1752  data_time: 0.0732  memory: 1142  
2024/09/09 23:38:36 - mmengine - INFO - Iter(test) [4000/5104]    eta: 0:03:20  time: 0.1718  data_time: 0.0739  memory: 1136  
2024/09/09 23:38:46 - mmengine - INFO - Iter(test) [4050/5104]    eta: 0:03:11  time: 0.2334  data_time: 0.1223  memory: 1141  
2024/09/09 23:38:56 - mmengine - INFO - Iter(test) [4100/5104]    eta: 0:03:02  time: 0.1862  data_time: 0.0712  memory: 1157  
2024/09/09 23:39:04 - mmengine - INFO - Iter(test) [4150/5104]    eta: 0:02:53  time: 0.1702  data_time: 0.0765  memory: 1129  
2024/09/09 23:39:13 - mmengine - INFO - Iter(test) [4200/5104]    eta: 0:02:44  time: 0.1627  data_time: 0.0733  memory: 1128  
2024/09/09 23:39:22 - mmengine - INFO - Iter(test) [4250/5104]    eta: 0:02:35  time: 0.1763  data_time: 0.0741  memory: 1125  
2024/09/09 23:39:30 - mmengine - INFO - Iter(test) [4300/5104]    eta: 0:02:25  time: 0.1900  data_time: 0.0746  memory: 1220  
2024/09/09 23:39:39 - mmengine - INFO - Iter(test) [4350/5104]    eta: 0:02:16  time: 0.1762  data_time: 0.0824  memory: 1174  
2024/09/09 23:39:50 - mmengine - INFO - Iter(test) [4400/5104]    eta: 0:02:08  time: 0.2101  data_time: 0.1247  memory: 1129  
2024/09/09 23:39:59 - mmengine - INFO - Iter(test) [4450/5104]    eta: 0:01:58  time: 0.1690  data_time: 0.0751  memory: 1147  
2024/09/09 23:40:08 - mmengine - INFO - Iter(test) [4500/5104]    eta: 0:01:49  time: 0.1831  data_time: 0.0808  memory: 1143  
2024/09/09 23:40:17 - mmengine - INFO - Iter(test) [4550/5104]    eta: 0:01:40  time: 0.1789  data_time: 0.0723  memory: 1137  
2024/09/09 23:40:25 - mmengine - INFO - Iter(test) [4600/5104]    eta: 0:01:31  time: 0.1781  data_time: 0.0751  memory: 1124  
2024/09/09 23:40:34 - mmengine - INFO - Iter(test) [4650/5104]    eta: 0:01:22  time: 0.1758  data_time: 0.0734  memory: 1136  
2024/09/09 23:40:43 - mmengine - INFO - Iter(test) [4700/5104]    eta: 0:01:13  time: 0.1743  data_time: 0.0763  memory: 1139  
2024/09/09 23:40:53 - mmengine - INFO - Iter(test) [4750/5104]    eta: 0:01:04  time: 0.1802  data_time: 0.0777  memory: 1174  
2024/09/09 23:41:02 - mmengine - INFO - Iter(test) [4800/5104]    eta: 0:00:55  time: 0.1778  data_time: 0.0712  memory: 1124  
2024/09/09 23:41:11 - mmengine - INFO - Iter(test) [4850/5104]    eta: 0:00:46  time: 0.1662  data_time: 0.0765  memory: 1138  
2024/09/09 23:41:20 - mmengine - INFO - Iter(test) [4900/5104]    eta: 0:00:37  time: 0.1815  data_time: 0.0750  memory: 1163  
2024/09/09 23:41:28 - mmengine - INFO - Iter(test) [4950/5104]    eta: 0:00:27  time: 0.1764  data_time: 0.0741  memory: 1143  
2024/09/09 23:41:37 - mmengine - INFO - Iter(test) [5000/5104]    eta: 0:00:18  time: 0.1774  data_time: 0.0752  memory: 1142  
2024/09/09 23:41:46 - mmengine - INFO - Iter(test) [5050/5104]    eta: 0:00:09  time: 0.2263  data_time: 0.1239  memory: 1132  
2024/09/09 23:41:56 - mmengine - INFO - Iter(test) [5100/5104]    eta: 0:00:00  time: 0.1724  data_time: 0.0742  memory: 1128  
2024/09/09 23:41:57 - mmengine - INFO - Iter(test) [5104/5104]    aAcc: 43.4000  mIoU: 29.8200  mAcc: 39.3900  data_time: 0.0808  time: 0.1816
