2024/08/06 20:30:31 - mmengine - INFO - 
------------------------------------------------------------
System environment:
    sys.platform: linux
    Python: 3.9.19 | packaged by conda-forge | (main, Mar 20 2024, 12:50:21) [GCC 12.3.0]
    CUDA available: True
    numpy_random_seed: 1086703886
    CUDA_HOME: /tools/cuda/cuda11.8
    NVCC: Cuda compilation tools, release 11.8, V11.8.89
    GCC: gcc (Ubuntu 7.5.0-3ubuntu1~18.04) 7.5.0
    PyTorch: 1.13.1+cu117
    PyTorch compiling details: PyTorch built with:
  - GCC 9.3
  - C++ Version: 201402
  - Intel(R) Math Kernel Library Version 2020.0.0 Product Build 20191122 for Intel(R) 64 architecture applications
  - Intel(R) MKL-DNN v2.6.0 (Git Hash 52b5f107dd9cf10910aaa19cb47f3abf9b349815)
  - OpenMP 201511 (a.k.a. OpenMP 4.5)
  - LAPACK is enabled (usually provided by MKL)
  - NNPACK is enabled
  - CPU capability usage: AVX2
  - CUDA Runtime 11.7
  - NVCC architecture flags: -gencode;arch=compute_37,code=sm_37;-gencode;arch=compute_50,code=sm_50;-gencode;arch=compute_60,code=sm_60;-gencode;arch=compute_70,code=sm_70;-gencode;arch=compute_75,code=sm_75;-gencode;arch=compute_80,code=sm_80;-gencode;arch=compute_86,code=sm_86
  - CuDNN 8.5
  - Magma 2.6.1
  - Build settings: BLAS_INFO=mkl, BUILD_TYPE=Release, CUDA_VERSION=11.7, CUDNN_VERSION=8.5.0, CXX_COMPILER=/opt/rh/devtoolset-9/root/usr/bin/c++, CXX_FLAGS= -fabi-version=11 -Wno-deprecated -fvisibility-inlines-hidden -DUSE_PTHREADPOOL -fopenmp -DNDEBUG -DUSE_KINETO -DUSE_FBGEMM -DUSE_QNNPACK -DUSE_PYTORCH_QNNPACK -DUSE_XNNPACK -DSYMBOLICATE_MOBILE_DEBUG_HANDLE -DEDGE_PROFILER_USE_KINETO -O2 -fPIC -Wno-narrowing -Wall -Wextra -Werror=return-type -Werror=non-virtual-dtor -Wno-missing-field-initializers -Wno-type-limits -Wno-array-bounds -Wno-unknown-pragmas -Wunused-local-typedefs -Wno-unused-parameter -Wno-unused-function -Wno-unused-result -Wno-strict-overflow -Wno-strict-aliasing -Wno-error=deprecated-declarations -Wno-stringop-overflow -Wno-psabi -Wno-error=pedantic -Wno-error=redundant-decls -Wno-error=old-style-cast -fdiagnostics-color=always -faligned-new -Wno-unused-but-set-variable -Wno-maybe-uninitialized -fno-math-errno -fno-trapping-math -Werror=format -Werror=cast-function-type -Wno-stringop-overflow, LAPACK_INFO=mkl, PERF_WITH_AVX=1, PERF_WITH_AVX2=1, PERF_WITH_AVX512=1, TORCH_VERSION=1.13.1, USE_CUDA=ON, USE_CUDNN=ON, USE_EXCEPTION_PTR=1, USE_GFLAGS=OFF, USE_GLOG=OFF, USE_MKL=ON, USE_MKLDNN=ON, USE_MPI=OFF, USE_NCCL=ON, USE_NNPACK=ON, USE_OPENMP=ON, USE_ROCM=OFF, 

    TorchVision: 0.14.1+cu117
    OpenCV: 4.10.0
    MMEngine: 0.8.4

Runtime environment:
    cudnn_benchmark: True
    mp_cfg: {'mp_start_method': 'fork', 'opencv_num_threads': 0}
    dist_cfg: {'backend': 'nccl'}
    seed: 1086703886
    Distributed launcher: none
    Distributed training: False
    GPU number: 1
------------------------------------------------------------

2024/08/06 20:30:31 - mmengine - INFO - Config:
data_root = '/SHARE_ST/icl/Neurips2024/zeroseg_kdu_khy/data/coco_stuff164k'
dataset_type = 'COCOObjectDataset'
default_hooks = dict(
    checkpoint=dict(by_epoch=False, interval=2000, type='CheckpointHook'),
    logger=dict(interval=50, log_metric_by_epoch=False, type='LoggerHook'),
    param_scheduler=dict(type='ParamSchedulerHook'),
    sampler_seed=dict(type='DistSamplerSeedHook'),
    timer=dict(type='IterTimerHook'),
    visualization=dict(draw=True, interval=1, type='SegVisualizationHook'))
default_scope = 'mmseg'
env_cfg = dict(
    cudnn_benchmark=True,
    dist_cfg=dict(backend='nccl'),
    mp_cfg=dict(mp_start_method='fork', opencv_num_threads=0))
launcher = 'none'
load_from = None
log_level = 'INFO'
log_processor = dict(by_epoch=False)
model = dict(
    clip_path='ViT-B/16',
    logit_scale=50,
    name_path='./configs/cls_coco_object.txt',
    prob_thd=0.5,
    type='CLIPForSegmentation')
resume = False
test_cfg = dict(type='TestLoop')
test_dataloader = dict(
    batch_size=1,
    dataset=dict(
        data_prefix=dict(
            img_path='images/val2017', seg_map_path='annotations/val2017'),
        data_root=
        '/SHARE_ST/icl/Neurips2024/zeroseg_kdu_khy/data/coco_stuff164k',
        pipeline=[
            dict(type='LoadImageFromFile'),
            dict(keep_ratio=True, scale=(
                2048,
                448,
            ), type='Resize'),
            dict(type='LoadAnnotations'),
            dict(type='PackSegInputs'),
        ],
        reduce_zero_label=False,
        type='COCOObjectDataset'),
    num_workers=4,
    persistent_workers=True,
    sampler=dict(shuffle=False, type='DefaultSampler'))
test_evaluator = dict(
    iou_metrics=[
        'mIoU',
    ], type='IoUMetric')
test_pipeline = [
    dict(type='LoadImageFromFile'),
    dict(keep_ratio=True, scale=(
        2048,
        448,
    ), type='Resize'),
    dict(type='LoadAnnotations'),
    dict(type='PackSegInputs'),
]
vis_backends = [
    dict(type='LocalVisBackend'),
]
visualizer = dict(
    name='visualizer',
    save_dir='./outputs/',
    type='SegLocalVisualizer',
    vis_backends=[
        dict(type='LocalVisBackend'),
    ])
work_dir = './work_logs_cos_coco_object/'

2024/08/06 20:30:37 - mmengine - INFO - Distributed training is not used, all SyncBatchNorm (SyncBN) layers in the model will be automatically reverted to BatchNormXd layers if they are used.
2024/08/06 20:30:37 - mmengine - INFO - Hooks will be executed in the following order:
before_run:
(VERY_HIGH   ) RuntimeInfoHook                    
(BELOW_NORMAL) LoggerHook                         
 -------------------- 
before_train:
(VERY_HIGH   ) RuntimeInfoHook                    
(NORMAL      ) IterTimerHook                      
(VERY_LOW    ) CheckpointHook                     
 -------------------- 
before_train_epoch:
(VERY_HIGH   ) RuntimeInfoHook                    
(NORMAL      ) IterTimerHook                      
(NORMAL      ) DistSamplerSeedHook                
 -------------------- 
before_train_iter:
(VERY_HIGH   ) RuntimeInfoHook                    
(NORMAL      ) IterTimerHook                      
 -------------------- 
after_train_iter:
(VERY_HIGH   ) RuntimeInfoHook                    
(NORMAL      ) IterTimerHook                      
(NORMAL      ) SegVisualizationHook               
(BELOW_NORMAL) LoggerHook                         
(LOW         ) ParamSchedulerHook                 
(VERY_LOW    ) CheckpointHook                     
 -------------------- 
after_train_epoch:
(NORMAL      ) IterTimerHook                      
(LOW         ) ParamSchedulerHook                 
(VERY_LOW    ) CheckpointHook                     
 -------------------- 
before_val:
(VERY_HIGH   ) RuntimeInfoHook                    
 -------------------- 
before_val_epoch:
(NORMAL      ) IterTimerHook                      
 -------------------- 
before_val_iter:
(NORMAL      ) IterTimerHook                      
 -------------------- 
after_val_iter:
(NORMAL      ) IterTimerHook                      
(NORMAL      ) SegVisualizationHook               
(BELOW_NORMAL) LoggerHook                         
 -------------------- 
after_val_epoch:
(VERY_HIGH   ) RuntimeInfoHook                    
(NORMAL      ) IterTimerHook                      
(BELOW_NORMAL) LoggerHook                         
(LOW         ) ParamSchedulerHook                 
(VERY_LOW    ) CheckpointHook                     
 -------------------- 
after_val:
(VERY_HIGH   ) RuntimeInfoHook                    
 -------------------- 
after_train:
(VERY_HIGH   ) RuntimeInfoHook                    
(VERY_LOW    ) CheckpointHook                     
 -------------------- 
before_test:
(VERY_HIGH   ) RuntimeInfoHook                    
 -------------------- 
before_test_epoch:
(NORMAL      ) IterTimerHook                      
 -------------------- 
before_test_iter:
(NORMAL      ) IterTimerHook                      
 -------------------- 
after_test_iter:
(NORMAL      ) IterTimerHook                      
(NORMAL      ) SegVisualizationHook               
(BELOW_NORMAL) LoggerHook                         
 -------------------- 
after_test_epoch:
(VERY_HIGH   ) RuntimeInfoHook                    
(NORMAL      ) IterTimerHook                      
(BELOW_NORMAL) LoggerHook                         
 -------------------- 
after_test:
(VERY_HIGH   ) RuntimeInfoHook                    
 -------------------- 
after_run:
(BELOW_NORMAL) LoggerHook                         
 -------------------- 
2024/08/06 20:30:37 - mmengine - WARNING - The prefix is not set in metric class IoUMetric.
2024/08/06 20:30:51 - mmengine - INFO - Iter(test) [  50/5000]    eta: 0:22:22  time: 0.2523  data_time: 0.0876  memory: 2330  
2024/08/06 20:31:04 - mmengine - INFO - Iter(test) [ 100/5000]    eta: 0:21:06  time: 0.2562  data_time: 0.1003  memory: 2318  
2024/08/06 20:31:17 - mmengine - INFO - Iter(test) [ 150/5000]    eta: 0:21:00  time: 0.2587  data_time: 0.0974  memory: 2313  
2024/08/06 20:31:29 - mmengine - INFO - Iter(test) [ 200/5000]    eta: 0:20:32  time: 0.2180  data_time: 0.0870  memory: 2317  
2024/08/06 20:31:41 - mmengine - INFO - Iter(test) [ 250/5000]    eta: 0:20:06  time: 0.2558  data_time: 0.0969  memory: 2314  
2024/08/06 20:31:54 - mmengine - INFO - Iter(test) [ 300/5000]    eta: 0:19:54  time: 0.2565  data_time: 0.0904  memory: 2323  
2024/08/06 20:32:07 - mmengine - INFO - Iter(test) [ 350/5000]    eta: 0:19:44  time: 0.2501  data_time: 0.0885  memory: 2314  
2024/08/06 20:32:20 - mmengine - INFO - Iter(test) [ 400/5000]    eta: 0:19:33  time: 0.2721  data_time: 0.0846  memory: 2368  
2024/08/06 20:32:32 - mmengine - INFO - Iter(test) [ 450/5000]    eta: 0:19:18  time: 0.2354  data_time: 0.1001  memory: 2329  
2024/08/06 20:32:45 - mmengine - INFO - Iter(test) [ 500/5000]    eta: 0:19:07  time: 0.2568  data_time: 0.0983  memory: 2330  
2024/08/06 20:32:58 - mmengine - INFO - Iter(test) [ 550/5000]    eta: 0:18:55  time: 0.2595  data_time: 0.0951  memory: 2314  
2024/08/06 20:33:10 - mmengine - INFO - Iter(test) [ 600/5000]    eta: 0:18:39  time: 0.2617  data_time: 0.0937  memory: 2334  
2024/08/06 20:33:23 - mmengine - INFO - Iter(test) [ 650/5000]    eta: 0:18:26  time: 0.2485  data_time: 0.0907  memory: 2356  
2024/08/06 20:33:35 - mmengine - INFO - Iter(test) [ 700/5000]    eta: 0:18:09  time: 0.2256  data_time: 0.1188  memory: 2307  
2024/08/06 20:33:47 - mmengine - INFO - Iter(test) [ 750/5000]    eta: 0:17:53  time: 0.2309  data_time: 0.0899  memory: 2316  
2024/08/06 20:34:00 - mmengine - INFO - Iter(test) [ 800/5000]    eta: 0:17:41  time: 0.2501  data_time: 0.0986  memory: 2314  
2024/08/06 20:34:12 - mmengine - INFO - Iter(test) [ 850/5000]    eta: 0:17:27  time: 0.2544  data_time: 0.0960  memory: 2392  
2024/08/06 20:34:25 - mmengine - INFO - Iter(test) [ 900/5000]    eta: 0:17:14  time: 0.2376  data_time: 0.0873  memory: 2298  
2024/08/06 20:34:38 - mmengine - INFO - Iter(test) [ 950/5000]    eta: 0:17:02  time: 0.2568  data_time: 0.0923  memory: 2320  
2024/08/06 20:34:50 - mmengine - INFO - Iter(test) [1000/5000]    eta: 0:16:51  time: 0.2571  data_time: 0.0874  memory: 2338  
2024/08/06 20:35:03 - mmengine - INFO - Iter(test) [1050/5000]    eta: 0:16:39  time: 0.2774  data_time: 0.0925  memory: 2331  
2024/08/06 20:35:16 - mmengine - INFO - Iter(test) [1100/5000]    eta: 0:16:26  time: 0.2558  data_time: 0.0918  memory: 2328  
2024/08/06 20:35:29 - mmengine - INFO - Iter(test) [1150/5000]    eta: 0:16:13  time: 0.2225  data_time: 0.0962  memory: 2314  
2024/08/06 20:35:41 - mmengine - INFO - Iter(test) [1200/5000]    eta: 0:16:01  time: 0.2571  data_time: 0.0907  memory: 2314  
2024/08/06 20:35:55 - mmengine - INFO - Iter(test) [1250/5000]    eta: 0:15:50  time: 0.2595  data_time: 0.0982  memory: 2394  
2024/08/06 20:36:07 - mmengine - INFO - Iter(test) [1300/5000]    eta: 0:15:38  time: 0.2564  data_time: 0.0969  memory: 2325  
2024/08/06 20:36:19 - mmengine - INFO - Iter(test) [1350/5000]    eta: 0:15:23  time: 0.2552  data_time: 0.0938  memory: 2314  
2024/08/06 20:36:32 - mmengine - INFO - Iter(test) [1400/5000]    eta: 0:15:10  time: 0.2483  data_time: 0.0873  memory: 2379  
2024/08/06 20:36:45 - mmengine - INFO - Iter(test) [1450/5000]    eta: 0:14:58  time: 0.2545  data_time: 0.0920  memory: 2315  
2024/08/06 20:36:57 - mmengine - INFO - Iter(test) [1500/5000]    eta: 0:14:44  time: 0.2571  data_time: 0.1010  memory: 2316  
2024/08/06 20:37:10 - mmengine - INFO - Iter(test) [1550/5000]    eta: 0:14:32  time: 0.2227  data_time: 0.1001  memory: 2314  
2024/08/06 20:37:22 - mmengine - INFO - Iter(test) [1600/5000]    eta: 0:14:19  time: 0.2194  data_time: 0.0950  memory: 2314  
2024/08/06 20:37:35 - mmengine - INFO - Iter(test) [1650/5000]    eta: 0:14:06  time: 0.2560  data_time: 0.0927  memory: 2414  
2024/08/06 20:37:47 - mmengine - INFO - Iter(test) [1700/5000]    eta: 0:13:53  time: 0.2556  data_time: 0.0893  memory: 2356  
2024/08/06 20:37:59 - mmengine - INFO - Iter(test) [1750/5000]    eta: 0:13:40  time: 0.2546  data_time: 0.0989  memory: 2340  
2024/08/06 20:38:12 - mmengine - INFO - Iter(test) [1800/5000]    eta: 0:13:28  time: 0.2571  data_time: 0.0881  memory: 2451  
2024/08/06 20:38:25 - mmengine - INFO - Iter(test) [1850/5000]    eta: 0:13:15  time: 0.2196  data_time: 0.0926  memory: 2337  
2024/08/06 20:38:38 - mmengine - INFO - Iter(test) [1900/5000]    eta: 0:13:02  time: 0.2569  data_time: 0.0904  memory: 2314  
2024/08/06 20:38:50 - mmengine - INFO - Iter(test) [1950/5000]    eta: 0:12:50  time: 0.2570  data_time: 0.0913  memory: 2331  
2024/08/06 20:39:02 - mmengine - INFO - Iter(test) [2000/5000]    eta: 0:12:36  time: 0.2574  data_time: 0.1061  memory: 2329  
2024/08/06 20:39:15 - mmengine - INFO - Iter(test) [2050/5000]    eta: 0:12:24  time: 0.2524  data_time: 0.0975  memory: 2314  
2024/08/06 20:39:27 - mmengine - INFO - Iter(test) [2100/5000]    eta: 0:12:11  time: 0.2474  data_time: 0.1001  memory: 2322  
2024/08/06 20:39:40 - mmengine - INFO - Iter(test) [2150/5000]    eta: 0:11:58  time: 0.2545  data_time: 0.0901  memory: 2341  
2024/08/06 20:39:53 - mmengine - INFO - Iter(test) [2200/5000]    eta: 0:11:46  time: 0.2558  data_time: 0.0859  memory: 2308  
2024/08/06 20:40:05 - mmengine - INFO - Iter(test) [2250/5000]    eta: 0:11:33  time: 0.2555  data_time: 0.0892  memory: 2332  
2024/08/06 20:40:18 - mmengine - INFO - Iter(test) [2300/5000]    eta: 0:11:21  time: 0.2531  data_time: 0.0958  memory: 2318  
2024/08/06 20:40:30 - mmengine - INFO - Iter(test) [2350/5000]    eta: 0:11:08  time: 0.2576  data_time: 0.0888  memory: 2315  
2024/08/06 20:40:43 - mmengine - INFO - Iter(test) [2400/5000]    eta: 0:10:55  time: 0.2535  data_time: 0.1076  memory: 2314  
2024/08/06 20:40:56 - mmengine - INFO - Iter(test) [2450/5000]    eta: 0:10:43  time: 0.2570  data_time: 0.0917  memory: 2313  
2024/08/06 20:41:08 - mmengine - INFO - Iter(test) [2500/5000]    eta: 0:10:30  time: 0.2586  data_time: 0.0860  memory: 2336  
2024/08/06 20:41:21 - mmengine - INFO - Iter(test) [2550/5000]    eta: 0:10:18  time: 0.2554  data_time: 0.0925  memory: 2326  
2024/08/06 20:41:33 - mmengine - INFO - Iter(test) [2600/5000]    eta: 0:10:05  time: 0.2111  data_time: 0.0845  memory: 2459  
2024/08/06 20:41:45 - mmengine - INFO - Iter(test) [2650/5000]    eta: 0:09:51  time: 0.2555  data_time: 0.0941  memory: 2314  
2024/08/06 20:41:58 - mmengine - INFO - Iter(test) [2700/5000]    eta: 0:09:39  time: 0.2544  data_time: 0.0906  memory: 2326  
2024/08/06 20:42:10 - mmengine - INFO - Iter(test) [2750/5000]    eta: 0:09:26  time: 0.2533  data_time: 0.0906  memory: 2343  
2024/08/06 20:42:23 - mmengine - INFO - Iter(test) [2800/5000]    eta: 0:09:13  time: 0.2611  data_time: 0.0974  memory: 2328  
2024/08/06 20:42:36 - mmengine - INFO - Iter(test) [2850/5000]    eta: 0:09:01  time: 0.2596  data_time: 0.0954  memory: 2314  
2024/08/06 20:42:48 - mmengine - INFO - Iter(test) [2900/5000]    eta: 0:08:48  time: 0.2522  data_time: 0.1027  memory: 2354  
2024/08/06 20:43:01 - mmengine - INFO - Iter(test) [2950/5000]    eta: 0:08:36  time: 0.2542  data_time: 0.0951  memory: 2315  
2024/08/06 20:43:13 - mmengine - INFO - Iter(test) [3000/5000]    eta: 0:08:23  time: 0.2611  data_time: 0.0876  memory: 2343  
2024/08/06 20:43:26 - mmengine - INFO - Iter(test) [3050/5000]    eta: 0:08:11  time: 0.2559  data_time: 0.0868  memory: 2319  
2024/08/06 20:43:39 - mmengine - INFO - Iter(test) [3100/5000]    eta: 0:07:58  time: 0.2683  data_time: 0.1071  memory: 2314  
2024/08/06 20:43:52 - mmengine - INFO - Iter(test) [3150/5000]    eta: 0:07:46  time: 0.2564  data_time: 0.1011  memory: 2314  
2024/08/06 20:44:04 - mmengine - INFO - Iter(test) [3200/5000]    eta: 0:07:33  time: 0.2345  data_time: 0.0886  memory: 2329  
2024/08/06 20:44:17 - mmengine - INFO - Iter(test) [3250/5000]    eta: 0:07:21  time: 0.2876  data_time: 0.0823  memory: 2428  
2024/08/06 20:44:30 - mmengine - INFO - Iter(test) [3300/5000]    eta: 0:07:08  time: 0.2259  data_time: 0.0939  memory: 2323  
2024/08/06 20:44:42 - mmengine - INFO - Iter(test) [3350/5000]    eta: 0:06:55  time: 0.2561  data_time: 0.0953  memory: 2315  
2024/08/06 20:44:55 - mmengine - INFO - Iter(test) [3400/5000]    eta: 0:06:43  time: 0.2553  data_time: 0.0980  memory: 2314  
2024/08/06 20:45:08 - mmengine - INFO - Iter(test) [3450/5000]    eta: 0:06:30  time: 0.2348  data_time: 0.0911  memory: 2315  
2024/08/06 20:45:20 - mmengine - INFO - Iter(test) [3500/5000]    eta: 0:06:18  time: 0.2561  data_time: 0.0957  memory: 2324  
2024/08/06 20:45:32 - mmengine - INFO - Iter(test) [3550/5000]    eta: 0:06:05  time: 0.2398  data_time: 0.0952  memory: 2298  
2024/08/06 20:45:45 - mmengine - INFO - Iter(test) [3600/5000]    eta: 0:05:52  time: 0.2517  data_time: 0.0936  memory: 2316  
2024/08/06 20:45:57 - mmengine - INFO - Iter(test) [3650/5000]    eta: 0:05:40  time: 0.2338  data_time: 0.0984  memory: 2327  
2024/08/06 20:46:10 - mmengine - INFO - Iter(test) [3700/5000]    eta: 0:05:27  time: 0.2558  data_time: 0.0873  memory: 2330  
2024/08/06 20:46:22 - mmengine - INFO - Iter(test) [3750/5000]    eta: 0:05:14  time: 0.2362  data_time: 0.1021  memory: 2309  
2024/08/06 20:46:35 - mmengine - INFO - Iter(test) [3800/5000]    eta: 0:05:02  time: 0.2575  data_time: 0.0892  memory: 2341  
2024/08/06 20:46:48 - mmengine - INFO - Iter(test) [3850/5000]    eta: 0:04:49  time: 0.2576  data_time: 0.0889  memory: 2314  
2024/08/06 20:47:00 - mmengine - INFO - Iter(test) [3900/5000]    eta: 0:04:37  time: 0.2540  data_time: 0.0908  memory: 2444  
2024/08/06 20:47:13 - mmengine - INFO - Iter(test) [3950/5000]    eta: 0:04:24  time: 0.2530  data_time: 0.0921  memory: 2321  
2024/08/06 20:47:25 - mmengine - INFO - Iter(test) [4000/5000]    eta: 0:04:11  time: 0.2566  data_time: 0.0954  memory: 2418  
2024/08/06 20:47:38 - mmengine - INFO - Iter(test) [4050/5000]    eta: 0:03:59  time: 0.2553  data_time: 0.0924  memory: 2314  
2024/08/06 20:47:51 - mmengine - INFO - Iter(test) [4100/5000]    eta: 0:03:46  time: 0.2576  data_time: 0.0953  memory: 2306  
2024/08/06 20:48:03 - mmengine - INFO - Iter(test) [4150/5000]    eta: 0:03:34  time: 0.2588  data_time: 0.0947  memory: 2312  
2024/08/06 20:48:16 - mmengine - INFO - Iter(test) [4200/5000]    eta: 0:03:21  time: 0.2540  data_time: 0.0884  memory: 2314  
2024/08/06 20:48:29 - mmengine - INFO - Iter(test) [4250/5000]    eta: 0:03:09  time: 0.2552  data_time: 0.0926  memory: 2436  
2024/08/06 20:48:42 - mmengine - INFO - Iter(test) [4300/5000]    eta: 0:02:56  time: 0.2567  data_time: 0.0893  memory: 2356  
2024/08/06 20:48:54 - mmengine - INFO - Iter(test) [4350/5000]    eta: 0:02:43  time: 0.2664  data_time: 0.0875  memory: 2369  
2024/08/06 20:49:07 - mmengine - INFO - Iter(test) [4400/5000]    eta: 0:02:31  time: 0.2485  data_time: 0.0866  memory: 2347  
2024/08/06 20:49:20 - mmengine - INFO - Iter(test) [4450/5000]    eta: 0:02:18  time: 0.2565  data_time: 0.1030  memory: 2339  
2024/08/06 20:49:33 - mmengine - INFO - Iter(test) [4500/5000]    eta: 0:02:06  time: 0.2554  data_time: 0.0904  memory: 2337  
2024/08/06 20:49:45 - mmengine - INFO - Iter(test) [4550/5000]    eta: 0:01:53  time: 0.2635  data_time: 0.1034  memory: 2389  
2024/08/06 20:49:58 - mmengine - INFO - Iter(test) [4600/5000]    eta: 0:01:40  time: 0.2548  data_time: 0.0955  memory: 2314  
2024/08/06 20:50:10 - mmengine - INFO - Iter(test) [4650/5000]    eta: 0:01:28  time: 0.2542  data_time: 0.0993  memory: 2315  
2024/08/06 20:50:23 - mmengine - INFO - Iter(test) [4700/5000]    eta: 0:01:15  time: 0.2619  data_time: 0.0905  memory: 2336  
2024/08/06 20:50:36 - mmengine - INFO - Iter(test) [4750/5000]    eta: 0:01:03  time: 0.2575  data_time: 0.0921  memory: 2336  
2024/08/06 20:50:48 - mmengine - INFO - Iter(test) [4800/5000]    eta: 0:00:50  time: 0.2601  data_time: 0.0878  memory: 2362  
2024/08/06 20:51:01 - mmengine - INFO - Iter(test) [4850/5000]    eta: 0:00:37  time: 0.2582  data_time: 0.0932  memory: 2297  
2024/08/06 20:51:13 - mmengine - INFO - Iter(test) [4900/5000]    eta: 0:00:25  time: 0.2280  data_time: 0.0985  memory: 2332  
2024/08/06 20:51:26 - mmengine - INFO - Iter(test) [4950/5000]    eta: 0:00:12  time: 0.2177  data_time: 0.0844  memory: 2303  
2024/08/06 20:51:38 - mmengine - INFO - Iter(test) [5000/5000]    eta: 0:00:00  time: 0.2533  data_time: 0.0928  memory: 2342  
2024/08/06 20:51:39 - mmengine - INFO - per class results:
2024/08/06 20:51:39 - mmengine - INFO - 
+----------------+-------+-------+
|     Class      |  IoU  |  Acc  |
+----------------+-------+-------+
|   background   |  70.2 | 83.85 |
|     person     |  0.01 |  0.01 |
|    bicycle     | 44.57 | 80.39 |
|      car       | 45.51 | 60.94 |
|   motorcycle   | 61.39 | 75.42 |
|    airplane    | 44.23 | 70.61 |
|      bus       | 65.01 | 79.17 |
|     train      | 46.75 | 74.54 |
|     truck      | 38.08 | 49.34 |
|      boat      | 16.05 | 73.71 |
| traffic light  | 22.86 | 73.58 |
|  fire hydrant  | 57.21 | 83.29 |
|   stop sign    | 21.39 | 94.31 |
| parking meter  |  29.3 | 32.71 |
|     bench      | 33.72 | 41.36 |
|      bird      | 44.65 | 56.06 |
|      cat       | 70.68 | 84.73 |
|      dog       | 60.73 | 71.23 |
|     horse      | 54.91 | 89.92 |
|     sheep      |  52.8 |  93.2 |
|      cow       |  59.4 | 78.11 |
|    elephant    | 75.16 | 90.68 |
|      bear      | 72.67 | 84.96 |
|     zebra      | 64.49 |  88.5 |
|    giraffe     | 60.67 | 89.42 |
|    backpack    |  21.5 | 54.47 |
|    umbrella    | 45.87 | 76.75 |
|    handbag     |  18.9 | 24.64 |
|      tie       |  1.03 | 38.37 |
|    suitcase    |  47.3 | 54.05 |
|    frisbee     | 47.56 | 52.53 |
|      skis      |  2.54 | 90.09 |
|   snowboard    |  2.61 |  8.9  |
|  sports ball   | 15.64 | 71.45 |
|      kite      | 25.32 | 60.51 |
|  baseball bat  | 19.41 | 54.99 |
| baseball glove |  3.26 | 93.52 |
|   skateboard   |  13.6 | 55.38 |
|   surfboard    |  8.63 | 75.32 |
| tennis racket  | 13.01 | 82.16 |
|     bottle     | 27.05 | 34.05 |
|   wine glass   | 24.89 | 76.16 |
|      cup       | 13.77 | 15.23 |
|      fork      | 23.74 | 50.62 |
|     knife      | 12.61 | 14.19 |
|     spoon      | 21.57 | 28.22 |
|      bowl      |  6.82 |  7.24 |
|     banana     |  45.0 | 81.85 |
|     apple      | 26.91 | 61.42 |
|    sandwich    | 38.24 | 59.76 |
|     orange     | 29.43 | 80.95 |
|    broccoli    | 30.95 |  90.7 |
|     carrot     | 46.95 | 69.64 |
|    hot dog     | 39.91 | 51.53 |
|     pizza      | 53.67 | 78.01 |
|     donut      | 49.52 | 76.13 |
|      cake      | 48.28 | 63.07 |
|     chair      | 23.48 | 28.58 |
|     couch      |  45.3 | 67.96 |
|  potted plant  |  7.53 | 55.07 |
|      bed       | 51.38 | 66.24 |
|  dining table  | 23.78 | 34.31 |
|     toilet     |  24.1 |  65.5 |
|       tv       | 20.65 | 22.93 |
|     laptop     | 39.06 | 45.66 |
|     mouse      |  33.0 | 45.38 |
|     remote     |  22.7 | 31.22 |
|    keyboard    | 47.25 |  55.0 |
|   cell phone   | 22.31 | 29.61 |
|   microwave    |  21.7 |  23.6 |
|      oven      | 25.71 | 46.49 |
|    toaster     | 26.07 | 66.08 |
|      sink      | 19.88 | 58.39 |
|  refrigerator  | 40.56 | 66.77 |
|      book      | 19.51 | 22.23 |
|     clock      | 32.82 | 82.13 |
|      vase      | 21.11 | 31.31 |
|    scissors    | 30.31 | 33.69 |
|   teddy bear   | 59.96 | 71.65 |
|   hair drier   |  6.37 | 39.11 |
|   toothbrush   |  22.1 | 54.67 |
+----------------+-------+-------+
2024/08/06 20:51:39 - mmengine - INFO - Iter(test) [5000/5000]    aAcc: 71.6300  mIoU: 33.6400  mAcc: 58.9600  data_time: 0.0951  time: 0.2521
