2024/09/09 21:43:59 - mmengine - INFO - 
------------------------------------------------------------
System environment:
    sys.platform: linux
    Python: 3.9.19 | packaged by conda-forge | (main, Mar 20 2024, 12:50:21) [GCC 12.3.0]
    CUDA available: True
    numpy_random_seed: 2145273050
    CUDA_HOME: /tools/cuda/cuda11.8
    NVCC: Cuda compilation tools, release 11.8, V11.8.89
    GCC: gcc (Ubuntu 7.5.0-3ubuntu1~18.04) 7.5.0
    PyTorch: 1.13.1+cu117
    PyTorch compiling details: PyTorch built with:
  - GCC 9.3
  - C++ Version: 201402
  - Intel(R) Math Kernel Library Version 2020.0.0 Product Build 20191122 for Intel(R) 64 architecture applications
  - Intel(R) MKL-DNN v2.6.0 (Git Hash 52b5f107dd9cf10910aaa19cb47f3abf9b349815)
  - OpenMP 201511 (a.k.a. OpenMP 4.5)
  - LAPACK is enabled (usually provided by MKL)
  - NNPACK is enabled
  - CPU capability usage: AVX2
  - CUDA Runtime 11.7
  - NVCC architecture flags: -gencode;arch=compute_37,code=sm_37;-gencode;arch=compute_50,code=sm_50;-gencode;arch=compute_60,code=sm_60;-gencode;arch=compute_70,code=sm_70;-gencode;arch=compute_75,code=sm_75;-gencode;arch=compute_80,code=sm_80;-gencode;arch=compute_86,code=sm_86
  - CuDNN 8.5
  - Magma 2.6.1
  - Build settings: BLAS_INFO=mkl, BUILD_TYPE=Release, CUDA_VERSION=11.7, CUDNN_VERSION=8.5.0, CXX_COMPILER=/opt/rh/devtoolset-9/root/usr/bin/c++, CXX_FLAGS= -fabi-version=11 -Wno-deprecated -fvisibility-inlines-hidden -DUSE_PTHREADPOOL -fopenmp -DNDEBUG -DUSE_KINETO -DUSE_FBGEMM -DUSE_QNNPACK -DUSE_PYTORCH_QNNPACK -DUSE_XNNPACK -DSYMBOLICATE_MOBILE_DEBUG_HANDLE -DEDGE_PROFILER_USE_KINETO -O2 -fPIC -Wno-narrowing -Wall -Wextra -Werror=return-type -Werror=non-virtual-dtor -Wno-missing-field-initializers -Wno-type-limits -Wno-array-bounds -Wno-unknown-pragmas -Wunused-local-typedefs -Wno-unused-parameter -Wno-unused-function -Wno-unused-result -Wno-strict-overflow -Wno-strict-aliasing -Wno-error=deprecated-declarations -Wno-stringop-overflow -Wno-psabi -Wno-error=pedantic -Wno-error=redundant-decls -Wno-error=old-style-cast -fdiagnostics-color=always -faligned-new -Wno-unused-but-set-variable -Wno-maybe-uninitialized -fno-math-errno -fno-trapping-math -Werror=format -Werror=cast-function-type -Wno-stringop-overflow, LAPACK_INFO=mkl, PERF_WITH_AVX=1, PERF_WITH_AVX2=1, PERF_WITH_AVX512=1, TORCH_VERSION=1.13.1, USE_CUDA=ON, USE_CUDNN=ON, USE_EXCEPTION_PTR=1, USE_GFLAGS=OFF, USE_GLOG=OFF, USE_MKL=ON, USE_MKLDNN=ON, USE_MPI=OFF, USE_NCCL=ON, USE_NNPACK=ON, USE_OPENMP=ON, USE_ROCM=OFF, 

    TorchVision: 0.14.1+cu117
    OpenCV: 4.10.0
    MMEngine: 0.8.4

Runtime environment:
    cudnn_benchmark: True
    mp_cfg: {'mp_start_method': 'fork', 'opencv_num_threads': 0}
    dist_cfg: {'backend': 'nccl'}
    seed: 2145273050
    Distributed launcher: none
    Distributed training: False
    GPU number: 1
------------------------------------------------------------

2024/09/09 21:44:00 - mmengine - INFO - Config:
data_root = '/SHARE_ST/icl/Neurips2024/zeroseg_kdu_khy/data/coco_stuff164k'
dataset_type = 'COCOObjectDataset'
default_hooks = dict(
    checkpoint=dict(by_epoch=False, interval=2000, type='CheckpointHook'),
    logger=dict(interval=50, log_metric_by_epoch=False, type='LoggerHook'),
    param_scheduler=dict(type='ParamSchedulerHook'),
    sampler_seed=dict(type='DistSamplerSeedHook'),
    timer=dict(type='IterTimerHook'),
    visualization=dict(draw=True, interval=1, type='SegVisualizationHook'))
default_scope = 'mmseg'
env_cfg = dict(
    cudnn_benchmark=True,
    dist_cfg=dict(backend='nccl'),
    mp_cfg=dict(mp_start_method='fork', opencv_num_threads=0))
launcher = 'none'
load_from = None
log_level = 'INFO'
log_processor = dict(by_epoch=False)
model = dict(
    P=0.1,
    T=0.09,
    clip_path='ViT-B/16',
    kl_sizes=[
        0.9619752097641435,
        0.22657571914780916,
        0.7554307834821781,
        0.5685297506730932,
        0.5499091291286305,
        0.2879023681203726,
        0.5887509434697407,
    ],
    logit_scale=50,
    name_path='./configs/cls_coco_object.txt',
    prob_thd=0.45,
    type='CLIPForSegmentation')
resume = False
test_cfg = dict(type='TestLoop')
test_dataloader = dict(
    batch_size=1,
    dataset=dict(
        data_prefix=dict(
            img_path='images/val2017', seg_map_path='annotations/val2017'),
        data_root=
        '/SHARE_ST/icl/Neurips2024/zeroseg_kdu_khy/data/coco_stuff164k',
        pipeline=[
            dict(type='LoadImageFromFile'),
            dict(keep_ratio=True, scale=(
                2048,
                448,
            ), type='Resize'),
            dict(type='LoadAnnotations'),
            dict(type='PackSegInputs'),
        ],
        reduce_zero_label=False,
        type='COCOObjectDataset'),
    num_workers=4,
    persistent_workers=True,
    sampler=dict(shuffle=False, type='DefaultSampler'))
test_evaluator = dict(
    iou_metrics=[
        'mIoU',
    ], type='IoUMetric')
test_pipeline = [
    dict(type='LoadImageFromFile'),
    dict(keep_ratio=True, scale=(
        2048,
        448,
    ), type='Resize'),
    dict(type='LoadAnnotations'),
    dict(type='PackSegInputs'),
]
vis_backends = [
    dict(type='LocalVisBackend'),
]
visualizer = dict(
    name='visualizer',
    save_dir='./outputs/',
    type='SegLocalVisualizer',
    vis_backends=[
        dict(type='LocalVisBackend'),
    ])
work_dir = './hyper-coco'

2024/09/09 21:44:05 - mmengine - INFO - Distributed training is not used, all SyncBatchNorm (SyncBN) layers in the model will be automatically reverted to BatchNormXd layers if they are used.
2024/09/09 21:44:05 - mmengine - INFO - Hooks will be executed in the following order:
before_run:
(VERY_HIGH   ) RuntimeInfoHook                    
(BELOW_NORMAL) LoggerHook                         
 -------------------- 
before_train:
(VERY_HIGH   ) RuntimeInfoHook                    
(NORMAL      ) IterTimerHook                      
(VERY_LOW    ) CheckpointHook                     
 -------------------- 
before_train_epoch:
(VERY_HIGH   ) RuntimeInfoHook                    
(NORMAL      ) IterTimerHook                      
(NORMAL      ) DistSamplerSeedHook                
 -------------------- 
before_train_iter:
(VERY_HIGH   ) RuntimeInfoHook                    
(NORMAL      ) IterTimerHook                      
 -------------------- 
after_train_iter:
(VERY_HIGH   ) RuntimeInfoHook                    
(NORMAL      ) IterTimerHook                      
(NORMAL      ) SegVisualizationHook               
(BELOW_NORMAL) LoggerHook                         
(LOW         ) ParamSchedulerHook                 
(VERY_LOW    ) CheckpointHook                     
 -------------------- 
after_train_epoch:
(NORMAL      ) IterTimerHook                      
(LOW         ) ParamSchedulerHook                 
(VERY_LOW    ) CheckpointHook                     
 -------------------- 
before_val:
(VERY_HIGH   ) RuntimeInfoHook                    
 -------------------- 
before_val_epoch:
(NORMAL      ) IterTimerHook                      
 -------------------- 
before_val_iter:
(NORMAL      ) IterTimerHook                      
 -------------------- 
after_val_iter:
(NORMAL      ) IterTimerHook                      
(NORMAL      ) SegVisualizationHook               
(BELOW_NORMAL) LoggerHook                         
 -------------------- 
after_val_epoch:
(VERY_HIGH   ) RuntimeInfoHook                    
(NORMAL      ) IterTimerHook                      
(BELOW_NORMAL) LoggerHook                         
(LOW         ) ParamSchedulerHook                 
(VERY_LOW    ) CheckpointHook                     
 -------------------- 
after_val:
(VERY_HIGH   ) RuntimeInfoHook                    
 -------------------- 
after_train:
(VERY_HIGH   ) RuntimeInfoHook                    
(VERY_LOW    ) CheckpointHook                     
 -------------------- 
before_test:
(VERY_HIGH   ) RuntimeInfoHook                    
 -------------------- 
before_test_epoch:
(NORMAL      ) IterTimerHook                      
 -------------------- 
before_test_iter:
(NORMAL      ) IterTimerHook                      
 -------------------- 
after_test_iter:
(NORMAL      ) IterTimerHook                      
(NORMAL      ) SegVisualizationHook               
(BELOW_NORMAL) LoggerHook                         
 -------------------- 
after_test_epoch:
(VERY_HIGH   ) RuntimeInfoHook                    
(NORMAL      ) IterTimerHook                      
(BELOW_NORMAL) LoggerHook                         
 -------------------- 
after_test:
(VERY_HIGH   ) RuntimeInfoHook                    
 -------------------- 
after_run:
(BELOW_NORMAL) LoggerHook                         
 -------------------- 
2024/09/09 21:44:15 - mmengine - INFO - Iter(test) [  50/5000]    eta: 0:15:23  time: 0.1629  data_time: 0.0923  memory: 1286  
2024/09/09 21:44:24 - mmengine - INFO - Iter(test) [ 100/5000]    eta: 0:14:42  time: 0.1946  data_time: 0.0981  memory: 1274  
2024/09/09 21:44:33 - mmengine - INFO - Iter(test) [ 150/5000]    eta: 0:14:30  time: 0.1948  data_time: 0.0915  memory: 1269  
2024/09/09 21:44:41 - mmengine - INFO - Iter(test) [ 200/5000]    eta: 0:14:12  time: 0.1753  data_time: 0.0821  memory: 1274  
2024/09/09 21:44:50 - mmengine - INFO - Iter(test) [ 250/5000]    eta: 0:13:56  time: 0.1609  data_time: 0.1010  memory: 1269  
2024/09/09 21:44:59 - mmengine - INFO - Iter(test) [ 300/5000]    eta: 0:13:45  time: 0.1723  data_time: 0.0892  memory: 1278  
2024/09/09 21:45:07 - mmengine - INFO - Iter(test) [ 350/5000]    eta: 0:13:37  time: 0.1731  data_time: 0.0892  memory: 1269  
2024/09/09 21:45:16 - mmengine - INFO - Iter(test) [ 400/5000]    eta: 0:13:30  time: 0.1936  data_time: 0.0853  memory: 1322  
2024/09/09 21:45:25 - mmengine - INFO - Iter(test) [ 450/5000]    eta: 0:13:17  time: 0.1671  data_time: 0.0983  memory: 1286  
2024/09/09 21:45:33 - mmengine - INFO - Iter(test) [ 500/5000]    eta: 0:13:06  time: 0.1724  data_time: 0.0955  memory: 1285  
2024/09/09 21:45:42 - mmengine - INFO - Iter(test) [ 550/5000]    eta: 0:12:59  time: 0.1905  data_time: 0.1025  memory: 1270  
2024/09/09 21:45:51 - mmengine - INFO - Iter(test) [ 600/5000]    eta: 0:12:51  time: 0.1935  data_time: 0.0953  memory: 1290  
2024/09/09 21:45:59 - mmengine - INFO - Iter(test) [ 650/5000]    eta: 0:12:39  time: 0.1524  data_time: 0.0915  memory: 1312  
2024/09/09 21:46:08 - mmengine - INFO - Iter(test) [ 700/5000]    eta: 0:12:32  time: 0.1835  data_time: 0.1082  memory: 1264  
2024/09/09 21:46:17 - mmengine - INFO - Iter(test) [ 750/5000]    eta: 0:12:22  time: 0.1536  data_time: 0.0897  memory: 1271  
2024/09/09 21:46:27 - mmengine - INFO - Iter(test) [ 800/5000]    eta: 0:12:19  time: 0.2005  data_time: 0.1331  memory: 1269  
2024/09/09 21:46:36 - mmengine - INFO - Iter(test) [ 850/5000]    eta: 0:12:10  time: 0.1865  data_time: 0.0973  memory: 1348  
2024/09/09 21:46:44 - mmengine - INFO - Iter(test) [ 900/5000]    eta: 0:12:00  time: 0.1535  data_time: 0.0799  memory: 1254  
2024/09/09 21:46:53 - mmengine - INFO - Iter(test) [ 950/5000]    eta: 0:11:51  time: 0.1812  data_time: 0.1010  memory: 1276  
2024/09/09 21:47:01 - mmengine - INFO - Iter(test) [1000/5000]    eta: 0:11:42  time: 0.1608  data_time: 0.0837  memory: 1293  
2024/09/09 21:47:10 - mmengine - INFO - Iter(test) [1050/5000]    eta: 0:11:33  time: 0.1933  data_time: 0.0869  memory: 1286  
2024/09/09 21:47:19 - mmengine - INFO - Iter(test) [1100/5000]    eta: 0:11:23  time: 0.1654  data_time: 0.0895  memory: 1284  
2024/09/09 21:47:28 - mmengine - INFO - Iter(test) [1150/5000]    eta: 0:11:15  time: 0.1725  data_time: 0.0928  memory: 1270  
2024/09/09 21:47:36 - mmengine - INFO - Iter(test) [1200/5000]    eta: 0:11:05  time: 0.1866  data_time: 0.0884  memory: 1270  
2024/09/09 21:47:45 - mmengine - INFO - Iter(test) [1250/5000]    eta: 0:10:57  time: 0.1754  data_time: 0.0928  memory: 1350  
2024/09/09 21:47:54 - mmengine - INFO - Iter(test) [1300/5000]    eta: 0:10:48  time: 0.1985  data_time: 0.0974  memory: 1280  
2024/09/09 21:48:02 - mmengine - INFO - Iter(test) [1350/5000]    eta: 0:10:38  time: 0.1640  data_time: 0.0930  memory: 1270  
2024/09/09 21:48:11 - mmengine - INFO - Iter(test) [1400/5000]    eta: 0:10:30  time: 0.1677  data_time: 0.0888  memory: 1335  
2024/09/09 21:48:20 - mmengine - INFO - Iter(test) [1450/5000]    eta: 0:10:21  time: 0.1596  data_time: 0.0875  memory: 1271  
2024/09/09 21:48:29 - mmengine - INFO - Iter(test) [1500/5000]    eta: 0:10:12  time: 0.1837  data_time: 0.0930  memory: 1272  
2024/09/09 21:48:38 - mmengine - INFO - Iter(test) [1550/5000]    eta: 0:10:04  time: 0.1942  data_time: 0.0926  memory: 1270  
2024/09/09 21:48:47 - mmengine - INFO - Iter(test) [1600/5000]    eta: 0:09:56  time: 0.1728  data_time: 0.0938  memory: 1270  
2024/09/09 21:48:56 - mmengine - INFO - Iter(test) [1650/5000]    eta: 0:09:47  time: 0.1598  data_time: 0.0902  memory: 1369  
2024/09/09 21:49:04 - mmengine - INFO - Iter(test) [1700/5000]    eta: 0:09:38  time: 0.1906  data_time: 0.0873  memory: 1312  
2024/09/09 21:49:13 - mmengine - INFO - Iter(test) [1750/5000]    eta: 0:09:29  time: 0.1693  data_time: 0.0905  memory: 1296  
2024/09/09 21:49:22 - mmengine - INFO - Iter(test) [1800/5000]    eta: 0:09:20  time: 0.1716  data_time: 0.0854  memory: 1407  
2024/09/09 21:49:30 - mmengine - INFO - Iter(test) [1850/5000]    eta: 0:09:11  time: 0.1594  data_time: 0.0913  memory: 1295  
2024/09/09 21:49:39 - mmengine - INFO - Iter(test) [1900/5000]    eta: 0:09:02  time: 0.1975  data_time: 0.1052  memory: 1271  
2024/09/09 21:49:48 - mmengine - INFO - Iter(test) [1950/5000]    eta: 0:08:54  time: 0.1884  data_time: 0.0859  memory: 1285  
2024/09/09 21:49:56 - mmengine - INFO - Iter(test) [2000/5000]    eta: 0:08:45  time: 0.1661  data_time: 0.0850  memory: 1284  
2024/09/09 21:50:05 - mmengine - INFO - Iter(test) [2050/5000]    eta: 0:08:35  time: 0.1550  data_time: 0.0964  memory: 1270  
2024/09/09 21:50:13 - mmengine - INFO - Iter(test) [2100/5000]    eta: 0:08:26  time: 0.1674  data_time: 0.0891  memory: 1277  
2024/09/09 21:50:21 - mmengine - INFO - Iter(test) [2150/5000]    eta: 0:08:17  time: 0.1663  data_time: 0.0937  memory: 1296  
2024/09/09 21:50:30 - mmengine - INFO - Iter(test) [2200/5000]    eta: 0:08:08  time: 0.1777  data_time: 0.0872  memory: 1265  
2024/09/09 21:50:38 - mmengine - INFO - Iter(test) [2250/5000]    eta: 0:07:59  time: 0.1680  data_time: 0.0847  memory: 1288  
2024/09/09 21:50:47 - mmengine - INFO - Iter(test) [2300/5000]    eta: 0:07:50  time: 0.1718  data_time: 0.1013  memory: 1274  
2024/09/09 21:50:56 - mmengine - INFO - Iter(test) [2350/5000]    eta: 0:07:42  time: 0.1874  data_time: 0.0935  memory: 1270  
2024/09/09 21:51:04 - mmengine - INFO - Iter(test) [2400/5000]    eta: 0:07:33  time: 0.1845  data_time: 0.0933  memory: 1270  
2024/09/09 21:51:13 - mmengine - INFO - Iter(test) [2450/5000]    eta: 0:07:24  time: 0.1812  data_time: 0.0921  memory: 1269  
2024/09/09 21:51:21 - mmengine - INFO - Iter(test) [2500/5000]    eta: 0:07:15  time: 0.1607  data_time: 0.0907  memory: 1291  
2024/09/09 21:51:30 - mmengine - INFO - Iter(test) [2550/5000]    eta: 0:07:06  time: 0.1783  data_time: 0.0915  memory: 1282  
2024/09/09 21:51:39 - mmengine - INFO - Iter(test) [2600/5000]    eta: 0:06:58  time: 0.1578  data_time: 0.0822  memory: 1415  
2024/09/09 21:51:48 - mmengine - INFO - Iter(test) [2650/5000]    eta: 0:06:49  time: 0.1775  data_time: 0.0862  memory: 1270  
2024/09/09 21:51:57 - mmengine - INFO - Iter(test) [2700/5000]    eta: 0:06:41  time: 0.1594  data_time: 0.0904  memory: 1282  
2024/09/09 21:52:06 - mmengine - INFO - Iter(test) [2750/5000]    eta: 0:06:32  time: 0.1579  data_time: 0.0875  memory: 1298  
2024/09/09 21:52:14 - mmengine - INFO - Iter(test) [2800/5000]    eta: 0:06:23  time: 0.1650  data_time: 0.0913  memory: 1284  
2024/09/09 21:52:24 - mmengine - INFO - Iter(test) [2850/5000]    eta: 0:06:15  time: 0.1846  data_time: 0.1016  memory: 1270  
2024/09/09 21:52:32 - mmengine - INFO - Iter(test) [2900/5000]    eta: 0:06:06  time: 0.1751  data_time: 0.0959  memory: 1310  
2024/09/09 21:52:41 - mmengine - INFO - Iter(test) [2950/5000]    eta: 0:05:58  time: 0.1637  data_time: 0.0943  memory: 1270  
2024/09/09 21:52:50 - mmengine - INFO - Iter(test) [3000/5000]    eta: 0:05:49  time: 0.1711  data_time: 0.0868  memory: 1299  
2024/09/09 21:52:59 - mmengine - INFO - Iter(test) [3050/5000]    eta: 0:05:40  time: 0.1759  data_time: 0.0891  memory: 1275  
2024/09/09 21:53:07 - mmengine - INFO - Iter(test) [3100/5000]    eta: 0:05:31  time: 0.1637  data_time: 0.0949  memory: 1270  
2024/09/09 21:53:16 - mmengine - INFO - Iter(test) [3150/5000]    eta: 0:05:23  time: 0.1967  data_time: 0.0943  memory: 1270  
2024/09/09 21:53:25 - mmengine - INFO - Iter(test) [3200/5000]    eta: 0:05:14  time: 0.1761  data_time: 0.0904  memory: 1285  
2024/09/09 21:53:34 - mmengine - INFO - Iter(test) [3250/5000]    eta: 0:05:05  time: 0.1792  data_time: 0.0802  memory: 1384  
2024/09/09 21:53:42 - mmengine - INFO - Iter(test) [3300/5000]    eta: 0:04:56  time: 0.1604  data_time: 0.0852  memory: 1278  
2024/09/09 21:53:51 - mmengine - INFO - Iter(test) [3350/5000]    eta: 0:04:48  time: 0.1750  data_time: 0.0958  memory: 1270  
2024/09/09 21:54:00 - mmengine - INFO - Iter(test) [3400/5000]    eta: 0:04:39  time: 0.1658  data_time: 0.0952  memory: 1269  
2024/09/09 21:54:08 - mmengine - INFO - Iter(test) [3450/5000]    eta: 0:04:30  time: 0.1591  data_time: 0.0830  memory: 1269  
2024/09/09 21:54:17 - mmengine - INFO - Iter(test) [3500/5000]    eta: 0:04:21  time: 0.1701  data_time: 0.1017  memory: 1279  
2024/09/09 21:54:25 - mmengine - INFO - Iter(test) [3550/5000]    eta: 0:04:12  time: 0.1679  data_time: 0.0934  memory: 1254  
2024/09/09 21:54:34 - mmengine - INFO - Iter(test) [3600/5000]    eta: 0:04:04  time: 0.1760  data_time: 0.0886  memory: 1272  
2024/09/09 21:54:43 - mmengine - INFO - Iter(test) [3650/5000]    eta: 0:03:55  time: 0.1749  data_time: 0.0946  memory: 1284  
2024/09/09 21:54:51 - mmengine - INFO - Iter(test) [3700/5000]    eta: 0:03:46  time: 0.1555  data_time: 0.0886  memory: 1286  
2024/09/09 21:55:00 - mmengine - INFO - Iter(test) [3750/5000]    eta: 0:03:37  time: 0.1572  data_time: 0.0940  memory: 1264  
2024/09/09 21:55:09 - mmengine - INFO - Iter(test) [3800/5000]    eta: 0:03:29  time: 0.1924  data_time: 0.0873  memory: 1296  
2024/09/09 21:55:17 - mmengine - INFO - Iter(test) [3850/5000]    eta: 0:03:20  time: 0.1933  data_time: 0.0929  memory: 1271  
2024/09/09 21:55:26 - mmengine - INFO - Iter(test) [3900/5000]    eta: 0:03:11  time: 0.1811  data_time: 0.1073  memory: 1400  
2024/09/09 21:55:35 - mmengine - INFO - Iter(test) [3950/5000]    eta: 0:03:02  time: 0.1621  data_time: 0.0943  memory: 1277  
2024/09/09 21:55:44 - mmengine - INFO - Iter(test) [4000/5000]    eta: 0:02:54  time: 0.1807  data_time: 0.0930  memory: 1375  
2024/09/09 21:55:52 - mmengine - INFO - Iter(test) [4050/5000]    eta: 0:02:45  time: 0.1742  data_time: 0.0935  memory: 1271  
2024/09/09 21:56:01 - mmengine - INFO - Iter(test) [4100/5000]    eta: 0:02:36  time: 0.1587  data_time: 0.0855  memory: 1263  
2024/09/09 21:56:10 - mmengine - INFO - Iter(test) [4150/5000]    eta: 0:02:28  time: 0.1849  data_time: 0.0916  memory: 1267  
2024/09/09 21:56:18 - mmengine - INFO - Iter(test) [4200/5000]    eta: 0:02:19  time: 0.1775  data_time: 0.0934  memory: 1270  
2024/09/09 21:56:27 - mmengine - INFO - Iter(test) [4250/5000]    eta: 0:02:10  time: 0.1872  data_time: 0.0911  memory: 1394  
2024/09/09 21:56:36 - mmengine - INFO - Iter(test) [4300/5000]    eta: 0:02:02  time: 0.1659  data_time: 0.0974  memory: 1312  
2024/09/09 21:56:45 - mmengine - INFO - Iter(test) [4350/5000]    eta: 0:01:53  time: 0.2158  data_time: 0.0945  memory: 1325  
2024/09/09 21:56:54 - mmengine - INFO - Iter(test) [4400/5000]    eta: 0:01:44  time: 0.1712  data_time: 0.0860  memory: 1302  
2024/09/09 21:57:03 - mmengine - INFO - Iter(test) [4450/5000]    eta: 0:01:35  time: 0.1689  data_time: 0.0906  memory: 1294  
2024/09/09 21:57:12 - mmengine - INFO - Iter(test) [4500/5000]    eta: 0:01:27  time: 0.1728  data_time: 0.0870  memory: 1293  
2024/09/09 21:57:20 - mmengine - INFO - Iter(test) [4550/5000]    eta: 0:01:18  time: 0.1798  data_time: 0.1080  memory: 1345  
2024/09/09 21:57:29 - mmengine - INFO - Iter(test) [4600/5000]    eta: 0:01:09  time: 0.1739  data_time: 0.1041  memory: 1271  
2024/09/09 21:57:38 - mmengine - INFO - Iter(test) [4650/5000]    eta: 0:01:01  time: 0.2197  data_time: 0.1158  memory: 1271  
2024/09/09 21:57:47 - mmengine - INFO - Iter(test) [4700/5000]    eta: 0:00:52  time: 0.1926  data_time: 0.0977  memory: 1292  
2024/09/09 21:57:56 - mmengine - INFO - Iter(test) [4750/5000]    eta: 0:00:43  time: 0.1992  data_time: 0.0957  memory: 1292  
2024/09/09 21:58:04 - mmengine - INFO - Iter(test) [4800/5000]    eta: 0:00:34  time: 0.1625  data_time: 0.0857  memory: 1318  
2024/09/09 21:58:13 - mmengine - INFO - Iter(test) [4850/5000]    eta: 0:00:26  time: 0.1826  data_time: 0.0999  memory: 1254  
2024/09/09 21:58:22 - mmengine - INFO - Iter(test) [4900/5000]    eta: 0:00:17  time: 0.1722  data_time: 0.0936  memory: 1286  
2024/09/09 21:58:31 - mmengine - INFO - Iter(test) [4950/5000]    eta: 0:00:08  time: 0.1578  data_time: 0.0844  memory: 1258  
2024/09/09 21:58:40 - mmengine - INFO - Iter(test) [5000/5000]    eta: 0:00:00  time: 0.1669  data_time: 0.0885  memory: 1298  
2024/09/09 21:58:40 - mmengine - INFO - Iter(test) [5000/5000]    aAcc: 72.0000  mIoU: 34.4800  mAcc: 57.4900  data_time: 0.0930  time: 0.1747
