2024/09/09 23:10:42 - mmengine - INFO - 
------------------------------------------------------------
System environment:
    sys.platform: linux
    Python: 3.9.19 | packaged by conda-forge | (main, Mar 20 2024, 12:50:21) [GCC 12.3.0]
    CUDA available: True
    numpy_random_seed: 748317833
    CUDA_HOME: /tools/cuda/cuda11.8
    NVCC: Cuda compilation tools, release 11.8, V11.8.89
    GCC: gcc (Ubuntu 7.5.0-3ubuntu1~18.04) 7.5.0
    PyTorch: 1.13.1+cu117
    PyTorch compiling details: PyTorch built with:
  - GCC 9.3
  - C++ Version: 201402
  - Intel(R) Math Kernel Library Version 2020.0.0 Product Build 20191122 for Intel(R) 64 architecture applications
  - Intel(R) MKL-DNN v2.6.0 (Git Hash 52b5f107dd9cf10910aaa19cb47f3abf9b349815)
  - OpenMP 201511 (a.k.a. OpenMP 4.5)
  - LAPACK is enabled (usually provided by MKL)
  - NNPACK is enabled
  - CPU capability usage: AVX2
  - CUDA Runtime 11.7
  - NVCC architecture flags: -gencode;arch=compute_37,code=sm_37;-gencode;arch=compute_50,code=sm_50;-gencode;arch=compute_60,code=sm_60;-gencode;arch=compute_70,code=sm_70;-gencode;arch=compute_75,code=sm_75;-gencode;arch=compute_80,code=sm_80;-gencode;arch=compute_86,code=sm_86
  - CuDNN 8.5
  - Magma 2.6.1
  - Build settings: BLAS_INFO=mkl, BUILD_TYPE=Release, CUDA_VERSION=11.7, CUDNN_VERSION=8.5.0, CXX_COMPILER=/opt/rh/devtoolset-9/root/usr/bin/c++, CXX_FLAGS= -fabi-version=11 -Wno-deprecated -fvisibility-inlines-hidden -DUSE_PTHREADPOOL -fopenmp -DNDEBUG -DUSE_KINETO -DUSE_FBGEMM -DUSE_QNNPACK -DUSE_PYTORCH_QNNPACK -DUSE_XNNPACK -DSYMBOLICATE_MOBILE_DEBUG_HANDLE -DEDGE_PROFILER_USE_KINETO -O2 -fPIC -Wno-narrowing -Wall -Wextra -Werror=return-type -Werror=non-virtual-dtor -Wno-missing-field-initializers -Wno-type-limits -Wno-array-bounds -Wno-unknown-pragmas -Wunused-local-typedefs -Wno-unused-parameter -Wno-unused-function -Wno-unused-result -Wno-strict-overflow -Wno-strict-aliasing -Wno-error=deprecated-declarations -Wno-stringop-overflow -Wno-psabi -Wno-error=pedantic -Wno-error=redundant-decls -Wno-error=old-style-cast -fdiagnostics-color=always -faligned-new -Wno-unused-but-set-variable -Wno-maybe-uninitialized -fno-math-errno -fno-trapping-math -Werror=format -Werror=cast-function-type -Wno-stringop-overflow, LAPACK_INFO=mkl, PERF_WITH_AVX=1, PERF_WITH_AVX2=1, PERF_WITH_AVX512=1, TORCH_VERSION=1.13.1, USE_CUDA=ON, USE_CUDNN=ON, USE_EXCEPTION_PTR=1, USE_GFLAGS=OFF, USE_GLOG=OFF, USE_MKL=ON, USE_MKLDNN=ON, USE_MPI=OFF, USE_NCCL=ON, USE_NNPACK=ON, USE_OPENMP=ON, USE_ROCM=OFF, 

    TorchVision: 0.14.1+cu117
    OpenCV: 4.10.0
    MMEngine: 0.8.4

Runtime environment:
    cudnn_benchmark: True
    mp_cfg: {'mp_start_method': 'fork', 'opencv_num_threads': 0}
    dist_cfg: {'backend': 'nccl'}
    seed: 748317833
    Distributed launcher: none
    Distributed training: False
    GPU number: 1
------------------------------------------------------------

2024/09/09 23:10:42 - mmengine - INFO - Config:
data_root = '/SHARE_ST/icl/Neurips2024/zeroseg_kdu_khy/data/VOCdevkit/VOC2010'
dataset_type = 'PascalContext60Dataset'
default_hooks = dict(
    checkpoint=dict(by_epoch=False, interval=2000, type='CheckpointHook'),
    logger=dict(interval=50, log_metric_by_epoch=False, type='LoggerHook'),
    param_scheduler=dict(type='ParamSchedulerHook'),
    sampler_seed=dict(type='DistSamplerSeedHook'),
    timer=dict(type='IterTimerHook'),
    visualization=dict(draw=True, interval=1, type='SegVisualizationHook'))
default_scope = 'mmseg'
env_cfg = dict(
    cudnn_benchmark=True,
    dist_cfg=dict(backend='nccl'),
    mp_cfg=dict(mp_start_method='fork', opencv_num_threads=0))
launcher = 'none'
load_from = None
log_level = 'INFO'
log_processor = dict(by_epoch=False)
model = dict(
    P=0.16,
    T=0.15,
    clip_path='ViT-B/16',
    kl_sizes=[
        0.7912663209195689,
        0.4931457467811954,
        0.8553594358423642,
        0.7155944058359154,
        0.9638857251271546,
    ],
    logit_scale=50,
    name_path='./configs/cls_context60.txt',
    prob_thd=0.5,
    type='CLIPForSegmentation')
resume = False
test_cfg = dict(type='TestLoop')
test_dataloader = dict(
    batch_size=1,
    dataset=dict(
        ann_file='ImageSets/SegmentationContext/val.txt',
        data_prefix=dict(
            img_path='JPEGImages', seg_map_path='SegmentationClassContext'),
        data_root=
        '/SHARE_ST/icl/Neurips2024/zeroseg_kdu_khy/data/VOCdevkit/VOC2010',
        pipeline=[
            dict(type='LoadImageFromFile'),
            dict(keep_ratio=True, scale=(
                2048,
                448,
            ), type='Resize'),
            dict(type='LoadAnnotations'),
            dict(type='PackSegInputs'),
        ],
        type='PascalContext60Dataset'),
    num_workers=4,
    persistent_workers=True,
    sampler=dict(shuffle=False, type='DefaultSampler'))
test_evaluator = dict(
    iou_metrics=[
        'mIoU',
    ], type='IoUMetric')
test_pipeline = [
    dict(type='LoadImageFromFile'),
    dict(keep_ratio=True, scale=(
        2048,
        448,
    ), type='Resize'),
    dict(type='LoadAnnotations'),
    dict(type='PackSegInputs'),
]
vis_backends = [
    dict(type='LocalVisBackend'),
]
visualizer = dict(
    name='visualizer',
    save_dir='./outputs/',
    type='SegLocalVisualizer',
    vis_backends=[
        dict(type='LocalVisBackend'),
    ])
work_dir = './hyper-context'

2024/09/09 23:10:49 - mmengine - INFO - Distributed training is not used, all SyncBatchNorm (SyncBN) layers in the model will be automatically reverted to BatchNormXd layers if they are used.
2024/09/09 23:10:49 - mmengine - INFO - Hooks will be executed in the following order:
before_run:
(VERY_HIGH   ) RuntimeInfoHook                    
(BELOW_NORMAL) LoggerHook                         
 -------------------- 
before_train:
(VERY_HIGH   ) RuntimeInfoHook                    
(NORMAL      ) IterTimerHook                      
(VERY_LOW    ) CheckpointHook                     
 -------------------- 
before_train_epoch:
(VERY_HIGH   ) RuntimeInfoHook                    
(NORMAL      ) IterTimerHook                      
(NORMAL      ) DistSamplerSeedHook                
 -------------------- 
before_train_iter:
(VERY_HIGH   ) RuntimeInfoHook                    
(NORMAL      ) IterTimerHook                      
 -------------------- 
after_train_iter:
(VERY_HIGH   ) RuntimeInfoHook                    
(NORMAL      ) IterTimerHook                      
(NORMAL      ) SegVisualizationHook               
(BELOW_NORMAL) LoggerHook                         
(LOW         ) ParamSchedulerHook                 
(VERY_LOW    ) CheckpointHook                     
 -------------------- 
after_train_epoch:
(NORMAL      ) IterTimerHook                      
(LOW         ) ParamSchedulerHook                 
(VERY_LOW    ) CheckpointHook                     
 -------------------- 
before_val:
(VERY_HIGH   ) RuntimeInfoHook                    
 -------------------- 
before_val_epoch:
(NORMAL      ) IterTimerHook                      
 -------------------- 
before_val_iter:
(NORMAL      ) IterTimerHook                      
 -------------------- 
after_val_iter:
(NORMAL      ) IterTimerHook                      
(NORMAL      ) SegVisualizationHook               
(BELOW_NORMAL) LoggerHook                         
 -------------------- 
after_val_epoch:
(VERY_HIGH   ) RuntimeInfoHook                    
(NORMAL      ) IterTimerHook                      
(BELOW_NORMAL) LoggerHook                         
(LOW         ) ParamSchedulerHook                 
(VERY_LOW    ) CheckpointHook                     
 -------------------- 
after_val:
(VERY_HIGH   ) RuntimeInfoHook                    
 -------------------- 
after_train:
(VERY_HIGH   ) RuntimeInfoHook                    
(VERY_LOW    ) CheckpointHook                     
 -------------------- 
before_test:
(VERY_HIGH   ) RuntimeInfoHook                    
 -------------------- 
before_test_epoch:
(NORMAL      ) IterTimerHook                      
 -------------------- 
before_test_iter:
(NORMAL      ) IterTimerHook                      
 -------------------- 
after_test_iter:
(NORMAL      ) IterTimerHook                      
(NORMAL      ) SegVisualizationHook               
(BELOW_NORMAL) LoggerHook                         
 -------------------- 
after_test_epoch:
(VERY_HIGH   ) RuntimeInfoHook                    
(NORMAL      ) IterTimerHook                      
(BELOW_NORMAL) LoggerHook                         
 -------------------- 
after_test:
(VERY_HIGH   ) RuntimeInfoHook                    
 -------------------- 
after_run:
(BELOW_NORMAL) LoggerHook                         
 -------------------- 
2024/09/09 23:10:59 - mmengine - INFO - Iter(test) [  50/5104]    eta: 0:15:49  time: 0.1784  data_time: 0.0761  memory: 1143  
2024/09/09 23:11:10 - mmengine - INFO - Iter(test) [ 100/5104]    eta: 0:16:47  time: 0.1800  data_time: 0.0689  memory: 1129  
2024/09/09 23:11:19 - mmengine - INFO - Iter(test) [ 150/5104]    eta: 0:15:56  time: 0.1871  data_time: 0.0763  memory: 1124  
2024/09/09 23:11:27 - mmengine - INFO - Iter(test) [ 200/5104]    eta: 0:15:21  time: 0.1915  data_time: 0.0720  memory: 1156  
2024/09/09 23:11:36 - mmengine - INFO - Iter(test) [ 250/5104]    eta: 0:14:58  time: 0.1750  data_time: 0.0770  memory: 1141  
2024/09/09 23:11:45 - mmengine - INFO - Iter(test) [ 300/5104]    eta: 0:14:39  time: 0.1735  data_time: 0.0754  memory: 1123  
2024/09/09 23:11:53 - mmengine - INFO - Iter(test) [ 350/5104]    eta: 0:14:22  time: 0.1757  data_time: 0.0733  memory: 1127  
2024/09/09 23:12:02 - mmengine - INFO - Iter(test) [ 400/5104]    eta: 0:14:12  time: 0.1804  data_time: 0.0738  memory: 1187  
2024/09/09 23:12:13 - mmengine - INFO - Iter(test) [ 450/5104]    eta: 0:14:22  time: 0.1774  data_time: 0.0836  memory: 1130  
2024/09/09 23:12:22 - mmengine - INFO - Iter(test) [ 500/5104]    eta: 0:14:06  time: 0.1644  data_time: 0.0709  memory: 1141  
2024/09/09 23:12:31 - mmengine - INFO - Iter(test) [ 550/5104]    eta: 0:13:54  time: 0.1734  data_time: 0.0754  memory: 1138  
2024/09/09 23:12:39 - mmengine - INFO - Iter(test) [ 600/5104]    eta: 0:13:42  time: 0.1693  data_time: 0.0756  memory: 1141  
2024/09/09 23:12:48 - mmengine - INFO - Iter(test) [ 650/5104]    eta: 0:13:30  time: 0.1723  data_time: 0.0743  memory: 1132  
2024/09/09 23:12:57 - mmengine - INFO - Iter(test) [ 700/5104]    eta: 0:13:18  time: 0.1634  data_time: 0.0739  memory: 1155  
2024/09/09 23:13:07 - mmengine - INFO - Iter(test) [ 750/5104]    eta: 0:13:14  time: 0.2905  data_time: 0.1968  memory: 1168  
2024/09/09 23:13:17 - mmengine - INFO - Iter(test) [ 800/5104]    eta: 0:13:09  time: 0.1747  data_time: 0.0762  memory: 1137  
2024/09/09 23:13:25 - mmengine - INFO - Iter(test) [ 850/5104]    eta: 0:12:57  time: 0.1709  data_time: 0.0769  memory: 1177  
2024/09/09 23:13:34 - mmengine - INFO - Iter(test) [ 900/5104]    eta: 0:12:47  time: 0.1715  data_time: 0.0774  memory: 1271  
2024/09/09 23:13:43 - mmengine - INFO - Iter(test) [ 950/5104]    eta: 0:12:37  time: 0.1795  data_time: 0.0730  memory: 1136  
2024/09/09 23:13:52 - mmengine - INFO - Iter(test) [1000/5104]    eta: 0:12:25  time: 0.1696  data_time: 0.0716  memory: 1127  
2024/09/09 23:14:00 - mmengine - INFO - Iter(test) [1050/5104]    eta: 0:12:15  time: 0.1825  data_time: 0.0759  memory: 1127  
2024/09/09 23:14:12 - mmengine - INFO - Iter(test) [1100/5104]    eta: 0:12:13  time: 0.3203  data_time: 0.2093  memory: 1212  
2024/09/09 23:14:20 - mmengine - INFO - Iter(test) [1150/5104]    eta: 0:12:03  time: 0.1742  data_time: 0.0762  memory: 1132  
2024/09/09 23:14:29 - mmengine - INFO - Iter(test) [1200/5104]    eta: 0:11:53  time: 0.1911  data_time: 0.0802  memory: 1161  
2024/09/09 23:14:39 - mmengine - INFO - Iter(test) [1250/5104]    eta: 0:11:45  time: 0.2145  data_time: 0.1122  memory: 1129  
2024/09/09 23:14:48 - mmengine - INFO - Iter(test) [1300/5104]    eta: 0:11:35  time: 0.1754  data_time: 0.0774  memory: 1148  
2024/09/09 23:14:57 - mmengine - INFO - Iter(test) [1350/5104]    eta: 0:11:25  time: 0.1763  data_time: 0.0782  memory: 1136  
2024/09/09 23:15:05 - mmengine - INFO - Iter(test) [1400/5104]    eta: 0:11:15  time: 0.1712  data_time: 0.0731  memory: 1193  
2024/09/09 23:15:15 - mmengine - INFO - Iter(test) [1450/5104]    eta: 0:11:08  time: 0.1747  data_time: 0.0766  memory: 1128  
2024/09/09 23:15:24 - mmengine - INFO - Iter(test) [1500/5104]    eta: 0:10:58  time: 0.1718  data_time: 0.0731  memory: 1136  
2024/09/09 23:15:33 - mmengine - INFO - Iter(test) [1550/5104]    eta: 0:10:48  time: 0.1760  data_time: 0.0735  memory: 1135  
2024/09/09 23:15:42 - mmengine - INFO - Iter(test) [1600/5104]    eta: 0:10:38  time: 0.1647  data_time: 0.0710  memory: 1155  
2024/09/09 23:15:50 - mmengine - INFO - Iter(test) [1650/5104]    eta: 0:10:28  time: 0.1711  data_time: 0.0772  memory: 1128  
2024/09/09 23:15:59 - mmengine - INFO - Iter(test) [1700/5104]    eta: 0:10:18  time: 0.1714  data_time: 0.0775  memory: 1180  
2024/09/09 23:16:08 - mmengine - INFO - Iter(test) [1750/5104]    eta: 0:10:09  time: 0.1805  data_time: 0.0739  memory: 1146  
2024/09/09 23:16:18 - mmengine - INFO - Iter(test) [1800/5104]    eta: 0:10:02  time: 0.1759  data_time: 0.0738  memory: 1182  
2024/09/09 23:16:27 - mmengine - INFO - Iter(test) [1850/5104]    eta: 0:09:52  time: 0.1693  data_time: 0.0756  memory: 1134  
2024/09/09 23:16:36 - mmengine - INFO - Iter(test) [1900/5104]    eta: 0:09:43  time: 0.1758  data_time: 0.0777  memory: 1191  
2024/09/09 23:16:45 - mmengine - INFO - Iter(test) [1950/5104]    eta: 0:09:33  time: 0.1780  data_time: 0.0716  memory: 1139  
2024/09/09 23:16:53 - mmengine - INFO - Iter(test) [2000/5104]    eta: 0:09:23  time: 0.1596  data_time: 0.0744  memory: 1124  
2024/09/09 23:17:02 - mmengine - INFO - Iter(test) [2050/5104]    eta: 0:09:14  time: 0.1803  data_time: 0.0732  memory: 1153  
2024/09/09 23:17:11 - mmengine - INFO - Iter(test) [2100/5104]    eta: 0:09:05  time: 0.1933  data_time: 0.1039  memory: 1130  
2024/09/09 23:17:21 - mmengine - INFO - Iter(test) [2150/5104]    eta: 0:08:57  time: 0.1734  data_time: 0.0711  memory: 1140  
2024/09/09 23:17:30 - mmengine - INFO - Iter(test) [2200/5104]    eta: 0:08:47  time: 0.1703  data_time: 0.0756  memory: 1154  
2024/09/09 23:17:38 - mmengine - INFO - Iter(test) [2250/5104]    eta: 0:08:38  time: 0.1726  data_time: 0.0746  memory: 1126  
2024/09/09 23:17:47 - mmengine - INFO - Iter(test) [2300/5104]    eta: 0:08:28  time: 0.1669  data_time: 0.0733  memory: 1137  
2024/09/09 23:17:56 - mmengine - INFO - Iter(test) [2350/5104]    eta: 0:08:19  time: 0.1731  data_time: 0.0751  memory: 1186  
2024/09/09 23:18:05 - mmengine - INFO - Iter(test) [2400/5104]    eta: 0:08:10  time: 0.1906  data_time: 0.0755  memory: 1142  
2024/09/09 23:18:15 - mmengine - INFO - Iter(test) [2450/5104]    eta: 0:08:02  time: 0.2217  data_time: 0.1193  memory: 1135  
2024/09/09 23:18:26 - mmengine - INFO - Iter(test) [2500/5104]    eta: 0:07:54  time: 0.1660  data_time: 0.0766  memory: 1252  
2024/09/09 23:18:35 - mmengine - INFO - Iter(test) [2550/5104]    eta: 0:07:45  time: 0.1874  data_time: 0.0852  memory: 1136  
2024/09/09 23:18:44 - mmengine - INFO - Iter(test) [2600/5104]    eta: 0:07:36  time: 0.1766  data_time: 0.0743  memory: 1147  
2024/09/09 23:18:53 - mmengine - INFO - Iter(test) [2650/5104]    eta: 0:07:26  time: 0.1859  data_time: 0.0708  memory: 1141  
2024/09/09 23:19:02 - mmengine - INFO - Iter(test) [2700/5104]    eta: 0:07:17  time: 0.1770  data_time: 0.0704  memory: 1194  
2024/09/09 23:19:10 - mmengine - INFO - Iter(test) [2750/5104]    eta: 0:07:08  time: 0.1777  data_time: 0.0753  memory: 1138  
2024/09/09 23:19:22 - mmengine - INFO - Iter(test) [2800/5104]    eta: 0:07:00  time: 0.1886  data_time: 0.0905  memory: 1129  
2024/09/09 23:19:31 - mmengine - INFO - Iter(test) [2850/5104]    eta: 0:06:51  time: 0.1873  data_time: 0.0765  memory: 1151  
2024/09/09 23:19:40 - mmengine - INFO - Iter(test) [2900/5104]    eta: 0:06:42  time: 0.1792  data_time: 0.0812  memory: 1183  
2024/09/09 23:19:49 - mmengine - INFO - Iter(test) [2950/5104]    eta: 0:06:33  time: 0.1846  data_time: 0.0738  memory: 1158  
2024/09/09 23:19:58 - mmengine - INFO - Iter(test) [3000/5104]    eta: 0:06:24  time: 0.1800  data_time: 0.0736  memory: 1151  
2024/09/09 23:20:07 - mmengine - INFO - Iter(test) [3050/5104]    eta: 0:06:15  time: 0.1752  data_time: 0.0729  memory: 1138  
2024/09/09 23:20:17 - mmengine - INFO - Iter(test) [3100/5104]    eta: 0:06:06  time: 0.2407  data_time: 0.1298  memory: 1150  
2024/09/09 23:20:27 - mmengine - INFO - Iter(test) [3150/5104]    eta: 0:05:57  time: 0.1705  data_time: 0.0768  memory: 1135  
2024/09/09 23:20:36 - mmengine - INFO - Iter(test) [3200/5104]    eta: 0:05:48  time: 0.1770  data_time: 0.0744  memory: 1128  
2024/09/09 23:20:44 - mmengine - INFO - Iter(test) [3250/5104]    eta: 0:05:39  time: 0.1765  data_time: 0.0744  memory: 1125  
2024/09/09 23:20:54 - mmengine - INFO - Iter(test) [3300/5104]    eta: 0:05:29  time: 0.1797  data_time: 0.0730  memory: 1136  
2024/09/09 23:21:02 - mmengine - INFO - Iter(test) [3350/5104]    eta: 0:05:20  time: 0.1697  data_time: 0.0761  memory: 1134  
2024/09/09 23:21:11 - mmengine - INFO - Iter(test) [3400/5104]    eta: 0:05:11  time: 0.1766  data_time: 0.0744  memory: 1136  
2024/09/09 23:21:21 - mmengine - INFO - Iter(test) [3450/5104]    eta: 0:05:02  time: 0.2092  data_time: 0.1069  memory: 1130  
2024/09/09 23:21:30 - mmengine - INFO - Iter(test) [3500/5104]    eta: 0:04:53  time: 0.1895  data_time: 0.0830  memory: 1139  
2024/09/09 23:21:39 - mmengine - INFO - Iter(test) [3550/5104]    eta: 0:04:44  time: 0.1755  data_time: 0.0727  memory: 1158  
2024/09/09 23:21:48 - mmengine - INFO - Iter(test) [3600/5104]    eta: 0:04:34  time: 0.1667  data_time: 0.0772  memory: 1136  
2024/09/09 23:21:57 - mmengine - INFO - Iter(test) [3650/5104]    eta: 0:04:25  time: 0.1729  data_time: 0.0747  memory: 1137  
2024/09/09 23:22:05 - mmengine - INFO - Iter(test) [3700/5104]    eta: 0:04:16  time: 0.1776  data_time: 0.0754  memory: 1124  
2024/09/09 23:22:14 - mmengine - INFO - Iter(test) [3750/5104]    eta: 0:04:06  time: 0.1732  data_time: 0.0749  memory: 1136  
2024/09/09 23:22:24 - mmengine - INFO - Iter(test) [3800/5104]    eta: 0:03:57  time: 0.2186  data_time: 0.1206  memory: 1147  
2024/09/09 23:22:32 - mmengine - INFO - Iter(test) [3850/5104]    eta: 0:03:48  time: 0.1785  data_time: 0.0719  memory: 1133  
2024/09/09 23:22:41 - mmengine - INFO - Iter(test) [3900/5104]    eta: 0:03:39  time: 0.1727  data_time: 0.0747  memory: 1127  
2024/09/09 23:22:50 - mmengine - INFO - Iter(test) [3950/5104]    eta: 0:03:30  time: 0.1774  data_time: 0.0751  memory: 1141  
2024/09/09 23:22:58 - mmengine - INFO - Iter(test) [4000/5104]    eta: 0:03:21  time: 0.1715  data_time: 0.0735  memory: 1135  
2024/09/09 23:23:07 - mmengine - INFO - Iter(test) [4050/5104]    eta: 0:03:11  time: 0.1804  data_time: 0.0738  memory: 1140  
2024/09/09 23:23:16 - mmengine - INFO - Iter(test) [4100/5104]    eta: 0:03:02  time: 0.1869  data_time: 0.0718  memory: 1157  
2024/09/09 23:23:26 - mmengine - INFO - Iter(test) [4150/5104]    eta: 0:02:53  time: 0.1804  data_time: 0.0866  memory: 1128  
2024/09/09 23:23:35 - mmengine - INFO - Iter(test) [4200/5104]    eta: 0:02:44  time: 0.1624  data_time: 0.0728  memory: 1128  
2024/09/09 23:23:44 - mmengine - INFO - Iter(test) [4250/5104]    eta: 0:02:35  time: 0.1783  data_time: 0.0757  memory: 1124  
2024/09/09 23:23:53 - mmengine - INFO - Iter(test) [4300/5104]    eta: 0:02:26  time: 0.1901  data_time: 0.0745  memory: 1219  
2024/09/09 23:24:02 - mmengine - INFO - Iter(test) [4350/5104]    eta: 0:02:17  time: 0.1767  data_time: 0.0829  memory: 1174  
2024/09/09 23:24:10 - mmengine - INFO - Iter(test) [4400/5104]    eta: 0:02:07  time: 0.1626  data_time: 0.0773  memory: 1130  
2024/09/09 23:24:19 - mmengine - INFO - Iter(test) [4450/5104]    eta: 0:01:58  time: 0.1692  data_time: 0.0754  memory: 1147  
2024/09/09 23:24:29 - mmengine - INFO - Iter(test) [4500/5104]    eta: 0:01:49  time: 0.1756  data_time: 0.0731  memory: 1141  
2024/09/09 23:24:38 - mmengine - INFO - Iter(test) [4550/5104]    eta: 0:01:40  time: 0.1794  data_time: 0.0728  memory: 1136  
2024/09/09 23:24:47 - mmengine - INFO - Iter(test) [4600/5104]    eta: 0:01:31  time: 0.1976  data_time: 0.0951  memory: 1125  
2024/09/09 23:24:57 - mmengine - INFO - Iter(test) [4650/5104]    eta: 0:01:22  time: 0.1756  data_time: 0.0732  memory: 1136  
2024/09/09 23:25:05 - mmengine - INFO - Iter(test) [4700/5104]    eta: 0:01:13  time: 0.1741  data_time: 0.0761  memory: 1140  
2024/09/09 23:25:14 - mmengine - INFO - Iter(test) [4750/5104]    eta: 0:01:04  time: 0.1796  data_time: 0.0773  memory: 1173  
2024/09/09 23:25:23 - mmengine - INFO - Iter(test) [4800/5104]    eta: 0:00:55  time: 0.2094  data_time: 0.1028  memory: 1124  
2024/09/09 23:25:32 - mmengine - INFO - Iter(test) [4850/5104]    eta: 0:00:46  time: 0.1656  data_time: 0.0761  memory: 1138  
2024/09/09 23:25:41 - mmengine - INFO - Iter(test) [4900/5104]    eta: 0:00:37  time: 0.1811  data_time: 0.0745  memory: 1162  
2024/09/09 23:25:50 - mmengine - INFO - Iter(test) [4950/5104]    eta: 0:00:27  time: 0.1776  data_time: 0.0740  memory: 1143  
2024/09/09 23:25:59 - mmengine - INFO - Iter(test) [5000/5104]    eta: 0:00:18  time: 0.1785  data_time: 0.0750  memory: 1141  
2024/09/09 23:26:08 - mmengine - INFO - Iter(test) [5050/5104]    eta: 0:00:09  time: 0.1771  data_time: 0.0746  memory: 1131  
2024/09/09 23:26:17 - mmengine - INFO - Iter(test) [5100/5104]    eta: 0:00:00  time: 0.1720  data_time: 0.0740  memory: 1127  
2024/09/09 23:26:17 - mmengine - INFO - Iter(test) [5104/5104]    aAcc: 43.1300  mIoU: 29.4700  mAcc: 38.9200  data_time: 0.0808  time: 0.1816
