2024/09/10 00:10:51 - mmengine - INFO - 
------------------------------------------------------------
System environment:
    sys.platform: linux
    Python: 3.9.19 | packaged by conda-forge | (main, Mar 20 2024, 12:50:21) [GCC 12.3.0]
    CUDA available: True
    numpy_random_seed: 1495908401
    CUDA_HOME: /tools/cuda/cuda11.8
    NVCC: Cuda compilation tools, release 11.8, V11.8.89
    GCC: gcc (Ubuntu 7.5.0-3ubuntu1~18.04) 7.5.0
    PyTorch: 1.13.1+cu117
    PyTorch compiling details: PyTorch built with:
  - GCC 9.3
  - C++ Version: 201402
  - Intel(R) Math Kernel Library Version 2020.0.0 Product Build 20191122 for Intel(R) 64 architecture applications
  - Intel(R) MKL-DNN v2.6.0 (Git Hash 52b5f107dd9cf10910aaa19cb47f3abf9b349815)
  - OpenMP 201511 (a.k.a. OpenMP 4.5)
  - LAPACK is enabled (usually provided by MKL)
  - NNPACK is enabled
  - CPU capability usage: AVX2
  - CUDA Runtime 11.7
  - NVCC architecture flags: -gencode;arch=compute_37,code=sm_37;-gencode;arch=compute_50,code=sm_50;-gencode;arch=compute_60,code=sm_60;-gencode;arch=compute_70,code=sm_70;-gencode;arch=compute_75,code=sm_75;-gencode;arch=compute_80,code=sm_80;-gencode;arch=compute_86,code=sm_86
  - CuDNN 8.5
  - Magma 2.6.1
  - Build settings: BLAS_INFO=mkl, BUILD_TYPE=Release, CUDA_VERSION=11.7, CUDNN_VERSION=8.5.0, CXX_COMPILER=/opt/rh/devtoolset-9/root/usr/bin/c++, CXX_FLAGS= -fabi-version=11 -Wno-deprecated -fvisibility-inlines-hidden -DUSE_PTHREADPOOL -fopenmp -DNDEBUG -DUSE_KINETO -DUSE_FBGEMM -DUSE_QNNPACK -DUSE_PYTORCH_QNNPACK -DUSE_XNNPACK -DSYMBOLICATE_MOBILE_DEBUG_HANDLE -DEDGE_PROFILER_USE_KINETO -O2 -fPIC -Wno-narrowing -Wall -Wextra -Werror=return-type -Werror=non-virtual-dtor -Wno-missing-field-initializers -Wno-type-limits -Wno-array-bounds -Wno-unknown-pragmas -Wunused-local-typedefs -Wno-unused-parameter -Wno-unused-function -Wno-unused-result -Wno-strict-overflow -Wno-strict-aliasing -Wno-error=deprecated-declarations -Wno-stringop-overflow -Wno-psabi -Wno-error=pedantic -Wno-error=redundant-decls -Wno-error=old-style-cast -fdiagnostics-color=always -faligned-new -Wno-unused-but-set-variable -Wno-maybe-uninitialized -fno-math-errno -fno-trapping-math -Werror=format -Werror=cast-function-type -Wno-stringop-overflow, LAPACK_INFO=mkl, PERF_WITH_AVX=1, PERF_WITH_AVX2=1, PERF_WITH_AVX512=1, TORCH_VERSION=1.13.1, USE_CUDA=ON, USE_CUDNN=ON, USE_EXCEPTION_PTR=1, USE_GFLAGS=OFF, USE_GLOG=OFF, USE_MKL=ON, USE_MKLDNN=ON, USE_MPI=OFF, USE_NCCL=ON, USE_NNPACK=ON, USE_OPENMP=ON, USE_ROCM=OFF, 

    TorchVision: 0.14.1+cu117
    OpenCV: 4.10.0
    MMEngine: 0.8.4

Runtime environment:
    cudnn_benchmark: True
    mp_cfg: {'mp_start_method': 'fork', 'opencv_num_threads': 0}
    dist_cfg: {'backend': 'nccl'}
    seed: 1495908401
    Distributed launcher: none
    Distributed training: False
    GPU number: 1
------------------------------------------------------------

2024/09/10 00:10:51 - mmengine - INFO - Config:
data_root = '/SHARE_ST/icl/Neurips2024/zeroseg_kdu_khy/data/VOCdevkit/VOC2010'
dataset_type = 'PascalContext60Dataset'
default_hooks = dict(
    checkpoint=dict(by_epoch=False, interval=2000, type='CheckpointHook'),
    logger=dict(interval=50, log_metric_by_epoch=False, type='LoggerHook'),
    param_scheduler=dict(type='ParamSchedulerHook'),
    sampler_seed=dict(type='DistSamplerSeedHook'),
    timer=dict(type='IterTimerHook'),
    visualization=dict(draw=True, interval=1, type='SegVisualizationHook'))
default_scope = 'mmseg'
env_cfg = dict(
    cudnn_benchmark=True,
    dist_cfg=dict(backend='nccl'),
    mp_cfg=dict(mp_start_method='fork', opencv_num_threads=0))
launcher = 'none'
load_from = None
log_level = 'INFO'
log_processor = dict(by_epoch=False)
model = dict(
    P=0.12,
    T=0.1,
    clip_path='ViT-B/16',
    kl_sizes=[
        0.8454323043900673,
        0.40993241171902584,
        0.4122865071367582,
        0.5569728318430855,
        0.7573063359880214,
    ],
    logit_scale=50,
    name_path='./configs/cls_context60.txt',
    prob_thd=0.5,
    type='CLIPForSegmentation')
resume = False
test_cfg = dict(type='TestLoop')
test_dataloader = dict(
    batch_size=1,
    dataset=dict(
        ann_file='ImageSets/SegmentationContext/val.txt',
        data_prefix=dict(
            img_path='JPEGImages', seg_map_path='SegmentationClassContext'),
        data_root=
        '/SHARE_ST/icl/Neurips2024/zeroseg_kdu_khy/data/VOCdevkit/VOC2010',
        pipeline=[
            dict(type='LoadImageFromFile'),
            dict(keep_ratio=True, scale=(
                2048,
                448,
            ), type='Resize'),
            dict(type='LoadAnnotations'),
            dict(type='PackSegInputs'),
        ],
        type='PascalContext60Dataset'),
    num_workers=4,
    persistent_workers=True,
    sampler=dict(shuffle=False, type='DefaultSampler'))
test_evaluator = dict(
    iou_metrics=[
        'mIoU',
    ], type='IoUMetric')
test_pipeline = [
    dict(type='LoadImageFromFile'),
    dict(keep_ratio=True, scale=(
        2048,
        448,
    ), type='Resize'),
    dict(type='LoadAnnotations'),
    dict(type='PackSegInputs'),
]
vis_backends = [
    dict(type='LocalVisBackend'),
]
visualizer = dict(
    name='visualizer',
    save_dir='./outputs/',
    type='SegLocalVisualizer',
    vis_backends=[
        dict(type='LocalVisBackend'),
    ])
work_dir = './hyper-context'

2024/09/10 00:10:58 - mmengine - INFO - Distributed training is not used, all SyncBatchNorm (SyncBN) layers in the model will be automatically reverted to BatchNormXd layers if they are used.
2024/09/10 00:10:58 - mmengine - INFO - Hooks will be executed in the following order:
before_run:
(VERY_HIGH   ) RuntimeInfoHook                    
(BELOW_NORMAL) LoggerHook                         
 -------------------- 
before_train:
(VERY_HIGH   ) RuntimeInfoHook                    
(NORMAL      ) IterTimerHook                      
(VERY_LOW    ) CheckpointHook                     
 -------------------- 
before_train_epoch:
(VERY_HIGH   ) RuntimeInfoHook                    
(NORMAL      ) IterTimerHook                      
(NORMAL      ) DistSamplerSeedHook                
 -------------------- 
before_train_iter:
(VERY_HIGH   ) RuntimeInfoHook                    
(NORMAL      ) IterTimerHook                      
 -------------------- 
after_train_iter:
(VERY_HIGH   ) RuntimeInfoHook                    
(NORMAL      ) IterTimerHook                      
(NORMAL      ) SegVisualizationHook               
(BELOW_NORMAL) LoggerHook                         
(LOW         ) ParamSchedulerHook                 
(VERY_LOW    ) CheckpointHook                     
 -------------------- 
after_train_epoch:
(NORMAL      ) IterTimerHook                      
(LOW         ) ParamSchedulerHook                 
(VERY_LOW    ) CheckpointHook                     
 -------------------- 
before_val:
(VERY_HIGH   ) RuntimeInfoHook                    
 -------------------- 
before_val_epoch:
(NORMAL      ) IterTimerHook                      
 -------------------- 
before_val_iter:
(NORMAL      ) IterTimerHook                      
 -------------------- 
after_val_iter:
(NORMAL      ) IterTimerHook                      
(NORMAL      ) SegVisualizationHook               
(BELOW_NORMAL) LoggerHook                         
 -------------------- 
after_val_epoch:
(VERY_HIGH   ) RuntimeInfoHook                    
(NORMAL      ) IterTimerHook                      
(BELOW_NORMAL) LoggerHook                         
(LOW         ) ParamSchedulerHook                 
(VERY_LOW    ) CheckpointHook                     
 -------------------- 
after_val:
(VERY_HIGH   ) RuntimeInfoHook                    
 -------------------- 
after_train:
(VERY_HIGH   ) RuntimeInfoHook                    
(VERY_LOW    ) CheckpointHook                     
 -------------------- 
before_test:
(VERY_HIGH   ) RuntimeInfoHook                    
 -------------------- 
before_test_epoch:
(NORMAL      ) IterTimerHook                      
 -------------------- 
before_test_iter:
(NORMAL      ) IterTimerHook                      
 -------------------- 
after_test_iter:
(NORMAL      ) IterTimerHook                      
(NORMAL      ) SegVisualizationHook               
(BELOW_NORMAL) LoggerHook                         
 -------------------- 
after_test_epoch:
(VERY_HIGH   ) RuntimeInfoHook                    
(NORMAL      ) IterTimerHook                      
(BELOW_NORMAL) LoggerHook                         
 -------------------- 
after_test:
(VERY_HIGH   ) RuntimeInfoHook                    
 -------------------- 
after_run:
(BELOW_NORMAL) LoggerHook                         
 -------------------- 
2024/09/10 00:11:07 - mmengine - INFO - Iter(test) [  50/5104]    eta: 0:14:04  time: 0.1563  data_time: 0.0759  memory: 1143  
2024/09/10 00:11:15 - mmengine - INFO - Iter(test) [ 100/5104]    eta: 0:13:19  time: 0.1565  data_time: 0.0696  memory: 1129  
2024/09/10 00:11:23 - mmengine - INFO - Iter(test) [ 150/5104]    eta: 0:13:03  time: 0.1628  data_time: 0.0759  memory: 1125  
2024/09/10 00:11:32 - mmengine - INFO - Iter(test) [ 200/5104]    eta: 0:13:39  time: 0.1764  data_time: 0.0829  memory: 1156  
2024/09/10 00:11:41 - mmengine - INFO - Iter(test) [ 250/5104]    eta: 0:13:38  time: 0.1542  data_time: 0.0770  memory: 1141  
2024/09/10 00:11:49 - mmengine - INFO - Iter(test) [ 300/5104]    eta: 0:13:16  time: 0.1527  data_time: 0.0758  memory: 1123  
2024/09/10 00:11:56 - mmengine - INFO - Iter(test) [ 350/5104]    eta: 0:12:57  time: 0.1532  data_time: 0.0730  memory: 1127  
2024/09/10 00:12:04 - mmengine - INFO - Iter(test) [ 400/5104]    eta: 0:12:45  time: 0.1575  data_time: 0.0740  memory: 1187  
2024/09/10 00:12:12 - mmengine - INFO - Iter(test) [ 450/5104]    eta: 0:12:33  time: 0.1575  data_time: 0.0835  memory: 1130  
2024/09/10 00:12:19 - mmengine - INFO - Iter(test) [ 500/5104]    eta: 0:12:19  time: 0.1443  data_time: 0.0707  memory: 1140  
2024/09/10 00:12:27 - mmengine - INFO - Iter(test) [ 550/5104]    eta: 0:12:08  time: 0.1520  data_time: 0.0750  memory: 1138  
2024/09/10 00:12:38 - mmengine - INFO - Iter(test) [ 600/5104]    eta: 0:12:19  time: 0.1837  data_time: 0.1101  memory: 1142  
2024/09/10 00:12:45 - mmengine - INFO - Iter(test) [ 650/5104]    eta: 0:12:09  time: 0.1504  data_time: 0.0733  memory: 1131  
2024/09/10 00:12:53 - mmengine - INFO - Iter(test) [ 700/5104]    eta: 0:11:57  time: 0.1445  data_time: 0.0742  memory: 1154  
2024/09/10 00:13:01 - mmengine - INFO - Iter(test) [ 750/5104]    eta: 0:11:46  time: 0.1506  data_time: 0.0770  memory: 1168  
2024/09/10 00:13:08 - mmengine - INFO - Iter(test) [ 800/5104]    eta: 0:11:36  time: 0.1519  data_time: 0.0751  memory: 1136  
2024/09/10 00:13:16 - mmengine - INFO - Iter(test) [ 850/5104]    eta: 0:11:25  time: 0.1494  data_time: 0.0756  memory: 1177  
2024/09/10 00:13:24 - mmengine - INFO - Iter(test) [ 900/5104]    eta: 0:11:16  time: 0.1474  data_time: 0.0738  memory: 1271  
2024/09/10 00:13:33 - mmengine - INFO - Iter(test) [ 950/5104]    eta: 0:11:14  time: 0.3432  data_time: 0.2596  memory: 1136  
2024/09/10 00:13:41 - mmengine - INFO - Iter(test) [1000/5104]    eta: 0:11:06  time: 0.1475  data_time: 0.0706  memory: 1127  
2024/09/10 00:13:49 - mmengine - INFO - Iter(test) [1050/5104]    eta: 0:10:56  time: 0.1595  data_time: 0.0759  memory: 1127  
2024/09/10 00:13:57 - mmengine - INFO - Iter(test) [1100/5104]    eta: 0:10:47  time: 0.1594  data_time: 0.0725  memory: 1211  
2024/09/10 00:14:05 - mmengine - INFO - Iter(test) [1150/5104]    eta: 0:10:38  time: 0.1521  data_time: 0.0751  memory: 1132  
2024/09/10 00:14:12 - mmengine - INFO - Iter(test) [1200/5104]    eta: 0:10:28  time: 0.1584  data_time: 0.0714  memory: 1162  
2024/09/10 00:14:20 - mmengine - INFO - Iter(test) [1250/5104]    eta: 0:10:19  time: 0.1536  data_time: 0.0734  memory: 1130  
2024/09/10 00:14:28 - mmengine - INFO - Iter(test) [1300/5104]    eta: 0:10:10  time: 0.1540  data_time: 0.0770  memory: 1147  
2024/09/10 00:14:37 - mmengine - INFO - Iter(test) [1350/5104]    eta: 0:10:06  time: 0.1673  data_time: 0.0903  memory: 1135  
2024/09/10 00:14:45 - mmengine - INFO - Iter(test) [1400/5104]    eta: 0:09:57  time: 0.1498  data_time: 0.0729  memory: 1193  
2024/09/10 00:14:52 - mmengine - INFO - Iter(test) [1450/5104]    eta: 0:09:47  time: 0.1528  data_time: 0.0759  memory: 1127  
2024/09/10 00:15:00 - mmengine - INFO - Iter(test) [1500/5104]    eta: 0:09:38  time: 0.1498  data_time: 0.0730  memory: 1137  
2024/09/10 00:15:07 - mmengine - INFO - Iter(test) [1550/5104]    eta: 0:09:29  time: 0.1531  data_time: 0.0729  memory: 1136  
2024/09/10 00:15:15 - mmengine - INFO - Iter(test) [1600/5104]    eta: 0:09:20  time: 0.1441  data_time: 0.0707  memory: 1155  
2024/09/10 00:15:22 - mmengine - INFO - Iter(test) [1650/5104]    eta: 0:09:11  time: 0.1506  data_time: 0.0770  memory: 1127  
2024/09/10 00:15:30 - mmengine - INFO - Iter(test) [1700/5104]    eta: 0:09:02  time: 0.1510  data_time: 0.0774  memory: 1179  
2024/09/10 00:15:41 - mmengine - INFO - Iter(test) [1750/5104]    eta: 0:09:00  time: 0.1565  data_time: 0.0728  memory: 1145  
2024/09/10 00:15:49 - mmengine - INFO - Iter(test) [1800/5104]    eta: 0:08:52  time: 0.1535  data_time: 0.0726  memory: 1181  
2024/09/10 00:15:57 - mmengine - INFO - Iter(test) [1850/5104]    eta: 0:08:43  time: 0.1488  data_time: 0.0751  memory: 1134  
2024/09/10 00:16:04 - mmengine - INFO - Iter(test) [1900/5104]    eta: 0:08:34  time: 0.1504  data_time: 0.0736  memory: 1190  
2024/09/10 00:16:12 - mmengine - INFO - Iter(test) [1950/5104]    eta: 0:08:26  time: 0.1559  data_time: 0.0720  memory: 1139  
2024/09/10 00:16:19 - mmengine - INFO - Iter(test) [2000/5104]    eta: 0:08:17  time: 0.1413  data_time: 0.0744  memory: 1124  
2024/09/10 00:16:27 - mmengine - INFO - Iter(test) [2050/5104]    eta: 0:08:08  time: 0.1556  data_time: 0.0719  memory: 1152  
2024/09/10 00:16:37 - mmengine - INFO - Iter(test) [2100/5104]    eta: 0:08:03  time: 0.3931  data_time: 0.3228  memory: 1130  
2024/09/10 00:16:46 - mmengine - INFO - Iter(test) [2150/5104]    eta: 0:07:56  time: 0.1516  data_time: 0.0714  memory: 1140  
2024/09/10 00:16:53 - mmengine - INFO - Iter(test) [2200/5104]    eta: 0:07:47  time: 0.1486  data_time: 0.0749  memory: 1155  
2024/09/10 00:17:01 - mmengine - INFO - Iter(test) [2250/5104]    eta: 0:07:38  time: 0.1499  data_time: 0.0729  memory: 1127  
2024/09/10 00:17:08 - mmengine - INFO - Iter(test) [2300/5104]    eta: 0:07:30  time: 0.1460  data_time: 0.0725  memory: 1136  
2024/09/10 00:17:16 - mmengine - INFO - Iter(test) [2350/5104]    eta: 0:07:22  time: 0.1520  data_time: 0.0750  memory: 1186  
2024/09/10 00:17:24 - mmengine - INFO - Iter(test) [2400/5104]    eta: 0:07:13  time: 0.1648  data_time: 0.0747  memory: 1142  
2024/09/10 00:17:32 - mmengine - INFO - Iter(test) [2450/5104]    eta: 0:07:05  time: 0.1536  data_time: 0.0733  memory: 1136  
2024/09/10 00:17:42 - mmengine - INFO - Iter(test) [2500/5104]    eta: 0:06:59  time: 0.1464  data_time: 0.0759  memory: 1251  
2024/09/10 00:17:50 - mmengine - INFO - Iter(test) [2550/5104]    eta: 0:06:51  time: 0.1647  data_time: 0.0845  memory: 1136  
2024/09/10 00:17:58 - mmengine - INFO - Iter(test) [2600/5104]    eta: 0:06:43  time: 0.1541  data_time: 0.0735  memory: 1147  
2024/09/10 00:18:06 - mmengine - INFO - Iter(test) [2650/5104]    eta: 0:06:35  time: 0.1613  data_time: 0.0711  memory: 1140  
2024/09/10 00:18:14 - mmengine - INFO - Iter(test) [2700/5104]    eta: 0:06:26  time: 0.1540  data_time: 0.0703  memory: 1194  
2024/09/10 00:18:21 - mmengine - INFO - Iter(test) [2750/5104]    eta: 0:06:18  time: 0.1555  data_time: 0.0750  memory: 1139  
2024/09/10 00:18:29 - mmengine - INFO - Iter(test) [2800/5104]    eta: 0:06:10  time: 0.1543  data_time: 0.0774  memory: 1129  
2024/09/10 00:18:37 - mmengine - INFO - Iter(test) [2850/5104]    eta: 0:06:02  time: 0.1769  data_time: 0.0900  memory: 1151  
2024/09/10 00:18:47 - mmengine - INFO - Iter(test) [2900/5104]    eta: 0:05:55  time: 0.1571  data_time: 0.0800  memory: 1182  
2024/09/10 00:18:55 - mmengine - INFO - Iter(test) [2950/5104]    eta: 0:05:47  time: 0.1606  data_time: 0.0738  memory: 1159  
2024/09/10 00:19:03 - mmengine - INFO - Iter(test) [3000/5104]    eta: 0:05:39  time: 0.1569  data_time: 0.0733  memory: 1150  
2024/09/10 00:19:11 - mmengine - INFO - Iter(test) [3050/5104]    eta: 0:05:30  time: 0.1525  data_time: 0.0723  memory: 1138  
2024/09/10 00:19:18 - mmengine - INFO - Iter(test) [3100/5104]    eta: 0:05:22  time: 0.1583  data_time: 0.0714  memory: 1151  
2024/09/10 00:19:26 - mmengine - INFO - Iter(test) [3150/5104]    eta: 0:05:14  time: 0.1497  data_time: 0.0760  memory: 1136  
2024/09/10 00:19:34 - mmengine - INFO - Iter(test) [3200/5104]    eta: 0:05:06  time: 0.1539  data_time: 0.0736  memory: 1127  
2024/09/10 00:19:43 - mmengine - INFO - Iter(test) [3250/5104]    eta: 0:04:58  time: 0.1925  data_time: 0.1121  memory: 1125  
2024/09/10 00:19:51 - mmengine - INFO - Iter(test) [3300/5104]    eta: 0:04:50  time: 0.1559  data_time: 0.0722  memory: 1136  
2024/09/10 00:19:58 - mmengine - INFO - Iter(test) [3350/5104]    eta: 0:04:42  time: 0.1536  data_time: 0.0798  memory: 1132  
2024/09/10 00:20:06 - mmengine - INFO - Iter(test) [3400/5104]    eta: 0:04:34  time: 0.1545  data_time: 0.0741  memory: 1136  
2024/09/10 00:20:14 - mmengine - INFO - Iter(test) [3450/5104]    eta: 0:04:25  time: 0.1565  data_time: 0.0761  memory: 1129  
2024/09/10 00:20:22 - mmengine - INFO - Iter(test) [3500/5104]    eta: 0:04:17  time: 0.1665  data_time: 0.0830  memory: 1139  
2024/09/10 00:20:29 - mmengine - INFO - Iter(test) [3550/5104]    eta: 0:04:09  time: 0.1531  data_time: 0.0728  memory: 1159  
2024/09/10 00:20:37 - mmengine - INFO - Iter(test) [3600/5104]    eta: 0:04:01  time: 0.1474  data_time: 0.0765  memory: 1136  
2024/09/10 00:20:46 - mmengine - INFO - Iter(test) [3650/5104]    eta: 0:03:53  time: 0.1524  data_time: 0.0751  memory: 1136  
2024/09/10 00:20:54 - mmengine - INFO - Iter(test) [3700/5104]    eta: 0:03:45  time: 0.1557  data_time: 0.0753  memory: 1124  
2024/09/10 00:21:01 - mmengine - INFO - Iter(test) [3750/5104]    eta: 0:03:37  time: 0.1535  data_time: 0.0764  memory: 1136  
2024/09/10 00:21:09 - mmengine - INFO - Iter(test) [3800/5104]    eta: 0:03:29  time: 0.1532  data_time: 0.0761  memory: 1147  
2024/09/10 00:21:17 - mmengine - INFO - Iter(test) [3850/5104]    eta: 0:03:21  time: 0.1553  data_time: 0.0716  memory: 1133  
2024/09/10 00:21:24 - mmengine - INFO - Iter(test) [3900/5104]    eta: 0:03:12  time: 0.1515  data_time: 0.0745  memory: 1127  
2024/09/10 00:21:32 - mmengine - INFO - Iter(test) [3950/5104]    eta: 0:03:04  time: 0.1535  data_time: 0.0729  memory: 1141  
2024/09/10 00:21:39 - mmengine - INFO - Iter(test) [4000/5104]    eta: 0:02:56  time: 0.1509  data_time: 0.0737  memory: 1135  
2024/09/10 00:21:48 - mmengine - INFO - Iter(test) [4050/5104]    eta: 0:02:48  time: 0.1575  data_time: 0.0738  memory: 1141  
2024/09/10 00:21:56 - mmengine - INFO - Iter(test) [4100/5104]    eta: 0:02:40  time: 0.1613  data_time: 0.0711  memory: 1157  
2024/09/10 00:22:04 - mmengine - INFO - Iter(test) [4150/5104]    eta: 0:02:32  time: 0.1491  data_time: 0.0754  memory: 1129  
2024/09/10 00:22:11 - mmengine - INFO - Iter(test) [4200/5104]    eta: 0:02:24  time: 0.1434  data_time: 0.0729  memory: 1128  
2024/09/10 00:22:19 - mmengine - INFO - Iter(test) [4250/5104]    eta: 0:02:16  time: 0.1547  data_time: 0.0743  memory: 1124  
2024/09/10 00:22:27 - mmengine - INFO - Iter(test) [4300/5104]    eta: 0:02:08  time: 0.1651  data_time: 0.0745  memory: 1220  
2024/09/10 00:22:35 - mmengine - INFO - Iter(test) [4350/5104]    eta: 0:02:00  time: 0.1558  data_time: 0.0821  memory: 1174  
2024/09/10 00:22:42 - mmengine - INFO - Iter(test) [4400/5104]    eta: 0:01:52  time: 0.1511  data_time: 0.0838  memory: 1131  
2024/09/10 00:22:51 - mmengine - INFO - Iter(test) [4450/5104]    eta: 0:01:44  time: 0.1497  data_time: 0.0759  memory: 1147  
2024/09/10 00:22:59 - mmengine - INFO - Iter(test) [4500/5104]    eta: 0:01:36  time: 0.1547  data_time: 0.0742  memory: 1143  
2024/09/10 00:23:07 - mmengine - INFO - Iter(test) [4550/5104]    eta: 0:01:28  time: 0.1781  data_time: 0.0944  memory: 1136  
2024/09/10 00:23:15 - mmengine - INFO - Iter(test) [4600/5104]    eta: 0:01:20  time: 0.1551  data_time: 0.0744  memory: 1125  
2024/09/10 00:23:22 - mmengine - INFO - Iter(test) [4650/5104]    eta: 0:01:12  time: 0.1528  data_time: 0.0724  memory: 1136  
2024/09/10 00:23:30 - mmengine - INFO - Iter(test) [4700/5104]    eta: 0:01:04  time: 0.1532  data_time: 0.0761  memory: 1139  
2024/09/10 00:23:38 - mmengine - INFO - Iter(test) [4750/5104]    eta: 0:00:56  time: 0.1581  data_time: 0.0775  memory: 1173  
2024/09/10 00:23:46 - mmengine - INFO - Iter(test) [4800/5104]    eta: 0:00:48  time: 0.2371  data_time: 0.1533  memory: 1124  
2024/09/10 00:23:54 - mmengine - INFO - Iter(test) [4850/5104]    eta: 0:00:40  time: 0.1467  data_time: 0.0761  memory: 1140  
2024/09/10 00:24:02 - mmengine - INFO - Iter(test) [4900/5104]    eta: 0:00:32  time: 0.1579  data_time: 0.0740  memory: 1162  
2024/09/10 00:24:10 - mmengine - INFO - Iter(test) [4950/5104]    eta: 0:00:24  time: 0.1540  data_time: 0.0735  memory: 1143  
2024/09/10 00:24:18 - mmengine - INFO - Iter(test) [5000/5104]    eta: 0:00:16  time: 0.1550  data_time: 0.0745  memory: 1141  
2024/09/10 00:24:25 - mmengine - INFO - Iter(test) [5050/5104]    eta: 0:00:08  time: 0.1555  data_time: 0.0751  memory: 1132  
2024/09/10 00:24:33 - mmengine - INFO - Iter(test) [5100/5104]    eta: 0:00:00  time: 0.1512  data_time: 0.0741  memory: 1128  
2024/09/10 00:24:34 - mmengine - INFO - Iter(test) [5104/5104]    aAcc: 43.8500  mIoU: 30.0700  mAcc: 39.9300  data_time: 0.0804  time: 0.1596
