2024/09/09 22:55:48 - mmengine - INFO - 
------------------------------------------------------------
System environment:
    sys.platform: linux
    Python: 3.9.19 | packaged by conda-forge | (main, Mar 20 2024, 12:50:21) [GCC 12.3.0]
    CUDA available: True
    numpy_random_seed: 526216895
    CUDA_HOME: /tools/cuda/cuda11.8
    NVCC: Cuda compilation tools, release 11.8, V11.8.89
    GCC: gcc (Ubuntu 7.5.0-3ubuntu1~18.04) 7.5.0
    PyTorch: 1.13.1+cu117
    PyTorch compiling details: PyTorch built with:
  - GCC 9.3
  - C++ Version: 201402
  - Intel(R) Math Kernel Library Version 2020.0.0 Product Build 20191122 for Intel(R) 64 architecture applications
  - Intel(R) MKL-DNN v2.6.0 (Git Hash 52b5f107dd9cf10910aaa19cb47f3abf9b349815)
  - OpenMP 201511 (a.k.a. OpenMP 4.5)
  - LAPACK is enabled (usually provided by MKL)
  - NNPACK is enabled
  - CPU capability usage: AVX2
  - CUDA Runtime 11.7
  - NVCC architecture flags: -gencode;arch=compute_37,code=sm_37;-gencode;arch=compute_50,code=sm_50;-gencode;arch=compute_60,code=sm_60;-gencode;arch=compute_70,code=sm_70;-gencode;arch=compute_75,code=sm_75;-gencode;arch=compute_80,code=sm_80;-gencode;arch=compute_86,code=sm_86
  - CuDNN 8.5
  - Magma 2.6.1
  - Build settings: BLAS_INFO=mkl, BUILD_TYPE=Release, CUDA_VERSION=11.7, CUDNN_VERSION=8.5.0, CXX_COMPILER=/opt/rh/devtoolset-9/root/usr/bin/c++, CXX_FLAGS= -fabi-version=11 -Wno-deprecated -fvisibility-inlines-hidden -DUSE_PTHREADPOOL -fopenmp -DNDEBUG -DUSE_KINETO -DUSE_FBGEMM -DUSE_QNNPACK -DUSE_PYTORCH_QNNPACK -DUSE_XNNPACK -DSYMBOLICATE_MOBILE_DEBUG_HANDLE -DEDGE_PROFILER_USE_KINETO -O2 -fPIC -Wno-narrowing -Wall -Wextra -Werror=return-type -Werror=non-virtual-dtor -Wno-missing-field-initializers -Wno-type-limits -Wno-array-bounds -Wno-unknown-pragmas -Wunused-local-typedefs -Wno-unused-parameter -Wno-unused-function -Wno-unused-result -Wno-strict-overflow -Wno-strict-aliasing -Wno-error=deprecated-declarations -Wno-stringop-overflow -Wno-psabi -Wno-error=pedantic -Wno-error=redundant-decls -Wno-error=old-style-cast -fdiagnostics-color=always -faligned-new -Wno-unused-but-set-variable -Wno-maybe-uninitialized -fno-math-errno -fno-trapping-math -Werror=format -Werror=cast-function-type -Wno-stringop-overflow, LAPACK_INFO=mkl, PERF_WITH_AVX=1, PERF_WITH_AVX2=1, PERF_WITH_AVX512=1, TORCH_VERSION=1.13.1, USE_CUDA=ON, USE_CUDNN=ON, USE_EXCEPTION_PTR=1, USE_GFLAGS=OFF, USE_GLOG=OFF, USE_MKL=ON, USE_MKLDNN=ON, USE_MPI=OFF, USE_NCCL=ON, USE_NNPACK=ON, USE_OPENMP=ON, USE_ROCM=OFF, 

    TorchVision: 0.14.1+cu117
    OpenCV: 4.10.0
    MMEngine: 0.8.4

Runtime environment:
    cudnn_benchmark: True
    mp_cfg: {'mp_start_method': 'fork', 'opencv_num_threads': 0}
    dist_cfg: {'backend': 'nccl'}
    seed: 526216895
    Distributed launcher: none
    Distributed training: False
    GPU number: 1
------------------------------------------------------------

2024/09/09 22:55:48 - mmengine - INFO - Config:
data_root = '/SHARE_ST/icl/Neurips2024/zeroseg_kdu_khy/data/coco_stuff164k'
dataset_type = 'COCOObjectDataset'
default_hooks = dict(
    checkpoint=dict(by_epoch=False, interval=2000, type='CheckpointHook'),
    logger=dict(interval=50, log_metric_by_epoch=False, type='LoggerHook'),
    param_scheduler=dict(type='ParamSchedulerHook'),
    sampler_seed=dict(type='DistSamplerSeedHook'),
    timer=dict(type='IterTimerHook'),
    visualization=dict(draw=True, interval=1, type='SegVisualizationHook'))
default_scope = 'mmseg'
env_cfg = dict(
    cudnn_benchmark=True,
    dist_cfg=dict(backend='nccl'),
    mp_cfg=dict(mp_start_method='fork', opencv_num_threads=0))
launcher = 'none'
load_from = None
log_level = 'INFO'
log_processor = dict(by_epoch=False)
model = dict(
    P=0.14,
    T=0.18,
    clip_path='ViT-B/16',
    kl_sizes=[
        0.9414559755432428,
        0.8704740441581599,
        0.9504402830371943,
    ],
    logit_scale=50,
    name_path='./configs/cls_coco_object.txt',
    prob_thd=0.45,
    type='CLIPForSegmentation')
resume = False
test_cfg = dict(type='TestLoop')
test_dataloader = dict(
    batch_size=1,
    dataset=dict(
        data_prefix=dict(
            img_path='images/val2017', seg_map_path='annotations/val2017'),
        data_root=
        '/SHARE_ST/icl/Neurips2024/zeroseg_kdu_khy/data/coco_stuff164k',
        pipeline=[
            dict(type='LoadImageFromFile'),
            dict(keep_ratio=True, scale=(
                2048,
                448,
            ), type='Resize'),
            dict(type='LoadAnnotations'),
            dict(type='PackSegInputs'),
        ],
        reduce_zero_label=False,
        type='COCOObjectDataset'),
    num_workers=4,
    persistent_workers=True,
    sampler=dict(shuffle=False, type='DefaultSampler'))
test_evaluator = dict(
    iou_metrics=[
        'mIoU',
    ], type='IoUMetric')
test_pipeline = [
    dict(type='LoadImageFromFile'),
    dict(keep_ratio=True, scale=(
        2048,
        448,
    ), type='Resize'),
    dict(type='LoadAnnotations'),
    dict(type='PackSegInputs'),
]
vis_backends = [
    dict(type='LocalVisBackend'),
]
visualizer = dict(
    name='visualizer',
    save_dir='./outputs/',
    type='SegLocalVisualizer',
    vis_backends=[
        dict(type='LocalVisBackend'),
    ])
work_dir = './hyper-coco'

2024/09/09 22:55:54 - mmengine - INFO - Distributed training is not used, all SyncBatchNorm (SyncBN) layers in the model will be automatically reverted to BatchNormXd layers if they are used.
2024/09/09 22:55:54 - mmengine - INFO - Hooks will be executed in the following order:
before_run:
(VERY_HIGH   ) RuntimeInfoHook                    
(BELOW_NORMAL) LoggerHook                         
 -------------------- 
before_train:
(VERY_HIGH   ) RuntimeInfoHook                    
(NORMAL      ) IterTimerHook                      
(VERY_LOW    ) CheckpointHook                     
 -------------------- 
before_train_epoch:
(VERY_HIGH   ) RuntimeInfoHook                    
(NORMAL      ) IterTimerHook                      
(NORMAL      ) DistSamplerSeedHook                
 -------------------- 
before_train_iter:
(VERY_HIGH   ) RuntimeInfoHook                    
(NORMAL      ) IterTimerHook                      
 -------------------- 
after_train_iter:
(VERY_HIGH   ) RuntimeInfoHook                    
(NORMAL      ) IterTimerHook                      
(NORMAL      ) SegVisualizationHook               
(BELOW_NORMAL) LoggerHook                         
(LOW         ) ParamSchedulerHook                 
(VERY_LOW    ) CheckpointHook                     
 -------------------- 
after_train_epoch:
(NORMAL      ) IterTimerHook                      
(LOW         ) ParamSchedulerHook                 
(VERY_LOW    ) CheckpointHook                     
 -------------------- 
before_val:
(VERY_HIGH   ) RuntimeInfoHook                    
 -------------------- 
before_val_epoch:
(NORMAL      ) IterTimerHook                      
 -------------------- 
before_val_iter:
(NORMAL      ) IterTimerHook                      
 -------------------- 
after_val_iter:
(NORMAL      ) IterTimerHook                      
(NORMAL      ) SegVisualizationHook               
(BELOW_NORMAL) LoggerHook                         
 -------------------- 
after_val_epoch:
(VERY_HIGH   ) RuntimeInfoHook                    
(NORMAL      ) IterTimerHook                      
(BELOW_NORMAL) LoggerHook                         
(LOW         ) ParamSchedulerHook                 
(VERY_LOW    ) CheckpointHook                     
 -------------------- 
after_val:
(VERY_HIGH   ) RuntimeInfoHook                    
 -------------------- 
after_train:
(VERY_HIGH   ) RuntimeInfoHook                    
(VERY_LOW    ) CheckpointHook                     
 -------------------- 
before_test:
(VERY_HIGH   ) RuntimeInfoHook                    
 -------------------- 
before_test_epoch:
(NORMAL      ) IterTimerHook                      
 -------------------- 
before_test_iter:
(NORMAL      ) IterTimerHook                      
 -------------------- 
after_test_iter:
(NORMAL      ) IterTimerHook                      
(NORMAL      ) SegVisualizationHook               
(BELOW_NORMAL) LoggerHook                         
 -------------------- 
after_test_epoch:
(VERY_HIGH   ) RuntimeInfoHook                    
(NORMAL      ) IterTimerHook                      
(BELOW_NORMAL) LoggerHook                         
 -------------------- 
after_test:
(VERY_HIGH   ) RuntimeInfoHook                    
 -------------------- 
after_run:
(BELOW_NORMAL) LoggerHook                         
 -------------------- 
2024/09/09 22:56:04 - mmengine - INFO - Iter(test) [  50/5000]    eta: 0:15:52  time: 0.1909  data_time: 0.0887  memory: 1286  
2024/09/09 22:56:13 - mmengine - INFO - Iter(test) [ 100/5000]    eta: 0:14:52  time: 0.1786  data_time: 0.0981  memory: 1275  
2024/09/09 22:56:22 - mmengine - INFO - Iter(test) [ 150/5000]    eta: 0:14:54  time: 0.1966  data_time: 0.0940  memory: 1270  
2024/09/09 22:56:31 - mmengine - INFO - Iter(test) [ 200/5000]    eta: 0:14:28  time: 0.1589  data_time: 0.0832  memory: 1274  
2024/09/09 22:56:39 - mmengine - INFO - Iter(test) [ 250/5000]    eta: 0:14:12  time: 0.1537  data_time: 0.0869  memory: 1269  
2024/09/09 22:56:49 - mmengine - INFO - Iter(test) [ 300/5000]    eta: 0:14:10  time: 0.1925  data_time: 0.0880  memory: 1279  
2024/09/09 22:56:58 - mmengine - INFO - Iter(test) [ 350/5000]    eta: 0:14:03  time: 0.1885  data_time: 0.0830  memory: 1269  
2024/09/09 22:57:07 - mmengine - INFO - Iter(test) [ 400/5000]    eta: 0:13:51  time: 0.1846  data_time: 0.0907  memory: 1324  
2024/09/09 22:57:16 - mmengine - INFO - Iter(test) [ 450/5000]    eta: 0:13:40  time: 0.1802  data_time: 0.1045  memory: 1284  
2024/09/09 22:57:24 - mmengine - INFO - Iter(test) [ 500/5000]    eta: 0:13:28  time: 0.1787  data_time: 0.0936  memory: 1284  
2024/09/09 22:57:33 - mmengine - INFO - Iter(test) [ 550/5000]    eta: 0:13:17  time: 0.1674  data_time: 0.0924  memory: 1270  
2024/09/09 22:57:42 - mmengine - INFO - Iter(test) [ 600/5000]    eta: 0:13:10  time: 0.1799  data_time: 0.0911  memory: 1291  
2024/09/09 22:57:51 - mmengine - INFO - Iter(test) [ 650/5000]    eta: 0:13:02  time: 0.1708  data_time: 0.0961  memory: 1312  
2024/09/09 22:58:00 - mmengine - INFO - Iter(test) [ 700/5000]    eta: 0:12:53  time: 0.1764  data_time: 0.0958  memory: 1263  
2024/09/09 22:58:09 - mmengine - INFO - Iter(test) [ 750/5000]    eta: 0:12:42  time: 0.1554  data_time: 0.0899  memory: 1272  
2024/09/09 22:58:18 - mmengine - INFO - Iter(test) [ 800/5000]    eta: 0:12:34  time: 0.1827  data_time: 0.0925  memory: 1270  
2024/09/09 22:58:27 - mmengine - INFO - Iter(test) [ 850/5000]    eta: 0:12:23  time: 0.1709  data_time: 0.0927  memory: 1348  
2024/09/09 22:58:35 - mmengine - INFO - Iter(test) [ 900/5000]    eta: 0:12:11  time: 0.1524  data_time: 0.0799  memory: 1253  
2024/09/09 22:58:44 - mmengine - INFO - Iter(test) [ 950/5000]    eta: 0:12:02  time: 0.1749  data_time: 0.0898  memory: 1275  
2024/09/09 22:58:53 - mmengine - INFO - Iter(test) [1000/5000]    eta: 0:11:54  time: 0.1877  data_time: 0.0867  memory: 1295  
2024/09/09 22:59:02 - mmengine - INFO - Iter(test) [1050/5000]    eta: 0:11:45  time: 0.1768  data_time: 0.0855  memory: 1286  
2024/09/09 22:59:11 - mmengine - INFO - Iter(test) [1100/5000]    eta: 0:11:35  time: 0.1739  data_time: 0.0912  memory: 1284  
2024/09/09 22:59:20 - mmengine - INFO - Iter(test) [1150/5000]    eta: 0:11:27  time: 0.1776  data_time: 0.1065  memory: 1271  
2024/09/09 22:59:29 - mmengine - INFO - Iter(test) [1200/5000]    eta: 0:11:17  time: 0.1737  data_time: 0.0884  memory: 1271  
2024/09/09 22:59:38 - mmengine - INFO - Iter(test) [1250/5000]    eta: 0:11:10  time: 0.1907  data_time: 0.0923  memory: 1349  
2024/09/09 22:59:47 - mmengine - INFO - Iter(test) [1300/5000]    eta: 0:11:01  time: 0.1745  data_time: 0.0943  memory: 1280  
2024/09/09 22:59:55 - mmengine - INFO - Iter(test) [1350/5000]    eta: 0:10:51  time: 0.1903  data_time: 0.0931  memory: 1270  
2024/09/09 23:00:04 - mmengine - INFO - Iter(test) [1400/5000]    eta: 0:10:42  time: 0.1899  data_time: 0.0984  memory: 1335  
2024/09/09 23:00:13 - mmengine - INFO - Iter(test) [1450/5000]    eta: 0:10:33  time: 0.1890  data_time: 0.0911  memory: 1270  
2024/09/09 23:00:22 - mmengine - INFO - Iter(test) [1500/5000]    eta: 0:10:25  time: 0.1938  data_time: 0.0910  memory: 1273  
2024/09/09 23:00:31 - mmengine - INFO - Iter(test) [1550/5000]    eta: 0:10:15  time: 0.1634  data_time: 0.0871  memory: 1270  
2024/09/09 23:00:41 - mmengine - INFO - Iter(test) [1600/5000]    eta: 0:10:07  time: 0.1787  data_time: 0.0982  memory: 1271  
2024/09/09 23:00:50 - mmengine - INFO - Iter(test) [1650/5000]    eta: 0:09:59  time: 0.1778  data_time: 0.0955  memory: 1368  
2024/09/09 23:00:59 - mmengine - INFO - Iter(test) [1700/5000]    eta: 0:09:50  time: 0.1727  data_time: 0.0873  memory: 1311  
2024/09/09 23:01:08 - mmengine - INFO - Iter(test) [1750/5000]    eta: 0:09:42  time: 0.1750  data_time: 0.0975  memory: 1295  
2024/09/09 23:01:17 - mmengine - INFO - Iter(test) [1800/5000]    eta: 0:09:32  time: 0.1844  data_time: 0.0925  memory: 1407  
2024/09/09 23:01:26 - mmengine - INFO - Iter(test) [1850/5000]    eta: 0:09:23  time: 0.1809  data_time: 0.0932  memory: 1294  
2024/09/09 23:01:35 - mmengine - INFO - Iter(test) [1900/5000]    eta: 0:09:14  time: 0.2087  data_time: 0.0878  memory: 1270  
2024/09/09 23:01:43 - mmengine - INFO - Iter(test) [1950/5000]    eta: 0:09:04  time: 0.1600  data_time: 0.0914  memory: 1286  
2024/09/09 23:01:52 - mmengine - INFO - Iter(test) [2000/5000]    eta: 0:08:55  time: 0.1736  data_time: 0.0898  memory: 1284  
2024/09/09 23:02:01 - mmengine - INFO - Iter(test) [2050/5000]    eta: 0:08:47  time: 0.1576  data_time: 0.0966  memory: 1270  
2024/09/09 23:02:10 - mmengine - INFO - Iter(test) [2100/5000]    eta: 0:08:38  time: 0.1610  data_time: 0.1007  memory: 1277  
2024/09/09 23:02:19 - mmengine - INFO - Iter(test) [2150/5000]    eta: 0:08:28  time: 0.1699  data_time: 0.0889  memory: 1297  
2024/09/09 23:02:27 - mmengine - INFO - Iter(test) [2200/5000]    eta: 0:08:19  time: 0.1684  data_time: 0.0833  memory: 1264  
2024/09/09 23:02:37 - mmengine - INFO - Iter(test) [2250/5000]    eta: 0:08:11  time: 0.2057  data_time: 0.0848  memory: 1287  
2024/09/09 23:02:45 - mmengine - INFO - Iter(test) [2300/5000]    eta: 0:08:01  time: 0.1617  data_time: 0.0934  memory: 1274  
2024/09/09 23:02:54 - mmengine - INFO - Iter(test) [2350/5000]    eta: 0:07:52  time: 0.1875  data_time: 0.1030  memory: 1271  
2024/09/09 23:03:03 - mmengine - INFO - Iter(test) [2400/5000]    eta: 0:07:43  time: 0.1753  data_time: 0.0909  memory: 1270  
2024/09/09 23:03:12 - mmengine - INFO - Iter(test) [2450/5000]    eta: 0:07:35  time: 0.1733  data_time: 0.0881  memory: 1269  
2024/09/09 23:03:21 - mmengine - INFO - Iter(test) [2500/5000]    eta: 0:07:26  time: 0.1662  data_time: 0.0895  memory: 1291  
2024/09/09 23:03:30 - mmengine - INFO - Iter(test) [2550/5000]    eta: 0:07:17  time: 0.1792  data_time: 0.1001  memory: 1282  
2024/09/09 23:03:39 - mmengine - INFO - Iter(test) [2600/5000]    eta: 0:07:08  time: 0.1588  data_time: 0.0828  memory: 1415  
2024/09/09 23:03:48 - mmengine - INFO - Iter(test) [2650/5000]    eta: 0:06:59  time: 0.1653  data_time: 0.0848  memory: 1270  
2024/09/09 23:03:57 - mmengine - INFO - Iter(test) [2700/5000]    eta: 0:06:50  time: 0.1609  data_time: 0.0894  memory: 1282  
2024/09/09 23:04:05 - mmengine - INFO - Iter(test) [2750/5000]    eta: 0:06:41  time: 0.1577  data_time: 0.0871  memory: 1299  
2024/09/09 23:04:14 - mmengine - INFO - Iter(test) [2800/5000]    eta: 0:06:32  time: 0.1849  data_time: 0.0959  memory: 1284  
2024/09/09 23:04:23 - mmengine - INFO - Iter(test) [2850/5000]    eta: 0:06:23  time: 0.1755  data_time: 0.0904  memory: 1270  
2024/09/09 23:04:32 - mmengine - INFO - Iter(test) [2900/5000]    eta: 0:06:14  time: 0.1786  data_time: 0.0960  memory: 1309  
2024/09/09 23:04:40 - mmengine - INFO - Iter(test) [2950/5000]    eta: 0:06:05  time: 0.1589  data_time: 0.0934  memory: 1270  
2024/09/09 23:04:49 - mmengine - INFO - Iter(test) [3000/5000]    eta: 0:05:56  time: 0.1731  data_time: 0.0849  memory: 1299  
2024/09/09 23:04:58 - mmengine - INFO - Iter(test) [3050/5000]    eta: 0:05:47  time: 0.1660  data_time: 0.0894  memory: 1275  
2024/09/09 23:05:07 - mmengine - INFO - Iter(test) [3100/5000]    eta: 0:05:38  time: 0.1682  data_time: 0.0900  memory: 1271  
2024/09/09 23:05:16 - mmengine - INFO - Iter(test) [3150/5000]    eta: 0:05:29  time: 0.1717  data_time: 0.0920  memory: 1270  
2024/09/09 23:05:25 - mmengine - INFO - Iter(test) [3200/5000]    eta: 0:05:20  time: 0.1900  data_time: 0.0898  memory: 1285  
2024/09/09 23:05:34 - mmengine - INFO - Iter(test) [3250/5000]    eta: 0:05:11  time: 0.2015  data_time: 0.0788  memory: 1383  
2024/09/09 23:05:43 - mmengine - INFO - Iter(test) [3300/5000]    eta: 0:05:02  time: 0.1610  data_time: 0.0883  memory: 1279  
2024/09/09 23:05:51 - mmengine - INFO - Iter(test) [3350/5000]    eta: 0:04:53  time: 0.2018  data_time: 0.1207  memory: 1269  
2024/09/09 23:06:01 - mmengine - INFO - Iter(test) [3400/5000]    eta: 0:04:45  time: 0.1891  data_time: 0.0987  memory: 1269  
2024/09/09 23:06:09 - mmengine - INFO - Iter(test) [3450/5000]    eta: 0:04:36  time: 0.1587  data_time: 0.0829  memory: 1270  
2024/09/09 23:06:18 - mmengine - INFO - Iter(test) [3500/5000]    eta: 0:04:27  time: 0.1702  data_time: 0.0947  memory: 1280  
2024/09/09 23:06:27 - mmengine - INFO - Iter(test) [3550/5000]    eta: 0:04:18  time: 0.1710  data_time: 0.0912  memory: 1255  
2024/09/09 23:06:36 - mmengine - INFO - Iter(test) [3600/5000]    eta: 0:04:09  time: 0.1678  data_time: 0.0888  memory: 1272  
2024/09/09 23:06:45 - mmengine - INFO - Iter(test) [3650/5000]    eta: 0:04:00  time: 0.1934  data_time: 0.0876  memory: 1284  
2024/09/09 23:06:53 - mmengine - INFO - Iter(test) [3700/5000]    eta: 0:03:51  time: 0.1868  data_time: 0.0848  memory: 1285  
2024/09/09 23:07:02 - mmengine - INFO - Iter(test) [3750/5000]    eta: 0:03:42  time: 0.1626  data_time: 0.0864  memory: 1264  
2024/09/09 23:07:11 - mmengine - INFO - Iter(test) [3800/5000]    eta: 0:03:33  time: 0.1753  data_time: 0.0867  memory: 1297  
2024/09/09 23:07:20 - mmengine - INFO - Iter(test) [3850/5000]    eta: 0:03:24  time: 0.1747  data_time: 0.0883  memory: 1271  
2024/09/09 23:07:29 - mmengine - INFO - Iter(test) [3900/5000]    eta: 0:03:15  time: 0.1668  data_time: 0.0883  memory: 1400  
2024/09/09 23:07:37 - mmengine - INFO - Iter(test) [3950/5000]    eta: 0:03:06  time: 0.1721  data_time: 0.0908  memory: 1277  
2024/09/09 23:07:47 - mmengine - INFO - Iter(test) [4000/5000]    eta: 0:02:57  time: 0.1833  data_time: 0.0997  memory: 1375  
2024/09/09 23:07:56 - mmengine - INFO - Iter(test) [4050/5000]    eta: 0:02:49  time: 0.1742  data_time: 0.0902  memory: 1270  
2024/09/09 23:08:05 - mmengine - INFO - Iter(test) [4100/5000]    eta: 0:02:40  time: 0.1667  data_time: 0.0918  memory: 1262  
2024/09/09 23:08:13 - mmengine - INFO - Iter(test) [4150/5000]    eta: 0:02:31  time: 0.1709  data_time: 0.0948  memory: 1267  
2024/09/09 23:08:22 - mmengine - INFO - Iter(test) [4200/5000]    eta: 0:02:22  time: 0.1946  data_time: 0.0954  memory: 1270  
2024/09/09 23:08:31 - mmengine - INFO - Iter(test) [4250/5000]    eta: 0:02:13  time: 0.1864  data_time: 0.0901  memory: 1392  
2024/09/09 23:08:41 - mmengine - INFO - Iter(test) [4300/5000]    eta: 0:02:04  time: 0.1746  data_time: 0.0863  memory: 1311  
2024/09/09 23:08:50 - mmengine - INFO - Iter(test) [4350/5000]    eta: 0:01:55  time: 0.1839  data_time: 0.0960  memory: 1325  
2024/09/09 23:08:58 - mmengine - INFO - Iter(test) [4400/5000]    eta: 0:01:46  time: 0.1689  data_time: 0.0818  memory: 1302  
2024/09/09 23:09:07 - mmengine - INFO - Iter(test) [4450/5000]    eta: 0:01:37  time: 0.1608  data_time: 0.0925  memory: 1296  
2024/09/09 23:09:16 - mmengine - INFO - Iter(test) [4500/5000]    eta: 0:01:29  time: 0.1949  data_time: 0.0894  memory: 1294  
2024/09/09 23:09:25 - mmengine - INFO - Iter(test) [4550/5000]    eta: 0:01:20  time: 0.1738  data_time: 0.0884  memory: 1345  
2024/09/09 23:09:34 - mmengine - INFO - Iter(test) [4600/5000]    eta: 0:01:11  time: 0.1891  data_time: 0.0880  memory: 1270  
2024/09/09 23:09:43 - mmengine - INFO - Iter(test) [4650/5000]    eta: 0:01:02  time: 0.1836  data_time: 0.1012  memory: 1271  
2024/09/09 23:09:52 - mmengine - INFO - Iter(test) [4700/5000]    eta: 0:00:53  time: 0.1758  data_time: 0.0874  memory: 1292  
2024/09/09 23:10:01 - mmengine - INFO - Iter(test) [4750/5000]    eta: 0:00:44  time: 0.1763  data_time: 0.0905  memory: 1291  
2024/09/09 23:10:10 - mmengine - INFO - Iter(test) [4800/5000]    eta: 0:00:35  time: 0.1663  data_time: 0.0860  memory: 1318  
2024/09/09 23:10:19 - mmengine - INFO - Iter(test) [4850/5000]    eta: 0:00:26  time: 0.1819  data_time: 0.0943  memory: 1253  
2024/09/09 23:10:27 - mmengine - INFO - Iter(test) [4900/5000]    eta: 0:00:17  time: 0.1679  data_time: 0.0884  memory: 1287  
2024/09/09 23:10:36 - mmengine - INFO - Iter(test) [4950/5000]    eta: 0:00:08  time: 0.1552  data_time: 0.0824  memory: 1258  
2024/09/09 23:10:45 - mmengine - INFO - Iter(test) [5000/5000]    eta: 0:00:00  time: 0.1616  data_time: 0.0882  memory: 1297  
2024/09/09 23:10:45 - mmengine - INFO - Iter(test) [5000/5000]    aAcc: 72.0300  mIoU: 34.3900  mAcc: 56.7100  data_time: 0.0924  time: 0.1780
