2024/09/09 21:30:16 - mmengine - INFO - 
------------------------------------------------------------
System environment:
    sys.platform: linux
    Python: 3.9.19 | packaged by conda-forge | (main, Mar 20 2024, 12:50:21) [GCC 12.3.0]
    CUDA available: True
    numpy_random_seed: 1760853245
    CUDA_HOME: /tools/cuda/cuda11.8
    NVCC: Cuda compilation tools, release 11.8, V11.8.89
    GCC: gcc (Ubuntu 7.5.0-3ubuntu1~18.04) 7.5.0
    PyTorch: 1.13.1+cu117
    PyTorch compiling details: PyTorch built with:
  - GCC 9.3
  - C++ Version: 201402
  - Intel(R) Math Kernel Library Version 2020.0.0 Product Build 20191122 for Intel(R) 64 architecture applications
  - Intel(R) MKL-DNN v2.6.0 (Git Hash 52b5f107dd9cf10910aaa19cb47f3abf9b349815)
  - OpenMP 201511 (a.k.a. OpenMP 4.5)
  - LAPACK is enabled (usually provided by MKL)
  - NNPACK is enabled
  - CPU capability usage: AVX2
  - CUDA Runtime 11.7
  - NVCC architecture flags: -gencode;arch=compute_37,code=sm_37;-gencode;arch=compute_50,code=sm_50;-gencode;arch=compute_60,code=sm_60;-gencode;arch=compute_70,code=sm_70;-gencode;arch=compute_75,code=sm_75;-gencode;arch=compute_80,code=sm_80;-gencode;arch=compute_86,code=sm_86
  - CuDNN 8.5
  - Magma 2.6.1
  - Build settings: BLAS_INFO=mkl, BUILD_TYPE=Release, CUDA_VERSION=11.7, CUDNN_VERSION=8.5.0, CXX_COMPILER=/opt/rh/devtoolset-9/root/usr/bin/c++, CXX_FLAGS= -fabi-version=11 -Wno-deprecated -fvisibility-inlines-hidden -DUSE_PTHREADPOOL -fopenmp -DNDEBUG -DUSE_KINETO -DUSE_FBGEMM -DUSE_QNNPACK -DUSE_PYTORCH_QNNPACK -DUSE_XNNPACK -DSYMBOLICATE_MOBILE_DEBUG_HANDLE -DEDGE_PROFILER_USE_KINETO -O2 -fPIC -Wno-narrowing -Wall -Wextra -Werror=return-type -Werror=non-virtual-dtor -Wno-missing-field-initializers -Wno-type-limits -Wno-array-bounds -Wno-unknown-pragmas -Wunused-local-typedefs -Wno-unused-parameter -Wno-unused-function -Wno-unused-result -Wno-strict-overflow -Wno-strict-aliasing -Wno-error=deprecated-declarations -Wno-stringop-overflow -Wno-psabi -Wno-error=pedantic -Wno-error=redundant-decls -Wno-error=old-style-cast -fdiagnostics-color=always -faligned-new -Wno-unused-but-set-variable -Wno-maybe-uninitialized -fno-math-errno -fno-trapping-math -Werror=format -Werror=cast-function-type -Wno-stringop-overflow, LAPACK_INFO=mkl, PERF_WITH_AVX=1, PERF_WITH_AVX2=1, PERF_WITH_AVX512=1, TORCH_VERSION=1.13.1, USE_CUDA=ON, USE_CUDNN=ON, USE_EXCEPTION_PTR=1, USE_GFLAGS=OFF, USE_GLOG=OFF, USE_MKL=ON, USE_MKLDNN=ON, USE_MPI=OFF, USE_NCCL=ON, USE_NNPACK=ON, USE_OPENMP=ON, USE_ROCM=OFF, 

    TorchVision: 0.14.1+cu117
    OpenCV: 4.10.0
    MMEngine: 0.8.4

Runtime environment:
    cudnn_benchmark: True
    mp_cfg: {'mp_start_method': 'fork', 'opencv_num_threads': 0}
    dist_cfg: {'backend': 'nccl'}
    seed: 1760853245
    Distributed launcher: none
    Distributed training: False
    GPU number: 1
------------------------------------------------------------

2024/09/09 21:30:16 - mmengine - INFO - Config:
data_root = '/SHARE_ST/icl/Neurips2024/zeroseg_kdu_khy/data/coco_stuff164k'
dataset_type = 'COCOObjectDataset'
default_hooks = dict(
    checkpoint=dict(by_epoch=False, interval=2000, type='CheckpointHook'),
    logger=dict(interval=50, log_metric_by_epoch=False, type='LoggerHook'),
    param_scheduler=dict(type='ParamSchedulerHook'),
    sampler_seed=dict(type='DistSamplerSeedHook'),
    timer=dict(type='IterTimerHook'),
    visualization=dict(draw=True, interval=1, type='SegVisualizationHook'))
default_scope = 'mmseg'
env_cfg = dict(
    cudnn_benchmark=True,
    dist_cfg=dict(backend='nccl'),
    mp_cfg=dict(mp_start_method='fork', opencv_num_threads=0))
launcher = 'none'
load_from = None
log_level = 'INFO'
log_processor = dict(by_epoch=False)
model = dict(
    P=0.17,
    T=0.13,
    clip_path='ViT-B/16',
    kl_sizes=[
        0.6937026133853298,
        0.8082457515071951,
        0.7833581972956898,
    ],
    logit_scale=50,
    name_path='./configs/cls_coco_object.txt',
    prob_thd=0.45,
    type='CLIPForSegmentation')
resume = False
test_cfg = dict(type='TestLoop')
test_dataloader = dict(
    batch_size=1,
    dataset=dict(
        data_prefix=dict(
            img_path='images/val2017', seg_map_path='annotations/val2017'),
        data_root=
        '/SHARE_ST/icl/Neurips2024/zeroseg_kdu_khy/data/coco_stuff164k',
        pipeline=[
            dict(type='LoadImageFromFile'),
            dict(keep_ratio=True, scale=(
                2048,
                448,
            ), type='Resize'),
            dict(type='LoadAnnotations'),
            dict(type='PackSegInputs'),
        ],
        reduce_zero_label=False,
        type='COCOObjectDataset'),
    num_workers=4,
    persistent_workers=True,
    sampler=dict(shuffle=False, type='DefaultSampler'))
test_evaluator = dict(
    iou_metrics=[
        'mIoU',
    ], type='IoUMetric')
test_pipeline = [
    dict(type='LoadImageFromFile'),
    dict(keep_ratio=True, scale=(
        2048,
        448,
    ), type='Resize'),
    dict(type='LoadAnnotations'),
    dict(type='PackSegInputs'),
]
vis_backends = [
    dict(type='LocalVisBackend'),
]
visualizer = dict(
    name='visualizer',
    save_dir='./outputs/',
    type='SegLocalVisualizer',
    vis_backends=[
        dict(type='LocalVisBackend'),
    ])
work_dir = './hyper-coco'

2024/09/09 21:30:23 - mmengine - INFO - Distributed training is not used, all SyncBatchNorm (SyncBN) layers in the model will be automatically reverted to BatchNormXd layers if they are used.
2024/09/09 21:30:23 - mmengine - INFO - Hooks will be executed in the following order:
before_run:
(VERY_HIGH   ) RuntimeInfoHook                    
(BELOW_NORMAL) LoggerHook                         
 -------------------- 
before_train:
(VERY_HIGH   ) RuntimeInfoHook                    
(NORMAL      ) IterTimerHook                      
(VERY_LOW    ) CheckpointHook                     
 -------------------- 
before_train_epoch:
(VERY_HIGH   ) RuntimeInfoHook                    
(NORMAL      ) IterTimerHook                      
(NORMAL      ) DistSamplerSeedHook                
 -------------------- 
before_train_iter:
(VERY_HIGH   ) RuntimeInfoHook                    
(NORMAL      ) IterTimerHook                      
 -------------------- 
after_train_iter:
(VERY_HIGH   ) RuntimeInfoHook                    
(NORMAL      ) IterTimerHook                      
(NORMAL      ) SegVisualizationHook               
(BELOW_NORMAL) LoggerHook                         
(LOW         ) ParamSchedulerHook                 
(VERY_LOW    ) CheckpointHook                     
 -------------------- 
after_train_epoch:
(NORMAL      ) IterTimerHook                      
(LOW         ) ParamSchedulerHook                 
(VERY_LOW    ) CheckpointHook                     
 -------------------- 
before_val:
(VERY_HIGH   ) RuntimeInfoHook                    
 -------------------- 
before_val_epoch:
(NORMAL      ) IterTimerHook                      
 -------------------- 
before_val_iter:
(NORMAL      ) IterTimerHook                      
 -------------------- 
after_val_iter:
(NORMAL      ) IterTimerHook                      
(NORMAL      ) SegVisualizationHook               
(BELOW_NORMAL) LoggerHook                         
 -------------------- 
after_val_epoch:
(VERY_HIGH   ) RuntimeInfoHook                    
(NORMAL      ) IterTimerHook                      
(BELOW_NORMAL) LoggerHook                         
(LOW         ) ParamSchedulerHook                 
(VERY_LOW    ) CheckpointHook                     
 -------------------- 
after_val:
(VERY_HIGH   ) RuntimeInfoHook                    
 -------------------- 
after_train:
(VERY_HIGH   ) RuntimeInfoHook                    
(VERY_LOW    ) CheckpointHook                     
 -------------------- 
before_test:
(VERY_HIGH   ) RuntimeInfoHook                    
 -------------------- 
before_test_epoch:
(NORMAL      ) IterTimerHook                      
 -------------------- 
before_test_iter:
(NORMAL      ) IterTimerHook                      
 -------------------- 
after_test_iter:
(NORMAL      ) IterTimerHook                      
(NORMAL      ) SegVisualizationHook               
(BELOW_NORMAL) LoggerHook                         
 -------------------- 
after_test_epoch:
(VERY_HIGH   ) RuntimeInfoHook                    
(NORMAL      ) IterTimerHook                      
(BELOW_NORMAL) LoggerHook                         
 -------------------- 
after_test:
(VERY_HIGH   ) RuntimeInfoHook                    
 -------------------- 
after_run:
(BELOW_NORMAL) LoggerHook                         
 -------------------- 
2024/09/09 21:30:32 - mmengine - INFO - Iter(test) [  50/5000]    eta: 0:14:55  time: 0.1707  data_time: 0.0853  memory: 1287  
2024/09/09 21:30:40 - mmengine - INFO - Iter(test) [ 100/5000]    eta: 0:14:05  time: 0.1571  data_time: 0.0954  memory: 1274  
2024/09/09 21:30:49 - mmengine - INFO - Iter(test) [ 150/5000]    eta: 0:13:45  time: 0.1586  data_time: 0.0911  memory: 1270  
2024/09/09 21:30:57 - mmengine - INFO - Iter(test) [ 200/5000]    eta: 0:13:22  time: 0.1520  data_time: 0.0929  memory: 1275  
2024/09/09 21:31:05 - mmengine - INFO - Iter(test) [ 250/5000]    eta: 0:13:06  time: 0.1518  data_time: 0.0886  memory: 1269  
2024/09/09 21:31:13 - mmengine - INFO - Iter(test) [ 300/5000]    eta: 0:12:55  time: 0.1729  data_time: 0.0901  memory: 1278  
2024/09/09 21:31:21 - mmengine - INFO - Iter(test) [ 350/5000]    eta: 0:12:44  time: 0.1496  data_time: 0.0949  memory: 1270  
2024/09/09 21:31:29 - mmengine - INFO - Iter(test) [ 400/5000]    eta: 0:12:31  time: 0.1532  data_time: 0.0840  memory: 1324  
2024/09/09 21:31:36 - mmengine - INFO - Iter(test) [ 450/5000]    eta: 0:12:20  time: 0.1494  data_time: 0.1039  memory: 1284  
2024/09/09 21:31:45 - mmengine - INFO - Iter(test) [ 500/5000]    eta: 0:12:12  time: 0.1741  data_time: 0.0954  memory: 1284  
2024/09/09 21:31:53 - mmengine - INFO - Iter(test) [ 550/5000]    eta: 0:12:03  time: 0.1550  data_time: 0.0909  memory: 1270  
2024/09/09 21:32:01 - mmengine - INFO - Iter(test) [ 600/5000]    eta: 0:11:55  time: 0.1606  data_time: 0.0930  memory: 1290  
2024/09/09 21:32:09 - mmengine - INFO - Iter(test) [ 650/5000]    eta: 0:11:45  time: 0.1476  data_time: 0.0879  memory: 1312  
2024/09/09 21:32:17 - mmengine - INFO - Iter(test) [ 700/5000]    eta: 0:11:38  time: 0.1547  data_time: 0.0999  memory: 1263  
2024/09/09 21:32:25 - mmengine - INFO - Iter(test) [ 750/5000]    eta: 0:11:29  time: 0.1495  data_time: 0.0865  memory: 1271  
2024/09/09 21:32:33 - mmengine - INFO - Iter(test) [ 800/5000]    eta: 0:11:22  time: 0.1768  data_time: 0.0923  memory: 1270  
2024/09/09 21:32:41 - mmengine - INFO - Iter(test) [ 850/5000]    eta: 0:11:14  time: 0.1526  data_time: 0.0898  memory: 1349  
2024/09/09 21:32:49 - mmengine - INFO - Iter(test) [ 900/5000]    eta: 0:11:04  time: 0.1390  data_time: 0.0810  memory: 1254  
2024/09/09 21:32:57 - mmengine - INFO - Iter(test) [ 950/5000]    eta: 0:10:57  time: 0.1777  data_time: 0.0898  memory: 1275  
2024/09/09 21:33:05 - mmengine - INFO - Iter(test) [1000/5000]    eta: 0:10:49  time: 0.1509  data_time: 0.0818  memory: 1293  
2024/09/09 21:33:13 - mmengine - INFO - Iter(test) [1050/5000]    eta: 0:10:40  time: 0.1580  data_time: 0.0865  memory: 1286  
2024/09/09 21:33:21 - mmengine - INFO - Iter(test) [1100/5000]    eta: 0:10:31  time: 0.1599  data_time: 0.0894  memory: 1284  
2024/09/09 21:33:30 - mmengine - INFO - Iter(test) [1150/5000]    eta: 0:10:24  time: 0.1572  data_time: 0.0910  memory: 1270  
2024/09/09 21:33:38 - mmengine - INFO - Iter(test) [1200/5000]    eta: 0:10:15  time: 0.1592  data_time: 0.0880  memory: 1270  
2024/09/09 21:33:46 - mmengine - INFO - Iter(test) [1250/5000]    eta: 0:10:09  time: 0.1882  data_time: 0.0994  memory: 1349  
2024/09/09 21:33:54 - mmengine - INFO - Iter(test) [1300/5000]    eta: 0:10:01  time: 0.1559  data_time: 0.0899  memory: 1279  
2024/09/09 21:34:02 - mmengine - INFO - Iter(test) [1350/5000]    eta: 0:09:51  time: 0.1546  data_time: 0.1003  memory: 1270  
2024/09/09 21:34:10 - mmengine - INFO - Iter(test) [1400/5000]    eta: 0:09:43  time: 0.1644  data_time: 0.0905  memory: 1335  
2024/09/09 21:34:18 - mmengine - INFO - Iter(test) [1450/5000]    eta: 0:09:34  time: 0.1544  data_time: 0.0873  memory: 1270  
2024/09/09 21:34:26 - mmengine - INFO - Iter(test) [1500/5000]    eta: 0:09:26  time: 0.1536  data_time: 0.0890  memory: 1273  
2024/09/09 21:34:34 - mmengine - INFO - Iter(test) [1550/5000]    eta: 0:09:18  time: 0.1603  data_time: 0.0870  memory: 1270  
2024/09/09 21:34:43 - mmengine - INFO - Iter(test) [1600/5000]    eta: 0:09:11  time: 0.1564  data_time: 0.0890  memory: 1270  
2024/09/09 21:34:51 - mmengine - INFO - Iter(test) [1650/5000]    eta: 0:09:03  time: 0.1600  data_time: 0.0961  memory: 1369  
2024/09/09 21:34:59 - mmengine - INFO - Iter(test) [1700/5000]    eta: 0:08:54  time: 0.1690  data_time: 0.0970  memory: 1312  
2024/09/09 21:35:07 - mmengine - INFO - Iter(test) [1750/5000]    eta: 0:08:47  time: 0.1552  data_time: 0.0892  memory: 1296  
2024/09/09 21:35:15 - mmengine - INFO - Iter(test) [1800/5000]    eta: 0:08:39  time: 0.1673  data_time: 0.0968  memory: 1408  
2024/09/09 21:35:23 - mmengine - INFO - Iter(test) [1850/5000]    eta: 0:08:31  time: 0.1564  data_time: 0.0909  memory: 1294  
2024/09/09 21:35:31 - mmengine - INFO - Iter(test) [1900/5000]    eta: 0:08:22  time: 0.1564  data_time: 0.0898  memory: 1271  
2024/09/09 21:35:39 - mmengine - INFO - Iter(test) [1950/5000]    eta: 0:08:14  time: 0.1640  data_time: 0.0930  memory: 1286  
2024/09/09 21:35:47 - mmengine - INFO - Iter(test) [2000/5000]    eta: 0:08:06  time: 0.1651  data_time: 0.0889  memory: 1284  
2024/09/09 21:35:56 - mmengine - INFO - Iter(test) [2050/5000]    eta: 0:07:58  time: 0.1726  data_time: 0.0941  memory: 1270  
2024/09/09 21:36:04 - mmengine - INFO - Iter(test) [2100/5000]    eta: 0:07:49  time: 0.1518  data_time: 0.0848  memory: 1278  
2024/09/09 21:36:11 - mmengine - INFO - Iter(test) [2150/5000]    eta: 0:07:41  time: 0.1555  data_time: 0.0894  memory: 1297  
2024/09/09 21:36:19 - mmengine - INFO - Iter(test) [2200/5000]    eta: 0:07:33  time: 0.1739  data_time: 0.0827  memory: 1264  
2024/09/09 21:36:27 - mmengine - INFO - Iter(test) [2250/5000]    eta: 0:07:25  time: 0.1715  data_time: 0.0866  memory: 1288  
2024/09/09 21:36:36 - mmengine - INFO - Iter(test) [2300/5000]    eta: 0:07:17  time: 0.1784  data_time: 0.0932  memory: 1275  
2024/09/09 21:36:44 - mmengine - INFO - Iter(test) [2350/5000]    eta: 0:07:09  time: 0.1782  data_time: 0.0877  memory: 1270  
2024/09/09 21:36:52 - mmengine - INFO - Iter(test) [2400/5000]    eta: 0:07:01  time: 0.1591  data_time: 0.0982  memory: 1270  
2024/09/09 21:37:00 - mmengine - INFO - Iter(test) [2450/5000]    eta: 0:06:52  time: 0.1579  data_time: 0.0918  memory: 1269  
2024/09/09 21:37:08 - mmengine - INFO - Iter(test) [2500/5000]    eta: 0:06:44  time: 0.1738  data_time: 0.0883  memory: 1291  
2024/09/09 21:37:16 - mmengine - INFO - Iter(test) [2550/5000]    eta: 0:06:36  time: 0.1567  data_time: 0.0902  memory: 1282  
2024/09/09 21:37:24 - mmengine - INFO - Iter(test) [2600/5000]    eta: 0:06:28  time: 0.1444  data_time: 0.0818  memory: 1416  
2024/09/09 21:37:32 - mmengine - INFO - Iter(test) [2650/5000]    eta: 0:06:20  time: 0.1684  data_time: 0.0847  memory: 1271  
2024/09/09 21:37:40 - mmengine - INFO - Iter(test) [2700/5000]    eta: 0:06:12  time: 0.1547  data_time: 0.0888  memory: 1283  
2024/09/09 21:37:48 - mmengine - INFO - Iter(test) [2750/5000]    eta: 0:06:03  time: 0.1545  data_time: 0.0902  memory: 1298  
2024/09/09 21:37:57 - mmengine - INFO - Iter(test) [2800/5000]    eta: 0:05:56  time: 0.1768  data_time: 0.0964  memory: 1286  
2024/09/09 21:38:04 - mmengine - INFO - Iter(test) [2850/5000]    eta: 0:05:47  time: 0.1565  data_time: 0.0903  memory: 1270  
2024/09/09 21:38:12 - mmengine - INFO - Iter(test) [2900/5000]    eta: 0:05:39  time: 0.1582  data_time: 0.0985  memory: 1310  
2024/09/09 21:38:21 - mmengine - INFO - Iter(test) [2950/5000]    eta: 0:05:31  time: 0.1794  data_time: 0.1009  memory: 1271  
2024/09/09 21:38:29 - mmengine - INFO - Iter(test) [3000/5000]    eta: 0:05:23  time: 0.1702  data_time: 0.0884  memory: 1299  
2024/09/09 21:38:37 - mmengine - INFO - Iter(test) [3050/5000]    eta: 0:05:15  time: 0.1558  data_time: 0.0836  memory: 1275  
2024/09/09 21:38:45 - mmengine - INFO - Iter(test) [3100/5000]    eta: 0:05:07  time: 0.1727  data_time: 0.0904  memory: 1271  
2024/09/09 21:38:54 - mmengine - INFO - Iter(test) [3150/5000]    eta: 0:04:59  time: 0.1782  data_time: 0.0959  memory: 1270  
2024/09/09 21:39:02 - mmengine - INFO - Iter(test) [3200/5000]    eta: 0:04:51  time: 0.1560  data_time: 0.0915  memory: 1286  
2024/09/09 21:39:10 - mmengine - INFO - Iter(test) [3250/5000]    eta: 0:04:43  time: 0.1590  data_time: 0.0786  memory: 1384  
2024/09/09 21:39:19 - mmengine - INFO - Iter(test) [3300/5000]    eta: 0:04:35  time: 0.1699  data_time: 0.0862  memory: 1278  
2024/09/09 21:39:27 - mmengine - INFO - Iter(test) [3350/5000]    eta: 0:04:27  time: 0.1584  data_time: 0.0928  memory: 1271  
2024/09/09 21:39:35 - mmengine - INFO - Iter(test) [3400/5000]    eta: 0:04:19  time: 0.1969  data_time: 0.0947  memory: 1269  
2024/09/09 21:39:43 - mmengine - INFO - Iter(test) [3450/5000]    eta: 0:04:11  time: 0.1405  data_time: 0.0898  memory: 1269  
2024/09/09 21:39:51 - mmengine - INFO - Iter(test) [3500/5000]    eta: 0:04:03  time: 0.1666  data_time: 0.0949  memory: 1279  
2024/09/09 21:39:59 - mmengine - INFO - Iter(test) [3550/5000]    eta: 0:03:55  time: 0.1858  data_time: 0.0911  memory: 1254  
2024/09/09 21:40:08 - mmengine - INFO - Iter(test) [3600/5000]    eta: 0:03:47  time: 0.1543  data_time: 0.0883  memory: 1272  
2024/09/09 21:40:15 - mmengine - INFO - Iter(test) [3650/5000]    eta: 0:03:38  time: 0.1469  data_time: 0.0925  memory: 1284  
2024/09/09 21:40:24 - mmengine - INFO - Iter(test) [3700/5000]    eta: 0:03:30  time: 0.1731  data_time: 0.0873  memory: 1286  
2024/09/09 21:40:31 - mmengine - INFO - Iter(test) [3750/5000]    eta: 0:03:22  time: 0.1525  data_time: 0.0878  memory: 1264  
2024/09/09 21:40:40 - mmengine - INFO - Iter(test) [3800/5000]    eta: 0:03:14  time: 0.1579  data_time: 0.0872  memory: 1298  
2024/09/09 21:40:48 - mmengine - INFO - Iter(test) [3850/5000]    eta: 0:03:06  time: 0.1627  data_time: 0.0882  memory: 1271  
2024/09/09 21:40:56 - mmengine - INFO - Iter(test) [3900/5000]    eta: 0:02:58  time: 0.1602  data_time: 0.0900  memory: 1400  
2024/09/09 21:41:04 - mmengine - INFO - Iter(test) [3950/5000]    eta: 0:02:50  time: 0.1755  data_time: 0.0930  memory: 1277  
2024/09/09 21:41:12 - mmengine - INFO - Iter(test) [4000/5000]    eta: 0:02:42  time: 0.1619  data_time: 0.0911  memory: 1375  
2024/09/09 21:41:21 - mmengine - INFO - Iter(test) [4050/5000]    eta: 0:02:34  time: 0.1846  data_time: 0.0994  memory: 1270  
2024/09/09 21:41:29 - mmengine - INFO - Iter(test) [4100/5000]    eta: 0:02:26  time: 0.1542  data_time: 0.0814  memory: 1261  
2024/09/09 21:41:37 - mmengine - INFO - Iter(test) [4150/5000]    eta: 0:02:17  time: 0.1724  data_time: 0.0916  memory: 1267  
2024/09/09 21:41:45 - mmengine - INFO - Iter(test) [4200/5000]    eta: 0:02:09  time: 0.1517  data_time: 0.0872  memory: 1270  
2024/09/09 21:41:54 - mmengine - INFO - Iter(test) [4250/5000]    eta: 0:02:01  time: 0.1673  data_time: 0.0892  memory: 1393  
2024/09/09 21:42:02 - mmengine - INFO - Iter(test) [4300/5000]    eta: 0:01:53  time: 0.1541  data_time: 0.0864  memory: 1312  
2024/09/09 21:42:10 - mmengine - INFO - Iter(test) [4350/5000]    eta: 0:01:45  time: 0.1663  data_time: 0.0991  memory: 1325  
2024/09/09 21:42:18 - mmengine - INFO - Iter(test) [4400/5000]    eta: 0:01:37  time: 0.1471  data_time: 0.0859  memory: 1302  
2024/09/09 21:42:26 - mmengine - INFO - Iter(test) [4450/5000]    eta: 0:01:29  time: 0.1532  data_time: 0.0877  memory: 1295  
2024/09/09 21:42:34 - mmengine - INFO - Iter(test) [4500/5000]    eta: 0:01:21  time: 0.1557  data_time: 0.0869  memory: 1294  
2024/09/09 21:42:43 - mmengine - INFO - Iter(test) [4550/5000]    eta: 0:01:13  time: 0.1740  data_time: 0.0888  memory: 1345  
2024/09/09 21:42:51 - mmengine - INFO - Iter(test) [4600/5000]    eta: 0:01:04  time: 0.1547  data_time: 0.0877  memory: 1270  
2024/09/09 21:42:58 - mmengine - INFO - Iter(test) [4650/5000]    eta: 0:00:56  time: 0.1584  data_time: 0.0967  memory: 1271  
2024/09/09 21:43:07 - mmengine - INFO - Iter(test) [4700/5000]    eta: 0:00:48  time: 0.1740  data_time: 0.0878  memory: 1292  
2024/09/09 21:43:15 - mmengine - INFO - Iter(test) [4750/5000]    eta: 0:00:40  time: 0.1576  data_time: 0.0889  memory: 1291  
2024/09/09 21:43:23 - mmengine - INFO - Iter(test) [4800/5000]    eta: 0:00:32  time: 0.1547  data_time: 0.0867  memory: 1318  
2024/09/09 21:43:31 - mmengine - INFO - Iter(test) [4850/5000]    eta: 0:00:24  time: 0.1859  data_time: 0.0956  memory: 1254  
2024/09/09 21:43:39 - mmengine - INFO - Iter(test) [4900/5000]    eta: 0:00:16  time: 0.1447  data_time: 0.0972  memory: 1288  
2024/09/09 21:43:47 - mmengine - INFO - Iter(test) [4950/5000]    eta: 0:00:08  time: 0.1438  data_time: 0.0880  memory: 1258  
2024/09/09 21:43:55 - mmengine - INFO - Iter(test) [5000/5000]    eta: 0:00:00  time: 0.1616  data_time: 0.0880  memory: 1297  
2024/09/09 21:43:55 - mmengine - INFO - Iter(test) [5000/5000]    aAcc: 71.7100  mIoU: 33.9300  mAcc: 56.2300  data_time: 0.0918  time: 0.1623
