2024/09/09 23:26:02 - mmengine - INFO - 
------------------------------------------------------------
System environment:
    sys.platform: linux
    Python: 3.9.19 | packaged by conda-forge | (main, Mar 20 2024, 12:50:21) [GCC 12.3.0]
    CUDA available: True
    numpy_random_seed: 1297736842
    CUDA_HOME: /tools/cuda/cuda11.8
    NVCC: Cuda compilation tools, release 11.8, V11.8.89
    GCC: gcc (Ubuntu 7.5.0-3ubuntu1~18.04) 7.5.0
    PyTorch: 1.13.1+cu117
    PyTorch compiling details: PyTorch built with:
  - GCC 9.3
  - C++ Version: 201402
  - Intel(R) Math Kernel Library Version 2020.0.0 Product Build 20191122 for Intel(R) 64 architecture applications
  - Intel(R) MKL-DNN v2.6.0 (Git Hash 52b5f107dd9cf10910aaa19cb47f3abf9b349815)
  - OpenMP 201511 (a.k.a. OpenMP 4.5)
  - LAPACK is enabled (usually provided by MKL)
  - NNPACK is enabled
  - CPU capability usage: AVX2
  - CUDA Runtime 11.7
  - NVCC architecture flags: -gencode;arch=compute_37,code=sm_37;-gencode;arch=compute_50,code=sm_50;-gencode;arch=compute_60,code=sm_60;-gencode;arch=compute_70,code=sm_70;-gencode;arch=compute_75,code=sm_75;-gencode;arch=compute_80,code=sm_80;-gencode;arch=compute_86,code=sm_86
  - CuDNN 8.5
  - Magma 2.6.1
  - Build settings: BLAS_INFO=mkl, BUILD_TYPE=Release, CUDA_VERSION=11.7, CUDNN_VERSION=8.5.0, CXX_COMPILER=/opt/rh/devtoolset-9/root/usr/bin/c++, CXX_FLAGS= -fabi-version=11 -Wno-deprecated -fvisibility-inlines-hidden -DUSE_PTHREADPOOL -fopenmp -DNDEBUG -DUSE_KINETO -DUSE_FBGEMM -DUSE_QNNPACK -DUSE_PYTORCH_QNNPACK -DUSE_XNNPACK -DSYMBOLICATE_MOBILE_DEBUG_HANDLE -DEDGE_PROFILER_USE_KINETO -O2 -fPIC -Wno-narrowing -Wall -Wextra -Werror=return-type -Werror=non-virtual-dtor -Wno-missing-field-initializers -Wno-type-limits -Wno-array-bounds -Wno-unknown-pragmas -Wunused-local-typedefs -Wno-unused-parameter -Wno-unused-function -Wno-unused-result -Wno-strict-overflow -Wno-strict-aliasing -Wno-error=deprecated-declarations -Wno-stringop-overflow -Wno-psabi -Wno-error=pedantic -Wno-error=redundant-decls -Wno-error=old-style-cast -fdiagnostics-color=always -faligned-new -Wno-unused-but-set-variable -Wno-maybe-uninitialized -fno-math-errno -fno-trapping-math -Werror=format -Werror=cast-function-type -Wno-stringop-overflow, LAPACK_INFO=mkl, PERF_WITH_AVX=1, PERF_WITH_AVX2=1, PERF_WITH_AVX512=1, TORCH_VERSION=1.13.1, USE_CUDA=ON, USE_CUDNN=ON, USE_EXCEPTION_PTR=1, USE_GFLAGS=OFF, USE_GLOG=OFF, USE_MKL=ON, USE_MKLDNN=ON, USE_MPI=OFF, USE_NCCL=ON, USE_NNPACK=ON, USE_OPENMP=ON, USE_ROCM=OFF, 

    TorchVision: 0.14.1+cu117
    OpenCV: 4.10.0
    MMEngine: 0.8.4

Runtime environment:
    cudnn_benchmark: True
    mp_cfg: {'mp_start_method': 'fork', 'opencv_num_threads': 0}
    dist_cfg: {'backend': 'nccl'}
    seed: 1297736842
    Distributed launcher: none
    Distributed training: False
    GPU number: 1
------------------------------------------------------------

2024/09/09 23:26:02 - mmengine - INFO - Config:
data_root = '/SHARE_ST/icl/Neurips2024/zeroseg_kdu_khy/data/coco_stuff164k'
dataset_type = 'COCOObjectDataset'
default_hooks = dict(
    checkpoint=dict(by_epoch=False, interval=2000, type='CheckpointHook'),
    logger=dict(interval=50, log_metric_by_epoch=False, type='LoggerHook'),
    param_scheduler=dict(type='ParamSchedulerHook'),
    sampler_seed=dict(type='DistSamplerSeedHook'),
    timer=dict(type='IterTimerHook'),
    visualization=dict(draw=True, interval=1, type='SegVisualizationHook'))
default_scope = 'mmseg'
env_cfg = dict(
    cudnn_benchmark=True,
    dist_cfg=dict(backend='nccl'),
    mp_cfg=dict(mp_start_method='fork', opencv_num_threads=0))
launcher = 'none'
load_from = None
log_level = 'INFO'
log_processor = dict(by_epoch=False)
model = dict(
    P=0.13,
    T=0.07,
    clip_path='ViT-B/16',
    kl_sizes=[
        0.9523356040383827,
        0.9034917759081119,
        0.7401601797971487,
        0.7735051599217577,
    ],
    logit_scale=50,
    name_path='./configs/cls_coco_object.txt',
    prob_thd=0.45,
    type='CLIPForSegmentation')
resume = False
test_cfg = dict(type='TestLoop')
test_dataloader = dict(
    batch_size=1,
    dataset=dict(
        data_prefix=dict(
            img_path='images/val2017', seg_map_path='annotations/val2017'),
        data_root=
        '/SHARE_ST/icl/Neurips2024/zeroseg_kdu_khy/data/coco_stuff164k',
        pipeline=[
            dict(type='LoadImageFromFile'),
            dict(keep_ratio=True, scale=(
                2048,
                448,
            ), type='Resize'),
            dict(type='LoadAnnotations'),
            dict(type='PackSegInputs'),
        ],
        reduce_zero_label=False,
        type='COCOObjectDataset'),
    num_workers=4,
    persistent_workers=True,
    sampler=dict(shuffle=False, type='DefaultSampler'))
test_evaluator = dict(
    iou_metrics=[
        'mIoU',
    ], type='IoUMetric')
test_pipeline = [
    dict(type='LoadImageFromFile'),
    dict(keep_ratio=True, scale=(
        2048,
        448,
    ), type='Resize'),
    dict(type='LoadAnnotations'),
    dict(type='PackSegInputs'),
]
vis_backends = [
    dict(type='LocalVisBackend'),
]
visualizer = dict(
    name='visualizer',
    save_dir='./outputs/',
    type='SegLocalVisualizer',
    vis_backends=[
        dict(type='LocalVisBackend'),
    ])
work_dir = './hyper-coco'

2024/09/09 23:26:08 - mmengine - INFO - Distributed training is not used, all SyncBatchNorm (SyncBN) layers in the model will be automatically reverted to BatchNormXd layers if they are used.
2024/09/09 23:26:08 - mmengine - INFO - Hooks will be executed in the following order:
before_run:
(VERY_HIGH   ) RuntimeInfoHook                    
(BELOW_NORMAL) LoggerHook                         
 -------------------- 
before_train:
(VERY_HIGH   ) RuntimeInfoHook                    
(NORMAL      ) IterTimerHook                      
(VERY_LOW    ) CheckpointHook                     
 -------------------- 
before_train_epoch:
(VERY_HIGH   ) RuntimeInfoHook                    
(NORMAL      ) IterTimerHook                      
(NORMAL      ) DistSamplerSeedHook                
 -------------------- 
before_train_iter:
(VERY_HIGH   ) RuntimeInfoHook                    
(NORMAL      ) IterTimerHook                      
 -------------------- 
after_train_iter:
(VERY_HIGH   ) RuntimeInfoHook                    
(NORMAL      ) IterTimerHook                      
(NORMAL      ) SegVisualizationHook               
(BELOW_NORMAL) LoggerHook                         
(LOW         ) ParamSchedulerHook                 
(VERY_LOW    ) CheckpointHook                     
 -------------------- 
after_train_epoch:
(NORMAL      ) IterTimerHook                      
(LOW         ) ParamSchedulerHook                 
(VERY_LOW    ) CheckpointHook                     
 -------------------- 
before_val:
(VERY_HIGH   ) RuntimeInfoHook                    
 -------------------- 
before_val_epoch:
(NORMAL      ) IterTimerHook                      
 -------------------- 
before_val_iter:
(NORMAL      ) IterTimerHook                      
 -------------------- 
after_val_iter:
(NORMAL      ) IterTimerHook                      
(NORMAL      ) SegVisualizationHook               
(BELOW_NORMAL) LoggerHook                         
 -------------------- 
after_val_epoch:
(VERY_HIGH   ) RuntimeInfoHook                    
(NORMAL      ) IterTimerHook                      
(BELOW_NORMAL) LoggerHook                         
(LOW         ) ParamSchedulerHook                 
(VERY_LOW    ) CheckpointHook                     
 -------------------- 
after_val:
(VERY_HIGH   ) RuntimeInfoHook                    
 -------------------- 
after_train:
(VERY_HIGH   ) RuntimeInfoHook                    
(VERY_LOW    ) CheckpointHook                     
 -------------------- 
before_test:
(VERY_HIGH   ) RuntimeInfoHook                    
 -------------------- 
before_test_epoch:
(NORMAL      ) IterTimerHook                      
 -------------------- 
before_test_iter:
(NORMAL      ) IterTimerHook                      
 -------------------- 
after_test_iter:
(NORMAL      ) IterTimerHook                      
(NORMAL      ) SegVisualizationHook               
(BELOW_NORMAL) LoggerHook                         
 -------------------- 
after_test_epoch:
(VERY_HIGH   ) RuntimeInfoHook                    
(NORMAL      ) IterTimerHook                      
(BELOW_NORMAL) LoggerHook                         
 -------------------- 
after_test:
(VERY_HIGH   ) RuntimeInfoHook                    
 -------------------- 
after_run:
(BELOW_NORMAL) LoggerHook                         
 -------------------- 
2024/09/09 23:26:18 - mmengine - INFO - Iter(test) [  50/5000]    eta: 0:16:43  time: 0.1619  data_time: 0.0874  memory: 1286  
2024/09/09 23:26:27 - mmengine - INFO - Iter(test) [ 100/5000]    eta: 0:15:35  time: 0.1960  data_time: 0.1000  memory: 1273  
2024/09/09 23:26:37 - mmengine - INFO - Iter(test) [ 150/5000]    eta: 0:15:25  time: 0.1797  data_time: 0.0907  memory: 1269  
2024/09/09 23:26:46 - mmengine - INFO - Iter(test) [ 200/5000]    eta: 0:15:04  time: 0.1717  data_time: 0.0840  memory: 1273  
2024/09/09 23:26:55 - mmengine - INFO - Iter(test) [ 250/5000]    eta: 0:14:42  time: 0.1715  data_time: 0.0946  memory: 1269  
2024/09/09 23:27:03 - mmengine - INFO - Iter(test) [ 300/5000]    eta: 0:14:25  time: 0.1737  data_time: 0.0884  memory: 1278  
2024/09/09 23:27:12 - mmengine - INFO - Iter(test) [ 350/5000]    eta: 0:14:10  time: 0.1783  data_time: 0.0883  memory: 1269  
2024/09/09 23:27:21 - mmengine - INFO - Iter(test) [ 400/5000]    eta: 0:13:57  time: 0.1865  data_time: 0.0852  memory: 1323  
2024/09/09 23:27:30 - mmengine - INFO - Iter(test) [ 450/5000]    eta: 0:13:47  time: 0.1898  data_time: 0.1070  memory: 1285  
2024/09/09 23:27:39 - mmengine - INFO - Iter(test) [ 500/5000]    eta: 0:13:38  time: 0.2003  data_time: 0.0985  memory: 1285  
2024/09/09 23:27:48 - mmengine - INFO - Iter(test) [ 550/5000]    eta: 0:13:29  time: 0.1588  data_time: 0.0948  memory: 1270  
2024/09/09 23:27:57 - mmengine - INFO - Iter(test) [ 600/5000]    eta: 0:13:19  time: 0.1874  data_time: 0.0937  memory: 1291  
2024/09/09 23:28:06 - mmengine - INFO - Iter(test) [ 650/5000]    eta: 0:13:07  time: 0.1730  data_time: 0.0937  memory: 1312  
2024/09/09 23:28:15 - mmengine - INFO - Iter(test) [ 700/5000]    eta: 0:12:57  time: 0.1962  data_time: 0.0995  memory: 1264  
2024/09/09 23:28:23 - mmengine - INFO - Iter(test) [ 750/5000]    eta: 0:12:45  time: 0.1636  data_time: 0.0866  memory: 1272  
2024/09/09 23:28:33 - mmengine - INFO - Iter(test) [ 800/5000]    eta: 0:12:40  time: 0.2052  data_time: 0.1019  memory: 1270  
2024/09/09 23:28:42 - mmengine - INFO - Iter(test) [ 850/5000]    eta: 0:12:31  time: 0.1704  data_time: 0.0900  memory: 1348  
2024/09/09 23:28:50 - mmengine - INFO - Iter(test) [ 900/5000]    eta: 0:12:19  time: 0.1680  data_time: 0.0845  memory: 1253  
2024/09/09 23:29:00 - mmengine - INFO - Iter(test) [ 950/5000]    eta: 0:12:11  time: 0.2117  data_time: 0.0918  memory: 1275  
2024/09/09 23:29:09 - mmengine - INFO - Iter(test) [1000/5000]    eta: 0:12:02  time: 0.1883  data_time: 0.0821  memory: 1295  
2024/09/09 23:29:18 - mmengine - INFO - Iter(test) [1050/5000]    eta: 0:11:53  time: 0.1927  data_time: 0.0882  memory: 1287  
2024/09/09 23:29:27 - mmengine - INFO - Iter(test) [1100/5000]    eta: 0:11:43  time: 0.1770  data_time: 0.1026  memory: 1284  
2024/09/09 23:29:36 - mmengine - INFO - Iter(test) [1150/5000]    eta: 0:11:35  time: 0.1647  data_time: 0.0934  memory: 1271  
2024/09/09 23:29:45 - mmengine - INFO - Iter(test) [1200/5000]    eta: 0:11:26  time: 0.1743  data_time: 0.0885  memory: 1270  
2024/09/09 23:29:54 - mmengine - INFO - Iter(test) [1250/5000]    eta: 0:11:17  time: 0.1906  data_time: 0.0927  memory: 1349  
2024/09/09 23:30:03 - mmengine - INFO - Iter(test) [1300/5000]    eta: 0:11:08  time: 0.1734  data_time: 0.0904  memory: 1280  
2024/09/09 23:30:12 - mmengine - INFO - Iter(test) [1350/5000]    eta: 0:10:58  time: 0.1797  data_time: 0.0937  memory: 1270  
2024/09/09 23:30:20 - mmengine - INFO - Iter(test) [1400/5000]    eta: 0:10:48  time: 0.1646  data_time: 0.0848  memory: 1335  
2024/09/09 23:30:29 - mmengine - INFO - Iter(test) [1450/5000]    eta: 0:10:38  time: 0.1629  data_time: 0.0882  memory: 1271  
2024/09/09 23:30:38 - mmengine - INFO - Iter(test) [1500/5000]    eta: 0:10:29  time: 0.1776  data_time: 0.0909  memory: 1273  
2024/09/09 23:30:47 - mmengine - INFO - Iter(test) [1550/5000]    eta: 0:10:20  time: 0.1655  data_time: 0.0866  memory: 1270  
2024/09/09 23:30:56 - mmengine - INFO - Iter(test) [1600/5000]    eta: 0:10:12  time: 0.1880  data_time: 0.0907  memory: 1271  
2024/09/09 23:31:05 - mmengine - INFO - Iter(test) [1650/5000]    eta: 0:10:03  time: 0.1840  data_time: 0.0908  memory: 1369  
2024/09/09 23:31:14 - mmengine - INFO - Iter(test) [1700/5000]    eta: 0:09:53  time: 0.1709  data_time: 0.0881  memory: 1313  
2024/09/09 23:31:23 - mmengine - INFO - Iter(test) [1750/5000]    eta: 0:09:45  time: 0.1739  data_time: 0.0902  memory: 1296  
2024/09/09 23:31:33 - mmengine - INFO - Iter(test) [1800/5000]    eta: 0:09:37  time: 0.2092  data_time: 0.1127  memory: 1407  
2024/09/09 23:31:42 - mmengine - INFO - Iter(test) [1850/5000]    eta: 0:09:29  time: 0.1703  data_time: 0.0937  memory: 1294  
2024/09/09 23:31:51 - mmengine - INFO - Iter(test) [1900/5000]    eta: 0:09:19  time: 0.1714  data_time: 0.0887  memory: 1270  
2024/09/09 23:32:00 - mmengine - INFO - Iter(test) [1950/5000]    eta: 0:09:10  time: 0.1626  data_time: 0.0919  memory: 1286  
2024/09/09 23:32:09 - mmengine - INFO - Iter(test) [2000/5000]    eta: 0:09:01  time: 0.1749  data_time: 0.0941  memory: 1284  
2024/09/09 23:32:18 - mmengine - INFO - Iter(test) [2050/5000]    eta: 0:08:52  time: 0.1556  data_time: 0.1004  memory: 1269  
2024/09/09 23:32:27 - mmengine - INFO - Iter(test) [2100/5000]    eta: 0:08:42  time: 0.1786  data_time: 0.0856  memory: 1277  
2024/09/09 23:32:36 - mmengine - INFO - Iter(test) [2150/5000]    eta: 0:08:33  time: 0.1892  data_time: 0.0889  memory: 1296  
2024/09/09 23:32:45 - mmengine - INFO - Iter(test) [2200/5000]    eta: 0:08:24  time: 0.1893  data_time: 0.0830  memory: 1264  
2024/09/09 23:32:54 - mmengine - INFO - Iter(test) [2250/5000]    eta: 0:08:15  time: 0.1928  data_time: 0.0853  memory: 1288  
2024/09/09 23:33:02 - mmengine - INFO - Iter(test) [2300/5000]    eta: 0:08:06  time: 0.1908  data_time: 0.1048  memory: 1274  
2024/09/09 23:33:12 - mmengine - INFO - Iter(test) [2350/5000]    eta: 0:07:57  time: 0.1973  data_time: 0.0870  memory: 1270  
2024/09/09 23:33:20 - mmengine - INFO - Iter(test) [2400/5000]    eta: 0:07:48  time: 0.1942  data_time: 0.0914  memory: 1270  
2024/09/09 23:33:29 - mmengine - INFO - Iter(test) [2450/5000]    eta: 0:07:38  time: 0.1748  data_time: 0.0891  memory: 1269  
2024/09/09 23:33:38 - mmengine - INFO - Iter(test) [2500/5000]    eta: 0:07:29  time: 0.1753  data_time: 0.0872  memory: 1291  
2024/09/09 23:33:47 - mmengine - INFO - Iter(test) [2550/5000]    eta: 0:07:20  time: 0.1741  data_time: 0.0899  memory: 1283  
2024/09/09 23:33:56 - mmengine - INFO - Iter(test) [2600/5000]    eta: 0:07:11  time: 0.1674  data_time: 0.0900  memory: 1416  
2024/09/09 23:34:04 - mmengine - INFO - Iter(test) [2650/5000]    eta: 0:07:02  time: 0.1790  data_time: 0.0954  memory: 1270  
2024/09/09 23:34:13 - mmengine - INFO - Iter(test) [2700/5000]    eta: 0:06:53  time: 0.1801  data_time: 0.0922  memory: 1282  
2024/09/09 23:34:22 - mmengine - INFO - Iter(test) [2750/5000]    eta: 0:06:43  time: 0.1746  data_time: 0.0873  memory: 1298  
2024/09/09 23:34:31 - mmengine - INFO - Iter(test) [2800/5000]    eta: 0:06:35  time: 0.1956  data_time: 0.0919  memory: 1284  
2024/09/09 23:34:41 - mmengine - INFO - Iter(test) [2850/5000]    eta: 0:06:26  time: 0.1872  data_time: 0.1001  memory: 1271  
2024/09/09 23:34:50 - mmengine - INFO - Iter(test) [2900/5000]    eta: 0:06:17  time: 0.1849  data_time: 0.0962  memory: 1310  
2024/09/09 23:34:59 - mmengine - INFO - Iter(test) [2950/5000]    eta: 0:06:08  time: 0.1604  data_time: 0.1015  memory: 1270  
2024/09/09 23:35:08 - mmengine - INFO - Iter(test) [3000/5000]    eta: 0:05:59  time: 0.1746  data_time: 0.0859  memory: 1300  
2024/09/09 23:35:17 - mmengine - INFO - Iter(test) [3050/5000]    eta: 0:05:50  time: 0.1731  data_time: 0.0839  memory: 1276  
2024/09/09 23:35:26 - mmengine - INFO - Iter(test) [3100/5000]    eta: 0:05:41  time: 0.1715  data_time: 0.0906  memory: 1271  
2024/09/09 23:35:35 - mmengine - INFO - Iter(test) [3150/5000]    eta: 0:05:32  time: 0.1974  data_time: 0.0917  memory: 1270  
2024/09/09 23:35:44 - mmengine - INFO - Iter(test) [3200/5000]    eta: 0:05:23  time: 0.1907  data_time: 0.0947  memory: 1285  
2024/09/09 23:35:53 - mmengine - INFO - Iter(test) [3250/5000]    eta: 0:05:15  time: 0.1813  data_time: 0.0817  memory: 1384  
2024/09/09 23:36:02 - mmengine - INFO - Iter(test) [3300/5000]    eta: 0:05:06  time: 0.1733  data_time: 0.0912  memory: 1278  
2024/09/09 23:36:11 - mmengine - INFO - Iter(test) [3350/5000]    eta: 0:04:57  time: 0.1735  data_time: 0.0948  memory: 1270  
2024/09/09 23:36:21 - mmengine - INFO - Iter(test) [3400/5000]    eta: 0:04:48  time: 0.1740  data_time: 0.0949  memory: 1269  
2024/09/09 23:36:29 - mmengine - INFO - Iter(test) [3450/5000]    eta: 0:04:39  time: 0.1586  data_time: 0.0830  memory: 1270  
2024/09/09 23:36:38 - mmengine - INFO - Iter(test) [3500/5000]    eta: 0:04:30  time: 0.1993  data_time: 0.0997  memory: 1280  
2024/09/09 23:36:47 - mmengine - INFO - Iter(test) [3550/5000]    eta: 0:04:21  time: 0.1712  data_time: 0.0900  memory: 1255  
2024/09/09 23:36:57 - mmengine - INFO - Iter(test) [3600/5000]    eta: 0:04:12  time: 0.1846  data_time: 0.0898  memory: 1272  
2024/09/09 23:37:06 - mmengine - INFO - Iter(test) [3650/5000]    eta: 0:04:03  time: 0.1878  data_time: 0.0878  memory: 1283  
2024/09/09 23:37:15 - mmengine - INFO - Iter(test) [3700/5000]    eta: 0:03:54  time: 0.1919  data_time: 0.0837  memory: 1287  
2024/09/09 23:37:24 - mmengine - INFO - Iter(test) [3750/5000]    eta: 0:03:45  time: 0.1672  data_time: 0.0867  memory: 1264  
2024/09/09 23:37:33 - mmengine - INFO - Iter(test) [3800/5000]    eta: 0:03:36  time: 0.1763  data_time: 0.0869  memory: 1296  
2024/09/09 23:37:42 - mmengine - INFO - Iter(test) [3850/5000]    eta: 0:03:27  time: 0.1820  data_time: 0.0953  memory: 1271  
2024/09/09 23:37:50 - mmengine - INFO - Iter(test) [3900/5000]    eta: 0:03:18  time: 0.1645  data_time: 0.0929  memory: 1400  
2024/09/09 23:37:59 - mmengine - INFO - Iter(test) [3950/5000]    eta: 0:03:08  time: 0.1743  data_time: 0.0916  memory: 1277  
2024/09/09 23:38:08 - mmengine - INFO - Iter(test) [4000/5000]    eta: 0:02:59  time: 0.1721  data_time: 0.0962  memory: 1374  
2024/09/09 23:38:17 - mmengine - INFO - Iter(test) [4050/5000]    eta: 0:02:50  time: 0.1863  data_time: 0.0940  memory: 1269  
2024/09/09 23:38:26 - mmengine - INFO - Iter(test) [4100/5000]    eta: 0:02:41  time: 0.1882  data_time: 0.0833  memory: 1262  
2024/09/09 23:38:35 - mmengine - INFO - Iter(test) [4150/5000]    eta: 0:02:32  time: 0.2028  data_time: 0.0932  memory: 1267  
2024/09/09 23:38:44 - mmengine - INFO - Iter(test) [4200/5000]    eta: 0:02:24  time: 0.1748  data_time: 0.0927  memory: 1269  
2024/09/09 23:38:54 - mmengine - INFO - Iter(test) [4250/5000]    eta: 0:02:15  time: 0.1683  data_time: 0.0897  memory: 1393  
2024/09/09 23:39:02 - mmengine - INFO - Iter(test) [4300/5000]    eta: 0:02:06  time: 0.1740  data_time: 0.0862  memory: 1311  
2024/09/09 23:39:12 - mmengine - INFO - Iter(test) [4350/5000]    eta: 0:01:57  time: 0.1854  data_time: 0.0953  memory: 1325  
2024/09/09 23:39:20 - mmengine - INFO - Iter(test) [4400/5000]    eta: 0:01:47  time: 0.1902  data_time: 0.0840  memory: 1302  
2024/09/09 23:39:29 - mmengine - INFO - Iter(test) [4450/5000]    eta: 0:01:38  time: 0.1700  data_time: 0.0882  memory: 1294  
2024/09/09 23:39:38 - mmengine - INFO - Iter(test) [4500/5000]    eta: 0:01:29  time: 0.1656  data_time: 0.0928  memory: 1294  
2024/09/09 23:39:47 - mmengine - INFO - Iter(test) [4550/5000]    eta: 0:01:20  time: 0.1803  data_time: 0.0895  memory: 1345  
2024/09/09 23:39:56 - mmengine - INFO - Iter(test) [4600/5000]    eta: 0:01:11  time: 0.1939  data_time: 0.0888  memory: 1270  
2024/09/09 23:40:05 - mmengine - INFO - Iter(test) [4650/5000]    eta: 0:01:02  time: 0.1637  data_time: 0.1076  memory: 1271  
2024/09/09 23:40:13 - mmengine - INFO - Iter(test) [4700/5000]    eta: 0:00:53  time: 0.1787  data_time: 0.0872  memory: 1292  
2024/09/09 23:40:23 - mmengine - INFO - Iter(test) [4750/5000]    eta: 0:00:44  time: 0.1915  data_time: 0.0925  memory: 1293  
2024/09/09 23:40:32 - mmengine - INFO - Iter(test) [4800/5000]    eta: 0:00:35  time: 0.2045  data_time: 0.0942  memory: 1318  
2024/09/09 23:40:41 - mmengine - INFO - Iter(test) [4850/5000]    eta: 0:00:26  time: 0.1754  data_time: 0.0899  memory: 1254  
2024/09/09 23:40:50 - mmengine - INFO - Iter(test) [4900/5000]    eta: 0:00:18  time: 0.1731  data_time: 0.0912  memory: 1288  
2024/09/09 23:40:59 - mmengine - INFO - Iter(test) [4950/5000]    eta: 0:00:08  time: 0.1621  data_time: 0.0800  memory: 1259  
2024/09/09 23:41:08 - mmengine - INFO - Iter(test) [5000/5000]    eta: 0:00:00  time: 0.1725  data_time: 0.1016  memory: 1298  
2024/09/09 23:41:08 - mmengine - INFO - Iter(test) [5000/5000]    aAcc: 72.0900  mIoU: 34.4700  mAcc: 56.7800  data_time: 0.0924  time: 0.1799
