2024/09/09 23:42:02 - mmengine - INFO - 
------------------------------------------------------------
System environment:
    sys.platform: linux
    Python: 3.9.19 | packaged by conda-forge | (main, Mar 20 2024, 12:50:21) [GCC 12.3.0]
    CUDA available: True
    numpy_random_seed: 1175571042
    CUDA_HOME: /tools/cuda/cuda11.8
    NVCC: Cuda compilation tools, release 11.8, V11.8.89
    GCC: gcc (Ubuntu 7.5.0-3ubuntu1~18.04) 7.5.0
    PyTorch: 1.13.1+cu117
    PyTorch compiling details: PyTorch built with:
  - GCC 9.3
  - C++ Version: 201402
  - Intel(R) Math Kernel Library Version 2020.0.0 Product Build 20191122 for Intel(R) 64 architecture applications
  - Intel(R) MKL-DNN v2.6.0 (Git Hash 52b5f107dd9cf10910aaa19cb47f3abf9b349815)
  - OpenMP 201511 (a.k.a. OpenMP 4.5)
  - LAPACK is enabled (usually provided by MKL)
  - NNPACK is enabled
  - CPU capability usage: AVX2
  - CUDA Runtime 11.7
  - NVCC architecture flags: -gencode;arch=compute_37,code=sm_37;-gencode;arch=compute_50,code=sm_50;-gencode;arch=compute_60,code=sm_60;-gencode;arch=compute_70,code=sm_70;-gencode;arch=compute_75,code=sm_75;-gencode;arch=compute_80,code=sm_80;-gencode;arch=compute_86,code=sm_86
  - CuDNN 8.5
  - Magma 2.6.1
  - Build settings: BLAS_INFO=mkl, BUILD_TYPE=Release, CUDA_VERSION=11.7, CUDNN_VERSION=8.5.0, CXX_COMPILER=/opt/rh/devtoolset-9/root/usr/bin/c++, CXX_FLAGS= -fabi-version=11 -Wno-deprecated -fvisibility-inlines-hidden -DUSE_PTHREADPOOL -fopenmp -DNDEBUG -DUSE_KINETO -DUSE_FBGEMM -DUSE_QNNPACK -DUSE_PYTORCH_QNNPACK -DUSE_XNNPACK -DSYMBOLICATE_MOBILE_DEBUG_HANDLE -DEDGE_PROFILER_USE_KINETO -O2 -fPIC -Wno-narrowing -Wall -Wextra -Werror=return-type -Werror=non-virtual-dtor -Wno-missing-field-initializers -Wno-type-limits -Wno-array-bounds -Wno-unknown-pragmas -Wunused-local-typedefs -Wno-unused-parameter -Wno-unused-function -Wno-unused-result -Wno-strict-overflow -Wno-strict-aliasing -Wno-error=deprecated-declarations -Wno-stringop-overflow -Wno-psabi -Wno-error=pedantic -Wno-error=redundant-decls -Wno-error=old-style-cast -fdiagnostics-color=always -faligned-new -Wno-unused-but-set-variable -Wno-maybe-uninitialized -fno-math-errno -fno-trapping-math -Werror=format -Werror=cast-function-type -Wno-stringop-overflow, LAPACK_INFO=mkl, PERF_WITH_AVX=1, PERF_WITH_AVX2=1, PERF_WITH_AVX512=1, TORCH_VERSION=1.13.1, USE_CUDA=ON, USE_CUDNN=ON, USE_EXCEPTION_PTR=1, USE_GFLAGS=OFF, USE_GLOG=OFF, USE_MKL=ON, USE_MKLDNN=ON, USE_MPI=OFF, USE_NCCL=ON, USE_NNPACK=ON, USE_OPENMP=ON, USE_ROCM=OFF, 

    TorchVision: 0.14.1+cu117
    OpenCV: 4.10.0
    MMEngine: 0.8.4

Runtime environment:
    cudnn_benchmark: True
    mp_cfg: {'mp_start_method': 'fork', 'opencv_num_threads': 0}
    dist_cfg: {'backend': 'nccl'}
    seed: 1175571042
    Distributed launcher: none
    Distributed training: False
    GPU number: 1
------------------------------------------------------------

2024/09/09 23:42:02 - mmengine - INFO - Config:
data_root = '/SHARE_ST/icl/Neurips2024/zeroseg_kdu_khy/data/VOCdevkit/VOC2010'
dataset_type = 'PascalContext60Dataset'
default_hooks = dict(
    checkpoint=dict(by_epoch=False, interval=2000, type='CheckpointHook'),
    logger=dict(interval=50, log_metric_by_epoch=False, type='LoggerHook'),
    param_scheduler=dict(type='ParamSchedulerHook'),
    sampler_seed=dict(type='DistSamplerSeedHook'),
    timer=dict(type='IterTimerHook'),
    visualization=dict(draw=True, interval=1, type='SegVisualizationHook'))
default_scope = 'mmseg'
env_cfg = dict(
    cudnn_benchmark=True,
    dist_cfg=dict(backend='nccl'),
    mp_cfg=dict(mp_start_method='fork', opencv_num_threads=0))
launcher = 'none'
load_from = None
log_level = 'INFO'
log_processor = dict(by_epoch=False)
model = dict(
    P=0.14,
    T=0.17,
    clip_path='ViT-B/16',
    kl_sizes=[
        0.9749851923788148,
        0.804973056633385,
        0.6138345976796581,
    ],
    logit_scale=50,
    name_path='./configs/cls_context60.txt',
    prob_thd=0.5,
    type='CLIPForSegmentation')
resume = False
test_cfg = dict(type='TestLoop')
test_dataloader = dict(
    batch_size=1,
    dataset=dict(
        ann_file='ImageSets/SegmentationContext/val.txt',
        data_prefix=dict(
            img_path='JPEGImages', seg_map_path='SegmentationClassContext'),
        data_root=
        '/SHARE_ST/icl/Neurips2024/zeroseg_kdu_khy/data/VOCdevkit/VOC2010',
        pipeline=[
            dict(type='LoadImageFromFile'),
            dict(keep_ratio=True, scale=(
                2048,
                448,
            ), type='Resize'),
            dict(type='LoadAnnotations'),
            dict(type='PackSegInputs'),
        ],
        type='PascalContext60Dataset'),
    num_workers=4,
    persistent_workers=True,
    sampler=dict(shuffle=False, type='DefaultSampler'))
test_evaluator = dict(
    iou_metrics=[
        'mIoU',
    ], type='IoUMetric')
test_pipeline = [
    dict(type='LoadImageFromFile'),
    dict(keep_ratio=True, scale=(
        2048,
        448,
    ), type='Resize'),
    dict(type='LoadAnnotations'),
    dict(type='PackSegInputs'),
]
vis_backends = [
    dict(type='LocalVisBackend'),
]
visualizer = dict(
    name='visualizer',
    save_dir='./outputs/',
    type='SegLocalVisualizer',
    vis_backends=[
        dict(type='LocalVisBackend'),
    ])
work_dir = './hyper-context'

2024/09/09 23:42:09 - mmengine - INFO - Distributed training is not used, all SyncBatchNorm (SyncBN) layers in the model will be automatically reverted to BatchNormXd layers if they are used.
2024/09/09 23:42:09 - mmengine - INFO - Hooks will be executed in the following order:
before_run:
(VERY_HIGH   ) RuntimeInfoHook                    
(BELOW_NORMAL) LoggerHook                         
 -------------------- 
before_train:
(VERY_HIGH   ) RuntimeInfoHook                    
(NORMAL      ) IterTimerHook                      
(VERY_LOW    ) CheckpointHook                     
 -------------------- 
before_train_epoch:
(VERY_HIGH   ) RuntimeInfoHook                    
(NORMAL      ) IterTimerHook                      
(NORMAL      ) DistSamplerSeedHook                
 -------------------- 
before_train_iter:
(VERY_HIGH   ) RuntimeInfoHook                    
(NORMAL      ) IterTimerHook                      
 -------------------- 
after_train_iter:
(VERY_HIGH   ) RuntimeInfoHook                    
(NORMAL      ) IterTimerHook                      
(NORMAL      ) SegVisualizationHook               
(BELOW_NORMAL) LoggerHook                         
(LOW         ) ParamSchedulerHook                 
(VERY_LOW    ) CheckpointHook                     
 -------------------- 
after_train_epoch:
(NORMAL      ) IterTimerHook                      
(LOW         ) ParamSchedulerHook                 
(VERY_LOW    ) CheckpointHook                     
 -------------------- 
before_val:
(VERY_HIGH   ) RuntimeInfoHook                    
 -------------------- 
before_val_epoch:
(NORMAL      ) IterTimerHook                      
 -------------------- 
before_val_iter:
(NORMAL      ) IterTimerHook                      
 -------------------- 
after_val_iter:
(NORMAL      ) IterTimerHook                      
(NORMAL      ) SegVisualizationHook               
(BELOW_NORMAL) LoggerHook                         
 -------------------- 
after_val_epoch:
(VERY_HIGH   ) RuntimeInfoHook                    
(NORMAL      ) IterTimerHook                      
(BELOW_NORMAL) LoggerHook                         
(LOW         ) ParamSchedulerHook                 
(VERY_LOW    ) CheckpointHook                     
 -------------------- 
after_val:
(VERY_HIGH   ) RuntimeInfoHook                    
 -------------------- 
after_train:
(VERY_HIGH   ) RuntimeInfoHook                    
(VERY_LOW    ) CheckpointHook                     
 -------------------- 
before_test:
(VERY_HIGH   ) RuntimeInfoHook                    
 -------------------- 
before_test_epoch:
(NORMAL      ) IterTimerHook                      
 -------------------- 
before_test_iter:
(NORMAL      ) IterTimerHook                      
 -------------------- 
after_test_iter:
(NORMAL      ) IterTimerHook                      
(NORMAL      ) SegVisualizationHook               
(BELOW_NORMAL) LoggerHook                         
 -------------------- 
after_test_epoch:
(VERY_HIGH   ) RuntimeInfoHook                    
(NORMAL      ) IterTimerHook                      
(BELOW_NORMAL) LoggerHook                         
 -------------------- 
after_test:
(VERY_HIGH   ) RuntimeInfoHook                    
 -------------------- 
after_run:
(BELOW_NORMAL) LoggerHook                         
 -------------------- 
2024/09/09 23:42:18 - mmengine - INFO - Iter(test) [  50/5104]    eta: 0:14:52  time: 0.1640  data_time: 0.0764  memory: 1143  
2024/09/09 23:42:27 - mmengine - INFO - Iter(test) [ 100/5104]    eta: 0:14:04  time: 0.1652  data_time: 0.0704  memory: 1130  
2024/09/09 23:42:35 - mmengine - INFO - Iter(test) [ 150/5104]    eta: 0:13:46  time: 0.1720  data_time: 0.0771  memory: 1125  
2024/09/09 23:42:43 - mmengine - INFO - Iter(test) [ 200/5104]    eta: 0:13:26  time: 0.1751  data_time: 0.0729  memory: 1155  
2024/09/09 23:42:53 - mmengine - INFO - Iter(test) [ 250/5104]    eta: 0:13:53  time: 0.2632  data_time: 0.1791  memory: 1141  
2024/09/09 23:43:00 - mmengine - INFO - Iter(test) [ 300/5104]    eta: 0:13:33  time: 0.1593  data_time: 0.0753  memory: 1124  
2024/09/09 23:43:08 - mmengine - INFO - Iter(test) [ 350/5104]    eta: 0:13:17  time: 0.1612  data_time: 0.0735  memory: 1127  
2024/09/09 23:43:17 - mmengine - INFO - Iter(test) [ 400/5104]    eta: 0:13:08  time: 0.1649  data_time: 0.0736  memory: 1187  
2024/09/09 23:43:25 - mmengine - INFO - Iter(test) [ 450/5104]    eta: 0:12:56  time: 0.1637  data_time: 0.0833  memory: 1131  
2024/09/09 23:43:33 - mmengine - INFO - Iter(test) [ 500/5104]    eta: 0:12:44  time: 0.1517  data_time: 0.0716  memory: 1141  
2024/09/09 23:43:41 - mmengine - INFO - Iter(test) [ 550/5104]    eta: 0:12:33  time: 0.1585  data_time: 0.0747  memory: 1138  
2024/09/09 23:43:49 - mmengine - INFO - Iter(test) [ 600/5104]    eta: 0:12:27  time: 0.2085  data_time: 0.1281  memory: 1141  
2024/09/09 23:43:58 - mmengine - INFO - Iter(test) [ 650/5104]    eta: 0:12:23  time: 0.1579  data_time: 0.0737  memory: 1131  
2024/09/09 23:44:06 - mmengine - INFO - Iter(test) [ 700/5104]    eta: 0:12:12  time: 0.1506  data_time: 0.0739  memory: 1154  
2024/09/09 23:44:14 - mmengine - INFO - Iter(test) [ 750/5104]    eta: 0:12:03  time: 0.1581  data_time: 0.0778  memory: 1169  
2024/09/09 23:44:22 - mmengine - INFO - Iter(test) [ 800/5104]    eta: 0:11:53  time: 0.1594  data_time: 0.0754  memory: 1137  
2024/09/09 23:44:30 - mmengine - INFO - Iter(test) [ 850/5104]    eta: 0:11:43  time: 0.1568  data_time: 0.0764  memory: 1177  
2024/09/09 23:44:38 - mmengine - INFO - Iter(test) [ 900/5104]    eta: 0:11:34  time: 0.1554  data_time: 0.0747  memory: 1271  
2024/09/09 23:44:46 - mmengine - INFO - Iter(test) [ 950/5104]    eta: 0:11:24  time: 0.1643  data_time: 0.0731  memory: 1136  
2024/09/09 23:44:56 - mmengine - INFO - Iter(test) [1000/5104]    eta: 0:11:23  time: 0.2233  data_time: 0.1394  memory: 1127  
2024/09/09 23:45:04 - mmengine - INFO - Iter(test) [1050/5104]    eta: 0:11:14  time: 0.1671  data_time: 0.0758  memory: 1128  
2024/09/09 23:45:13 - mmengine - INFO - Iter(test) [1100/5104]    eta: 0:11:05  time: 0.1675  data_time: 0.0726  memory: 1212  
2024/09/09 23:45:21 - mmengine - INFO - Iter(test) [1150/5104]    eta: 0:10:57  time: 0.1622  data_time: 0.0781  memory: 1131  
2024/09/09 23:45:29 - mmengine - INFO - Iter(test) [1200/5104]    eta: 0:10:47  time: 0.1663  data_time: 0.0713  memory: 1160  
2024/09/09 23:45:37 - mmengine - INFO - Iter(test) [1250/5104]    eta: 0:10:39  time: 0.1610  data_time: 0.0730  memory: 1129  
2024/09/09 23:45:45 - mmengine - INFO - Iter(test) [1300/5104]    eta: 0:10:30  time: 0.1618  data_time: 0.0778  memory: 1148  
2024/09/09 23:45:54 - mmengine - INFO - Iter(test) [1350/5104]    eta: 0:10:23  time: 0.1696  data_time: 0.0826  memory: 1136  
2024/09/09 23:46:02 - mmengine - INFO - Iter(test) [1400/5104]    eta: 0:10:15  time: 0.1577  data_time: 0.0737  memory: 1193  
2024/09/09 23:46:10 - mmengine - INFO - Iter(test) [1450/5104]    eta: 0:10:06  time: 0.1607  data_time: 0.0768  memory: 1127  
2024/09/09 23:46:18 - mmengine - INFO - Iter(test) [1500/5104]    eta: 0:09:57  time: 0.1567  data_time: 0.0727  memory: 1137  
2024/09/09 23:46:26 - mmengine - INFO - Iter(test) [1550/5104]    eta: 0:09:48  time: 0.1618  data_time: 0.0742  memory: 1135  
2024/09/09 23:46:34 - mmengine - INFO - Iter(test) [1600/5104]    eta: 0:09:39  time: 0.1517  data_time: 0.0713  memory: 1154  
2024/09/09 23:46:42 - mmengine - INFO - Iter(test) [1650/5104]    eta: 0:09:30  time: 0.1612  data_time: 0.0791  memory: 1127  
2024/09/09 23:46:50 - mmengine - INFO - Iter(test) [1700/5104]    eta: 0:09:21  time: 0.1573  data_time: 0.0770  memory: 1179  
2024/09/09 23:47:00 - mmengine - INFO - Iter(test) [1750/5104]    eta: 0:09:16  time: 0.1650  data_time: 0.0737  memory: 1145  
2024/09/09 23:47:08 - mmengine - INFO - Iter(test) [1800/5104]    eta: 0:09:07  time: 0.1610  data_time: 0.0732  memory: 1181  
2024/09/09 23:47:16 - mmengine - INFO - Iter(test) [1850/5104]    eta: 0:08:58  time: 0.1562  data_time: 0.0757  memory: 1135  
2024/09/09 23:47:24 - mmengine - INFO - Iter(test) [1900/5104]    eta: 0:08:50  time: 0.1583  data_time: 0.0744  memory: 1192  
2024/09/09 23:47:32 - mmengine - INFO - Iter(test) [1950/5104]    eta: 0:08:41  time: 0.1635  data_time: 0.0723  memory: 1138  
2024/09/09 23:47:40 - mmengine - INFO - Iter(test) [2000/5104]    eta: 0:08:32  time: 0.1484  data_time: 0.0752  memory: 1124  
2024/09/09 23:47:48 - mmengine - INFO - Iter(test) [2050/5104]    eta: 0:08:24  time: 0.1633  data_time: 0.0721  memory: 1153  
2024/09/09 23:47:58 - mmengine - INFO - Iter(test) [2100/5104]    eta: 0:08:17  time: 0.1860  data_time: 0.1092  memory: 1131  
2024/09/09 23:48:06 - mmengine - INFO - Iter(test) [2150/5104]    eta: 0:08:09  time: 0.1592  data_time: 0.0716  memory: 1139  
2024/09/09 23:48:14 - mmengine - INFO - Iter(test) [2200/5104]    eta: 0:08:01  time: 0.1554  data_time: 0.0750  memory: 1155  
2024/09/09 23:48:22 - mmengine - INFO - Iter(test) [2250/5104]    eta: 0:07:52  time: 0.1644  data_time: 0.0804  memory: 1128  
2024/09/09 23:48:31 - mmengine - INFO - Iter(test) [2300/5104]    eta: 0:07:44  time: 0.1535  data_time: 0.0731  memory: 1135  
2024/09/09 23:48:39 - mmengine - INFO - Iter(test) [2350/5104]    eta: 0:07:36  time: 0.1593  data_time: 0.0754  memory: 1186  
2024/09/09 23:48:47 - mmengine - INFO - Iter(test) [2400/5104]    eta: 0:07:27  time: 0.1755  data_time: 0.0761  memory: 1142  
2024/09/09 23:48:56 - mmengine - INFO - Iter(test) [2450/5104]    eta: 0:07:19  time: 0.1851  data_time: 0.0975  memory: 1134  
2024/09/09 23:49:05 - mmengine - INFO - Iter(test) [2500/5104]    eta: 0:07:12  time: 0.1531  data_time: 0.0763  memory: 1251  
2024/09/09 23:49:13 - mmengine - INFO - Iter(test) [2550/5104]    eta: 0:07:04  time: 0.1723  data_time: 0.0846  memory: 1137  
2024/09/09 23:49:22 - mmengine - INFO - Iter(test) [2600/5104]    eta: 0:06:55  time: 0.1768  data_time: 0.0891  memory: 1148  
2024/09/09 23:49:30 - mmengine - INFO - Iter(test) [2650/5104]    eta: 0:06:47  time: 0.1689  data_time: 0.0705  memory: 1142  
2024/09/09 23:49:38 - mmengine - INFO - Iter(test) [2700/5104]    eta: 0:06:39  time: 0.1615  data_time: 0.0702  memory: 1194  
2024/09/09 23:49:46 - mmengine - INFO - Iter(test) [2750/5104]    eta: 0:06:30  time: 0.1622  data_time: 0.0746  memory: 1138  
2024/09/09 23:49:54 - mmengine - INFO - Iter(test) [2800/5104]    eta: 0:06:22  time: 0.1618  data_time: 0.0778  memory: 1130  
2024/09/09 23:50:04 - mmengine - INFO - Iter(test) [2850/5104]    eta: 0:06:15  time: 0.1747  data_time: 0.0797  memory: 1152  
2024/09/09 23:50:13 - mmengine - INFO - Iter(test) [2900/5104]    eta: 0:06:06  time: 0.1648  data_time: 0.0807  memory: 1182  
2024/09/09 23:50:21 - mmengine - INFO - Iter(test) [2950/5104]    eta: 0:05:58  time: 0.1707  data_time: 0.0759  memory: 1159  
2024/09/09 23:50:29 - mmengine - INFO - Iter(test) [3000/5104]    eta: 0:05:50  time: 0.1645  data_time: 0.0732  memory: 1150  
2024/09/09 23:50:37 - mmengine - INFO - Iter(test) [3050/5104]    eta: 0:05:41  time: 0.1602  data_time: 0.0726  memory: 1138  
2024/09/09 23:50:46 - mmengine - INFO - Iter(test) [3100/5104]    eta: 0:05:33  time: 0.1675  data_time: 0.0724  memory: 1151  
2024/09/09 23:50:54 - mmengine - INFO - Iter(test) [3150/5104]    eta: 0:05:24  time: 0.1574  data_time: 0.0769  memory: 1135  
2024/09/09 23:51:03 - mmengine - INFO - Iter(test) [3200/5104]    eta: 0:05:17  time: 0.2223  data_time: 0.1346  memory: 1128  
2024/09/09 23:51:12 - mmengine - INFO - Iter(test) [3250/5104]    eta: 0:05:09  time: 0.1627  data_time: 0.0751  memory: 1125  
2024/09/09 23:51:20 - mmengine - INFO - Iter(test) [3300/5104]    eta: 0:05:00  time: 0.1641  data_time: 0.0728  memory: 1136  
2024/09/09 23:51:29 - mmengine - INFO - Iter(test) [3350/5104]    eta: 0:04:52  time: 0.1630  data_time: 0.0824  memory: 1133  
2024/09/09 23:51:38 - mmengine - INFO - Iter(test) [3400/5104]    eta: 0:04:44  time: 0.1624  data_time: 0.0749  memory: 1137  
2024/09/09 23:51:46 - mmengine - INFO - Iter(test) [3450/5104]    eta: 0:04:36  time: 0.1651  data_time: 0.0775  memory: 1129  
2024/09/09 23:51:54 - mmengine - INFO - Iter(test) [3500/5104]    eta: 0:04:27  time: 0.1744  data_time: 0.0830  memory: 1139  
2024/09/09 23:52:04 - mmengine - INFO - Iter(test) [3550/5104]    eta: 0:04:19  time: 0.2340  data_time: 0.1464  memory: 1159  
2024/09/09 23:52:13 - mmengine - INFO - Iter(test) [3600/5104]    eta: 0:04:11  time: 0.1537  data_time: 0.0769  memory: 1136  
2024/09/09 23:52:21 - mmengine - INFO - Iter(test) [3650/5104]    eta: 0:04:03  time: 0.1595  data_time: 0.0754  memory: 1137  
2024/09/09 23:52:29 - mmengine - INFO - Iter(test) [3700/5104]    eta: 0:03:54  time: 0.1684  data_time: 0.0807  memory: 1124  
2024/09/09 23:52:37 - mmengine - INFO - Iter(test) [3750/5104]    eta: 0:03:46  time: 0.1591  data_time: 0.0751  memory: 1137  
2024/09/09 23:52:45 - mmengine - INFO - Iter(test) [3800/5104]    eta: 0:03:37  time: 0.1605  data_time: 0.0764  memory: 1146  
2024/09/09 23:52:53 - mmengine - INFO - Iter(test) [3850/5104]    eta: 0:03:29  time: 0.1630  data_time: 0.0716  memory: 1134  
2024/09/09 23:53:01 - mmengine - INFO - Iter(test) [3900/5104]    eta: 0:03:20  time: 0.1688  data_time: 0.0847  memory: 1129  
2024/09/09 23:53:11 - mmengine - INFO - Iter(test) [3950/5104]    eta: 0:03:13  time: 0.1632  data_time: 0.0733  memory: 1141  
2024/09/09 23:53:19 - mmengine - INFO - Iter(test) [4000/5104]    eta: 0:03:04  time: 0.1577  data_time: 0.0736  memory: 1134  
2024/09/09 23:53:27 - mmengine - INFO - Iter(test) [4050/5104]    eta: 0:02:56  time: 0.1672  data_time: 0.0759  memory: 1140  
2024/09/09 23:53:36 - mmengine - INFO - Iter(test) [4100/5104]    eta: 0:02:47  time: 0.1700  data_time: 0.0715  memory: 1156  
2024/09/09 23:53:44 - mmengine - INFO - Iter(test) [4150/5104]    eta: 0:02:39  time: 0.1563  data_time: 0.0758  memory: 1129  
2024/09/09 23:53:52 - mmengine - INFO - Iter(test) [4200/5104]    eta: 0:02:31  time: 0.1494  data_time: 0.0727  memory: 1128  
2024/09/09 23:54:00 - mmengine - INFO - Iter(test) [4250/5104]    eta: 0:02:22  time: 0.1625  data_time: 0.0747  memory: 1124  
2024/09/09 23:54:11 - mmengine - INFO - Iter(test) [4300/5104]    eta: 0:02:14  time: 0.1769  data_time: 0.0780  memory: 1220  
2024/09/09 23:54:19 - mmengine - INFO - Iter(test) [4350/5104]    eta: 0:02:06  time: 0.1627  data_time: 0.0823  memory: 1174  
2024/09/09 23:54:27 - mmengine - INFO - Iter(test) [4400/5104]    eta: 0:01:58  time: 0.1542  data_time: 0.0810  memory: 1129  
2024/09/09 23:54:35 - mmengine - INFO - Iter(test) [4450/5104]    eta: 0:01:49  time: 0.1563  data_time: 0.0760  memory: 1147  
2024/09/09 23:54:44 - mmengine - INFO - Iter(test) [4500/5104]    eta: 0:01:41  time: 0.1619  data_time: 0.0741  memory: 1141  
2024/09/09 23:54:52 - mmengine - INFO - Iter(test) [4550/5104]    eta: 0:01:32  time: 0.1639  data_time: 0.0725  memory: 1137  
2024/09/09 23:55:00 - mmengine - INFO - Iter(test) [4600/5104]    eta: 0:01:24  time: 0.1629  data_time: 0.0750  memory: 1125  
2024/09/09 23:55:12 - mmengine - INFO - Iter(test) [4650/5104]    eta: 0:01:16  time: 0.1791  data_time: 0.0914  memory: 1136  
2024/09/09 23:55:20 - mmengine - INFO - Iter(test) [4700/5104]    eta: 0:01:07  time: 0.1603  data_time: 0.0762  memory: 1140  
2024/09/09 23:55:28 - mmengine - INFO - Iter(test) [4750/5104]    eta: 0:00:59  time: 0.1654  data_time: 0.0776  memory: 1174  
2024/09/09 23:55:36 - mmengine - INFO - Iter(test) [4800/5104]    eta: 0:00:51  time: 0.1620  data_time: 0.0707  memory: 1124  
2024/09/09 23:55:44 - mmengine - INFO - Iter(test) [4850/5104]    eta: 0:00:42  time: 0.1529  data_time: 0.0760  memory: 1139  
2024/09/09 23:55:52 - mmengine - INFO - Iter(test) [4900/5104]    eta: 0:00:34  time: 0.1660  data_time: 0.0746  memory: 1163  
2024/09/09 23:56:00 - mmengine - INFO - Iter(test) [4950/5104]    eta: 0:00:25  time: 0.1619  data_time: 0.0742  memory: 1144  
2024/09/09 23:56:10 - mmengine - INFO - Iter(test) [5000/5104]    eta: 0:00:17  time: 0.2093  data_time: 0.1215  memory: 1141  
2024/09/09 23:56:18 - mmengine - INFO - Iter(test) [5050/5104]    eta: 0:00:09  time: 0.1618  data_time: 0.0741  memory: 1131  
2024/09/09 23:56:26 - mmengine - INFO - Iter(test) [5100/5104]    eta: 0:00:00  time: 0.1581  data_time: 0.0739  memory: 1128  
2024/09/09 23:56:27 - mmengine - INFO - Iter(test) [5104/5104]    aAcc: 43.5700  mIoU: 29.7900  mAcc: 39.4800  data_time: 0.0815  time: 0.1679
