2024/09/09 21:17:32 - mmengine - INFO - 
------------------------------------------------------------
System environment:
    sys.platform: linux
    Python: 3.9.19 | packaged by conda-forge | (main, Mar 20 2024, 12:50:21) [GCC 12.3.0]
    CUDA available: True
    numpy_random_seed: 560976004
    CUDA_HOME: /tools/cuda/cuda11.8
    NVCC: Cuda compilation tools, release 11.8, V11.8.89
    GCC: gcc (Ubuntu 7.5.0-3ubuntu1~18.04) 7.5.0
    PyTorch: 1.13.1+cu117
    PyTorch compiling details: PyTorch built with:
  - GCC 9.3
  - C++ Version: 201402
  - Intel(R) Math Kernel Library Version 2020.0.0 Product Build 20191122 for Intel(R) 64 architecture applications
  - Intel(R) MKL-DNN v2.6.0 (Git Hash 52b5f107dd9cf10910aaa19cb47f3abf9b349815)
  - OpenMP 201511 (a.k.a. OpenMP 4.5)
  - LAPACK is enabled (usually provided by MKL)
  - NNPACK is enabled
  - CPU capability usage: AVX2
  - CUDA Runtime 11.7
  - NVCC architecture flags: -gencode;arch=compute_37,code=sm_37;-gencode;arch=compute_50,code=sm_50;-gencode;arch=compute_60,code=sm_60;-gencode;arch=compute_70,code=sm_70;-gencode;arch=compute_75,code=sm_75;-gencode;arch=compute_80,code=sm_80;-gencode;arch=compute_86,code=sm_86
  - CuDNN 8.5
  - Magma 2.6.1
  - Build settings: BLAS_INFO=mkl, BUILD_TYPE=Release, CUDA_VERSION=11.7, CUDNN_VERSION=8.5.0, CXX_COMPILER=/opt/rh/devtoolset-9/root/usr/bin/c++, CXX_FLAGS= -fabi-version=11 -Wno-deprecated -fvisibility-inlines-hidden -DUSE_PTHREADPOOL -fopenmp -DNDEBUG -DUSE_KINETO -DUSE_FBGEMM -DUSE_QNNPACK -DUSE_PYTORCH_QNNPACK -DUSE_XNNPACK -DSYMBOLICATE_MOBILE_DEBUG_HANDLE -DEDGE_PROFILER_USE_KINETO -O2 -fPIC -Wno-narrowing -Wall -Wextra -Werror=return-type -Werror=non-virtual-dtor -Wno-missing-field-initializers -Wno-type-limits -Wno-array-bounds -Wno-unknown-pragmas -Wunused-local-typedefs -Wno-unused-parameter -Wno-unused-function -Wno-unused-result -Wno-strict-overflow -Wno-strict-aliasing -Wno-error=deprecated-declarations -Wno-stringop-overflow -Wno-psabi -Wno-error=pedantic -Wno-error=redundant-decls -Wno-error=old-style-cast -fdiagnostics-color=always -faligned-new -Wno-unused-but-set-variable -Wno-maybe-uninitialized -fno-math-errno -fno-trapping-math -Werror=format -Werror=cast-function-type -Wno-stringop-overflow, LAPACK_INFO=mkl, PERF_WITH_AVX=1, PERF_WITH_AVX2=1, PERF_WITH_AVX512=1, TORCH_VERSION=1.13.1, USE_CUDA=ON, USE_CUDNN=ON, USE_EXCEPTION_PTR=1, USE_GFLAGS=OFF, USE_GLOG=OFF, USE_MKL=ON, USE_MKLDNN=ON, USE_MPI=OFF, USE_NCCL=ON, USE_NNPACK=ON, USE_OPENMP=ON, USE_ROCM=OFF, 

    TorchVision: 0.14.1+cu117
    OpenCV: 4.10.0
    MMEngine: 0.8.4

Runtime environment:
    cudnn_benchmark: True
    mp_cfg: {'mp_start_method': 'fork', 'opencv_num_threads': 0}
    dist_cfg: {'backend': 'nccl'}
    seed: 560976004
    Distributed launcher: none
    Distributed training: False
    GPU number: 1
------------------------------------------------------------

2024/09/09 21:17:32 - mmengine - INFO - Config:
data_root = '/SHARE_ST/icl/Neurips2024/zeroseg_kdu_khy/data/VOCdevkit/VOC2010'
dataset_type = 'PascalContext60Dataset'
default_hooks = dict(
    checkpoint=dict(by_epoch=False, interval=2000, type='CheckpointHook'),
    logger=dict(interval=50, log_metric_by_epoch=False, type='LoggerHook'),
    param_scheduler=dict(type='ParamSchedulerHook'),
    sampler_seed=dict(type='DistSamplerSeedHook'),
    timer=dict(type='IterTimerHook'),
    visualization=dict(draw=True, interval=1, type='SegVisualizationHook'))
default_scope = 'mmseg'
env_cfg = dict(
    cudnn_benchmark=True,
    dist_cfg=dict(backend='nccl'),
    mp_cfg=dict(mp_start_method='fork', opencv_num_threads=0))
launcher = 'none'
load_from = None
log_level = 'INFO'
log_processor = dict(by_epoch=False)
model = dict(
    P=0.15,
    T=0.07,
    clip_path='ViT-B/16',
    kl_sizes=[
        0.5783392177151874,
        0.5991643473219477,
        0.7368725429045726,
    ],
    logit_scale=50,
    name_path='./configs/cls_context60.txt',
    prob_thd=0.5,
    type='CLIPForSegmentation')
resume = False
test_cfg = dict(type='TestLoop')
test_dataloader = dict(
    batch_size=1,
    dataset=dict(
        ann_file='ImageSets/SegmentationContext/val.txt',
        data_prefix=dict(
            img_path='JPEGImages', seg_map_path='SegmentationClassContext'),
        data_root=
        '/SHARE_ST/icl/Neurips2024/zeroseg_kdu_khy/data/VOCdevkit/VOC2010',
        pipeline=[
            dict(type='LoadImageFromFile'),
            dict(keep_ratio=True, scale=(
                2048,
                448,
            ), type='Resize'),
            dict(type='LoadAnnotations'),
            dict(type='PackSegInputs'),
        ],
        type='PascalContext60Dataset'),
    num_workers=4,
    persistent_workers=True,
    sampler=dict(shuffle=False, type='DefaultSampler'))
test_evaluator = dict(
    iou_metrics=[
        'mIoU',
    ], type='IoUMetric')
test_pipeline = [
    dict(type='LoadImageFromFile'),
    dict(keep_ratio=True, scale=(
        2048,
        448,
    ), type='Resize'),
    dict(type='LoadAnnotations'),
    dict(type='PackSegInputs'),
]
vis_backends = [
    dict(type='LocalVisBackend'),
]
visualizer = dict(
    name='visualizer',
    save_dir='./outputs/',
    type='SegLocalVisualizer',
    vis_backends=[
        dict(type='LocalVisBackend'),
    ])
work_dir = './hyper-context'

2024/09/09 21:17:39 - mmengine - INFO - Distributed training is not used, all SyncBatchNorm (SyncBN) layers in the model will be automatically reverted to BatchNormXd layers if they are used.
2024/09/09 21:17:39 - mmengine - INFO - Hooks will be executed in the following order:
before_run:
(VERY_HIGH   ) RuntimeInfoHook                    
(BELOW_NORMAL) LoggerHook                         
 -------------------- 
before_train:
(VERY_HIGH   ) RuntimeInfoHook                    
(NORMAL      ) IterTimerHook                      
(VERY_LOW    ) CheckpointHook                     
 -------------------- 
before_train_epoch:
(VERY_HIGH   ) RuntimeInfoHook                    
(NORMAL      ) IterTimerHook                      
(NORMAL      ) DistSamplerSeedHook                
 -------------------- 
before_train_iter:
(VERY_HIGH   ) RuntimeInfoHook                    
(NORMAL      ) IterTimerHook                      
 -------------------- 
after_train_iter:
(VERY_HIGH   ) RuntimeInfoHook                    
(NORMAL      ) IterTimerHook                      
(NORMAL      ) SegVisualizationHook               
(BELOW_NORMAL) LoggerHook                         
(LOW         ) ParamSchedulerHook                 
(VERY_LOW    ) CheckpointHook                     
 -------------------- 
after_train_epoch:
(NORMAL      ) IterTimerHook                      
(LOW         ) ParamSchedulerHook                 
(VERY_LOW    ) CheckpointHook                     
 -------------------- 
before_val:
(VERY_HIGH   ) RuntimeInfoHook                    
 -------------------- 
before_val_epoch:
(NORMAL      ) IterTimerHook                      
 -------------------- 
before_val_iter:
(NORMAL      ) IterTimerHook                      
 -------------------- 
after_val_iter:
(NORMAL      ) IterTimerHook                      
(NORMAL      ) SegVisualizationHook               
(BELOW_NORMAL) LoggerHook                         
 -------------------- 
after_val_epoch:
(VERY_HIGH   ) RuntimeInfoHook                    
(NORMAL      ) IterTimerHook                      
(BELOW_NORMAL) LoggerHook                         
(LOW         ) ParamSchedulerHook                 
(VERY_LOW    ) CheckpointHook                     
 -------------------- 
after_val:
(VERY_HIGH   ) RuntimeInfoHook                    
 -------------------- 
after_train:
(VERY_HIGH   ) RuntimeInfoHook                    
(VERY_LOW    ) CheckpointHook                     
 -------------------- 
before_test:
(VERY_HIGH   ) RuntimeInfoHook                    
 -------------------- 
before_test_epoch:
(NORMAL      ) IterTimerHook                      
 -------------------- 
before_test_iter:
(NORMAL      ) IterTimerHook                      
 -------------------- 
after_test_iter:
(NORMAL      ) IterTimerHook                      
(NORMAL      ) SegVisualizationHook               
(BELOW_NORMAL) LoggerHook                         
 -------------------- 
after_test_epoch:
(VERY_HIGH   ) RuntimeInfoHook                    
(NORMAL      ) IterTimerHook                      
(BELOW_NORMAL) LoggerHook                         
 -------------------- 
after_test:
(VERY_HIGH   ) RuntimeInfoHook                    
 -------------------- 
after_run:
(BELOW_NORMAL) LoggerHook                         
 -------------------- 
2024/09/09 21:17:47 - mmengine - INFO - Iter(test) [  50/5104]    eta: 0:12:58  time: 0.1434  data_time: 0.0757  memory: 1143  
2024/09/09 21:17:54 - mmengine - INFO - Iter(test) [ 100/5104]    eta: 0:12:24  time: 0.1518  data_time: 0.0740  memory: 1130  
2024/09/09 21:18:01 - mmengine - INFO - Iter(test) [ 150/5104]    eta: 0:12:09  time: 0.1494  data_time: 0.0767  memory: 1125  
2024/09/09 21:18:08 - mmengine - INFO - Iter(test) [ 200/5104]    eta: 0:11:49  time: 0.1502  data_time: 0.0720  memory: 1156  
2024/09/09 21:18:15 - mmengine - INFO - Iter(test) [ 250/5104]    eta: 0:11:38  time: 0.1415  data_time: 0.0768  memory: 1141  
2024/09/09 21:18:22 - mmengine - INFO - Iter(test) [ 300/5104]    eta: 0:11:27  time: 0.1401  data_time: 0.0757  memory: 1123  
2024/09/09 21:18:29 - mmengine - INFO - Iter(test) [ 350/5104]    eta: 0:11:23  time: 0.1400  data_time: 0.0727  memory: 1128  
2024/09/09 21:18:37 - mmengine - INFO - Iter(test) [ 400/5104]    eta: 0:11:16  time: 0.1444  data_time: 0.0745  memory: 1187  
2024/09/09 21:18:44 - mmengine - INFO - Iter(test) [ 450/5104]    eta: 0:11:08  time: 0.1457  data_time: 0.0833  memory: 1130  
2024/09/09 21:18:51 - mmengine - INFO - Iter(test) [ 500/5104]    eta: 0:10:59  time: 0.1335  data_time: 0.0718  memory: 1141  
2024/09/09 21:18:58 - mmengine - INFO - Iter(test) [ 550/5104]    eta: 0:10:51  time: 0.1393  data_time: 0.0748  memory: 1138  
2024/09/09 21:19:05 - mmengine - INFO - Iter(test) [ 600/5104]    eta: 0:10:43  time: 0.1378  data_time: 0.0759  memory: 1142  
2024/09/09 21:19:12 - mmengine - INFO - Iter(test) [ 650/5104]    eta: 0:10:35  time: 0.1386  data_time: 0.0740  memory: 1132  
2024/09/09 21:19:19 - mmengine - INFO - Iter(test) [ 700/5104]    eta: 0:10:27  time: 0.1333  data_time: 0.0743  memory: 1156  
2024/09/09 21:19:26 - mmengine - INFO - Iter(test) [ 750/5104]    eta: 0:10:21  time: 0.1517  data_time: 0.0900  memory: 1168  
2024/09/09 21:19:33 - mmengine - INFO - Iter(test) [ 800/5104]    eta: 0:10:14  time: 0.1398  data_time: 0.0752  memory: 1136  
2024/09/09 21:19:40 - mmengine - INFO - Iter(test) [ 850/5104]    eta: 0:10:06  time: 0.1381  data_time: 0.0763  memory: 1178  
2024/09/09 21:19:48 - mmengine - INFO - Iter(test) [ 900/5104]    eta: 0:09:59  time: 0.1362  data_time: 0.0744  memory: 1270  
2024/09/09 21:19:54 - mmengine - INFO - Iter(test) [ 950/5104]    eta: 0:09:51  time: 0.1433  data_time: 0.0733  memory: 1136  
2024/09/09 21:20:01 - mmengine - INFO - Iter(test) [1000/5104]    eta: 0:09:43  time: 0.1356  data_time: 0.0710  memory: 1127  
2024/09/09 21:20:08 - mmengine - INFO - Iter(test) [1050/5104]    eta: 0:09:36  time: 0.1469  data_time: 0.0761  memory: 1128  
2024/09/09 21:20:16 - mmengine - INFO - Iter(test) [1100/5104]    eta: 0:09:29  time: 0.1460  data_time: 0.0731  memory: 1211  
2024/09/09 21:20:23 - mmengine - INFO - Iter(test) [1150/5104]    eta: 0:09:22  time: 0.1431  data_time: 0.0760  memory: 1132  
2024/09/09 21:20:30 - mmengine - INFO - Iter(test) [1200/5104]    eta: 0:09:15  time: 0.1452  data_time: 0.0722  memory: 1161  
2024/09/09 21:20:38 - mmengine - INFO - Iter(test) [1250/5104]    eta: 0:09:10  time: 0.1439  data_time: 0.0728  memory: 1129  
2024/09/09 21:20:45 - mmengine - INFO - Iter(test) [1300/5104]    eta: 0:09:02  time: 0.1432  data_time: 0.0782  memory: 1148  
2024/09/09 21:20:52 - mmengine - INFO - Iter(test) [1350/5104]    eta: 0:08:55  time: 0.1470  data_time: 0.0798  memory: 1136  
2024/09/09 21:20:59 - mmengine - INFO - Iter(test) [1400/5104]    eta: 0:08:48  time: 0.1380  data_time: 0.0735  memory: 1193  
2024/09/09 21:21:06 - mmengine - INFO - Iter(test) [1450/5104]    eta: 0:08:41  time: 0.1419  data_time: 0.0767  memory: 1128  
2024/09/09 21:21:13 - mmengine - INFO - Iter(test) [1500/5104]    eta: 0:08:33  time: 0.1397  data_time: 0.0732  memory: 1136  
2024/09/09 21:21:20 - mmengine - INFO - Iter(test) [1550/5104]    eta: 0:08:26  time: 0.1413  data_time: 0.0737  memory: 1135  
2024/09/09 21:21:27 - mmengine - INFO - Iter(test) [1600/5104]    eta: 0:08:18  time: 0.1332  data_time: 0.0714  memory: 1156  
2024/09/09 21:21:34 - mmengine - INFO - Iter(test) [1650/5104]    eta: 0:08:12  time: 0.1571  data_time: 0.0951  memory: 1128  
2024/09/09 21:21:41 - mmengine - INFO - Iter(test) [1700/5104]    eta: 0:08:04  time: 0.1397  data_time: 0.0777  memory: 1179  
2024/09/09 21:21:49 - mmengine - INFO - Iter(test) [1750/5104]    eta: 0:07:58  time: 0.1433  data_time: 0.0733  memory: 1146  
2024/09/09 21:21:56 - mmengine - INFO - Iter(test) [1800/5104]    eta: 0:07:50  time: 0.1410  data_time: 0.0736  memory: 1181  
2024/09/09 21:22:03 - mmengine - INFO - Iter(test) [1850/5104]    eta: 0:07:43  time: 0.1382  data_time: 0.0764  memory: 1134  
2024/09/09 21:22:10 - mmengine - INFO - Iter(test) [1900/5104]    eta: 0:07:36  time: 0.1384  data_time: 0.0738  memory: 1191  
2024/09/09 21:22:17 - mmengine - INFO - Iter(test) [1950/5104]    eta: 0:07:29  time: 0.1422  data_time: 0.0723  memory: 1138  
2024/09/09 21:22:24 - mmengine - INFO - Iter(test) [2000/5104]    eta: 0:07:21  time: 0.1313  data_time: 0.0749  memory: 1125  
2024/09/09 21:22:31 - mmengine - INFO - Iter(test) [2050/5104]    eta: 0:07:15  time: 0.1436  data_time: 0.0733  memory: 1153  
2024/09/09 21:22:39 - mmengine - INFO - Iter(test) [2100/5104]    eta: 0:07:08  time: 0.1344  data_time: 0.0752  memory: 1130  
2024/09/09 21:22:46 - mmengine - INFO - Iter(test) [2150/5104]    eta: 0:07:01  time: 0.1406  data_time: 0.0730  memory: 1139  
2024/09/09 21:22:53 - mmengine - INFO - Iter(test) [2200/5104]    eta: 0:06:53  time: 0.1381  data_time: 0.0760  memory: 1155  
2024/09/09 21:23:00 - mmengine - INFO - Iter(test) [2250/5104]    eta: 0:06:46  time: 0.1382  data_time: 0.0736  memory: 1127  
2024/09/09 21:23:07 - mmengine - INFO - Iter(test) [2300/5104]    eta: 0:06:39  time: 0.1353  data_time: 0.0733  memory: 1136  
2024/09/09 21:23:14 - mmengine - INFO - Iter(test) [2350/5104]    eta: 0:06:32  time: 0.1408  data_time: 0.0759  memory: 1187  
2024/09/09 21:23:21 - mmengine - INFO - Iter(test) [2400/5104]    eta: 0:06:25  time: 0.1544  data_time: 0.0755  memory: 1142  
2024/09/09 21:23:29 - mmengine - INFO - Iter(test) [2450/5104]    eta: 0:06:18  time: 0.1464  data_time: 0.0743  memory: 1134  
2024/09/09 21:23:37 - mmengine - INFO - Iter(test) [2500/5104]    eta: 0:06:12  time: 0.1846  data_time: 0.1256  memory: 1251  
2024/09/09 21:23:44 - mmengine - INFO - Iter(test) [2550/5104]    eta: 0:06:05  time: 0.1517  data_time: 0.0844  memory: 1136  
2024/09/09 21:23:51 - mmengine - INFO - Iter(test) [2600/5104]    eta: 0:05:58  time: 0.1423  data_time: 0.0749  memory: 1147  
2024/09/09 21:23:58 - mmengine - INFO - Iter(test) [2650/5104]    eta: 0:05:51  time: 0.1465  data_time: 0.0710  memory: 1141  
2024/09/09 21:24:06 - mmengine - INFO - Iter(test) [2700/5104]    eta: 0:05:44  time: 0.1415  data_time: 0.0704  memory: 1194  
2024/09/09 21:24:13 - mmengine - INFO - Iter(test) [2750/5104]    eta: 0:05:36  time: 0.1428  data_time: 0.0752  memory: 1138  
2024/09/09 21:24:20 - mmengine - INFO - Iter(test) [2800/5104]    eta: 0:05:29  time: 0.1427  data_time: 0.0782  memory: 1130  
2024/09/09 21:24:27 - mmengine - INFO - Iter(test) [2850/5104]    eta: 0:05:22  time: 0.1489  data_time: 0.0759  memory: 1151  
2024/09/09 21:24:35 - mmengine - INFO - Iter(test) [2900/5104]    eta: 0:05:15  time: 0.1478  data_time: 0.0800  memory: 1183  
2024/09/09 21:24:42 - mmengine - INFO - Iter(test) [2950/5104]    eta: 0:05:08  time: 0.1471  data_time: 0.0738  memory: 1158  
2024/09/09 21:24:49 - mmengine - INFO - Iter(test) [3000/5104]    eta: 0:05:01  time: 0.1450  data_time: 0.0746  memory: 1151  
2024/09/09 21:24:57 - mmengine - INFO - Iter(test) [3050/5104]    eta: 0:04:54  time: 0.1402  data_time: 0.0726  memory: 1138  
2024/09/09 21:25:04 - mmengine - INFO - Iter(test) [3100/5104]    eta: 0:04:47  time: 0.1452  data_time: 0.0721  memory: 1151  
2024/09/09 21:25:11 - mmengine - INFO - Iter(test) [3150/5104]    eta: 0:04:40  time: 0.1388  data_time: 0.0769  memory: 1135  
2024/09/09 21:25:18 - mmengine - INFO - Iter(test) [3200/5104]    eta: 0:04:33  time: 0.1415  data_time: 0.0741  memory: 1128  
2024/09/09 21:25:25 - mmengine - INFO - Iter(test) [3250/5104]    eta: 0:04:25  time: 0.1421  data_time: 0.0747  memory: 1125  
2024/09/09 21:25:33 - mmengine - INFO - Iter(test) [3300/5104]    eta: 0:04:18  time: 0.1433  data_time: 0.0731  memory: 1136  
2024/09/09 21:25:40 - mmengine - INFO - Iter(test) [3350/5104]    eta: 0:04:11  time: 0.1391  data_time: 0.0762  memory: 1132  
2024/09/09 21:25:47 - mmengine - INFO - Iter(test) [3400/5104]    eta: 0:04:04  time: 0.1431  data_time: 0.0751  memory: 1136  
2024/09/09 21:25:54 - mmengine - INFO - Iter(test) [3450/5104]    eta: 0:03:57  time: 0.1453  data_time: 0.0768  memory: 1129  
2024/09/09 21:26:02 - mmengine - INFO - Iter(test) [3500/5104]    eta: 0:03:50  time: 0.1537  data_time: 0.0833  memory: 1140  
2024/09/09 21:26:09 - mmengine - INFO - Iter(test) [3550/5104]    eta: 0:03:42  time: 0.1403  data_time: 0.0726  memory: 1159  
2024/09/09 21:26:16 - mmengine - INFO - Iter(test) [3600/5104]    eta: 0:03:35  time: 0.1368  data_time: 0.0774  memory: 1136  
2024/09/09 21:26:23 - mmengine - INFO - Iter(test) [3650/5104]    eta: 0:03:28  time: 0.1397  data_time: 0.0750  memory: 1137  
2024/09/09 21:26:30 - mmengine - INFO - Iter(test) [3700/5104]    eta: 0:03:21  time: 0.1430  data_time: 0.0756  memory: 1124  
2024/09/09 21:26:37 - mmengine - INFO - Iter(test) [3750/5104]    eta: 0:03:14  time: 0.1513  data_time: 0.0859  memory: 1136  
2024/09/09 21:26:44 - mmengine - INFO - Iter(test) [3800/5104]    eta: 0:03:07  time: 0.1451  data_time: 0.0799  memory: 1147  
2024/09/09 21:26:51 - mmengine - INFO - Iter(test) [3850/5104]    eta: 0:02:59  time: 0.1421  data_time: 0.0717  memory: 1133  
2024/09/09 21:26:58 - mmengine - INFO - Iter(test) [3900/5104]    eta: 0:02:52  time: 0.1451  data_time: 0.0749  memory: 1127  
2024/09/09 21:27:06 - mmengine - INFO - Iter(test) [3950/5104]    eta: 0:02:45  time: 0.1459  data_time: 0.0732  memory: 1141  
2024/09/09 21:27:13 - mmengine - INFO - Iter(test) [4000/5104]    eta: 0:02:38  time: 0.1430  data_time: 0.0746  memory: 1135  
2024/09/09 21:27:20 - mmengine - INFO - Iter(test) [4050/5104]    eta: 0:02:31  time: 0.1484  data_time: 0.0749  memory: 1140  
2024/09/09 21:27:27 - mmengine - INFO - Iter(test) [4100/5104]    eta: 0:02:23  time: 0.1477  data_time: 0.0721  memory: 1156  
2024/09/09 21:27:34 - mmengine - INFO - Iter(test) [4150/5104]    eta: 0:02:16  time: 0.1381  data_time: 0.0762  memory: 1128  
2024/09/09 21:27:42 - mmengine - INFO - Iter(test) [4200/5104]    eta: 0:02:09  time: 0.1328  data_time: 0.0734  memory: 1129  
2024/09/09 21:27:49 - mmengine - INFO - Iter(test) [4250/5104]    eta: 0:02:02  time: 0.1422  data_time: 0.0747  memory: 1125  
2024/09/09 21:27:56 - mmengine - INFO - Iter(test) [4300/5104]    eta: 0:01:55  time: 0.1520  data_time: 0.0754  memory: 1220  
2024/09/09 21:28:03 - mmengine - INFO - Iter(test) [4350/5104]    eta: 0:01:48  time: 0.1445  data_time: 0.0822  memory: 1174  
2024/09/09 21:28:10 - mmengine - INFO - Iter(test) [4400/5104]    eta: 0:01:40  time: 0.1351  data_time: 0.0772  memory: 1130  
2024/09/09 21:28:17 - mmengine - INFO - Iter(test) [4450/5104]    eta: 0:01:33  time: 0.1388  data_time: 0.0757  memory: 1147  
2024/09/09 21:28:25 - mmengine - INFO - Iter(test) [4500/5104]    eta: 0:01:26  time: 0.1422  data_time: 0.0744  memory: 1141  
2024/09/09 21:28:32 - mmengine - INFO - Iter(test) [4550/5104]    eta: 0:01:19  time: 0.1433  data_time: 0.0732  memory: 1137  
2024/09/09 21:28:40 - mmengine - INFO - Iter(test) [4600/5104]    eta: 0:01:12  time: 0.2686  data_time: 0.2007  memory: 1125  
2024/09/09 21:28:47 - mmengine - INFO - Iter(test) [4650/5104]    eta: 0:01:05  time: 0.1437  data_time: 0.0724  memory: 1137  
2024/09/09 21:28:54 - mmengine - INFO - Iter(test) [4700/5104]    eta: 0:00:58  time: 0.1547  data_time: 0.0896  memory: 1139  
2024/09/09 21:29:02 - mmengine - INFO - Iter(test) [4750/5104]    eta: 0:00:50  time: 0.1447  data_time: 0.0770  memory: 1173  
2024/09/09 21:29:09 - mmengine - INFO - Iter(test) [4800/5104]    eta: 0:00:43  time: 0.1467  data_time: 0.0713  memory: 1124  
2024/09/09 21:29:16 - mmengine - INFO - Iter(test) [4850/5104]    eta: 0:00:36  time: 0.1383  data_time: 0.0768  memory: 1139  
2024/09/09 21:29:23 - mmengine - INFO - Iter(test) [4900/5104]    eta: 0:00:29  time: 0.1483  data_time: 0.0754  memory: 1162  
2024/09/09 21:29:30 - mmengine - INFO - Iter(test) [4950/5104]    eta: 0:00:22  time: 0.1431  data_time: 0.0746  memory: 1143  
2024/09/09 21:29:37 - mmengine - INFO - Iter(test) [5000/5104]    eta: 0:00:14  time: 0.1453  data_time: 0.0766  memory: 1141  
2024/09/09 21:29:45 - mmengine - INFO - Iter(test) [5050/5104]    eta: 0:00:07  time: 0.1416  data_time: 0.0740  memory: 1132  
2024/09/09 21:29:52 - mmengine - INFO - Iter(test) [5100/5104]    eta: 0:00:00  time: 0.1394  data_time: 0.0747  memory: 1127  
2024/09/09 21:29:53 - mmengine - INFO - Iter(test) [5104/5104]    aAcc: 43.0200  mIoU: 29.5000  mAcc: 38.8900  data_time: 0.0765  time: 0.1437
