2024/09/09 22:55:12 - mmengine - INFO - 
------------------------------------------------------------
System environment:
    sys.platform: linux
    Python: 3.9.19 | packaged by conda-forge | (main, Mar 20 2024, 12:50:21) [GCC 12.3.0]
    CUDA available: True
    numpy_random_seed: 1984444064
    CUDA_HOME: /tools/cuda/cuda11.8
    NVCC: Cuda compilation tools, release 11.8, V11.8.89
    GCC: gcc (Ubuntu 7.5.0-3ubuntu1~18.04) 7.5.0
    PyTorch: 1.13.1+cu117
    PyTorch compiling details: PyTorch built with:
  - GCC 9.3
  - C++ Version: 201402
  - Intel(R) Math Kernel Library Version 2020.0.0 Product Build 20191122 for Intel(R) 64 architecture applications
  - Intel(R) MKL-DNN v2.6.0 (Git Hash 52b5f107dd9cf10910aaa19cb47f3abf9b349815)
  - OpenMP 201511 (a.k.a. OpenMP 4.5)
  - LAPACK is enabled (usually provided by MKL)
  - NNPACK is enabled
  - CPU capability usage: AVX2
  - CUDA Runtime 11.7
  - NVCC architecture flags: -gencode;arch=compute_37,code=sm_37;-gencode;arch=compute_50,code=sm_50;-gencode;arch=compute_60,code=sm_60;-gencode;arch=compute_70,code=sm_70;-gencode;arch=compute_75,code=sm_75;-gencode;arch=compute_80,code=sm_80;-gencode;arch=compute_86,code=sm_86
  - CuDNN 8.5
  - Magma 2.6.1
  - Build settings: BLAS_INFO=mkl, BUILD_TYPE=Release, CUDA_VERSION=11.7, CUDNN_VERSION=8.5.0, CXX_COMPILER=/opt/rh/devtoolset-9/root/usr/bin/c++, CXX_FLAGS= -fabi-version=11 -Wno-deprecated -fvisibility-inlines-hidden -DUSE_PTHREADPOOL -fopenmp -DNDEBUG -DUSE_KINETO -DUSE_FBGEMM -DUSE_QNNPACK -DUSE_PYTORCH_QNNPACK -DUSE_XNNPACK -DSYMBOLICATE_MOBILE_DEBUG_HANDLE -DEDGE_PROFILER_USE_KINETO -O2 -fPIC -Wno-narrowing -Wall -Wextra -Werror=return-type -Werror=non-virtual-dtor -Wno-missing-field-initializers -Wno-type-limits -Wno-array-bounds -Wno-unknown-pragmas -Wunused-local-typedefs -Wno-unused-parameter -Wno-unused-function -Wno-unused-result -Wno-strict-overflow -Wno-strict-aliasing -Wno-error=deprecated-declarations -Wno-stringop-overflow -Wno-psabi -Wno-error=pedantic -Wno-error=redundant-decls -Wno-error=old-style-cast -fdiagnostics-color=always -faligned-new -Wno-unused-but-set-variable -Wno-maybe-uninitialized -fno-math-errno -fno-trapping-math -Werror=format -Werror=cast-function-type -Wno-stringop-overflow, LAPACK_INFO=mkl, PERF_WITH_AVX=1, PERF_WITH_AVX2=1, PERF_WITH_AVX512=1, TORCH_VERSION=1.13.1, USE_CUDA=ON, USE_CUDNN=ON, USE_EXCEPTION_PTR=1, USE_GFLAGS=OFF, USE_GLOG=OFF, USE_MKL=ON, USE_MKLDNN=ON, USE_MPI=OFF, USE_NCCL=ON, USE_NNPACK=ON, USE_OPENMP=ON, USE_ROCM=OFF, 

    TorchVision: 0.14.1+cu117
    OpenCV: 4.10.0
    MMEngine: 0.8.4

Runtime environment:
    cudnn_benchmark: True
    mp_cfg: {'mp_start_method': 'fork', 'opencv_num_threads': 0}
    dist_cfg: {'backend': 'nccl'}
    seed: 1984444064
    Distributed launcher: none
    Distributed training: False
    GPU number: 1
------------------------------------------------------------

2024/09/09 22:55:12 - mmengine - INFO - Config:
data_root = '/SHARE_ST/icl/Neurips2024/zeroseg_kdu_khy/data/VOCdevkit/VOC2010'
dataset_type = 'PascalContext60Dataset'
default_hooks = dict(
    checkpoint=dict(by_epoch=False, interval=2000, type='CheckpointHook'),
    logger=dict(interval=50, log_metric_by_epoch=False, type='LoggerHook'),
    param_scheduler=dict(type='ParamSchedulerHook'),
    sampler_seed=dict(type='DistSamplerSeedHook'),
    timer=dict(type='IterTimerHook'),
    visualization=dict(draw=True, interval=1, type='SegVisualizationHook'))
default_scope = 'mmseg'
env_cfg = dict(
    cudnn_benchmark=True,
    dist_cfg=dict(backend='nccl'),
    mp_cfg=dict(mp_start_method='fork', opencv_num_threads=0))
launcher = 'none'
load_from = None
log_level = 'INFO'
log_processor = dict(by_epoch=False)
model = dict(
    P=0.14,
    T=0.18,
    clip_path='ViT-B/16',
    kl_sizes=[
        0.9414559755432428,
        0.8704740441581599,
        0.9504402830371943,
    ],
    logit_scale=50,
    name_path='./configs/cls_context60.txt',
    prob_thd=0.5,
    type='CLIPForSegmentation')
resume = False
test_cfg = dict(type='TestLoop')
test_dataloader = dict(
    batch_size=1,
    dataset=dict(
        ann_file='ImageSets/SegmentationContext/val.txt',
        data_prefix=dict(
            img_path='JPEGImages', seg_map_path='SegmentationClassContext'),
        data_root=
        '/SHARE_ST/icl/Neurips2024/zeroseg_kdu_khy/data/VOCdevkit/VOC2010',
        pipeline=[
            dict(type='LoadImageFromFile'),
            dict(keep_ratio=True, scale=(
                2048,
                448,
            ), type='Resize'),
            dict(type='LoadAnnotations'),
            dict(type='PackSegInputs'),
        ],
        type='PascalContext60Dataset'),
    num_workers=4,
    persistent_workers=True,
    sampler=dict(shuffle=False, type='DefaultSampler'))
test_evaluator = dict(
    iou_metrics=[
        'mIoU',
    ], type='IoUMetric')
test_pipeline = [
    dict(type='LoadImageFromFile'),
    dict(keep_ratio=True, scale=(
        2048,
        448,
    ), type='Resize'),
    dict(type='LoadAnnotations'),
    dict(type='PackSegInputs'),
]
vis_backends = [
    dict(type='LocalVisBackend'),
]
visualizer = dict(
    name='visualizer',
    save_dir='./outputs/',
    type='SegLocalVisualizer',
    vis_backends=[
        dict(type='LocalVisBackend'),
    ])
work_dir = './hyper-context'

2024/09/09 22:55:19 - mmengine - INFO - Distributed training is not used, all SyncBatchNorm (SyncBN) layers in the model will be automatically reverted to BatchNormXd layers if they are used.
2024/09/09 22:55:19 - mmengine - INFO - Hooks will be executed in the following order:
before_run:
(VERY_HIGH   ) RuntimeInfoHook                    
(BELOW_NORMAL) LoggerHook                         
 -------------------- 
before_train:
(VERY_HIGH   ) RuntimeInfoHook                    
(NORMAL      ) IterTimerHook                      
(VERY_LOW    ) CheckpointHook                     
 -------------------- 
before_train_epoch:
(VERY_HIGH   ) RuntimeInfoHook                    
(NORMAL      ) IterTimerHook                      
(NORMAL      ) DistSamplerSeedHook                
 -------------------- 
before_train_iter:
(VERY_HIGH   ) RuntimeInfoHook                    
(NORMAL      ) IterTimerHook                      
 -------------------- 
after_train_iter:
(VERY_HIGH   ) RuntimeInfoHook                    
(NORMAL      ) IterTimerHook                      
(NORMAL      ) SegVisualizationHook               
(BELOW_NORMAL) LoggerHook                         
(LOW         ) ParamSchedulerHook                 
(VERY_LOW    ) CheckpointHook                     
 -------------------- 
after_train_epoch:
(NORMAL      ) IterTimerHook                      
(LOW         ) ParamSchedulerHook                 
(VERY_LOW    ) CheckpointHook                     
 -------------------- 
before_val:
(VERY_HIGH   ) RuntimeInfoHook                    
 -------------------- 
before_val_epoch:
(NORMAL      ) IterTimerHook                      
 -------------------- 
before_val_iter:
(NORMAL      ) IterTimerHook                      
 -------------------- 
after_val_iter:
(NORMAL      ) IterTimerHook                      
(NORMAL      ) SegVisualizationHook               
(BELOW_NORMAL) LoggerHook                         
 -------------------- 
after_val_epoch:
(VERY_HIGH   ) RuntimeInfoHook                    
(NORMAL      ) IterTimerHook                      
(BELOW_NORMAL) LoggerHook                         
(LOW         ) ParamSchedulerHook                 
(VERY_LOW    ) CheckpointHook                     
 -------------------- 
after_val:
(VERY_HIGH   ) RuntimeInfoHook                    
 -------------------- 
after_train:
(VERY_HIGH   ) RuntimeInfoHook                    
(VERY_LOW    ) CheckpointHook                     
 -------------------- 
before_test:
(VERY_HIGH   ) RuntimeInfoHook                    
 -------------------- 
before_test_epoch:
(NORMAL      ) IterTimerHook                      
 -------------------- 
before_test_iter:
(NORMAL      ) IterTimerHook                      
 -------------------- 
after_test_iter:
(NORMAL      ) IterTimerHook                      
(NORMAL      ) SegVisualizationHook               
(BELOW_NORMAL) LoggerHook                         
 -------------------- 
after_test_epoch:
(VERY_HIGH   ) RuntimeInfoHook                    
(NORMAL      ) IterTimerHook                      
(BELOW_NORMAL) LoggerHook                         
 -------------------- 
after_test:
(VERY_HIGH   ) RuntimeInfoHook                    
 -------------------- 
after_run:
(BELOW_NORMAL) LoggerHook                         
 -------------------- 
2024/09/09 22:55:29 - mmengine - INFO - Iter(test) [  50/5104]    eta: 0:15:51  time: 0.1786  data_time: 0.0766  memory: 1143  
2024/09/09 22:55:38 - mmengine - INFO - Iter(test) [ 100/5104]    eta: 0:15:08  time: 0.1794  data_time: 0.0692  memory: 1129  
2024/09/09 22:55:47 - mmengine - INFO - Iter(test) [ 150/5104]    eta: 0:15:21  time: 0.2093  data_time: 0.0989  memory: 1125  
2024/09/09 22:55:56 - mmengine - INFO - Iter(test) [ 200/5104]    eta: 0:15:08  time: 0.1919  data_time: 0.0732  memory: 1155  
2024/09/09 22:56:05 - mmengine - INFO - Iter(test) [ 250/5104]    eta: 0:14:47  time: 0.1749  data_time: 0.0774  memory: 1142  
2024/09/09 22:56:14 - mmengine - INFO - Iter(test) [ 300/5104]    eta: 0:14:29  time: 0.1732  data_time: 0.0756  memory: 1123  
2024/09/09 22:56:22 - mmengine - INFO - Iter(test) [ 350/5104]    eta: 0:14:13  time: 0.1752  data_time: 0.0734  memory: 1128  
2024/09/09 22:56:31 - mmengine - INFO - Iter(test) [ 400/5104]    eta: 0:14:04  time: 0.1799  data_time: 0.0738  memory: 1188  
2024/09/09 22:56:40 - mmengine - INFO - Iter(test) [ 450/5104]    eta: 0:13:54  time: 0.1774  data_time: 0.0835  memory: 1131  
2024/09/09 22:56:50 - mmengine - INFO - Iter(test) [ 500/5104]    eta: 0:13:54  time: 0.2148  data_time: 0.1214  memory: 1141  
2024/09/09 22:56:59 - mmengine - INFO - Iter(test) [ 550/5104]    eta: 0:13:42  time: 0.1725  data_time: 0.0750  memory: 1138  
2024/09/09 22:57:07 - mmengine - INFO - Iter(test) [ 600/5104]    eta: 0:13:31  time: 0.1746  data_time: 0.0811  memory: 1141  
2024/09/09 22:57:16 - mmengine - INFO - Iter(test) [ 650/5104]    eta: 0:13:20  time: 0.1716  data_time: 0.0740  memory: 1132  
2024/09/09 22:57:25 - mmengine - INFO - Iter(test) [ 700/5104]    eta: 0:13:09  time: 0.1624  data_time: 0.0734  memory: 1154  
2024/09/09 22:57:34 - mmengine - INFO - Iter(test) [ 750/5104]    eta: 0:12:58  time: 0.1695  data_time: 0.0762  memory: 1168  
2024/09/09 22:57:42 - mmengine - INFO - Iter(test) [ 800/5104]    eta: 0:12:49  time: 0.1729  data_time: 0.0753  memory: 1136  
2024/09/09 22:57:53 - mmengine - INFO - Iter(test) [ 850/5104]    eta: 0:12:48  time: 0.1949  data_time: 0.1016  memory: 1177  
2024/09/09 22:58:02 - mmengine - INFO - Iter(test) [ 900/5104]    eta: 0:12:38  time: 0.1673  data_time: 0.0740  memory: 1271  
2024/09/09 22:58:11 - mmengine - INFO - Iter(test) [ 950/5104]    eta: 0:12:28  time: 0.1815  data_time: 0.0756  memory: 1137  
2024/09/09 22:58:19 - mmengine - INFO - Iter(test) [1000/5104]    eta: 0:12:17  time: 0.1687  data_time: 0.0712  memory: 1127  
2024/09/09 22:58:28 - mmengine - INFO - Iter(test) [1050/5104]    eta: 0:12:07  time: 0.1819  data_time: 0.0759  memory: 1128  
2024/09/09 22:58:37 - mmengine - INFO - Iter(test) [1100/5104]    eta: 0:11:58  time: 0.1834  data_time: 0.0732  memory: 1212  
2024/09/09 22:58:46 - mmengine - INFO - Iter(test) [1150/5104]    eta: 0:11:50  time: 0.2365  data_time: 0.1383  memory: 1133  
2024/09/09 22:58:56 - mmengine - INFO - Iter(test) [1200/5104]    eta: 0:11:44  time: 0.1824  data_time: 0.0722  memory: 1161  
2024/09/09 22:59:05 - mmengine - INFO - Iter(test) [1250/5104]    eta: 0:11:35  time: 0.1750  data_time: 0.0733  memory: 1129  
2024/09/09 22:59:14 - mmengine - INFO - Iter(test) [1300/5104]    eta: 0:11:25  time: 0.1750  data_time: 0.0775  memory: 1147  
2024/09/09 22:59:23 - mmengine - INFO - Iter(test) [1350/5104]    eta: 0:11:16  time: 0.1748  data_time: 0.0773  memory: 1136  
2024/09/09 22:59:31 - mmengine - INFO - Iter(test) [1400/5104]    eta: 0:11:06  time: 0.1715  data_time: 0.0740  memory: 1193  
2024/09/09 22:59:40 - mmengine - INFO - Iter(test) [1450/5104]    eta: 0:10:56  time: 0.1756  data_time: 0.0781  memory: 1127  
2024/09/09 22:59:49 - mmengine - INFO - Iter(test) [1500/5104]    eta: 0:10:48  time: 0.1709  data_time: 0.0733  memory: 1136  
2024/09/09 22:59:58 - mmengine - INFO - Iter(test) [1550/5104]    eta: 0:10:39  time: 0.1757  data_time: 0.0736  memory: 1135  
2024/09/09 23:00:07 - mmengine - INFO - Iter(test) [1600/5104]    eta: 0:10:29  time: 0.1652  data_time: 0.0720  memory: 1156  
2024/09/09 23:00:15 - mmengine - INFO - Iter(test) [1650/5104]    eta: 0:10:19  time: 0.1701  data_time: 0.0768  memory: 1127  
2024/09/09 23:00:24 - mmengine - INFO - Iter(test) [1700/5104]    eta: 0:10:10  time: 0.1702  data_time: 0.0771  memory: 1180  
2024/09/09 23:00:33 - mmengine - INFO - Iter(test) [1750/5104]    eta: 0:10:01  time: 0.1789  data_time: 0.0730  memory: 1146  
2024/09/09 23:00:42 - mmengine - INFO - Iter(test) [1800/5104]    eta: 0:09:51  time: 0.1751  data_time: 0.0735  memory: 1181  
2024/09/09 23:00:51 - mmengine - INFO - Iter(test) [1850/5104]    eta: 0:09:43  time: 0.1697  data_time: 0.0764  memory: 1134  
2024/09/09 23:01:01 - mmengine - INFO - Iter(test) [1900/5104]    eta: 0:09:35  time: 0.1713  data_time: 0.0738  memory: 1191  
2024/09/09 23:01:09 - mmengine - INFO - Iter(test) [1950/5104]    eta: 0:09:25  time: 0.1785  data_time: 0.0723  memory: 1138  
2024/09/09 23:01:18 - mmengine - INFO - Iter(test) [2000/5104]    eta: 0:09:16  time: 0.1597  data_time: 0.0748  memory: 1124  
2024/09/09 23:01:27 - mmengine - INFO - Iter(test) [2050/5104]    eta: 0:09:07  time: 0.1790  data_time: 0.0730  memory: 1153  
2024/09/09 23:01:35 - mmengine - INFO - Iter(test) [2100/5104]    eta: 0:08:57  time: 0.1649  data_time: 0.0757  memory: 1130  
2024/09/09 23:01:44 - mmengine - INFO - Iter(test) [2150/5104]    eta: 0:08:48  time: 0.1737  data_time: 0.0721  memory: 1140  
2024/09/09 23:01:53 - mmengine - INFO - Iter(test) [2200/5104]    eta: 0:08:39  time: 0.1692  data_time: 0.0760  memory: 1155  
2024/09/09 23:02:02 - mmengine - INFO - Iter(test) [2250/5104]    eta: 0:08:30  time: 0.1711  data_time: 0.0737  memory: 1126  
2024/09/09 23:02:11 - mmengine - INFO - Iter(test) [2300/5104]    eta: 0:08:21  time: 0.1667  data_time: 0.0734  memory: 1136  
2024/09/09 23:02:20 - mmengine - INFO - Iter(test) [2350/5104]    eta: 0:08:12  time: 0.1731  data_time: 0.0756  memory: 1187  
2024/09/09 23:02:29 - mmengine - INFO - Iter(test) [2400/5104]    eta: 0:08:03  time: 0.1896  data_time: 0.0752  memory: 1143  
2024/09/09 23:02:38 - mmengine - INFO - Iter(test) [2450/5104]    eta: 0:07:54  time: 0.1774  data_time: 0.0751  memory: 1135  
2024/09/09 23:02:47 - mmengine - INFO - Iter(test) [2500/5104]    eta: 0:07:45  time: 0.1657  data_time: 0.0767  memory: 1252  
2024/09/09 23:02:56 - mmengine - INFO - Iter(test) [2550/5104]    eta: 0:07:37  time: 0.1878  data_time: 0.0857  memory: 1136  
2024/09/09 23:03:05 - mmengine - INFO - Iter(test) [2600/5104]    eta: 0:07:28  time: 0.1762  data_time: 0.0744  memory: 1147  
2024/09/09 23:03:14 - mmengine - INFO - Iter(test) [2650/5104]    eta: 0:07:19  time: 0.1860  data_time: 0.0711  memory: 1139  
2024/09/09 23:03:23 - mmengine - INFO - Iter(test) [2700/5104]    eta: 0:07:10  time: 0.1854  data_time: 0.0792  memory: 1194  
2024/09/09 23:03:32 - mmengine - INFO - Iter(test) [2750/5104]    eta: 0:07:01  time: 0.1769  data_time: 0.0752  memory: 1138  
2024/09/09 23:03:40 - mmengine - INFO - Iter(test) [2800/5104]    eta: 0:06:52  time: 0.1762  data_time: 0.0785  memory: 1130  
2024/09/09 23:03:49 - mmengine - INFO - Iter(test) [2850/5104]    eta: 0:06:43  time: 0.1867  data_time: 0.0764  memory: 1151  
2024/09/09 23:03:59 - mmengine - INFO - Iter(test) [2900/5104]    eta: 0:06:34  time: 0.1809  data_time: 0.0833  memory: 1182  
2024/09/09 23:04:08 - mmengine - INFO - Iter(test) [2950/5104]    eta: 0:06:25  time: 0.1842  data_time: 0.0740  memory: 1158  
2024/09/09 23:04:17 - mmengine - INFO - Iter(test) [3000/5104]    eta: 0:06:16  time: 0.1830  data_time: 0.0768  memory: 1149  
2024/09/09 23:04:26 - mmengine - INFO - Iter(test) [3050/5104]    eta: 0:06:08  time: 0.1785  data_time: 0.0767  memory: 1138  
2024/09/09 23:04:35 - mmengine - INFO - Iter(test) [3100/5104]    eta: 0:05:59  time: 0.1823  data_time: 0.0719  memory: 1151  
2024/09/09 23:04:44 - mmengine - INFO - Iter(test) [3150/5104]    eta: 0:05:50  time: 0.1705  data_time: 0.0770  memory: 1135  
2024/09/09 23:04:53 - mmengine - INFO - Iter(test) [3200/5104]    eta: 0:05:41  time: 0.1880  data_time: 0.0861  memory: 1127  
2024/09/09 23:05:04 - mmengine - INFO - Iter(test) [3250/5104]    eta: 0:05:33  time: 0.1900  data_time: 0.0880  memory: 1125  
2024/09/09 23:05:13 - mmengine - INFO - Iter(test) [3300/5104]    eta: 0:05:24  time: 0.1799  data_time: 0.0736  memory: 1136  
2024/09/09 23:05:22 - mmengine - INFO - Iter(test) [3350/5104]    eta: 0:05:15  time: 0.1707  data_time: 0.0774  memory: 1132  
2024/09/09 23:05:31 - mmengine - INFO - Iter(test) [3400/5104]    eta: 0:05:06  time: 0.1772  data_time: 0.0755  memory: 1136  
2024/09/09 23:05:40 - mmengine - INFO - Iter(test) [3450/5104]    eta: 0:04:57  time: 0.1796  data_time: 0.0777  memory: 1130  
2024/09/09 23:05:49 - mmengine - INFO - Iter(test) [3500/5104]    eta: 0:04:48  time: 0.1903  data_time: 0.0841  memory: 1139  
2024/09/09 23:05:58 - mmengine - INFO - Iter(test) [3550/5104]    eta: 0:04:39  time: 0.1749  data_time: 0.0729  memory: 1159  
2024/09/09 23:06:08 - mmengine - INFO - Iter(test) [3600/5104]    eta: 0:04:31  time: 0.1670  data_time: 0.0777  memory: 1136  
2024/09/09 23:06:17 - mmengine - INFO - Iter(test) [3650/5104]    eta: 0:04:21  time: 0.1726  data_time: 0.0749  memory: 1136  
2024/09/09 23:06:26 - mmengine - INFO - Iter(test) [3700/5104]    eta: 0:04:12  time: 0.1815  data_time: 0.0795  memory: 1124  
2024/09/09 23:06:34 - mmengine - INFO - Iter(test) [3750/5104]    eta: 0:04:03  time: 0.1732  data_time: 0.0754  memory: 1136  
2024/09/09 23:06:43 - mmengine - INFO - Iter(test) [3800/5104]    eta: 0:03:54  time: 0.1742  data_time: 0.0766  memory: 1146  
2024/09/09 23:06:52 - mmengine - INFO - Iter(test) [3850/5104]    eta: 0:03:45  time: 0.1775  data_time: 0.0715  memory: 1133  
2024/09/09 23:07:02 - mmengine - INFO - Iter(test) [3900/5104]    eta: 0:03:36  time: 0.1852  data_time: 0.0876  memory: 1127  
2024/09/09 23:07:11 - mmengine - INFO - Iter(test) [3950/5104]    eta: 0:03:27  time: 0.1746  data_time: 0.0730  memory: 1140  
2024/09/09 23:07:20 - mmengine - INFO - Iter(test) [4000/5104]    eta: 0:03:18  time: 0.1745  data_time: 0.0770  memory: 1134  
2024/09/09 23:07:28 - mmengine - INFO - Iter(test) [4050/5104]    eta: 0:03:09  time: 0.1811  data_time: 0.0751  memory: 1140  
2024/09/09 23:07:37 - mmengine - INFO - Iter(test) [4100/5104]    eta: 0:03:00  time: 0.1859  data_time: 0.0715  memory: 1156  
2024/09/09 23:07:46 - mmengine - INFO - Iter(test) [4150/5104]    eta: 0:02:51  time: 0.1689  data_time: 0.0756  memory: 1128  
2024/09/09 23:07:55 - mmengine - INFO - Iter(test) [4200/5104]    eta: 0:02:42  time: 0.1618  data_time: 0.0728  memory: 1128  
2024/09/09 23:08:05 - mmengine - INFO - Iter(test) [4250/5104]    eta: 0:02:33  time: 0.2994  data_time: 0.1976  memory: 1125  
2024/09/09 23:08:14 - mmengine - INFO - Iter(test) [4300/5104]    eta: 0:02:24  time: 0.1897  data_time: 0.0748  memory: 1221  
2024/09/09 23:08:23 - mmengine - INFO - Iter(test) [4350/5104]    eta: 0:02:15  time: 0.1778  data_time: 0.0846  memory: 1174  
2024/09/09 23:08:32 - mmengine - INFO - Iter(test) [4400/5104]    eta: 0:02:06  time: 0.1620  data_time: 0.0772  memory: 1130  
2024/09/09 23:08:40 - mmengine - INFO - Iter(test) [4450/5104]    eta: 0:01:57  time: 0.1680  data_time: 0.0748  memory: 1147  
2024/09/09 23:08:49 - mmengine - INFO - Iter(test) [4500/5104]    eta: 0:01:48  time: 0.1759  data_time: 0.0739  memory: 1141  
2024/09/09 23:08:58 - mmengine - INFO - Iter(test) [4550/5104]    eta: 0:01:39  time: 0.1788  data_time: 0.0727  memory: 1136  
2024/09/09 23:09:08 - mmengine - INFO - Iter(test) [4600/5104]    eta: 0:01:30  time: 0.1769  data_time: 0.0743  memory: 1125  
2024/09/09 23:09:17 - mmengine - INFO - Iter(test) [4650/5104]    eta: 0:01:21  time: 0.1741  data_time: 0.0723  memory: 1136  
2024/09/09 23:09:25 - mmengine - INFO - Iter(test) [4700/5104]    eta: 0:01:12  time: 0.1740  data_time: 0.0762  memory: 1139  
2024/09/09 23:09:34 - mmengine - INFO - Iter(test) [4750/5104]    eta: 0:01:03  time: 0.1815  data_time: 0.0767  memory: 1173  
2024/09/09 23:09:43 - mmengine - INFO - Iter(test) [4800/5104]    eta: 0:00:54  time: 0.1764  data_time: 0.0704  memory: 1124  
2024/09/09 23:09:51 - mmengine - INFO - Iter(test) [4850/5104]    eta: 0:00:45  time: 0.1652  data_time: 0.0762  memory: 1139  
2024/09/09 23:10:00 - mmengine - INFO - Iter(test) [4900/5104]    eta: 0:00:36  time: 0.1885  data_time: 0.0821  memory: 1163  
2024/09/09 23:10:10 - mmengine - INFO - Iter(test) [4950/5104]    eta: 0:00:27  time: 0.1757  data_time: 0.0740  memory: 1143  
2024/09/09 23:10:19 - mmengine - INFO - Iter(test) [5000/5104]    eta: 0:00:18  time: 0.1766  data_time: 0.0748  memory: 1141  
2024/09/09 23:10:28 - mmengine - INFO - Iter(test) [5050/5104]    eta: 0:00:09  time: 0.1760  data_time: 0.0742  memory: 1132  
2024/09/09 23:10:37 - mmengine - INFO - Iter(test) [5100/5104]    eta: 0:00:00  time: 0.1713  data_time: 0.0736  memory: 1128  
2024/09/09 23:10:37 - mmengine - INFO - Iter(test) [5104/5104]    aAcc: 43.5200  mIoU: 29.7300  mAcc: 39.4100  data_time: 0.0795  time: 0.1798
