2024/09/10 00:09:23 - mmengine - INFO - 
------------------------------------------------------------
System environment:
    sys.platform: linux
    Python: 3.9.19 | packaged by conda-forge | (main, Mar 20 2024, 12:50:21) [GCC 12.3.0]
    CUDA available: True
    numpy_random_seed: 169654872
    CUDA_HOME: /tools/cuda/cuda11.8
    NVCC: Cuda compilation tools, release 11.8, V11.8.89
    GCC: gcc (Ubuntu 7.5.0-3ubuntu1~18.04) 7.5.0
    PyTorch: 1.13.1+cu117
    PyTorch compiling details: PyTorch built with:
  - GCC 9.3
  - C++ Version: 201402
  - Intel(R) Math Kernel Library Version 2020.0.0 Product Build 20191122 for Intel(R) 64 architecture applications
  - Intel(R) MKL-DNN v2.6.0 (Git Hash 52b5f107dd9cf10910aaa19cb47f3abf9b349815)
  - OpenMP 201511 (a.k.a. OpenMP 4.5)
  - LAPACK is enabled (usually provided by MKL)
  - NNPACK is enabled
  - CPU capability usage: AVX2
  - CUDA Runtime 11.7
  - NVCC architecture flags: -gencode;arch=compute_37,code=sm_37;-gencode;arch=compute_50,code=sm_50;-gencode;arch=compute_60,code=sm_60;-gencode;arch=compute_70,code=sm_70;-gencode;arch=compute_75,code=sm_75;-gencode;arch=compute_80,code=sm_80;-gencode;arch=compute_86,code=sm_86
  - CuDNN 8.5
  - Magma 2.6.1
  - Build settings: BLAS_INFO=mkl, BUILD_TYPE=Release, CUDA_VERSION=11.7, CUDNN_VERSION=8.5.0, CXX_COMPILER=/opt/rh/devtoolset-9/root/usr/bin/c++, CXX_FLAGS= -fabi-version=11 -Wno-deprecated -fvisibility-inlines-hidden -DUSE_PTHREADPOOL -fopenmp -DNDEBUG -DUSE_KINETO -DUSE_FBGEMM -DUSE_QNNPACK -DUSE_PYTORCH_QNNPACK -DUSE_XNNPACK -DSYMBOLICATE_MOBILE_DEBUG_HANDLE -DEDGE_PROFILER_USE_KINETO -O2 -fPIC -Wno-narrowing -Wall -Wextra -Werror=return-type -Werror=non-virtual-dtor -Wno-missing-field-initializers -Wno-type-limits -Wno-array-bounds -Wno-unknown-pragmas -Wunused-local-typedefs -Wno-unused-parameter -Wno-unused-function -Wno-unused-result -Wno-strict-overflow -Wno-strict-aliasing -Wno-error=deprecated-declarations -Wno-stringop-overflow -Wno-psabi -Wno-error=pedantic -Wno-error=redundant-decls -Wno-error=old-style-cast -fdiagnostics-color=always -faligned-new -Wno-unused-but-set-variable -Wno-maybe-uninitialized -fno-math-errno -fno-trapping-math -Werror=format -Werror=cast-function-type -Wno-stringop-overflow, LAPACK_INFO=mkl, PERF_WITH_AVX=1, PERF_WITH_AVX2=1, PERF_WITH_AVX512=1, TORCH_VERSION=1.13.1, USE_CUDA=ON, USE_CUDNN=ON, USE_EXCEPTION_PTR=1, USE_GFLAGS=OFF, USE_GLOG=OFF, USE_MKL=ON, USE_MKLDNN=ON, USE_MPI=OFF, USE_NCCL=ON, USE_NNPACK=ON, USE_OPENMP=ON, USE_ROCM=OFF, 

    TorchVision: 0.14.1+cu117
    OpenCV: 4.10.0
    MMEngine: 0.8.4

Runtime environment:
    cudnn_benchmark: True
    mp_cfg: {'mp_start_method': 'fork', 'opencv_num_threads': 0}
    dist_cfg: {'backend': 'nccl'}
    seed: 169654872
    Distributed launcher: none
    Distributed training: False
    GPU number: 1
------------------------------------------------------------

2024/09/10 00:09:23 - mmengine - INFO - Config:
data_root = '/SHARE_ST/icl/Neurips2024/zeroseg_kdu_khy/data/coco_stuff164k'
dataset_type = 'COCOObjectDataset'
default_hooks = dict(
    checkpoint=dict(by_epoch=False, interval=2000, type='CheckpointHook'),
    logger=dict(interval=50, log_metric_by_epoch=False, type='LoggerHook'),
    param_scheduler=dict(type='ParamSchedulerHook'),
    sampler_seed=dict(type='DistSamplerSeedHook'),
    timer=dict(type='IterTimerHook'),
    visualization=dict(draw=True, interval=1, type='SegVisualizationHook'))
default_scope = 'mmseg'
env_cfg = dict(
    cudnn_benchmark=True,
    dist_cfg=dict(backend='nccl'),
    mp_cfg=dict(mp_start_method='fork', opencv_num_threads=0))
launcher = 'none'
load_from = None
log_level = 'INFO'
log_processor = dict(by_epoch=False)
model = dict(
    P=0.12,
    T=0.1,
    clip_path='ViT-B/16',
    kl_sizes=[
        0.8454323043900673,
        0.40993241171902584,
        0.4122865071367582,
        0.5569728318430855,
        0.7573063359880214,
    ],
    logit_scale=50,
    name_path='./configs/cls_coco_object.txt',
    prob_thd=0.45,
    type='CLIPForSegmentation')
resume = False
test_cfg = dict(type='TestLoop')
test_dataloader = dict(
    batch_size=1,
    dataset=dict(
        data_prefix=dict(
            img_path='images/val2017', seg_map_path='annotations/val2017'),
        data_root=
        '/SHARE_ST/icl/Neurips2024/zeroseg_kdu_khy/data/coco_stuff164k',
        pipeline=[
            dict(type='LoadImageFromFile'),
            dict(keep_ratio=True, scale=(
                2048,
                448,
            ), type='Resize'),
            dict(type='LoadAnnotations'),
            dict(type='PackSegInputs'),
        ],
        reduce_zero_label=False,
        type='COCOObjectDataset'),
    num_workers=4,
    persistent_workers=True,
    sampler=dict(shuffle=False, type='DefaultSampler'))
test_evaluator = dict(
    iou_metrics=[
        'mIoU',
    ], type='IoUMetric')
test_pipeline = [
    dict(type='LoadImageFromFile'),
    dict(keep_ratio=True, scale=(
        2048,
        448,
    ), type='Resize'),
    dict(type='LoadAnnotations'),
    dict(type='PackSegInputs'),
]
vis_backends = [
    dict(type='LocalVisBackend'),
]
visualizer = dict(
    name='visualizer',
    save_dir='./outputs/',
    type='SegLocalVisualizer',
    vis_backends=[
        dict(type='LocalVisBackend'),
    ])
work_dir = './hyper-coco'

2024/09/10 00:09:29 - mmengine - INFO - Distributed training is not used, all SyncBatchNorm (SyncBN) layers in the model will be automatically reverted to BatchNormXd layers if they are used.
2024/09/10 00:09:29 - mmengine - INFO - Hooks will be executed in the following order:
before_run:
(VERY_HIGH   ) RuntimeInfoHook                    
(BELOW_NORMAL) LoggerHook                         
 -------------------- 
before_train:
(VERY_HIGH   ) RuntimeInfoHook                    
(NORMAL      ) IterTimerHook                      
(VERY_LOW    ) CheckpointHook                     
 -------------------- 
before_train_epoch:
(VERY_HIGH   ) RuntimeInfoHook                    
(NORMAL      ) IterTimerHook                      
(NORMAL      ) DistSamplerSeedHook                
 -------------------- 
before_train_iter:
(VERY_HIGH   ) RuntimeInfoHook                    
(NORMAL      ) IterTimerHook                      
 -------------------- 
after_train_iter:
(VERY_HIGH   ) RuntimeInfoHook                    
(NORMAL      ) IterTimerHook                      
(NORMAL      ) SegVisualizationHook               
(BELOW_NORMAL) LoggerHook                         
(LOW         ) ParamSchedulerHook                 
(VERY_LOW    ) CheckpointHook                     
 -------------------- 
after_train_epoch:
(NORMAL      ) IterTimerHook                      
(LOW         ) ParamSchedulerHook                 
(VERY_LOW    ) CheckpointHook                     
 -------------------- 
before_val:
(VERY_HIGH   ) RuntimeInfoHook                    
 -------------------- 
before_val_epoch:
(NORMAL      ) IterTimerHook                      
 -------------------- 
before_val_iter:
(NORMAL      ) IterTimerHook                      
 -------------------- 
after_val_iter:
(NORMAL      ) IterTimerHook                      
(NORMAL      ) SegVisualizationHook               
(BELOW_NORMAL) LoggerHook                         
 -------------------- 
after_val_epoch:
(VERY_HIGH   ) RuntimeInfoHook                    
(NORMAL      ) IterTimerHook                      
(BELOW_NORMAL) LoggerHook                         
(LOW         ) ParamSchedulerHook                 
(VERY_LOW    ) CheckpointHook                     
 -------------------- 
after_val:
(VERY_HIGH   ) RuntimeInfoHook                    
 -------------------- 
after_train:
(VERY_HIGH   ) RuntimeInfoHook                    
(VERY_LOW    ) CheckpointHook                     
 -------------------- 
before_test:
(VERY_HIGH   ) RuntimeInfoHook                    
 -------------------- 
before_test_epoch:
(NORMAL      ) IterTimerHook                      
 -------------------- 
before_test_iter:
(NORMAL      ) IterTimerHook                      
 -------------------- 
after_test_iter:
(NORMAL      ) IterTimerHook                      
(NORMAL      ) SegVisualizationHook               
(BELOW_NORMAL) LoggerHook                         
 -------------------- 
after_test_epoch:
(VERY_HIGH   ) RuntimeInfoHook                    
(NORMAL      ) IterTimerHook                      
(BELOW_NORMAL) LoggerHook                         
 -------------------- 
after_test:
(VERY_HIGH   ) RuntimeInfoHook                    
 -------------------- 
after_run:
(BELOW_NORMAL) LoggerHook                         
 -------------------- 
2024/09/10 00:09:39 - mmengine - INFO - Iter(test) [  50/5000]    eta: 0:15:12  time: 0.1557  data_time: 0.0852  memory: 1286  
2024/09/10 00:09:47 - mmengine - INFO - Iter(test) [ 100/5000]    eta: 0:14:26  time: 0.1875  data_time: 0.1135  memory: 1274  
2024/09/10 00:09:56 - mmengine - INFO - Iter(test) [ 150/5000]    eta: 0:14:00  time: 0.1613  data_time: 0.0971  memory: 1270  
2024/09/10 00:10:04 - mmengine - INFO - Iter(test) [ 200/5000]    eta: 0:13:46  time: 0.1537  data_time: 0.0843  memory: 1274  
2024/09/10 00:10:12 - mmengine - INFO - Iter(test) [ 250/5000]    eta: 0:13:25  time: 0.1520  data_time: 0.0852  memory: 1268  
2024/09/10 00:10:20 - mmengine - INFO - Iter(test) [ 300/5000]    eta: 0:13:08  time: 0.1561  data_time: 0.1004  memory: 1278  
2024/09/10 00:10:28 - mmengine - INFO - Iter(test) [ 350/5000]    eta: 0:12:58  time: 0.1674  data_time: 0.0953  memory: 1269  
2024/09/10 00:10:37 - mmengine - INFO - Iter(test) [ 400/5000]    eta: 0:12:50  time: 0.1629  data_time: 0.0826  memory: 1323  
2024/09/10 00:10:45 - mmengine - INFO - Iter(test) [ 450/5000]    eta: 0:12:43  time: 0.1693  data_time: 0.1024  memory: 1286  
2024/09/10 00:10:53 - mmengine - INFO - Iter(test) [ 500/5000]    eta: 0:12:33  time: 0.1623  data_time: 0.0991  memory: 1286  
2024/09/10 00:11:02 - mmengine - INFO - Iter(test) [ 550/5000]    eta: 0:12:25  time: 0.1588  data_time: 0.0896  memory: 1271  
2024/09/10 00:11:10 - mmengine - INFO - Iter(test) [ 600/5000]    eta: 0:12:15  time: 0.1634  data_time: 0.0915  memory: 1289  
2024/09/10 00:11:18 - mmengine - INFO - Iter(test) [ 650/5000]    eta: 0:12:05  time: 0.1659  data_time: 0.0904  memory: 1312  
2024/09/10 00:11:26 - mmengine - INFO - Iter(test) [ 700/5000]    eta: 0:11:56  time: 0.1731  data_time: 0.0961  memory: 1263  
2024/09/10 00:11:35 - mmengine - INFO - Iter(test) [ 750/5000]    eta: 0:11:48  time: 0.1782  data_time: 0.0970  memory: 1272  
2024/09/10 00:11:43 - mmengine - INFO - Iter(test) [ 800/5000]    eta: 0:11:41  time: 0.1632  data_time: 0.0942  memory: 1270  
2024/09/10 00:11:52 - mmengine - INFO - Iter(test) [ 850/5000]    eta: 0:11:32  time: 0.1881  data_time: 0.1014  memory: 1348  
2024/09/10 00:12:00 - mmengine - INFO - Iter(test) [ 900/5000]    eta: 0:11:23  time: 0.1656  data_time: 0.0799  memory: 1254  
2024/09/10 00:12:08 - mmengine - INFO - Iter(test) [ 950/5000]    eta: 0:11:14  time: 0.1776  data_time: 0.0930  memory: 1275  
2024/09/10 00:12:16 - mmengine - INFO - Iter(test) [1000/5000]    eta: 0:11:05  time: 0.1516  data_time: 0.0818  memory: 1294  
2024/09/10 00:12:24 - mmengine - INFO - Iter(test) [1050/5000]    eta: 0:10:56  time: 0.1592  data_time: 0.0866  memory: 1286  
2024/09/10 00:12:32 - mmengine - INFO - Iter(test) [1100/5000]    eta: 0:10:47  time: 0.1852  data_time: 0.0982  memory: 1285  
2024/09/10 00:12:41 - mmengine - INFO - Iter(test) [1150/5000]    eta: 0:10:39  time: 0.1551  data_time: 0.0905  memory: 1270  
2024/09/10 00:12:49 - mmengine - INFO - Iter(test) [1200/5000]    eta: 0:10:30  time: 0.1847  data_time: 0.0906  memory: 1271  
2024/09/10 00:12:57 - mmengine - INFO - Iter(test) [1250/5000]    eta: 0:10:22  time: 0.1698  data_time: 0.0928  memory: 1350  
2024/09/10 00:13:06 - mmengine - INFO - Iter(test) [1300/5000]    eta: 0:10:14  time: 0.1734  data_time: 0.0897  memory: 1280  
2024/09/10 00:13:14 - mmengine - INFO - Iter(test) [1350/5000]    eta: 0:10:05  time: 0.1772  data_time: 0.0919  memory: 1270  
2024/09/10 00:13:22 - mmengine - INFO - Iter(test) [1400/5000]    eta: 0:09:56  time: 0.1546  data_time: 0.0848  memory: 1336  
2024/09/10 00:13:30 - mmengine - INFO - Iter(test) [1450/5000]    eta: 0:09:47  time: 0.1585  data_time: 0.0891  memory: 1271  
2024/09/10 00:13:38 - mmengine - INFO - Iter(test) [1500/5000]    eta: 0:09:39  time: 0.1750  data_time: 0.0915  memory: 1272  
2024/09/10 00:13:47 - mmengine - INFO - Iter(test) [1550/5000]    eta: 0:09:31  time: 0.1506  data_time: 0.0998  memory: 1270  
2024/09/10 00:13:55 - mmengine - INFO - Iter(test) [1600/5000]    eta: 0:09:24  time: 0.1531  data_time: 0.0883  memory: 1271  
2024/09/10 00:14:04 - mmengine - INFO - Iter(test) [1650/5000]    eta: 0:09:16  time: 0.1562  data_time: 0.0904  memory: 1369  
2024/09/10 00:14:12 - mmengine - INFO - Iter(test) [1700/5000]    eta: 0:09:07  time: 0.1564  data_time: 0.0876  memory: 1311  
2024/09/10 00:14:20 - mmengine - INFO - Iter(test) [1750/5000]    eta: 0:08:59  time: 0.1537  data_time: 0.0977  memory: 1297  
2024/09/10 00:14:28 - mmengine - INFO - Iter(test) [1800/5000]    eta: 0:08:50  time: 0.1578  data_time: 0.0893  memory: 1407  
2024/09/10 00:14:37 - mmengine - INFO - Iter(test) [1850/5000]    eta: 0:08:42  time: 0.1607  data_time: 0.0921  memory: 1293  
2024/09/10 00:14:45 - mmengine - INFO - Iter(test) [1900/5000]    eta: 0:08:34  time: 0.1577  data_time: 0.0880  memory: 1270  
2024/09/10 00:14:53 - mmengine - INFO - Iter(test) [1950/5000]    eta: 0:08:26  time: 0.1569  data_time: 0.0975  memory: 1287  
2024/09/10 00:15:01 - mmengine - INFO - Iter(test) [2000/5000]    eta: 0:08:17  time: 0.1561  data_time: 0.0860  memory: 1286  
2024/09/10 00:15:09 - mmengine - INFO - Iter(test) [2050/5000]    eta: 0:08:08  time: 0.1680  data_time: 0.0955  memory: 1269  
2024/09/10 00:15:18 - mmengine - INFO - Iter(test) [2100/5000]    eta: 0:08:00  time: 0.1527  data_time: 0.0843  memory: 1277  
2024/09/10 00:15:26 - mmengine - INFO - Iter(test) [2150/5000]    eta: 0:07:51  time: 0.1581  data_time: 0.0885  memory: 1297  
2024/09/10 00:15:34 - mmengine - INFO - Iter(test) [2200/5000]    eta: 0:07:43  time: 0.1713  data_time: 0.0849  memory: 1264  
2024/09/10 00:15:42 - mmengine - INFO - Iter(test) [2250/5000]    eta: 0:07:35  time: 0.1585  data_time: 0.0879  memory: 1288  
2024/09/10 00:15:50 - mmengine - INFO - Iter(test) [2300/5000]    eta: 0:07:26  time: 0.1552  data_time: 0.1011  memory: 1275  
2024/09/10 00:15:59 - mmengine - INFO - Iter(test) [2350/5000]    eta: 0:07:18  time: 0.1892  data_time: 0.0943  memory: 1271  
2024/09/10 00:16:07 - mmengine - INFO - Iter(test) [2400/5000]    eta: 0:07:10  time: 0.1784  data_time: 0.0977  memory: 1271  
2024/09/10 00:16:15 - mmengine - INFO - Iter(test) [2450/5000]    eta: 0:07:01  time: 0.1698  data_time: 0.0910  memory: 1269  
2024/09/10 00:16:24 - mmengine - INFO - Iter(test) [2500/5000]    eta: 0:06:53  time: 0.1948  data_time: 0.1340  memory: 1291  
2024/09/10 00:16:32 - mmengine - INFO - Iter(test) [2550/5000]    eta: 0:06:45  time: 0.1701  data_time: 0.0919  memory: 1283  
2024/09/10 00:16:41 - mmengine - INFO - Iter(test) [2600/5000]    eta: 0:06:37  time: 0.1675  data_time: 0.0839  memory: 1416  
2024/09/10 00:16:49 - mmengine - INFO - Iter(test) [2650/5000]    eta: 0:06:29  time: 0.1430  data_time: 0.0927  memory: 1270  
2024/09/10 00:16:57 - mmengine - INFO - Iter(test) [2700/5000]    eta: 0:06:20  time: 0.1536  data_time: 0.0903  memory: 1282  
2024/09/10 00:17:06 - mmengine - INFO - Iter(test) [2750/5000]    eta: 0:06:12  time: 0.1649  data_time: 0.0870  memory: 1299  
2024/09/10 00:17:14 - mmengine - INFO - Iter(test) [2800/5000]    eta: 0:06:04  time: 0.1592  data_time: 0.0911  memory: 1284  
2024/09/10 00:17:22 - mmengine - INFO - Iter(test) [2850/5000]    eta: 0:05:56  time: 0.1795  data_time: 0.0906  memory: 1271  
2024/09/10 00:17:30 - mmengine - INFO - Iter(test) [2900/5000]    eta: 0:05:47  time: 0.1754  data_time: 0.0961  memory: 1309  
2024/09/10 00:17:39 - mmengine - INFO - Iter(test) [2950/5000]    eta: 0:05:39  time: 0.1751  data_time: 0.0942  memory: 1271  
2024/09/10 00:17:47 - mmengine - INFO - Iter(test) [3000/5000]    eta: 0:05:31  time: 0.1567  data_time: 0.0949  memory: 1300  
2024/09/10 00:17:55 - mmengine - INFO - Iter(test) [3050/5000]    eta: 0:05:22  time: 0.1663  data_time: 0.0889  memory: 1276  
2024/09/10 00:18:03 - mmengine - INFO - Iter(test) [3100/5000]    eta: 0:05:14  time: 0.1813  data_time: 0.1013  memory: 1270  
2024/09/10 00:18:12 - mmengine - INFO - Iter(test) [3150/5000]    eta: 0:05:06  time: 0.1612  data_time: 0.0932  memory: 1270  
2024/09/10 00:18:20 - mmengine - INFO - Iter(test) [3200/5000]    eta: 0:04:58  time: 0.1744  data_time: 0.0902  memory: 1286  
2024/09/10 00:18:28 - mmengine - INFO - Iter(test) [3250/5000]    eta: 0:04:49  time: 0.1672  data_time: 0.0811  memory: 1384  
2024/09/10 00:18:37 - mmengine - INFO - Iter(test) [3300/5000]    eta: 0:04:41  time: 0.1726  data_time: 0.0867  memory: 1278  
2024/09/10 00:18:45 - mmengine - INFO - Iter(test) [3350/5000]    eta: 0:04:33  time: 0.1597  data_time: 0.0938  memory: 1270  
2024/09/10 00:18:53 - mmengine - INFO - Iter(test) [3400/5000]    eta: 0:04:25  time: 0.1567  data_time: 0.1041  memory: 1270  
2024/09/10 00:19:02 - mmengine - INFO - Iter(test) [3450/5000]    eta: 0:04:17  time: 0.1653  data_time: 0.0848  memory: 1271  
2024/09/10 00:19:10 - mmengine - INFO - Iter(test) [3500/5000]    eta: 0:04:08  time: 0.1542  data_time: 0.0983  memory: 1279  
2024/09/10 00:19:18 - mmengine - INFO - Iter(test) [3550/5000]    eta: 0:04:00  time: 0.1575  data_time: 0.0908  memory: 1254  
2024/09/10 00:19:26 - mmengine - INFO - Iter(test) [3600/5000]    eta: 0:03:51  time: 0.1533  data_time: 0.0884  memory: 1271  
2024/09/10 00:19:34 - mmengine - INFO - Iter(test) [3650/5000]    eta: 0:03:43  time: 0.1662  data_time: 0.0919  memory: 1285  
2024/09/10 00:19:42 - mmengine - INFO - Iter(test) [3700/5000]    eta: 0:03:35  time: 0.1567  data_time: 0.0840  memory: 1287  
2024/09/10 00:19:50 - mmengine - INFO - Iter(test) [3750/5000]    eta: 0:03:26  time: 0.1483  data_time: 0.0961  memory: 1264  
2024/09/10 00:19:59 - mmengine - INFO - Iter(test) [3800/5000]    eta: 0:03:18  time: 0.1634  data_time: 0.0924  memory: 1298  
2024/09/10 00:20:07 - mmengine - INFO - Iter(test) [3850/5000]    eta: 0:03:10  time: 0.1601  data_time: 0.0878  memory: 1271  
2024/09/10 00:20:15 - mmengine - INFO - Iter(test) [3900/5000]    eta: 0:03:02  time: 0.1584  data_time: 0.0905  memory: 1400  
2024/09/10 00:20:23 - mmengine - INFO - Iter(test) [3950/5000]    eta: 0:02:53  time: 0.1575  data_time: 0.0907  memory: 1277  
2024/09/10 00:20:31 - mmengine - INFO - Iter(test) [4000/5000]    eta: 0:02:45  time: 0.1546  data_time: 0.0991  memory: 1375  
2024/09/10 00:20:40 - mmengine - INFO - Iter(test) [4050/5000]    eta: 0:02:37  time: 0.1565  data_time: 0.0976  memory: 1270  
2024/09/10 00:20:48 - mmengine - INFO - Iter(test) [4100/5000]    eta: 0:02:28  time: 0.1553  data_time: 0.0821  memory: 1262  
2024/09/10 00:20:57 - mmengine - INFO - Iter(test) [4150/5000]    eta: 0:02:20  time: 0.1612  data_time: 0.0918  memory: 1269  
2024/09/10 00:21:05 - mmengine - INFO - Iter(test) [4200/5000]    eta: 0:02:12  time: 0.1613  data_time: 0.0865  memory: 1270  
2024/09/10 00:21:13 - mmengine - INFO - Iter(test) [4250/5000]    eta: 0:02:04  time: 0.1702  data_time: 0.0910  memory: 1394  
2024/09/10 00:21:21 - mmengine - INFO - Iter(test) [4300/5000]    eta: 0:01:55  time: 0.1720  data_time: 0.0997  memory: 1311  
2024/09/10 00:21:29 - mmengine - INFO - Iter(test) [4350/5000]    eta: 0:01:47  time: 0.1760  data_time: 0.0950  memory: 1325  
2024/09/10 00:21:38 - mmengine - INFO - Iter(test) [4400/5000]    eta: 0:01:39  time: 0.1569  data_time: 0.0830  memory: 1302  
2024/09/10 00:21:46 - mmengine - INFO - Iter(test) [4450/5000]    eta: 0:01:30  time: 0.1570  data_time: 0.0917  memory: 1294  
2024/09/10 00:21:54 - mmengine - INFO - Iter(test) [4500/5000]    eta: 0:01:22  time: 0.1577  data_time: 0.0869  memory: 1294  
2024/09/10 00:22:02 - mmengine - INFO - Iter(test) [4550/5000]    eta: 0:01:14  time: 0.1865  data_time: 0.0946  memory: 1345  
2024/09/10 00:22:10 - mmengine - INFO - Iter(test) [4600/5000]    eta: 0:01:06  time: 0.1593  data_time: 0.0881  memory: 1271  
2024/09/10 00:22:19 - mmengine - INFO - Iter(test) [4650/5000]    eta: 0:00:57  time: 0.1722  data_time: 0.1007  memory: 1271  
2024/09/10 00:22:27 - mmengine - INFO - Iter(test) [4700/5000]    eta: 0:00:49  time: 0.1574  data_time: 0.0905  memory: 1293  
2024/09/10 00:22:35 - mmengine - INFO - Iter(test) [4750/5000]    eta: 0:00:41  time: 0.1568  data_time: 0.0910  memory: 1291  
2024/09/10 00:22:43 - mmengine - INFO - Iter(test) [4800/5000]    eta: 0:00:33  time: 0.1572  data_time: 0.0852  memory: 1319  
2024/09/10 00:22:51 - mmengine - INFO - Iter(test) [4850/5000]    eta: 0:00:24  time: 0.1675  data_time: 0.1054  memory: 1253  
2024/09/10 00:22:59 - mmengine - INFO - Iter(test) [4900/5000]    eta: 0:00:16  time: 0.1526  data_time: 0.0882  memory: 1288  
2024/09/10 00:23:08 - mmengine - INFO - Iter(test) [4950/5000]    eta: 0:00:08  time: 0.1671  data_time: 0.0836  memory: 1258  
2024/09/10 00:23:16 - mmengine - INFO - Iter(test) [5000/5000]    eta: 0:00:00  time: 0.1562  data_time: 0.0885  memory: 1299  
2024/09/10 00:23:16 - mmengine - INFO - Iter(test) [5000/5000]    aAcc: 71.9200  mIoU: 34.3600  mAcc: 57.2100  data_time: 0.0927  time: 0.1651
