2024/09/09 21:29:58 - mmengine - INFO - 
------------------------------------------------------------
System environment:
    sys.platform: linux
    Python: 3.9.19 | packaged by conda-forge | (main, Mar 20 2024, 12:50:21) [GCC 12.3.0]
    CUDA available: True
    numpy_random_seed: 1814123784
    CUDA_HOME: /tools/cuda/cuda11.8
    NVCC: Cuda compilation tools, release 11.8, V11.8.89
    GCC: gcc (Ubuntu 7.5.0-3ubuntu1~18.04) 7.5.0
    PyTorch: 1.13.1+cu117
    PyTorch compiling details: PyTorch built with:
  - GCC 9.3
  - C++ Version: 201402
  - Intel(R) Math Kernel Library Version 2020.0.0 Product Build 20191122 for Intel(R) 64 architecture applications
  - Intel(R) MKL-DNN v2.6.0 (Git Hash 52b5f107dd9cf10910aaa19cb47f3abf9b349815)
  - OpenMP 201511 (a.k.a. OpenMP 4.5)
  - LAPACK is enabled (usually provided by MKL)
  - NNPACK is enabled
  - CPU capability usage: AVX2
  - CUDA Runtime 11.7
  - NVCC architecture flags: -gencode;arch=compute_37,code=sm_37;-gencode;arch=compute_50,code=sm_50;-gencode;arch=compute_60,code=sm_60;-gencode;arch=compute_70,code=sm_70;-gencode;arch=compute_75,code=sm_75;-gencode;arch=compute_80,code=sm_80;-gencode;arch=compute_86,code=sm_86
  - CuDNN 8.5
  - Magma 2.6.1
  - Build settings: BLAS_INFO=mkl, BUILD_TYPE=Release, CUDA_VERSION=11.7, CUDNN_VERSION=8.5.0, CXX_COMPILER=/opt/rh/devtoolset-9/root/usr/bin/c++, CXX_FLAGS= -fabi-version=11 -Wno-deprecated -fvisibility-inlines-hidden -DUSE_PTHREADPOOL -fopenmp -DNDEBUG -DUSE_KINETO -DUSE_FBGEMM -DUSE_QNNPACK -DUSE_PYTORCH_QNNPACK -DUSE_XNNPACK -DSYMBOLICATE_MOBILE_DEBUG_HANDLE -DEDGE_PROFILER_USE_KINETO -O2 -fPIC -Wno-narrowing -Wall -Wextra -Werror=return-type -Werror=non-virtual-dtor -Wno-missing-field-initializers -Wno-type-limits -Wno-array-bounds -Wno-unknown-pragmas -Wunused-local-typedefs -Wno-unused-parameter -Wno-unused-function -Wno-unused-result -Wno-strict-overflow -Wno-strict-aliasing -Wno-error=deprecated-declarations -Wno-stringop-overflow -Wno-psabi -Wno-error=pedantic -Wno-error=redundant-decls -Wno-error=old-style-cast -fdiagnostics-color=always -faligned-new -Wno-unused-but-set-variable -Wno-maybe-uninitialized -fno-math-errno -fno-trapping-math -Werror=format -Werror=cast-function-type -Wno-stringop-overflow, LAPACK_INFO=mkl, PERF_WITH_AVX=1, PERF_WITH_AVX2=1, PERF_WITH_AVX512=1, TORCH_VERSION=1.13.1, USE_CUDA=ON, USE_CUDNN=ON, USE_EXCEPTION_PTR=1, USE_GFLAGS=OFF, USE_GLOG=OFF, USE_MKL=ON, USE_MKLDNN=ON, USE_MPI=OFF, USE_NCCL=ON, USE_NNPACK=ON, USE_OPENMP=ON, USE_ROCM=OFF, 

    TorchVision: 0.14.1+cu117
    OpenCV: 4.10.0
    MMEngine: 0.8.4

Runtime environment:
    cudnn_benchmark: True
    mp_cfg: {'mp_start_method': 'fork', 'opencv_num_threads': 0}
    dist_cfg: {'backend': 'nccl'}
    seed: 1814123784
    Distributed launcher: none
    Distributed training: False
    GPU number: 1
------------------------------------------------------------

2024/09/09 21:29:58 - mmengine - INFO - Config:
data_root = '/SHARE_ST/icl/Neurips2024/zeroseg_kdu_khy/data/VOCdevkit/VOC2010'
dataset_type = 'PascalContext60Dataset'
default_hooks = dict(
    checkpoint=dict(by_epoch=False, interval=2000, type='CheckpointHook'),
    logger=dict(interval=50, log_metric_by_epoch=False, type='LoggerHook'),
    param_scheduler=dict(type='ParamSchedulerHook'),
    sampler_seed=dict(type='DistSamplerSeedHook'),
    timer=dict(type='IterTimerHook'),
    visualization=dict(draw=True, interval=1, type='SegVisualizationHook'))
default_scope = 'mmseg'
env_cfg = dict(
    cudnn_benchmark=True,
    dist_cfg=dict(backend='nccl'),
    mp_cfg=dict(mp_start_method='fork', opencv_num_threads=0))
launcher = 'none'
load_from = None
log_level = 'INFO'
log_processor = dict(by_epoch=False)
model = dict(
    P=0.17,
    T=0.13,
    clip_path='ViT-B/16',
    kl_sizes=[
        0.6937026133853298,
        0.8082457515071951,
        0.7833581972956898,
    ],
    logit_scale=50,
    name_path='./configs/cls_context60.txt',
    prob_thd=0.5,
    type='CLIPForSegmentation')
resume = False
test_cfg = dict(type='TestLoop')
test_dataloader = dict(
    batch_size=1,
    dataset=dict(
        ann_file='ImageSets/SegmentationContext/val.txt',
        data_prefix=dict(
            img_path='JPEGImages', seg_map_path='SegmentationClassContext'),
        data_root=
        '/SHARE_ST/icl/Neurips2024/zeroseg_kdu_khy/data/VOCdevkit/VOC2010',
        pipeline=[
            dict(type='LoadImageFromFile'),
            dict(keep_ratio=True, scale=(
                2048,
                448,
            ), type='Resize'),
            dict(type='LoadAnnotations'),
            dict(type='PackSegInputs'),
        ],
        type='PascalContext60Dataset'),
    num_workers=4,
    persistent_workers=True,
    sampler=dict(shuffle=False, type='DefaultSampler'))
test_evaluator = dict(
    iou_metrics=[
        'mIoU',
    ], type='IoUMetric')
test_pipeline = [
    dict(type='LoadImageFromFile'),
    dict(keep_ratio=True, scale=(
        2048,
        448,
    ), type='Resize'),
    dict(type='LoadAnnotations'),
    dict(type='PackSegInputs'),
]
vis_backends = [
    dict(type='LocalVisBackend'),
]
visualizer = dict(
    name='visualizer',
    save_dir='./outputs/',
    type='SegLocalVisualizer',
    vis_backends=[
        dict(type='LocalVisBackend'),
    ])
work_dir = './hyper-context'

2024/09/09 21:30:05 - mmengine - INFO - Distributed training is not used, all SyncBatchNorm (SyncBN) layers in the model will be automatically reverted to BatchNormXd layers if they are used.
2024/09/09 21:30:05 - mmengine - INFO - Hooks will be executed in the following order:
before_run:
(VERY_HIGH   ) RuntimeInfoHook                    
(BELOW_NORMAL) LoggerHook                         
 -------------------- 
before_train:
(VERY_HIGH   ) RuntimeInfoHook                    
(NORMAL      ) IterTimerHook                      
(VERY_LOW    ) CheckpointHook                     
 -------------------- 
before_train_epoch:
(VERY_HIGH   ) RuntimeInfoHook                    
(NORMAL      ) IterTimerHook                      
(NORMAL      ) DistSamplerSeedHook                
 -------------------- 
before_train_iter:
(VERY_HIGH   ) RuntimeInfoHook                    
(NORMAL      ) IterTimerHook                      
 -------------------- 
after_train_iter:
(VERY_HIGH   ) RuntimeInfoHook                    
(NORMAL      ) IterTimerHook                      
(NORMAL      ) SegVisualizationHook               
(BELOW_NORMAL) LoggerHook                         
(LOW         ) ParamSchedulerHook                 
(VERY_LOW    ) CheckpointHook                     
 -------------------- 
after_train_epoch:
(NORMAL      ) IterTimerHook                      
(LOW         ) ParamSchedulerHook                 
(VERY_LOW    ) CheckpointHook                     
 -------------------- 
before_val:
(VERY_HIGH   ) RuntimeInfoHook                    
 -------------------- 
before_val_epoch:
(NORMAL      ) IterTimerHook                      
 -------------------- 
before_val_iter:
(NORMAL      ) IterTimerHook                      
 -------------------- 
after_val_iter:
(NORMAL      ) IterTimerHook                      
(NORMAL      ) SegVisualizationHook               
(BELOW_NORMAL) LoggerHook                         
 -------------------- 
after_val_epoch:
(VERY_HIGH   ) RuntimeInfoHook                    
(NORMAL      ) IterTimerHook                      
(BELOW_NORMAL) LoggerHook                         
(LOW         ) ParamSchedulerHook                 
(VERY_LOW    ) CheckpointHook                     
 -------------------- 
after_val:
(VERY_HIGH   ) RuntimeInfoHook                    
 -------------------- 
after_train:
(VERY_HIGH   ) RuntimeInfoHook                    
(VERY_LOW    ) CheckpointHook                     
 -------------------- 
before_test:
(VERY_HIGH   ) RuntimeInfoHook                    
 -------------------- 
before_test_epoch:
(NORMAL      ) IterTimerHook                      
 -------------------- 
before_test_iter:
(NORMAL      ) IterTimerHook                      
 -------------------- 
after_test_iter:
(NORMAL      ) IterTimerHook                      
(NORMAL      ) SegVisualizationHook               
(BELOW_NORMAL) LoggerHook                         
 -------------------- 
after_test_epoch:
(VERY_HIGH   ) RuntimeInfoHook                    
(NORMAL      ) IterTimerHook                      
(BELOW_NORMAL) LoggerHook                         
 -------------------- 
after_test:
(VERY_HIGH   ) RuntimeInfoHook                    
 -------------------- 
after_run:
(BELOW_NORMAL) LoggerHook                         
 -------------------- 
2024/09/09 21:30:14 - mmengine - INFO - Iter(test) [  50/5104]    eta: 0:13:45  time: 0.1542  data_time: 0.0766  memory: 1143  
2024/09/09 21:30:21 - mmengine - INFO - Iter(test) [ 100/5104]    eta: 0:13:08  time: 0.1531  data_time: 0.0693  memory: 1129  
2024/09/09 21:30:29 - mmengine - INFO - Iter(test) [ 150/5104]    eta: 0:12:52  time: 0.1610  data_time: 0.0767  memory: 1125  
2024/09/09 21:30:36 - mmengine - INFO - Iter(test) [ 200/5104]    eta: 0:12:34  time: 0.1628  data_time: 0.0723  memory: 1157  
2024/09/09 21:30:44 - mmengine - INFO - Iter(test) [ 250/5104]    eta: 0:12:30  time: 0.1515  data_time: 0.0772  memory: 1142  
2024/09/09 21:30:52 - mmengine - INFO - Iter(test) [ 300/5104]    eta: 0:12:18  time: 0.1504  data_time: 0.0760  memory: 1124  
2024/09/09 21:31:00 - mmengine - INFO - Iter(test) [ 350/5104]    eta: 0:12:19  time: 0.1901  data_time: 0.1126  memory: 1127  
2024/09/09 21:31:08 - mmengine - INFO - Iter(test) [ 400/5104]    eta: 0:12:11  time: 0.1544  data_time: 0.0737  memory: 1187  
2024/09/09 21:31:15 - mmengine - INFO - Iter(test) [ 450/5104]    eta: 0:12:02  time: 0.1558  data_time: 0.0838  memory: 1131  
2024/09/09 21:31:23 - mmengine - INFO - Iter(test) [ 500/5104]    eta: 0:11:51  time: 0.1423  data_time: 0.0714  memory: 1141  
2024/09/09 21:31:30 - mmengine - INFO - Iter(test) [ 550/5104]    eta: 0:11:42  time: 0.1487  data_time: 0.0746  memory: 1138  
2024/09/09 21:31:38 - mmengine - INFO - Iter(test) [ 600/5104]    eta: 0:11:33  time: 0.1474  data_time: 0.0761  memory: 1141  
2024/09/09 21:31:46 - mmengine - INFO - Iter(test) [ 650/5104]    eta: 0:11:25  time: 0.1484  data_time: 0.0741  memory: 1132  
2024/09/09 21:31:53 - mmengine - INFO - Iter(test) [ 700/5104]    eta: 0:11:16  time: 0.1416  data_time: 0.0736  memory: 1155  
2024/09/09 21:32:01 - mmengine - INFO - Iter(test) [ 750/5104]    eta: 0:11:08  time: 0.1479  data_time: 0.0765  memory: 1168  
2024/09/09 21:32:08 - mmengine - INFO - Iter(test) [ 800/5104]    eta: 0:11:00  time: 0.1494  data_time: 0.0752  memory: 1136  
2024/09/09 21:32:16 - mmengine - INFO - Iter(test) [ 850/5104]    eta: 0:10:51  time: 0.1476  data_time: 0.0766  memory: 1177  
2024/09/09 21:32:23 - mmengine - INFO - Iter(test) [ 900/5104]    eta: 0:10:43  time: 0.1499  data_time: 0.0745  memory: 1271  
2024/09/09 21:32:31 - mmengine - INFO - Iter(test) [ 950/5104]    eta: 0:10:35  time: 0.1531  data_time: 0.0726  memory: 1137  
2024/09/09 21:32:38 - mmengine - INFO - Iter(test) [1000/5104]    eta: 0:10:25  time: 0.1457  data_time: 0.0712  memory: 1128  
2024/09/09 21:32:46 - mmengine - INFO - Iter(test) [1050/5104]    eta: 0:10:19  time: 0.1566  data_time: 0.0757  memory: 1128  
2024/09/09 21:32:54 - mmengine - INFO - Iter(test) [1100/5104]    eta: 0:10:12  time: 0.1577  data_time: 0.0732  memory: 1212  
2024/09/09 21:33:01 - mmengine - INFO - Iter(test) [1150/5104]    eta: 0:10:04  time: 0.1500  data_time: 0.0756  memory: 1133  
2024/09/09 21:33:09 - mmengine - INFO - Iter(test) [1200/5104]    eta: 0:09:56  time: 0.1556  data_time: 0.0717  memory: 1161  
2024/09/09 21:33:17 - mmengine - INFO - Iter(test) [1250/5104]    eta: 0:09:48  time: 0.1510  data_time: 0.0729  memory: 1129  
2024/09/09 21:33:24 - mmengine - INFO - Iter(test) [1300/5104]    eta: 0:09:41  time: 0.1520  data_time: 0.0774  memory: 1148  
2024/09/09 21:33:32 - mmengine - INFO - Iter(test) [1350/5104]    eta: 0:09:33  time: 0.1522  data_time: 0.0776  memory: 1135  
2024/09/09 21:33:39 - mmengine - INFO - Iter(test) [1400/5104]    eta: 0:09:25  time: 0.1472  data_time: 0.0730  memory: 1193  
2024/09/09 21:33:47 - mmengine - INFO - Iter(test) [1450/5104]    eta: 0:09:17  time: 0.1513  data_time: 0.0770  memory: 1127  
2024/09/09 21:33:55 - mmengine - INFO - Iter(test) [1500/5104]    eta: 0:09:10  time: 0.1496  data_time: 0.0749  memory: 1136  
2024/09/09 21:34:02 - mmengine - INFO - Iter(test) [1550/5104]    eta: 0:09:02  time: 0.1517  data_time: 0.0742  memory: 1136  
2024/09/09 21:34:10 - mmengine - INFO - Iter(test) [1600/5104]    eta: 0:08:54  time: 0.1422  data_time: 0.0713  memory: 1156  
2024/09/09 21:34:17 - mmengine - INFO - Iter(test) [1650/5104]    eta: 0:08:46  time: 0.1492  data_time: 0.0781  memory: 1128  
2024/09/09 21:34:25 - mmengine - INFO - Iter(test) [1700/5104]    eta: 0:08:38  time: 0.1485  data_time: 0.0775  memory: 1179  
2024/09/09 21:34:32 - mmengine - INFO - Iter(test) [1750/5104]    eta: 0:08:31  time: 0.1554  data_time: 0.0745  memory: 1145  
2024/09/09 21:34:40 - mmengine - INFO - Iter(test) [1800/5104]    eta: 0:08:23  time: 0.1508  data_time: 0.0731  memory: 1182  
2024/09/09 21:34:48 - mmengine - INFO - Iter(test) [1850/5104]    eta: 0:08:16  time: 0.1891  data_time: 0.1178  memory: 1134  
2024/09/09 21:34:57 - mmengine - INFO - Iter(test) [1900/5104]    eta: 0:08:10  time: 0.2290  data_time: 0.1548  memory: 1191  
2024/09/09 21:35:05 - mmengine - INFO - Iter(test) [1950/5104]    eta: 0:08:03  time: 0.1536  data_time: 0.0728  memory: 1138  
2024/09/09 21:35:12 - mmengine - INFO - Iter(test) [2000/5104]    eta: 0:07:55  time: 0.1392  data_time: 0.0745  memory: 1124  
2024/09/09 21:35:21 - mmengine - INFO - Iter(test) [2050/5104]    eta: 0:07:49  time: 0.1534  data_time: 0.0723  memory: 1153  
2024/09/09 21:35:28 - mmengine - INFO - Iter(test) [2100/5104]    eta: 0:07:41  time: 0.1436  data_time: 0.0751  memory: 1131  
2024/09/09 21:35:36 - mmengine - INFO - Iter(test) [2150/5104]    eta: 0:07:33  time: 0.1496  data_time: 0.0720  memory: 1139  
2024/09/09 21:35:43 - mmengine - INFO - Iter(test) [2200/5104]    eta: 0:07:25  time: 0.1463  data_time: 0.0753  memory: 1155  
2024/09/09 21:35:51 - mmengine - INFO - Iter(test) [2250/5104]    eta: 0:07:18  time: 0.1528  data_time: 0.0739  memory: 1127  
2024/09/09 21:35:59 - mmengine - INFO - Iter(test) [2300/5104]    eta: 0:07:10  time: 0.1441  data_time: 0.0728  memory: 1136  
2024/09/09 21:36:07 - mmengine - INFO - Iter(test) [2350/5104]    eta: 0:07:03  time: 0.1502  data_time: 0.0760  memory: 1186  
2024/09/09 21:36:14 - mmengine - INFO - Iter(test) [2400/5104]    eta: 0:06:55  time: 0.1621  data_time: 0.0750  memory: 1143  
2024/09/09 21:36:22 - mmengine - INFO - Iter(test) [2450/5104]    eta: 0:06:47  time: 0.1520  data_time: 0.0746  memory: 1135  
2024/09/09 21:36:30 - mmengine - INFO - Iter(test) [2500/5104]    eta: 0:06:40  time: 0.1448  data_time: 0.0769  memory: 1251  
2024/09/09 21:36:37 - mmengine - INFO - Iter(test) [2550/5104]    eta: 0:06:32  time: 0.1618  data_time: 0.0845  memory: 1136  
2024/09/09 21:36:45 - mmengine - INFO - Iter(test) [2600/5104]    eta: 0:06:24  time: 0.1519  data_time: 0.0744  memory: 1147  
2024/09/09 21:36:53 - mmengine - INFO - Iter(test) [2650/5104]    eta: 0:06:17  time: 0.1580  data_time: 0.0709  memory: 1139  
2024/09/09 21:37:01 - mmengine - INFO - Iter(test) [2700/5104]    eta: 0:06:09  time: 0.1511  data_time: 0.0703  memory: 1193  
2024/09/09 21:37:08 - mmengine - INFO - Iter(test) [2750/5104]    eta: 0:06:01  time: 0.1528  data_time: 0.0754  memory: 1137  
2024/09/09 21:37:16 - mmengine - INFO - Iter(test) [2800/5104]    eta: 0:05:54  time: 0.1522  data_time: 0.0779  memory: 1130  
2024/09/09 21:37:24 - mmengine - INFO - Iter(test) [2850/5104]    eta: 0:05:46  time: 0.1603  data_time: 0.0765  memory: 1151  
2024/09/09 21:37:32 - mmengine - INFO - Iter(test) [2900/5104]    eta: 0:05:38  time: 0.1559  data_time: 0.0813  memory: 1183  
2024/09/09 21:37:39 - mmengine - INFO - Iter(test) [2950/5104]    eta: 0:05:31  time: 0.1577  data_time: 0.0739  memory: 1158  
2024/09/09 21:37:47 - mmengine - INFO - Iter(test) [3000/5104]    eta: 0:05:23  time: 0.1550  data_time: 0.0743  memory: 1149  
2024/09/09 21:37:55 - mmengine - INFO - Iter(test) [3050/5104]    eta: 0:05:16  time: 0.1493  data_time: 0.0720  memory: 1138  
2024/09/09 21:38:03 - mmengine - INFO - Iter(test) [3100/5104]    eta: 0:05:08  time: 0.1554  data_time: 0.0716  memory: 1150  
2024/09/09 21:38:11 - mmengine - INFO - Iter(test) [3150/5104]    eta: 0:05:00  time: 0.1477  data_time: 0.0767  memory: 1135  
2024/09/09 21:38:18 - mmengine - INFO - Iter(test) [3200/5104]    eta: 0:04:53  time: 0.1515  data_time: 0.0741  memory: 1127  
2024/09/09 21:38:26 - mmengine - INFO - Iter(test) [3250/5104]    eta: 0:04:45  time: 0.1521  data_time: 0.0746  memory: 1126  
2024/09/09 21:38:34 - mmengine - INFO - Iter(test) [3300/5104]    eta: 0:04:37  time: 0.1537  data_time: 0.0731  memory: 1136  
2024/09/09 21:38:41 - mmengine - INFO - Iter(test) [3350/5104]    eta: 0:04:29  time: 0.1472  data_time: 0.0762  memory: 1132  
2024/09/09 21:38:49 - mmengine - INFO - Iter(test) [3400/5104]    eta: 0:04:22  time: 0.1518  data_time: 0.0745  memory: 1137  
2024/09/09 21:38:57 - mmengine - INFO - Iter(test) [3450/5104]    eta: 0:04:14  time: 0.1637  data_time: 0.0863  memory: 1130  
2024/09/09 21:39:05 - mmengine - INFO - Iter(test) [3500/5104]    eta: 0:04:07  time: 0.1641  data_time: 0.0835  memory: 1139  
2024/09/09 21:39:12 - mmengine - INFO - Iter(test) [3550/5104]    eta: 0:03:59  time: 0.1497  data_time: 0.0723  memory: 1159  
2024/09/09 21:39:20 - mmengine - INFO - Iter(test) [3600/5104]    eta: 0:03:51  time: 0.1446  data_time: 0.0767  memory: 1137  
2024/09/09 21:39:27 - mmengine - INFO - Iter(test) [3650/5104]    eta: 0:03:43  time: 0.1497  data_time: 0.0754  memory: 1136  
2024/09/09 21:39:35 - mmengine - INFO - Iter(test) [3700/5104]    eta: 0:03:35  time: 0.1533  data_time: 0.0759  memory: 1125  
2024/09/09 21:39:42 - mmengine - INFO - Iter(test) [3750/5104]    eta: 0:03:28  time: 0.1491  data_time: 0.0749  memory: 1136  
2024/09/09 21:39:50 - mmengine - INFO - Iter(test) [3800/5104]    eta: 0:03:20  time: 0.1512  data_time: 0.0768  memory: 1146  
2024/09/09 21:39:58 - mmengine - INFO - Iter(test) [3850/5104]    eta: 0:03:12  time: 0.1835  data_time: 0.1029  memory: 1134  
2024/09/09 21:40:06 - mmengine - INFO - Iter(test) [3900/5104]    eta: 0:03:05  time: 0.1491  data_time: 0.0748  memory: 1127  
2024/09/09 21:40:13 - mmengine - INFO - Iter(test) [3950/5104]    eta: 0:02:57  time: 0.1509  data_time: 0.0735  memory: 1142  
2024/09/09 21:40:21 - mmengine - INFO - Iter(test) [4000/5104]    eta: 0:02:49  time: 0.1475  data_time: 0.0733  memory: 1134  
2024/09/09 21:40:28 - mmengine - INFO - Iter(test) [4050/5104]    eta: 0:02:41  time: 0.1551  data_time: 0.0746  memory: 1140  
2024/09/09 21:40:36 - mmengine - INFO - Iter(test) [4100/5104]    eta: 0:02:34  time: 0.1588  data_time: 0.0718  memory: 1156  
2024/09/09 21:40:43 - mmengine - INFO - Iter(test) [4150/5104]    eta: 0:02:26  time: 0.1474  data_time: 0.0764  memory: 1128  
2024/09/09 21:40:51 - mmengine - INFO - Iter(test) [4200/5104]    eta: 0:02:18  time: 0.1408  data_time: 0.0730  memory: 1128  
2024/09/09 21:41:00 - mmengine - INFO - Iter(test) [4250/5104]    eta: 0:02:11  time: 0.2032  data_time: 0.1257  memory: 1124  
2024/09/09 21:41:09 - mmengine - INFO - Iter(test) [4300/5104]    eta: 0:02:04  time: 0.1766  data_time: 0.0894  memory: 1221  
2024/09/09 21:41:17 - mmengine - INFO - Iter(test) [4350/5104]    eta: 0:01:56  time: 0.1543  data_time: 0.0832  memory: 1174  
2024/09/09 21:41:24 - mmengine - INFO - Iter(test) [4400/5104]    eta: 0:01:48  time: 0.1415  data_time: 0.0767  memory: 1131  
2024/09/09 21:41:31 - mmengine - INFO - Iter(test) [4450/5104]    eta: 0:01:40  time: 0.1458  data_time: 0.0749  memory: 1148  
2024/09/09 21:41:39 - mmengine - INFO - Iter(test) [4500/5104]    eta: 0:01:33  time: 0.1518  data_time: 0.0742  memory: 1141  
2024/09/09 21:41:47 - mmengine - INFO - Iter(test) [4550/5104]    eta: 0:01:25  time: 0.1535  data_time: 0.0728  memory: 1136  
2024/09/09 21:41:54 - mmengine - INFO - Iter(test) [4600/5104]    eta: 0:01:17  time: 0.1520  data_time: 0.0746  memory: 1124  
2024/09/09 21:42:03 - mmengine - INFO - Iter(test) [4650/5104]    eta: 0:01:10  time: 0.1703  data_time: 0.0929  memory: 1137  
2024/09/09 21:42:12 - mmengine - INFO - Iter(test) [4700/5104]    eta: 0:01:02  time: 0.1501  data_time: 0.0760  memory: 1140  
2024/09/09 21:42:20 - mmengine - INFO - Iter(test) [4750/5104]    eta: 0:00:54  time: 0.1548  data_time: 0.0774  memory: 1173  
2024/09/09 21:42:27 - mmengine - INFO - Iter(test) [4800/5104]    eta: 0:00:46  time: 0.1513  data_time: 0.0708  memory: 1124  
2024/09/09 21:42:35 - mmengine - INFO - Iter(test) [4850/5104]    eta: 0:00:39  time: 0.1441  data_time: 0.0762  memory: 1139  
2024/09/09 21:42:42 - mmengine - INFO - Iter(test) [4900/5104]    eta: 0:00:31  time: 0.1549  data_time: 0.0744  memory: 1162  
2024/09/09 21:42:50 - mmengine - INFO - Iter(test) [4950/5104]    eta: 0:00:23  time: 0.1509  data_time: 0.0735  memory: 1143  
2024/09/09 21:42:57 - mmengine - INFO - Iter(test) [5000/5104]    eta: 0:00:16  time: 0.1521  data_time: 0.0746  memory: 1142  
2024/09/09 21:43:05 - mmengine - INFO - Iter(test) [5050/5104]    eta: 0:00:08  time: 0.1511  data_time: 0.0738  memory: 1132  
2024/09/09 21:43:13 - mmengine - INFO - Iter(test) [5100/5104]    eta: 0:00:00  time: 0.1478  data_time: 0.0736  memory: 1127  
2024/09/09 21:43:13 - mmengine - INFO - Iter(test) [5104/5104]    aAcc: 42.8000  mIoU: 29.2700  mAcc: 38.6400  data_time: 0.0777  time: 0.1543
