2024/09/09 21:17:05 - mmengine - INFO - 
------------------------------------------------------------
System environment:
    sys.platform: linux
    Python: 3.9.19 | packaged by conda-forge | (main, Mar 20 2024, 12:50:21) [GCC 12.3.0]
    CUDA available: True
    numpy_random_seed: 1518423667
    CUDA_HOME: /tools/cuda/cuda11.8
    NVCC: Cuda compilation tools, release 11.8, V11.8.89
    GCC: gcc (Ubuntu 7.5.0-3ubuntu1~18.04) 7.5.0
    PyTorch: 1.13.1+cu117
    PyTorch compiling details: PyTorch built with:
  - GCC 9.3
  - C++ Version: 201402
  - Intel(R) Math Kernel Library Version 2020.0.0 Product Build 20191122 for Intel(R) 64 architecture applications
  - Intel(R) MKL-DNN v2.6.0 (Git Hash 52b5f107dd9cf10910aaa19cb47f3abf9b349815)
  - OpenMP 201511 (a.k.a. OpenMP 4.5)
  - LAPACK is enabled (usually provided by MKL)
  - NNPACK is enabled
  - CPU capability usage: AVX2
  - CUDA Runtime 11.7
  - NVCC architecture flags: -gencode;arch=compute_37,code=sm_37;-gencode;arch=compute_50,code=sm_50;-gencode;arch=compute_60,code=sm_60;-gencode;arch=compute_70,code=sm_70;-gencode;arch=compute_75,code=sm_75;-gencode;arch=compute_80,code=sm_80;-gencode;arch=compute_86,code=sm_86
  - CuDNN 8.5
  - Magma 2.6.1
  - Build settings: BLAS_INFO=mkl, BUILD_TYPE=Release, CUDA_VERSION=11.7, CUDNN_VERSION=8.5.0, CXX_COMPILER=/opt/rh/devtoolset-9/root/usr/bin/c++, CXX_FLAGS= -fabi-version=11 -Wno-deprecated -fvisibility-inlines-hidden -DUSE_PTHREADPOOL -fopenmp -DNDEBUG -DUSE_KINETO -DUSE_FBGEMM -DUSE_QNNPACK -DUSE_PYTORCH_QNNPACK -DUSE_XNNPACK -DSYMBOLICATE_MOBILE_DEBUG_HANDLE -DEDGE_PROFILER_USE_KINETO -O2 -fPIC -Wno-narrowing -Wall -Wextra -Werror=return-type -Werror=non-virtual-dtor -Wno-missing-field-initializers -Wno-type-limits -Wno-array-bounds -Wno-unknown-pragmas -Wunused-local-typedefs -Wno-unused-parameter -Wno-unused-function -Wno-unused-result -Wno-strict-overflow -Wno-strict-aliasing -Wno-error=deprecated-declarations -Wno-stringop-overflow -Wno-psabi -Wno-error=pedantic -Wno-error=redundant-decls -Wno-error=old-style-cast -fdiagnostics-color=always -faligned-new -Wno-unused-but-set-variable -Wno-maybe-uninitialized -fno-math-errno -fno-trapping-math -Werror=format -Werror=cast-function-type -Wno-stringop-overflow, LAPACK_INFO=mkl, PERF_WITH_AVX=1, PERF_WITH_AVX2=1, PERF_WITH_AVX512=1, TORCH_VERSION=1.13.1, USE_CUDA=ON, USE_CUDNN=ON, USE_EXCEPTION_PTR=1, USE_GFLAGS=OFF, USE_GLOG=OFF, USE_MKL=ON, USE_MKLDNN=ON, USE_MPI=OFF, USE_NCCL=ON, USE_NNPACK=ON, USE_OPENMP=ON, USE_ROCM=OFF, 

    TorchVision: 0.14.1+cu117
    OpenCV: 4.10.0
    MMEngine: 0.8.4

Runtime environment:
    cudnn_benchmark: True
    mp_cfg: {'mp_start_method': 'fork', 'opencv_num_threads': 0}
    dist_cfg: {'backend': 'nccl'}
    seed: 1518423667
    Distributed launcher: none
    Distributed training: False
    GPU number: 1
------------------------------------------------------------

2024/09/09 21:17:05 - mmengine - INFO - Config:
data_root = '/SHARE_ST/icl/Neurips2024/zeroseg_kdu_khy/data/coco_stuff164k'
dataset_type = 'COCOObjectDataset'
default_hooks = dict(
    checkpoint=dict(by_epoch=False, interval=2000, type='CheckpointHook'),
    logger=dict(interval=50, log_metric_by_epoch=False, type='LoggerHook'),
    param_scheduler=dict(type='ParamSchedulerHook'),
    sampler_seed=dict(type='DistSamplerSeedHook'),
    timer=dict(type='IterTimerHook'),
    visualization=dict(draw=True, interval=1, type='SegVisualizationHook'))
default_scope = 'mmseg'
env_cfg = dict(
    cudnn_benchmark=True,
    dist_cfg=dict(backend='nccl'),
    mp_cfg=dict(mp_start_method='fork', opencv_num_threads=0))
launcher = 'none'
load_from = None
log_level = 'INFO'
log_processor = dict(by_epoch=False)
model = dict(
    P=0.15,
    T=0.07,
    clip_path='ViT-B/16',
    kl_sizes=[
        0.5783392177151874,
        0.5991643473219477,
        0.7368725429045726,
    ],
    logit_scale=50,
    name_path='./configs/cls_coco_object.txt',
    prob_thd=0.45,
    type='CLIPForSegmentation')
resume = False
test_cfg = dict(type='TestLoop')
test_dataloader = dict(
    batch_size=1,
    dataset=dict(
        data_prefix=dict(
            img_path='images/val2017', seg_map_path='annotations/val2017'),
        data_root=
        '/SHARE_ST/icl/Neurips2024/zeroseg_kdu_khy/data/coco_stuff164k',
        pipeline=[
            dict(type='LoadImageFromFile'),
            dict(keep_ratio=True, scale=(
                2048,
                448,
            ), type='Resize'),
            dict(type='LoadAnnotations'),
            dict(type='PackSegInputs'),
        ],
        reduce_zero_label=False,
        type='COCOObjectDataset'),
    num_workers=4,
    persistent_workers=True,
    sampler=dict(shuffle=False, type='DefaultSampler'))
test_evaluator = dict(
    iou_metrics=[
        'mIoU',
    ], type='IoUMetric')
test_pipeline = [
    dict(type='LoadImageFromFile'),
    dict(keep_ratio=True, scale=(
        2048,
        448,
    ), type='Resize'),
    dict(type='LoadAnnotations'),
    dict(type='PackSegInputs'),
]
vis_backends = [
    dict(type='LocalVisBackend'),
]
visualizer = dict(
    name='visualizer',
    save_dir='./outputs/',
    type='SegLocalVisualizer',
    vis_backends=[
        dict(type='LocalVisBackend'),
    ])
work_dir = './hyper-coco'

2024/09/09 21:17:11 - mmengine - INFO - Distributed training is not used, all SyncBatchNorm (SyncBN) layers in the model will be automatically reverted to BatchNormXd layers if they are used.
2024/09/09 21:17:11 - mmengine - INFO - Hooks will be executed in the following order:
before_run:
(VERY_HIGH   ) RuntimeInfoHook                    
(BELOW_NORMAL) LoggerHook                         
 -------------------- 
before_train:
(VERY_HIGH   ) RuntimeInfoHook                    
(NORMAL      ) IterTimerHook                      
(VERY_LOW    ) CheckpointHook                     
 -------------------- 
before_train_epoch:
(VERY_HIGH   ) RuntimeInfoHook                    
(NORMAL      ) IterTimerHook                      
(NORMAL      ) DistSamplerSeedHook                
 -------------------- 
before_train_iter:
(VERY_HIGH   ) RuntimeInfoHook                    
(NORMAL      ) IterTimerHook                      
 -------------------- 
after_train_iter:
(VERY_HIGH   ) RuntimeInfoHook                    
(NORMAL      ) IterTimerHook                      
(NORMAL      ) SegVisualizationHook               
(BELOW_NORMAL) LoggerHook                         
(LOW         ) ParamSchedulerHook                 
(VERY_LOW    ) CheckpointHook                     
 -------------------- 
after_train_epoch:
(NORMAL      ) IterTimerHook                      
(LOW         ) ParamSchedulerHook                 
(VERY_LOW    ) CheckpointHook                     
 -------------------- 
before_val:
(VERY_HIGH   ) RuntimeInfoHook                    
 -------------------- 
before_val_epoch:
(NORMAL      ) IterTimerHook                      
 -------------------- 
before_val_iter:
(NORMAL      ) IterTimerHook                      
 -------------------- 
after_val_iter:
(NORMAL      ) IterTimerHook                      
(NORMAL      ) SegVisualizationHook               
(BELOW_NORMAL) LoggerHook                         
 -------------------- 
after_val_epoch:
(VERY_HIGH   ) RuntimeInfoHook                    
(NORMAL      ) IterTimerHook                      
(BELOW_NORMAL) LoggerHook                         
(LOW         ) ParamSchedulerHook                 
(VERY_LOW    ) CheckpointHook                     
 -------------------- 
after_val:
(VERY_HIGH   ) RuntimeInfoHook                    
 -------------------- 
after_train:
(VERY_HIGH   ) RuntimeInfoHook                    
(VERY_LOW    ) CheckpointHook                     
 -------------------- 
before_test:
(VERY_HIGH   ) RuntimeInfoHook                    
 -------------------- 
before_test_epoch:
(NORMAL      ) IterTimerHook                      
 -------------------- 
before_test_iter:
(NORMAL      ) IterTimerHook                      
 -------------------- 
after_test_iter:
(NORMAL      ) IterTimerHook                      
(NORMAL      ) SegVisualizationHook               
(BELOW_NORMAL) LoggerHook                         
 -------------------- 
after_test_epoch:
(VERY_HIGH   ) RuntimeInfoHook                    
(NORMAL      ) IterTimerHook                      
(BELOW_NORMAL) LoggerHook                         
 -------------------- 
after_test:
(VERY_HIGH   ) RuntimeInfoHook                    
 -------------------- 
after_run:
(BELOW_NORMAL) LoggerHook                         
 -------------------- 
2024/09/09 21:17:20 - mmengine - INFO - Iter(test) [  50/5000]    eta: 0:14:12  time: 0.1496  data_time: 0.0858  memory: 1287  
2024/09/09 21:17:28 - mmengine - INFO - Iter(test) [ 100/5000]    eta: 0:13:12  time: 0.1569  data_time: 0.0955  memory: 1273  
2024/09/09 21:17:36 - mmengine - INFO - Iter(test) [ 150/5000]    eta: 0:12:57  time: 0.1573  data_time: 0.0906  memory: 1269  
2024/09/09 21:17:43 - mmengine - INFO - Iter(test) [ 200/5000]    eta: 0:12:37  time: 0.1429  data_time: 0.0813  memory: 1274  
2024/09/09 21:17:51 - mmengine - INFO - Iter(test) [ 250/5000]    eta: 0:12:21  time: 0.1487  data_time: 0.0882  memory: 1269  
2024/09/09 21:17:59 - mmengine - INFO - Iter(test) [ 300/5000]    eta: 0:12:14  time: 0.1529  data_time: 0.0900  memory: 1278  
2024/09/09 21:18:07 - mmengine - INFO - Iter(test) [ 350/5000]    eta: 0:12:09  time: 0.1590  data_time: 0.0837  memory: 1270  
2024/09/09 21:18:14 - mmengine - INFO - Iter(test) [ 400/5000]    eta: 0:11:58  time: 0.1646  data_time: 0.0929  memory: 1323  
2024/09/09 21:18:22 - mmengine - INFO - Iter(test) [ 450/5000]    eta: 0:11:49  time: 0.1679  data_time: 0.0943  memory: 1286  
2024/09/09 21:18:30 - mmengine - INFO - Iter(test) [ 500/5000]    eta: 0:11:41  time: 0.1932  data_time: 0.1110  memory: 1285  
2024/09/09 21:18:38 - mmengine - INFO - Iter(test) [ 550/5000]    eta: 0:11:33  time: 0.1655  data_time: 0.0940  memory: 1270  
2024/09/09 21:18:45 - mmengine - INFO - Iter(test) [ 600/5000]    eta: 0:11:24  time: 0.1679  data_time: 0.0983  memory: 1290  
2024/09/09 21:18:53 - mmengine - INFO - Iter(test) [ 650/5000]    eta: 0:11:17  time: 0.1478  data_time: 0.0885  memory: 1312  
2024/09/09 21:19:01 - mmengine - INFO - Iter(test) [ 700/5000]    eta: 0:11:12  time: 0.1591  data_time: 0.0970  memory: 1264  
2024/09/09 21:19:09 - mmengine - INFO - Iter(test) [ 750/5000]    eta: 0:11:05  time: 0.1658  data_time: 0.0904  memory: 1272  
2024/09/09 21:19:17 - mmengine - INFO - Iter(test) [ 800/5000]    eta: 0:10:58  time: 0.1520  data_time: 0.0920  memory: 1270  
2024/09/09 21:19:25 - mmengine - INFO - Iter(test) [ 850/5000]    eta: 0:10:49  time: 0.1799  data_time: 0.0910  memory: 1348  
2024/09/09 21:19:32 - mmengine - INFO - Iter(test) [ 900/5000]    eta: 0:10:40  time: 0.1410  data_time: 0.0798  memory: 1254  
2024/09/09 21:19:40 - mmengine - INFO - Iter(test) [ 950/5000]    eta: 0:10:32  time: 0.1837  data_time: 0.0912  memory: 1275  
2024/09/09 21:19:48 - mmengine - INFO - Iter(test) [1000/5000]    eta: 0:10:25  time: 0.1415  data_time: 0.0870  memory: 1293  
2024/09/09 21:19:56 - mmengine - INFO - Iter(test) [1050/5000]    eta: 0:10:18  time: 0.1573  data_time: 0.0879  memory: 1286  
2024/09/09 21:20:04 - mmengine - INFO - Iter(test) [1100/5000]    eta: 0:10:09  time: 0.1559  data_time: 0.1014  memory: 1285  
2024/09/09 21:20:12 - mmengine - INFO - Iter(test) [1150/5000]    eta: 0:10:02  time: 0.1699  data_time: 0.0901  memory: 1270  
2024/09/09 21:20:19 - mmengine - INFO - Iter(test) [1200/5000]    eta: 0:09:53  time: 0.1658  data_time: 0.0928  memory: 1270  
2024/09/09 21:20:27 - mmengine - INFO - Iter(test) [1250/5000]    eta: 0:09:45  time: 0.1693  data_time: 0.0974  memory: 1348  
2024/09/09 21:20:35 - mmengine - INFO - Iter(test) [1300/5000]    eta: 0:09:38  time: 0.1624  data_time: 0.0891  memory: 1280  
2024/09/09 21:20:43 - mmengine - INFO - Iter(test) [1350/5000]    eta: 0:09:30  time: 0.1464  data_time: 0.0962  memory: 1269  
2024/09/09 21:20:51 - mmengine - INFO - Iter(test) [1400/5000]    eta: 0:09:23  time: 0.1488  data_time: 0.0872  memory: 1335  
2024/09/09 21:20:59 - mmengine - INFO - Iter(test) [1450/5000]    eta: 0:09:15  time: 0.1718  data_time: 0.0877  memory: 1270  
2024/09/09 21:21:07 - mmengine - INFO - Iter(test) [1500/5000]    eta: 0:09:07  time: 0.1418  data_time: 0.0926  memory: 1273  
2024/09/09 21:21:15 - mmengine - INFO - Iter(test) [1550/5000]    eta: 0:09:00  time: 0.1377  data_time: 0.0908  memory: 1270  
2024/09/09 21:21:22 - mmengine - INFO - Iter(test) [1600/5000]    eta: 0:08:52  time: 0.1453  data_time: 0.0924  memory: 1270  
2024/09/09 21:21:31 - mmengine - INFO - Iter(test) [1650/5000]    eta: 0:08:45  time: 0.1564  data_time: 0.0937  memory: 1368  
2024/09/09 21:21:38 - mmengine - INFO - Iter(test) [1700/5000]    eta: 0:08:37  time: 0.1586  data_time: 0.0944  memory: 1311  
2024/09/09 21:21:46 - mmengine - INFO - Iter(test) [1750/5000]    eta: 0:08:29  time: 0.1485  data_time: 0.0964  memory: 1295  
2024/09/09 21:21:54 - mmengine - INFO - Iter(test) [1800/5000]    eta: 0:08:21  time: 0.1703  data_time: 0.0865  memory: 1408  
2024/09/09 21:22:02 - mmengine - INFO - Iter(test) [1850/5000]    eta: 0:08:13  time: 0.1471  data_time: 0.0912  memory: 1293  
2024/09/09 21:22:09 - mmengine - INFO - Iter(test) [1900/5000]    eta: 0:08:05  time: 0.1415  data_time: 0.0920  memory: 1270  
2024/09/09 21:22:17 - mmengine - INFO - Iter(test) [1950/5000]    eta: 0:07:56  time: 0.1482  data_time: 0.0896  memory: 1285  
2024/09/09 21:22:25 - mmengine - INFO - Iter(test) [2000/5000]    eta: 0:07:48  time: 0.1488  data_time: 0.0883  memory: 1284  
2024/09/09 21:22:32 - mmengine - INFO - Iter(test) [2050/5000]    eta: 0:07:40  time: 0.1504  data_time: 0.0966  memory: 1270  
2024/09/09 21:22:40 - mmengine - INFO - Iter(test) [2100/5000]    eta: 0:07:32  time: 0.1370  data_time: 0.0901  memory: 1277  
2024/09/09 21:22:47 - mmengine - INFO - Iter(test) [2150/5000]    eta: 0:07:24  time: 0.1458  data_time: 0.0894  memory: 1297  
2024/09/09 21:22:55 - mmengine - INFO - Iter(test) [2200/5000]    eta: 0:07:17  time: 0.1517  data_time: 0.0827  memory: 1264  
2024/09/09 21:23:03 - mmengine - INFO - Iter(test) [2250/5000]    eta: 0:07:08  time: 0.1436  data_time: 0.0880  memory: 1288  
2024/09/09 21:23:10 - mmengine - INFO - Iter(test) [2300/5000]    eta: 0:07:00  time: 0.1501  data_time: 0.0933  memory: 1274  
2024/09/09 21:23:18 - mmengine - INFO - Iter(test) [2350/5000]    eta: 0:06:52  time: 0.1576  data_time: 0.0882  memory: 1271  
2024/09/09 21:23:26 - mmengine - INFO - Iter(test) [2400/5000]    eta: 0:06:44  time: 0.1555  data_time: 0.0917  memory: 1270  
2024/09/09 21:23:34 - mmengine - INFO - Iter(test) [2450/5000]    eta: 0:06:37  time: 0.1735  data_time: 0.0890  memory: 1269  
2024/09/09 21:23:42 - mmengine - INFO - Iter(test) [2500/5000]    eta: 0:06:29  time: 0.1410  data_time: 0.0900  memory: 1291  
2024/09/09 21:23:49 - mmengine - INFO - Iter(test) [2550/5000]    eta: 0:06:21  time: 0.1562  data_time: 0.0912  memory: 1282  
2024/09/09 21:23:57 - mmengine - INFO - Iter(test) [2600/5000]    eta: 0:06:13  time: 0.1472  data_time: 0.0828  memory: 1415  
2024/09/09 21:24:05 - mmengine - INFO - Iter(test) [2650/5000]    eta: 0:06:05  time: 0.1424  data_time: 0.0846  memory: 1271  
2024/09/09 21:24:13 - mmengine - INFO - Iter(test) [2700/5000]    eta: 0:05:58  time: 0.1469  data_time: 0.0902  memory: 1282  
2024/09/09 21:24:20 - mmengine - INFO - Iter(test) [2750/5000]    eta: 0:05:50  time: 0.1389  data_time: 0.0870  memory: 1299  
2024/09/09 21:24:28 - mmengine - INFO - Iter(test) [2800/5000]    eta: 0:05:42  time: 0.1584  data_time: 0.0958  memory: 1284  
2024/09/09 21:24:36 - mmengine - INFO - Iter(test) [2850/5000]    eta: 0:05:34  time: 0.1709  data_time: 0.1001  memory: 1271  
2024/09/09 21:24:43 - mmengine - INFO - Iter(test) [2900/5000]    eta: 0:05:26  time: 0.1732  data_time: 0.0966  memory: 1310  
2024/09/09 21:24:51 - mmengine - INFO - Iter(test) [2950/5000]    eta: 0:05:19  time: 0.1430  data_time: 0.1028  memory: 1271  
2024/09/09 21:24:59 - mmengine - INFO - Iter(test) [3000/5000]    eta: 0:05:11  time: 0.1554  data_time: 0.0888  memory: 1300  
2024/09/09 21:25:07 - mmengine - INFO - Iter(test) [3050/5000]    eta: 0:05:03  time: 0.1450  data_time: 0.0836  memory: 1276  
2024/09/09 21:25:14 - mmengine - INFO - Iter(test) [3100/5000]    eta: 0:04:55  time: 0.1515  data_time: 0.0944  memory: 1271  
2024/09/09 21:25:22 - mmengine - INFO - Iter(test) [3150/5000]    eta: 0:04:47  time: 0.1583  data_time: 0.0921  memory: 1270  
2024/09/09 21:25:30 - mmengine - INFO - Iter(test) [3200/5000]    eta: 0:04:40  time: 0.1550  data_time: 0.0894  memory: 1286  
2024/09/09 21:25:38 - mmengine - INFO - Iter(test) [3250/5000]    eta: 0:04:32  time: 0.1708  data_time: 0.0810  memory: 1383  
2024/09/09 21:25:46 - mmengine - INFO - Iter(test) [3300/5000]    eta: 0:04:24  time: 0.1624  data_time: 0.0962  memory: 1277  
2024/09/09 21:25:54 - mmengine - INFO - Iter(test) [3350/5000]    eta: 0:04:17  time: 0.1584  data_time: 0.0978  memory: 1270  
2024/09/09 21:26:03 - mmengine - INFO - Iter(test) [3400/5000]    eta: 0:04:09  time: 0.1532  data_time: 0.0951  memory: 1269  
2024/09/09 21:26:11 - mmengine - INFO - Iter(test) [3450/5000]    eta: 0:04:01  time: 0.1505  data_time: 0.0822  memory: 1270  
2024/09/09 21:26:18 - mmengine - INFO - Iter(test) [3500/5000]    eta: 0:03:54  time: 0.1521  data_time: 0.0999  memory: 1279  
2024/09/09 21:26:26 - mmengine - INFO - Iter(test) [3550/5000]    eta: 0:03:46  time: 0.1440  data_time: 0.0925  memory: 1254  
2024/09/09 21:26:33 - mmengine - INFO - Iter(test) [3600/5000]    eta: 0:03:38  time: 0.1394  data_time: 0.0931  memory: 1271  
2024/09/09 21:26:42 - mmengine - INFO - Iter(test) [3650/5000]    eta: 0:03:30  time: 0.1609  data_time: 0.0874  memory: 1284  
2024/09/09 21:26:49 - mmengine - INFO - Iter(test) [3700/5000]    eta: 0:03:22  time: 0.1509  data_time: 0.0834  memory: 1286  
2024/09/09 21:26:57 - mmengine - INFO - Iter(test) [3750/5000]    eta: 0:03:14  time: 0.1468  data_time: 0.0858  memory: 1265  
2024/09/09 21:27:05 - mmengine - INFO - Iter(test) [3800/5000]    eta: 0:03:07  time: 0.1716  data_time: 0.0867  memory: 1296  
2024/09/09 21:27:12 - mmengine - INFO - Iter(test) [3850/5000]    eta: 0:02:59  time: 0.1731  data_time: 0.0868  memory: 1270  
2024/09/09 21:27:20 - mmengine - INFO - Iter(test) [3900/5000]    eta: 0:02:51  time: 0.1723  data_time: 0.0903  memory: 1400  
2024/09/09 21:27:28 - mmengine - INFO - Iter(test) [3950/5000]    eta: 0:02:43  time: 0.1691  data_time: 0.0905  memory: 1277  
2024/09/09 21:27:36 - mmengine - INFO - Iter(test) [4000/5000]    eta: 0:02:35  time: 0.1544  data_time: 0.0912  memory: 1375  
2024/09/09 21:27:44 - mmengine - INFO - Iter(test) [4050/5000]    eta: 0:02:28  time: 0.1542  data_time: 0.0926  memory: 1271  
2024/09/09 21:27:51 - mmengine - INFO - Iter(test) [4100/5000]    eta: 0:02:20  time: 0.1494  data_time: 0.0814  memory: 1261  
2024/09/09 21:27:59 - mmengine - INFO - Iter(test) [4150/5000]    eta: 0:02:12  time: 0.1557  data_time: 0.0924  memory: 1268  
2024/09/09 21:28:07 - mmengine - INFO - Iter(test) [4200/5000]    eta: 0:02:04  time: 0.1737  data_time: 0.0881  memory: 1270  
2024/09/09 21:28:15 - mmengine - INFO - Iter(test) [4250/5000]    eta: 0:01:57  time: 0.1703  data_time: 0.0916  memory: 1392  
2024/09/09 21:28:23 - mmengine - INFO - Iter(test) [4300/5000]    eta: 0:01:49  time: 0.1608  data_time: 0.0907  memory: 1312  
2024/09/09 21:28:30 - mmengine - INFO - Iter(test) [4350/5000]    eta: 0:01:41  time: 0.1916  data_time: 0.0954  memory: 1325  
2024/09/09 21:28:38 - mmengine - INFO - Iter(test) [4400/5000]    eta: 0:01:33  time: 0.1455  data_time: 0.0888  memory: 1302  
2024/09/09 21:28:46 - mmengine - INFO - Iter(test) [4450/5000]    eta: 0:01:25  time: 0.1699  data_time: 0.0892  memory: 1296  
2024/09/09 21:28:54 - mmengine - INFO - Iter(test) [4500/5000]    eta: 0:01:17  time: 0.1534  data_time: 0.0879  memory: 1293  
2024/09/09 21:29:01 - mmengine - INFO - Iter(test) [4550/5000]    eta: 0:01:10  time: 0.1498  data_time: 0.0925  memory: 1345  
2024/09/09 21:29:09 - mmengine - INFO - Iter(test) [4600/5000]    eta: 0:01:02  time: 0.1509  data_time: 0.0878  memory: 1270  
2024/09/09 21:29:17 - mmengine - INFO - Iter(test) [4650/5000]    eta: 0:00:54  time: 0.1565  data_time: 0.1088  memory: 1270  
2024/09/09 21:29:24 - mmengine - INFO - Iter(test) [4700/5000]    eta: 0:00:46  time: 0.1477  data_time: 0.0924  memory: 1292  
2024/09/09 21:29:32 - mmengine - INFO - Iter(test) [4750/5000]    eta: 0:00:38  time: 0.1512  data_time: 0.0897  memory: 1291  
2024/09/09 21:29:40 - mmengine - INFO - Iter(test) [4800/5000]    eta: 0:00:31  time: 0.1728  data_time: 0.0886  memory: 1318  
2024/09/09 21:29:48 - mmengine - INFO - Iter(test) [4850/5000]    eta: 0:00:23  time: 0.1554  data_time: 0.0907  memory: 1253  
2024/09/09 21:29:56 - mmengine - INFO - Iter(test) [4900/5000]    eta: 0:00:15  time: 0.1458  data_time: 0.0958  memory: 1287  
2024/09/09 21:30:04 - mmengine - INFO - Iter(test) [4950/5000]    eta: 0:00:07  time: 0.1395  data_time: 0.0881  memory: 1259  
2024/09/09 21:30:12 - mmengine - INFO - Iter(test) [5000/5000]    eta: 0:00:00  time: 0.1533  data_time: 0.0901  memory: 1298  
2024/09/09 21:30:12 - mmengine - INFO - Iter(test) [5000/5000]    aAcc: 71.8600  mIoU: 34.0900  mAcc: 56.3100  data_time: 0.0919  time: 0.1559
