2024/09/09 22:27:00 - mmengine - INFO - 
------------------------------------------------------------
System environment:
    sys.platform: linux
    Python: 3.9.19 | packaged by conda-forge | (main, Mar 20 2024, 12:50:21) [GCC 12.3.0]
    CUDA available: True
    numpy_random_seed: 1719929221
    CUDA_HOME: /tools/cuda/cuda11.8
    NVCC: Cuda compilation tools, release 11.8, V11.8.89
    GCC: gcc (Ubuntu 7.5.0-3ubuntu1~18.04) 7.5.0
    PyTorch: 1.13.1+cu117
    PyTorch compiling details: PyTorch built with:
  - GCC 9.3
  - C++ Version: 201402
  - Intel(R) Math Kernel Library Version 2020.0.0 Product Build 20191122 for Intel(R) 64 architecture applications
  - Intel(R) MKL-DNN v2.6.0 (Git Hash 52b5f107dd9cf10910aaa19cb47f3abf9b349815)
  - OpenMP 201511 (a.k.a. OpenMP 4.5)
  - LAPACK is enabled (usually provided by MKL)
  - NNPACK is enabled
  - CPU capability usage: AVX2
  - CUDA Runtime 11.7
  - NVCC architecture flags: -gencode;arch=compute_37,code=sm_37;-gencode;arch=compute_50,code=sm_50;-gencode;arch=compute_60,code=sm_60;-gencode;arch=compute_70,code=sm_70;-gencode;arch=compute_75,code=sm_75;-gencode;arch=compute_80,code=sm_80;-gencode;arch=compute_86,code=sm_86
  - CuDNN 8.5
  - Magma 2.6.1
  - Build settings: BLAS_INFO=mkl, BUILD_TYPE=Release, CUDA_VERSION=11.7, CUDNN_VERSION=8.5.0, CXX_COMPILER=/opt/rh/devtoolset-9/root/usr/bin/c++, CXX_FLAGS= -fabi-version=11 -Wno-deprecated -fvisibility-inlines-hidden -DUSE_PTHREADPOOL -fopenmp -DNDEBUG -DUSE_KINETO -DUSE_FBGEMM -DUSE_QNNPACK -DUSE_PYTORCH_QNNPACK -DUSE_XNNPACK -DSYMBOLICATE_MOBILE_DEBUG_HANDLE -DEDGE_PROFILER_USE_KINETO -O2 -fPIC -Wno-narrowing -Wall -Wextra -Werror=return-type -Werror=non-virtual-dtor -Wno-missing-field-initializers -Wno-type-limits -Wno-array-bounds -Wno-unknown-pragmas -Wunused-local-typedefs -Wno-unused-parameter -Wno-unused-function -Wno-unused-result -Wno-strict-overflow -Wno-strict-aliasing -Wno-error=deprecated-declarations -Wno-stringop-overflow -Wno-psabi -Wno-error=pedantic -Wno-error=redundant-decls -Wno-error=old-style-cast -fdiagnostics-color=always -faligned-new -Wno-unused-but-set-variable -Wno-maybe-uninitialized -fno-math-errno -fno-trapping-math -Werror=format -Werror=cast-function-type -Wno-stringop-overflow, LAPACK_INFO=mkl, PERF_WITH_AVX=1, PERF_WITH_AVX2=1, PERF_WITH_AVX512=1, TORCH_VERSION=1.13.1, USE_CUDA=ON, USE_CUDNN=ON, USE_EXCEPTION_PTR=1, USE_GFLAGS=OFF, USE_GLOG=OFF, USE_MKL=ON, USE_MKLDNN=ON, USE_MPI=OFF, USE_NCCL=ON, USE_NNPACK=ON, USE_OPENMP=ON, USE_ROCM=OFF, 

    TorchVision: 0.14.1+cu117
    OpenCV: 4.10.0
    MMEngine: 0.8.4

Runtime environment:
    cudnn_benchmark: True
    mp_cfg: {'mp_start_method': 'fork', 'opencv_num_threads': 0}
    dist_cfg: {'backend': 'nccl'}
    seed: 1719929221
    Distributed launcher: none
    Distributed training: False
    GPU number: 1
------------------------------------------------------------

2024/09/09 22:27:00 - mmengine - INFO - Config:
data_root = '/SHARE_ST/icl/Neurips2024/zeroseg_kdu_khy/data/VOCdevkit/VOC2010'
dataset_type = 'PascalContext60Dataset'
default_hooks = dict(
    checkpoint=dict(by_epoch=False, interval=2000, type='CheckpointHook'),
    logger=dict(interval=50, log_metric_by_epoch=False, type='LoggerHook'),
    param_scheduler=dict(type='ParamSchedulerHook'),
    sampler_seed=dict(type='DistSamplerSeedHook'),
    timer=dict(type='IterTimerHook'),
    visualization=dict(draw=True, interval=1, type='SegVisualizationHook'))
default_scope = 'mmseg'
env_cfg = dict(
    cudnn_benchmark=True,
    dist_cfg=dict(backend='nccl'),
    mp_cfg=dict(mp_start_method='fork', opencv_num_threads=0))
launcher = 'none'
load_from = None
log_level = 'INFO'
log_processor = dict(by_epoch=False)
model = dict(
    P=0.14,
    T=0.07,
    clip_path='ViT-B/16',
    kl_sizes=[
        0.8145020068876604,
        0.25629445427335873,
        0.8860959710168734,
        0.6133828571050156,
    ],
    logit_scale=50,
    name_path='./configs/cls_context60.txt',
    prob_thd=0.5,
    type='CLIPForSegmentation')
resume = False
test_cfg = dict(type='TestLoop')
test_dataloader = dict(
    batch_size=1,
    dataset=dict(
        ann_file='ImageSets/SegmentationContext/val.txt',
        data_prefix=dict(
            img_path='JPEGImages', seg_map_path='SegmentationClassContext'),
        data_root=
        '/SHARE_ST/icl/Neurips2024/zeroseg_kdu_khy/data/VOCdevkit/VOC2010',
        pipeline=[
            dict(type='LoadImageFromFile'),
            dict(keep_ratio=True, scale=(
                2048,
                448,
            ), type='Resize'),
            dict(type='LoadAnnotations'),
            dict(type='PackSegInputs'),
        ],
        type='PascalContext60Dataset'),
    num_workers=4,
    persistent_workers=True,
    sampler=dict(shuffle=False, type='DefaultSampler'))
test_evaluator = dict(
    iou_metrics=[
        'mIoU',
    ], type='IoUMetric')
test_pipeline = [
    dict(type='LoadImageFromFile'),
    dict(keep_ratio=True, scale=(
        2048,
        448,
    ), type='Resize'),
    dict(type='LoadAnnotations'),
    dict(type='PackSegInputs'),
]
vis_backends = [
    dict(type='LocalVisBackend'),
]
visualizer = dict(
    name='visualizer',
    save_dir='./outputs/',
    type='SegLocalVisualizer',
    vis_backends=[
        dict(type='LocalVisBackend'),
    ])
work_dir = './hyper-context'

2024/09/09 22:27:07 - mmengine - INFO - Distributed training is not used, all SyncBatchNorm (SyncBN) layers in the model will be automatically reverted to BatchNormXd layers if they are used.
2024/09/09 22:27:07 - mmengine - INFO - Hooks will be executed in the following order:
before_run:
(VERY_HIGH   ) RuntimeInfoHook                    
(BELOW_NORMAL) LoggerHook                         
 -------------------- 
before_train:
(VERY_HIGH   ) RuntimeInfoHook                    
(NORMAL      ) IterTimerHook                      
(VERY_LOW    ) CheckpointHook                     
 -------------------- 
before_train_epoch:
(VERY_HIGH   ) RuntimeInfoHook                    
(NORMAL      ) IterTimerHook                      
(NORMAL      ) DistSamplerSeedHook                
 -------------------- 
before_train_iter:
(VERY_HIGH   ) RuntimeInfoHook                    
(NORMAL      ) IterTimerHook                      
 -------------------- 
after_train_iter:
(VERY_HIGH   ) RuntimeInfoHook                    
(NORMAL      ) IterTimerHook                      
(NORMAL      ) SegVisualizationHook               
(BELOW_NORMAL) LoggerHook                         
(LOW         ) ParamSchedulerHook                 
(VERY_LOW    ) CheckpointHook                     
 -------------------- 
after_train_epoch:
(NORMAL      ) IterTimerHook                      
(LOW         ) ParamSchedulerHook                 
(VERY_LOW    ) CheckpointHook                     
 -------------------- 
before_val:
(VERY_HIGH   ) RuntimeInfoHook                    
 -------------------- 
before_val_epoch:
(NORMAL      ) IterTimerHook                      
 -------------------- 
before_val_iter:
(NORMAL      ) IterTimerHook                      
 -------------------- 
after_val_iter:
(NORMAL      ) IterTimerHook                      
(NORMAL      ) SegVisualizationHook               
(BELOW_NORMAL) LoggerHook                         
 -------------------- 
after_val_epoch:
(VERY_HIGH   ) RuntimeInfoHook                    
(NORMAL      ) IterTimerHook                      
(BELOW_NORMAL) LoggerHook                         
(LOW         ) ParamSchedulerHook                 
(VERY_LOW    ) CheckpointHook                     
 -------------------- 
after_val:
(VERY_HIGH   ) RuntimeInfoHook                    
 -------------------- 
after_train:
(VERY_HIGH   ) RuntimeInfoHook                    
(VERY_LOW    ) CheckpointHook                     
 -------------------- 
before_test:
(VERY_HIGH   ) RuntimeInfoHook                    
 -------------------- 
before_test_epoch:
(NORMAL      ) IterTimerHook                      
 -------------------- 
before_test_iter:
(NORMAL      ) IterTimerHook                      
 -------------------- 
after_test_iter:
(NORMAL      ) IterTimerHook                      
(NORMAL      ) SegVisualizationHook               
(BELOW_NORMAL) LoggerHook                         
 -------------------- 
after_test_epoch:
(VERY_HIGH   ) RuntimeInfoHook                    
(NORMAL      ) IterTimerHook                      
(BELOW_NORMAL) LoggerHook                         
 -------------------- 
after_test:
(VERY_HIGH   ) RuntimeInfoHook                    
 -------------------- 
after_run:
(BELOW_NORMAL) LoggerHook                         
 -------------------- 
2024/09/09 22:27:16 - mmengine - INFO - Iter(test) [  50/5104]    eta: 0:14:36  time: 0.1581  data_time: 0.0762  memory: 1143  
2024/09/09 22:27:24 - mmengine - INFO - Iter(test) [ 100/5104]    eta: 0:13:40  time: 0.1583  data_time: 0.0699  memory: 1129  
2024/09/09 22:27:31 - mmengine - INFO - Iter(test) [ 150/5104]    eta: 0:13:20  time: 0.1666  data_time: 0.0774  memory: 1125  
2024/09/09 22:27:39 - mmengine - INFO - Iter(test) [ 200/5104]    eta: 0:13:00  time: 0.1683  data_time: 0.0730  memory: 1157  
2024/09/09 22:27:47 - mmengine - INFO - Iter(test) [ 250/5104]    eta: 0:12:49  time: 0.1561  data_time: 0.0777  memory: 1140  
2024/09/09 22:27:54 - mmengine - INFO - Iter(test) [ 300/5104]    eta: 0:12:36  time: 0.1542  data_time: 0.0758  memory: 1124  
2024/09/09 22:28:03 - mmengine - INFO - Iter(test) [ 350/5104]    eta: 0:12:40  time: 0.2638  data_time: 0.1818  memory: 1128  
2024/09/09 22:28:13 - mmengine - INFO - Iter(test) [ 400/5104]    eta: 0:12:53  time: 0.1593  data_time: 0.0741  memory: 1188  
2024/09/09 22:28:21 - mmengine - INFO - Iter(test) [ 450/5104]    eta: 0:12:41  time: 0.1589  data_time: 0.0840  memory: 1131  
2024/09/09 22:28:28 - mmengine - INFO - Iter(test) [ 500/5104]    eta: 0:12:27  time: 0.1458  data_time: 0.0710  memory: 1141  
2024/09/09 22:28:36 - mmengine - INFO - Iter(test) [ 550/5104]    eta: 0:12:16  time: 0.1536  data_time: 0.0753  memory: 1138  
2024/09/09 22:28:44 - mmengine - INFO - Iter(test) [ 600/5104]    eta: 0:12:05  time: 0.1509  data_time: 0.0759  memory: 1142  
2024/09/09 22:28:52 - mmengine - INFO - Iter(test) [ 650/5104]    eta: 0:11:55  time: 0.1527  data_time: 0.0743  memory: 1130  
2024/09/09 22:28:59 - mmengine - INFO - Iter(test) [ 700/5104]    eta: 0:11:45  time: 0.1451  data_time: 0.0735  memory: 1154  
2024/09/09 22:29:11 - mmengine - INFO - Iter(test) [ 750/5104]    eta: 0:11:57  time: 0.1729  data_time: 0.0979  memory: 1168  
2024/09/09 22:29:19 - mmengine - INFO - Iter(test) [ 800/5104]    eta: 0:11:50  time: 0.1545  data_time: 0.0762  memory: 1136  
2024/09/09 22:29:27 - mmengine - INFO - Iter(test) [ 850/5104]    eta: 0:11:39  time: 0.1556  data_time: 0.0805  memory: 1177  
2024/09/09 22:29:35 - mmengine - INFO - Iter(test) [ 900/5104]    eta: 0:11:29  time: 0.1501  data_time: 0.0746  memory: 1271  
2024/09/09 22:29:42 - mmengine - INFO - Iter(test) [ 950/5104]    eta: 0:11:18  time: 0.1586  data_time: 0.0736  memory: 1136  
2024/09/09 22:29:50 - mmengine - INFO - Iter(test) [1000/5104]    eta: 0:11:07  time: 0.1502  data_time: 0.0719  memory: 1127  
2024/09/09 22:29:58 - mmengine - INFO - Iter(test) [1050/5104]    eta: 0:10:58  time: 0.1614  data_time: 0.0762  memory: 1127  
2024/09/09 22:30:09 - mmengine - INFO - Iter(test) [1100/5104]    eta: 0:11:02  time: 0.4826  data_time: 0.3908  memory: 1211  
2024/09/09 22:30:19 - mmengine - INFO - Iter(test) [1150/5104]    eta: 0:10:58  time: 0.1552  data_time: 0.0769  memory: 1132  
2024/09/09 22:30:27 - mmengine - INFO - Iter(test) [1200/5104]    eta: 0:10:48  time: 0.1604  data_time: 0.0719  memory: 1161  
2024/09/09 22:30:35 - mmengine - INFO - Iter(test) [1250/5104]    eta: 0:10:38  time: 0.1545  data_time: 0.0728  memory: 1130  
2024/09/09 22:30:42 - mmengine - INFO - Iter(test) [1300/5104]    eta: 0:10:29  time: 0.1798  data_time: 0.1014  memory: 1147  
2024/09/09 22:30:50 - mmengine - INFO - Iter(test) [1350/5104]    eta: 0:10:20  time: 0.1563  data_time: 0.0779  memory: 1136  
2024/09/09 22:30:58 - mmengine - INFO - Iter(test) [1400/5104]    eta: 0:10:10  time: 0.1519  data_time: 0.0734  memory: 1193  
2024/09/09 22:31:06 - mmengine - INFO - Iter(test) [1450/5104]    eta: 0:10:00  time: 0.1632  data_time: 0.0848  memory: 1127  
2024/09/09 22:31:16 - mmengine - INFO - Iter(test) [1500/5104]    eta: 0:09:58  time: 0.1510  data_time: 0.0727  memory: 1137  
2024/09/09 22:31:24 - mmengine - INFO - Iter(test) [1550/5104]    eta: 0:09:48  time: 0.1552  data_time: 0.0735  memory: 1135  
2024/09/09 22:31:32 - mmengine - INFO - Iter(test) [1600/5104]    eta: 0:09:38  time: 0.1461  data_time: 0.0712  memory: 1156  
2024/09/09 22:31:39 - mmengine - INFO - Iter(test) [1650/5104]    eta: 0:09:29  time: 0.1528  data_time: 0.0775  memory: 1127  
2024/09/09 22:31:47 - mmengine - INFO - Iter(test) [1700/5104]    eta: 0:09:19  time: 0.1530  data_time: 0.0780  memory: 1179  
2024/09/09 22:31:55 - mmengine - INFO - Iter(test) [1750/5104]    eta: 0:09:11  time: 0.1585  data_time: 0.0733  memory: 1146  
2024/09/09 22:32:03 - mmengine - INFO - Iter(test) [1800/5104]    eta: 0:09:02  time: 0.1548  data_time: 0.0730  memory: 1181  
2024/09/09 22:32:13 - mmengine - INFO - Iter(test) [1850/5104]    eta: 0:08:57  time: 0.2864  data_time: 0.2113  memory: 1134  
2024/09/09 22:32:21 - mmengine - INFO - Iter(test) [1900/5104]    eta: 0:08:49  time: 0.1528  data_time: 0.0744  memory: 1191  
2024/09/09 22:32:29 - mmengine - INFO - Iter(test) [1950/5104]    eta: 0:08:40  time: 0.1578  data_time: 0.0726  memory: 1138  
2024/09/09 22:32:37 - mmengine - INFO - Iter(test) [2000/5104]    eta: 0:08:31  time: 0.1436  data_time: 0.0753  memory: 1124  
2024/09/09 22:32:45 - mmengine - INFO - Iter(test) [2050/5104]    eta: 0:08:22  time: 0.1579  data_time: 0.0727  memory: 1154  
2024/09/09 22:32:52 - mmengine - INFO - Iter(test) [2100/5104]    eta: 0:08:13  time: 0.1468  data_time: 0.0752  memory: 1131  
2024/09/09 22:33:00 - mmengine - INFO - Iter(test) [2150/5104]    eta: 0:08:04  time: 0.1539  data_time: 0.0722  memory: 1139  
2024/09/09 22:33:08 - mmengine - INFO - Iter(test) [2200/5104]    eta: 0:07:55  time: 0.1503  data_time: 0.0754  memory: 1155  
2024/09/09 22:33:18 - mmengine - INFO - Iter(test) [2250/5104]    eta: 0:07:50  time: 0.1707  data_time: 0.0923  memory: 1126  
2024/09/09 22:33:26 - mmengine - INFO - Iter(test) [2300/5104]    eta: 0:07:41  time: 0.1489  data_time: 0.0739  memory: 1137  
2024/09/09 22:33:34 - mmengine - INFO - Iter(test) [2350/5104]    eta: 0:07:33  time: 0.1545  data_time: 0.0761  memory: 1187  
2024/09/09 22:33:42 - mmengine - INFO - Iter(test) [2400/5104]    eta: 0:07:24  time: 0.1681  data_time: 0.0762  memory: 1142  
2024/09/09 22:33:50 - mmengine - INFO - Iter(test) [2450/5104]    eta: 0:07:16  time: 0.1561  data_time: 0.0743  memory: 1135  
2024/09/09 22:33:58 - mmengine - INFO - Iter(test) [2500/5104]    eta: 0:07:07  time: 0.1485  data_time: 0.0768  memory: 1252  
2024/09/09 22:34:06 - mmengine - INFO - Iter(test) [2550/5104]    eta: 0:06:59  time: 0.1667  data_time: 0.0849  memory: 1136  
2024/09/09 22:34:16 - mmengine - INFO - Iter(test) [2600/5104]    eta: 0:06:52  time: 0.2064  data_time: 0.1246  memory: 1148  
2024/09/09 22:34:24 - mmengine - INFO - Iter(test) [2650/5104]    eta: 0:06:44  time: 0.1632  data_time: 0.0714  memory: 1141  
2024/09/09 22:34:32 - mmengine - INFO - Iter(test) [2700/5104]    eta: 0:06:36  time: 0.1561  data_time: 0.0710  memory: 1194  
2024/09/09 22:34:40 - mmengine - INFO - Iter(test) [2750/5104]    eta: 0:06:27  time: 0.1572  data_time: 0.0753  memory: 1138  
2024/09/09 22:34:48 - mmengine - INFO - Iter(test) [2800/5104]    eta: 0:06:19  time: 0.1568  data_time: 0.0783  memory: 1130  
2024/09/09 22:34:56 - mmengine - INFO - Iter(test) [2850/5104]    eta: 0:06:10  time: 0.1654  data_time: 0.0767  memory: 1151  
2024/09/09 22:35:04 - mmengine - INFO - Iter(test) [2900/5104]    eta: 0:06:02  time: 0.1591  data_time: 0.0806  memory: 1182  
2024/09/09 22:35:13 - mmengine - INFO - Iter(test) [2950/5104]    eta: 0:05:54  time: 0.2171  data_time: 0.1284  memory: 1158  
2024/09/09 22:35:23 - mmengine - INFO - Iter(test) [3000/5104]    eta: 0:05:47  time: 0.1618  data_time: 0.0766  memory: 1149  
2024/09/09 22:35:31 - mmengine - INFO - Iter(test) [3050/5104]    eta: 0:05:39  time: 0.1542  data_time: 0.0726  memory: 1138  
2024/09/09 22:35:39 - mmengine - INFO - Iter(test) [3100/5104]    eta: 0:05:30  time: 0.1605  data_time: 0.0719  memory: 1151  
2024/09/09 22:35:47 - mmengine - INFO - Iter(test) [3150/5104]    eta: 0:05:22  time: 0.1517  data_time: 0.0766  memory: 1135  
2024/09/09 22:35:54 - mmengine - INFO - Iter(test) [3200/5104]    eta: 0:05:13  time: 0.1563  data_time: 0.0746  memory: 1129  
2024/09/09 22:36:02 - mmengine - INFO - Iter(test) [3250/5104]    eta: 0:05:05  time: 0.1563  data_time: 0.0746  memory: 1125  
2024/09/09 22:36:10 - mmengine - INFO - Iter(test) [3300/5104]    eta: 0:04:56  time: 0.1580  data_time: 0.0728  memory: 1136  
2024/09/09 22:36:18 - mmengine - INFO - Iter(test) [3350/5104]    eta: 0:04:48  time: 0.1695  data_time: 0.0943  memory: 1133  
2024/09/09 22:36:27 - mmengine - INFO - Iter(test) [3400/5104]    eta: 0:04:40  time: 0.1567  data_time: 0.0748  memory: 1136  
2024/09/09 22:36:35 - mmengine - INFO - Iter(test) [3450/5104]    eta: 0:04:32  time: 0.1584  data_time: 0.0767  memory: 1130  
2024/09/09 22:36:43 - mmengine - INFO - Iter(test) [3500/5104]    eta: 0:04:23  time: 0.1694  data_time: 0.0843  memory: 1140  
2024/09/09 22:36:50 - mmengine - INFO - Iter(test) [3550/5104]    eta: 0:04:15  time: 0.1543  data_time: 0.0726  memory: 1159  
2024/09/09 22:36:58 - mmengine - INFO - Iter(test) [3600/5104]    eta: 0:04:06  time: 0.1489  data_time: 0.0773  memory: 1136  
2024/09/09 22:37:06 - mmengine - INFO - Iter(test) [3650/5104]    eta: 0:03:58  time: 0.1540  data_time: 0.0756  memory: 1136  
2024/09/09 22:37:14 - mmengine - INFO - Iter(test) [3700/5104]    eta: 0:03:50  time: 0.1618  data_time: 0.0800  memory: 1124  
2024/09/09 22:37:22 - mmengine - INFO - Iter(test) [3750/5104]    eta: 0:03:42  time: 0.1649  data_time: 0.0865  memory: 1136  
2024/09/09 22:37:30 - mmengine - INFO - Iter(test) [3800/5104]    eta: 0:03:33  time: 0.1547  data_time: 0.0763  memory: 1146  
2024/09/09 22:37:38 - mmengine - INFO - Iter(test) [3850/5104]    eta: 0:03:25  time: 0.1569  data_time: 0.0719  memory: 1134  
2024/09/09 22:37:46 - mmengine - INFO - Iter(test) [3900/5104]    eta: 0:03:17  time: 0.1559  data_time: 0.0752  memory: 1127  
2024/09/09 22:37:54 - mmengine - INFO - Iter(test) [3950/5104]    eta: 0:03:08  time: 0.1558  data_time: 0.0730  memory: 1142  
2024/09/09 22:38:02 - mmengine - INFO - Iter(test) [4000/5104]    eta: 0:03:00  time: 0.1527  data_time: 0.0743  memory: 1134  
2024/09/09 22:38:09 - mmengine - INFO - Iter(test) [4050/5104]    eta: 0:02:52  time: 0.1608  data_time: 0.0757  memory: 1140  
2024/09/09 22:38:18 - mmengine - INFO - Iter(test) [4100/5104]    eta: 0:02:44  time: 0.1897  data_time: 0.0978  memory: 1157  
2024/09/09 22:38:26 - mmengine - INFO - Iter(test) [4150/5104]    eta: 0:02:35  time: 0.1509  data_time: 0.0758  memory: 1129  
2024/09/09 22:38:33 - mmengine - INFO - Iter(test) [4200/5104]    eta: 0:02:27  time: 0.1446  data_time: 0.0728  memory: 1128  
2024/09/09 22:38:41 - mmengine - INFO - Iter(test) [4250/5104]    eta: 0:02:19  time: 0.1572  data_time: 0.0753  memory: 1124  
2024/09/09 22:38:49 - mmengine - INFO - Iter(test) [4300/5104]    eta: 0:02:11  time: 0.1669  data_time: 0.0747  memory: 1219  
2024/09/09 22:38:57 - mmengine - INFO - Iter(test) [4350/5104]    eta: 0:02:02  time: 0.1580  data_time: 0.0829  memory: 1174  
2024/09/09 22:39:04 - mmengine - INFO - Iter(test) [4400/5104]    eta: 0:01:54  time: 0.1455  data_time: 0.0773  memory: 1129  
2024/09/09 22:39:12 - mmengine - INFO - Iter(test) [4450/5104]    eta: 0:01:46  time: 0.1499  data_time: 0.0749  memory: 1147  
2024/09/09 22:39:20 - mmengine - INFO - Iter(test) [4500/5104]    eta: 0:01:38  time: 0.1554  data_time: 0.0736  memory: 1141  
2024/09/09 22:39:29 - mmengine - INFO - Iter(test) [4550/5104]    eta: 0:01:30  time: 0.1584  data_time: 0.0732  memory: 1136  
2024/09/09 22:39:37 - mmengine - INFO - Iter(test) [4600/5104]    eta: 0:01:22  time: 0.1576  data_time: 0.0756  memory: 1124  
2024/09/09 22:39:45 - mmengine - INFO - Iter(test) [4650/5104]    eta: 0:01:13  time: 0.1551  data_time: 0.0732  memory: 1136  
2024/09/09 22:39:52 - mmengine - INFO - Iter(test) [4700/5104]    eta: 0:01:05  time: 0.1549  data_time: 0.0764  memory: 1139  
2024/09/09 22:40:00 - mmengine - INFO - Iter(test) [4750/5104]    eta: 0:00:57  time: 0.1601  data_time: 0.0775  memory: 1173  
2024/09/09 22:40:08 - mmengine - INFO - Iter(test) [4800/5104]    eta: 0:00:49  time: 0.1561  data_time: 0.0710  memory: 1124  
2024/09/09 22:40:15 - mmengine - INFO - Iter(test) [4850/5104]    eta: 0:00:41  time: 0.1483  data_time: 0.0765  memory: 1139  
2024/09/09 22:40:24 - mmengine - INFO - Iter(test) [4900/5104]    eta: 0:00:33  time: 0.1948  data_time: 0.1096  memory: 1162  
2024/09/09 22:40:33 - mmengine - INFO - Iter(test) [4950/5104]    eta: 0:00:25  time: 0.1556  data_time: 0.0738  memory: 1143  
2024/09/09 22:40:41 - mmengine - INFO - Iter(test) [5000/5104]    eta: 0:00:16  time: 0.1576  data_time: 0.0759  memory: 1142  
2024/09/09 22:40:48 - mmengine - INFO - Iter(test) [5050/5104]    eta: 0:00:08  time: 0.1562  data_time: 0.0744  memory: 1131  
2024/09/09 22:40:56 - mmengine - INFO - Iter(test) [5100/5104]    eta: 0:00:00  time: 0.1528  data_time: 0.0743  memory: 1127  
2024/09/09 22:40:57 - mmengine - INFO - Iter(test) [5104/5104]    aAcc: 43.2600  mIoU: 29.6300  mAcc: 39.1100  data_time: 0.0818  time: 0.1625
