2024/09/09 21:43:18 - mmengine - INFO - 
------------------------------------------------------------
System environment:
    sys.platform: linux
    Python: 3.9.19 | packaged by conda-forge | (main, Mar 20 2024, 12:50:21) [GCC 12.3.0]
    CUDA available: True
    numpy_random_seed: 195936369
    CUDA_HOME: /tools/cuda/cuda11.8
    NVCC: Cuda compilation tools, release 11.8, V11.8.89
    GCC: gcc (Ubuntu 7.5.0-3ubuntu1~18.04) 7.5.0
    PyTorch: 1.13.1+cu117
    PyTorch compiling details: PyTorch built with:
  - GCC 9.3
  - C++ Version: 201402
  - Intel(R) Math Kernel Library Version 2020.0.0 Product Build 20191122 for Intel(R) 64 architecture applications
  - Intel(R) MKL-DNN v2.6.0 (Git Hash 52b5f107dd9cf10910aaa19cb47f3abf9b349815)
  - OpenMP 201511 (a.k.a. OpenMP 4.5)
  - LAPACK is enabled (usually provided by MKL)
  - NNPACK is enabled
  - CPU capability usage: AVX2
  - CUDA Runtime 11.7
  - NVCC architecture flags: -gencode;arch=compute_37,code=sm_37;-gencode;arch=compute_50,code=sm_50;-gencode;arch=compute_60,code=sm_60;-gencode;arch=compute_70,code=sm_70;-gencode;arch=compute_75,code=sm_75;-gencode;arch=compute_80,code=sm_80;-gencode;arch=compute_86,code=sm_86
  - CuDNN 8.5
  - Magma 2.6.1
  - Build settings: BLAS_INFO=mkl, BUILD_TYPE=Release, CUDA_VERSION=11.7, CUDNN_VERSION=8.5.0, CXX_COMPILER=/opt/rh/devtoolset-9/root/usr/bin/c++, CXX_FLAGS= -fabi-version=11 -Wno-deprecated -fvisibility-inlines-hidden -DUSE_PTHREADPOOL -fopenmp -DNDEBUG -DUSE_KINETO -DUSE_FBGEMM -DUSE_QNNPACK -DUSE_PYTORCH_QNNPACK -DUSE_XNNPACK -DSYMBOLICATE_MOBILE_DEBUG_HANDLE -DEDGE_PROFILER_USE_KINETO -O2 -fPIC -Wno-narrowing -Wall -Wextra -Werror=return-type -Werror=non-virtual-dtor -Wno-missing-field-initializers -Wno-type-limits -Wno-array-bounds -Wno-unknown-pragmas -Wunused-local-typedefs -Wno-unused-parameter -Wno-unused-function -Wno-unused-result -Wno-strict-overflow -Wno-strict-aliasing -Wno-error=deprecated-declarations -Wno-stringop-overflow -Wno-psabi -Wno-error=pedantic -Wno-error=redundant-decls -Wno-error=old-style-cast -fdiagnostics-color=always -faligned-new -Wno-unused-but-set-variable -Wno-maybe-uninitialized -fno-math-errno -fno-trapping-math -Werror=format -Werror=cast-function-type -Wno-stringop-overflow, LAPACK_INFO=mkl, PERF_WITH_AVX=1, PERF_WITH_AVX2=1, PERF_WITH_AVX512=1, TORCH_VERSION=1.13.1, USE_CUDA=ON, USE_CUDNN=ON, USE_EXCEPTION_PTR=1, USE_GFLAGS=OFF, USE_GLOG=OFF, USE_MKL=ON, USE_MKLDNN=ON, USE_MPI=OFF, USE_NCCL=ON, USE_NNPACK=ON, USE_OPENMP=ON, USE_ROCM=OFF, 

    TorchVision: 0.14.1+cu117
    OpenCV: 4.10.0
    MMEngine: 0.8.4

Runtime environment:
    cudnn_benchmark: True
    mp_cfg: {'mp_start_method': 'fork', 'opencv_num_threads': 0}
    dist_cfg: {'backend': 'nccl'}
    seed: 195936369
    Distributed launcher: none
    Distributed training: False
    GPU number: 1
------------------------------------------------------------

2024/09/09 21:43:19 - mmengine - INFO - Config:
data_root = '/SHARE_ST/icl/Neurips2024/zeroseg_kdu_khy/data/VOCdevkit/VOC2010'
dataset_type = 'PascalContext60Dataset'
default_hooks = dict(
    checkpoint=dict(by_epoch=False, interval=2000, type='CheckpointHook'),
    logger=dict(interval=50, log_metric_by_epoch=False, type='LoggerHook'),
    param_scheduler=dict(type='ParamSchedulerHook'),
    sampler_seed=dict(type='DistSamplerSeedHook'),
    timer=dict(type='IterTimerHook'),
    visualization=dict(draw=True, interval=1, type='SegVisualizationHook'))
default_scope = 'mmseg'
env_cfg = dict(
    cudnn_benchmark=True,
    dist_cfg=dict(backend='nccl'),
    mp_cfg=dict(mp_start_method='fork', opencv_num_threads=0))
launcher = 'none'
load_from = None
log_level = 'INFO'
log_processor = dict(by_epoch=False)
model = dict(
    P=0.1,
    T=0.09,
    clip_path='ViT-B/16',
    kl_sizes=[
        0.9619752097641435,
        0.22657571914780916,
        0.7554307834821781,
        0.5685297506730932,
        0.5499091291286305,
        0.2879023681203726,
        0.5887509434697407,
    ],
    logit_scale=50,
    name_path='./configs/cls_context60.txt',
    prob_thd=0.5,
    type='CLIPForSegmentation')
resume = False
test_cfg = dict(type='TestLoop')
test_dataloader = dict(
    batch_size=1,
    dataset=dict(
        ann_file='ImageSets/SegmentationContext/val.txt',
        data_prefix=dict(
            img_path='JPEGImages', seg_map_path='SegmentationClassContext'),
        data_root=
        '/SHARE_ST/icl/Neurips2024/zeroseg_kdu_khy/data/VOCdevkit/VOC2010',
        pipeline=[
            dict(type='LoadImageFromFile'),
            dict(keep_ratio=True, scale=(
                2048,
                448,
            ), type='Resize'),
            dict(type='LoadAnnotations'),
            dict(type='PackSegInputs'),
        ],
        type='PascalContext60Dataset'),
    num_workers=4,
    persistent_workers=True,
    sampler=dict(shuffle=False, type='DefaultSampler'))
test_evaluator = dict(
    iou_metrics=[
        'mIoU',
    ], type='IoUMetric')
test_pipeline = [
    dict(type='LoadImageFromFile'),
    dict(keep_ratio=True, scale=(
        2048,
        448,
    ), type='Resize'),
    dict(type='LoadAnnotations'),
    dict(type='PackSegInputs'),
]
vis_backends = [
    dict(type='LocalVisBackend'),
]
visualizer = dict(
    name='visualizer',
    save_dir='./outputs/',
    type='SegLocalVisualizer',
    vis_backends=[
        dict(type='LocalVisBackend'),
    ])
work_dir = './hyper-context'

2024/09/09 21:43:25 - mmengine - INFO - Distributed training is not used, all SyncBatchNorm (SyncBN) layers in the model will be automatically reverted to BatchNormXd layers if they are used.
2024/09/09 21:43:25 - mmengine - INFO - Hooks will be executed in the following order:
before_run:
(VERY_HIGH   ) RuntimeInfoHook                    
(BELOW_NORMAL) LoggerHook                         
 -------------------- 
before_train:
(VERY_HIGH   ) RuntimeInfoHook                    
(NORMAL      ) IterTimerHook                      
(VERY_LOW    ) CheckpointHook                     
 -------------------- 
before_train_epoch:
(VERY_HIGH   ) RuntimeInfoHook                    
(NORMAL      ) IterTimerHook                      
(NORMAL      ) DistSamplerSeedHook                
 -------------------- 
before_train_iter:
(VERY_HIGH   ) RuntimeInfoHook                    
(NORMAL      ) IterTimerHook                      
 -------------------- 
after_train_iter:
(VERY_HIGH   ) RuntimeInfoHook                    
(NORMAL      ) IterTimerHook                      
(NORMAL      ) SegVisualizationHook               
(BELOW_NORMAL) LoggerHook                         
(LOW         ) ParamSchedulerHook                 
(VERY_LOW    ) CheckpointHook                     
 -------------------- 
after_train_epoch:
(NORMAL      ) IterTimerHook                      
(LOW         ) ParamSchedulerHook                 
(VERY_LOW    ) CheckpointHook                     
 -------------------- 
before_val:
(VERY_HIGH   ) RuntimeInfoHook                    
 -------------------- 
before_val_epoch:
(NORMAL      ) IterTimerHook                      
 -------------------- 
before_val_iter:
(NORMAL      ) IterTimerHook                      
 -------------------- 
after_val_iter:
(NORMAL      ) IterTimerHook                      
(NORMAL      ) SegVisualizationHook               
(BELOW_NORMAL) LoggerHook                         
 -------------------- 
after_val_epoch:
(VERY_HIGH   ) RuntimeInfoHook                    
(NORMAL      ) IterTimerHook                      
(BELOW_NORMAL) LoggerHook                         
(LOW         ) ParamSchedulerHook                 
(VERY_LOW    ) CheckpointHook                     
 -------------------- 
after_val:
(VERY_HIGH   ) RuntimeInfoHook                    
 -------------------- 
after_train:
(VERY_HIGH   ) RuntimeInfoHook                    
(VERY_LOW    ) CheckpointHook                     
 -------------------- 
before_test:
(VERY_HIGH   ) RuntimeInfoHook                    
 -------------------- 
before_test_epoch:
(NORMAL      ) IterTimerHook                      
 -------------------- 
before_test_iter:
(NORMAL      ) IterTimerHook                      
 -------------------- 
after_test_iter:
(NORMAL      ) IterTimerHook                      
(NORMAL      ) SegVisualizationHook               
(BELOW_NORMAL) LoggerHook                         
 -------------------- 
after_test_epoch:
(VERY_HIGH   ) RuntimeInfoHook                    
(NORMAL      ) IterTimerHook                      
(BELOW_NORMAL) LoggerHook                         
 -------------------- 
after_test:
(VERY_HIGH   ) RuntimeInfoHook                    
 -------------------- 
after_run:
(BELOW_NORMAL) LoggerHook                         
 -------------------- 
2024/09/09 21:43:35 - mmengine - INFO - Iter(test) [  50/5104]    eta: 0:15:03  time: 0.1687  data_time: 0.0758  memory: 1143  
2024/09/09 21:43:43 - mmengine - INFO - Iter(test) [ 100/5104]    eta: 0:14:22  time: 0.1703  data_time: 0.0695  memory: 1129  
2024/09/09 21:43:52 - mmengine - INFO - Iter(test) [ 150/5104]    eta: 0:14:06  time: 0.1780  data_time: 0.0773  memory: 1125  
2024/09/09 21:44:00 - mmengine - INFO - Iter(test) [ 200/5104]    eta: 0:13:52  time: 0.2023  data_time: 0.0940  memory: 1156  
2024/09/09 21:44:09 - mmengine - INFO - Iter(test) [ 250/5104]    eta: 0:13:46  time: 0.1681  data_time: 0.0790  memory: 1140  
2024/09/09 21:44:17 - mmengine - INFO - Iter(test) [ 300/5104]    eta: 0:13:32  time: 0.1646  data_time: 0.0755  memory: 1123  
2024/09/09 21:44:25 - mmengine - INFO - Iter(test) [ 350/5104]    eta: 0:13:20  time: 0.1657  data_time: 0.0727  memory: 1128  
2024/09/09 21:44:33 - mmengine - INFO - Iter(test) [ 400/5104]    eta: 0:13:12  time: 0.1707  data_time: 0.0739  memory: 1188  
2024/09/09 21:44:42 - mmengine - INFO - Iter(test) [ 450/5104]    eta: 0:13:04  time: 0.1698  data_time: 0.0846  memory: 1130  
2024/09/09 21:44:50 - mmengine - INFO - Iter(test) [ 500/5104]    eta: 0:12:52  time: 0.1563  data_time: 0.0712  memory: 1141  
2024/09/09 21:44:58 - mmengine - INFO - Iter(test) [ 550/5104]    eta: 0:12:43  time: 0.1645  data_time: 0.0755  memory: 1139  
2024/09/09 21:45:07 - mmengine - INFO - Iter(test) [ 600/5104]    eta: 0:12:36  time: 0.1626  data_time: 0.0772  memory: 1141  
2024/09/09 21:45:15 - mmengine - INFO - Iter(test) [ 650/5104]    eta: 0:12:27  time: 0.1632  data_time: 0.0741  memory: 1131  
2024/09/09 21:45:23 - mmengine - INFO - Iter(test) [ 700/5104]    eta: 0:12:17  time: 0.1546  data_time: 0.0733  memory: 1154  
2024/09/09 21:45:32 - mmengine - INFO - Iter(test) [ 750/5104]    eta: 0:12:09  time: 0.1615  data_time: 0.0763  memory: 1168  
2024/09/09 21:45:40 - mmengine - INFO - Iter(test) [ 800/5104]    eta: 0:12:00  time: 0.1644  data_time: 0.0753  memory: 1136  
2024/09/09 21:45:48 - mmengine - INFO - Iter(test) [ 850/5104]    eta: 0:11:51  time: 0.1622  data_time: 0.0769  memory: 1177  
2024/09/09 21:45:56 - mmengine - INFO - Iter(test) [ 900/5104]    eta: 0:11:43  time: 0.1592  data_time: 0.0740  memory: 1271  
2024/09/09 21:46:05 - mmengine - INFO - Iter(test) [ 950/5104]    eta: 0:11:37  time: 0.1798  data_time: 0.0830  memory: 1136  
2024/09/09 21:46:13 - mmengine - INFO - Iter(test) [1000/5104]    eta: 0:11:26  time: 0.1602  data_time: 0.0711  memory: 1128  
2024/09/09 21:46:22 - mmengine - INFO - Iter(test) [1050/5104]    eta: 0:11:19  time: 0.1943  data_time: 0.0975  memory: 1127  
2024/09/09 21:46:31 - mmengine - INFO - Iter(test) [1100/5104]    eta: 0:11:11  time: 0.1739  data_time: 0.0732  memory: 1210  
2024/09/09 21:46:39 - mmengine - INFO - Iter(test) [1150/5104]    eta: 0:11:03  time: 0.1651  data_time: 0.0759  memory: 1133  
2024/09/09 21:46:47 - mmengine - INFO - Iter(test) [1200/5104]    eta: 0:10:54  time: 0.1725  data_time: 0.0719  memory: 1161  
2024/09/09 21:46:56 - mmengine - INFO - Iter(test) [1250/5104]    eta: 0:10:46  time: 0.1663  data_time: 0.0734  memory: 1130  
2024/09/09 21:47:04 - mmengine - INFO - Iter(test) [1300/5104]    eta: 0:10:38  time: 0.1914  data_time: 0.1021  memory: 1148  
2024/09/09 21:47:13 - mmengine - INFO - Iter(test) [1350/5104]    eta: 0:10:31  time: 0.1664  data_time: 0.0774  memory: 1135  
2024/09/09 21:47:21 - mmengine - INFO - Iter(test) [1400/5104]    eta: 0:10:22  time: 0.1622  data_time: 0.0729  memory: 1193  
2024/09/09 21:47:30 - mmengine - INFO - Iter(test) [1450/5104]    eta: 0:10:13  time: 0.1656  data_time: 0.0765  memory: 1128  
2024/09/09 21:47:38 - mmengine - INFO - Iter(test) [1500/5104]    eta: 0:10:05  time: 0.1617  data_time: 0.0728  memory: 1137  
2024/09/09 21:47:46 - mmengine - INFO - Iter(test) [1550/5104]    eta: 0:09:56  time: 0.1678  data_time: 0.0749  memory: 1136  
2024/09/09 21:47:54 - mmengine - INFO - Iter(test) [1600/5104]    eta: 0:09:47  time: 0.1562  data_time: 0.0711  memory: 1155  
2024/09/09 21:48:02 - mmengine - INFO - Iter(test) [1650/5104]    eta: 0:09:38  time: 0.1632  data_time: 0.0779  memory: 1127  
2024/09/09 21:48:12 - mmengine - INFO - Iter(test) [1700/5104]    eta: 0:09:31  time: 0.1623  data_time: 0.0770  memory: 1179  
2024/09/09 21:48:20 - mmengine - INFO - Iter(test) [1750/5104]    eta: 0:09:23  time: 0.1699  data_time: 0.0731  memory: 1147  
2024/09/09 21:48:28 - mmengine - INFO - Iter(test) [1800/5104]    eta: 0:09:15  time: 0.1663  data_time: 0.0733  memory: 1181  
2024/09/09 21:48:37 - mmengine - INFO - Iter(test) [1850/5104]    eta: 0:09:06  time: 0.1621  data_time: 0.0768  memory: 1136  
2024/09/09 21:48:45 - mmengine - INFO - Iter(test) [1900/5104]    eta: 0:08:58  time: 0.1632  data_time: 0.0740  memory: 1191  
2024/09/09 21:48:53 - mmengine - INFO - Iter(test) [1950/5104]    eta: 0:08:49  time: 0.1689  data_time: 0.0722  memory: 1139  
2024/09/09 21:49:02 - mmengine - INFO - Iter(test) [2000/5104]    eta: 0:08:40  time: 0.1525  data_time: 0.0751  memory: 1124  
2024/09/09 21:49:10 - mmengine - INFO - Iter(test) [2050/5104]    eta: 0:08:33  time: 0.1686  data_time: 0.0718  memory: 1154  
2024/09/09 21:49:19 - mmengine - INFO - Iter(test) [2100/5104]    eta: 0:08:24  time: 0.1566  data_time: 0.0752  memory: 1130  
2024/09/09 21:49:27 - mmengine - INFO - Iter(test) [2150/5104]    eta: 0:08:16  time: 0.1743  data_time: 0.0813  memory: 1140  
2024/09/09 21:49:35 - mmengine - INFO - Iter(test) [2200/5104]    eta: 0:08:07  time: 0.1604  data_time: 0.0751  memory: 1155  
2024/09/09 21:49:44 - mmengine - INFO - Iter(test) [2250/5104]    eta: 0:07:58  time: 0.1627  data_time: 0.0736  memory: 1126  
2024/09/09 21:49:52 - mmengine - INFO - Iter(test) [2300/5104]    eta: 0:07:50  time: 0.1587  data_time: 0.0734  memory: 1136  
2024/09/09 21:50:01 - mmengine - INFO - Iter(test) [2350/5104]    eta: 0:07:42  time: 0.1650  data_time: 0.0758  memory: 1186  
2024/09/09 21:50:10 - mmengine - INFO - Iter(test) [2400/5104]    eta: 0:07:34  time: 0.2136  data_time: 0.1089  memory: 1142  
2024/09/09 21:50:18 - mmengine - INFO - Iter(test) [2450/5104]    eta: 0:07:26  time: 0.1674  data_time: 0.0743  memory: 1137  
2024/09/09 21:50:27 - mmengine - INFO - Iter(test) [2500/5104]    eta: 0:07:18  time: 0.1578  data_time: 0.0763  memory: 1251  
2024/09/09 21:50:35 - mmengine - INFO - Iter(test) [2550/5104]    eta: 0:07:09  time: 0.1774  data_time: 0.0844  memory: 1136  
2024/09/09 21:50:43 - mmengine - INFO - Iter(test) [2600/5104]    eta: 0:07:01  time: 0.1674  data_time: 0.0742  memory: 1147  
2024/09/09 21:50:52 - mmengine - INFO - Iter(test) [2650/5104]    eta: 0:06:52  time: 0.1790  data_time: 0.0708  memory: 1141  
2024/09/09 21:51:00 - mmengine - INFO - Iter(test) [2700/5104]    eta: 0:06:44  time: 0.1672  data_time: 0.0703  memory: 1194  
2024/09/09 21:51:09 - mmengine - INFO - Iter(test) [2750/5104]    eta: 0:06:36  time: 0.1681  data_time: 0.0752  memory: 1138  
2024/09/09 21:51:17 - mmengine - INFO - Iter(test) [2800/5104]    eta: 0:06:27  time: 0.1669  data_time: 0.0778  memory: 1132  
2024/09/09 21:51:26 - mmengine - INFO - Iter(test) [2850/5104]    eta: 0:06:19  time: 0.1775  data_time: 0.0767  memory: 1152  
2024/09/09 21:51:35 - mmengine - INFO - Iter(test) [2900/5104]    eta: 0:06:11  time: 0.1696  data_time: 0.0805  memory: 1182  
2024/09/09 21:51:43 - mmengine - INFO - Iter(test) [2950/5104]    eta: 0:06:02  time: 0.1746  data_time: 0.0739  memory: 1159  
2024/09/09 21:51:51 - mmengine - INFO - Iter(test) [3000/5104]    eta: 0:05:54  time: 0.1706  data_time: 0.0737  memory: 1149  
2024/09/09 21:52:00 - mmengine - INFO - Iter(test) [3050/5104]    eta: 0:05:46  time: 0.1652  data_time: 0.0723  memory: 1138  
2024/09/09 21:52:09 - mmengine - INFO - Iter(test) [3100/5104]    eta: 0:05:37  time: 0.1742  data_time: 0.0724  memory: 1151  
2024/09/09 21:52:17 - mmengine - INFO - Iter(test) [3150/5104]    eta: 0:05:29  time: 0.1621  data_time: 0.0768  memory: 1136  
2024/09/09 21:52:25 - mmengine - INFO - Iter(test) [3200/5104]    eta: 0:05:20  time: 0.1677  data_time: 0.0748  memory: 1129  
2024/09/09 21:52:34 - mmengine - INFO - Iter(test) [3250/5104]    eta: 0:05:12  time: 0.1675  data_time: 0.0745  memory: 1125  
2024/09/09 21:52:42 - mmengine - INFO - Iter(test) [3300/5104]    eta: 0:05:04  time: 0.1702  data_time: 0.0733  memory: 1137  
2024/09/09 21:52:51 - mmengine - INFO - Iter(test) [3350/5104]    eta: 0:04:55  time: 0.1619  data_time: 0.0765  memory: 1133  
2024/09/09 21:52:59 - mmengine - INFO - Iter(test) [3400/5104]    eta: 0:04:47  time: 0.1679  data_time: 0.0749  memory: 1137  
2024/09/09 21:53:07 - mmengine - INFO - Iter(test) [3450/5104]    eta: 0:04:38  time: 0.1696  data_time: 0.0765  memory: 1129  
2024/09/09 21:53:16 - mmengine - INFO - Iter(test) [3500/5104]    eta: 0:04:30  time: 0.1807  data_time: 0.0839  memory: 1139  
2024/09/09 21:53:24 - mmengine - INFO - Iter(test) [3550/5104]    eta: 0:04:21  time: 0.1662  data_time: 0.0732  memory: 1159  
2024/09/09 21:53:33 - mmengine - INFO - Iter(test) [3600/5104]    eta: 0:04:13  time: 0.1592  data_time: 0.0778  memory: 1136  
2024/09/09 21:53:41 - mmengine - INFO - Iter(test) [3650/5104]    eta: 0:04:04  time: 0.1643  data_time: 0.0750  memory: 1136  
2024/09/09 21:53:49 - mmengine - INFO - Iter(test) [3700/5104]    eta: 0:03:56  time: 0.1689  data_time: 0.0760  memory: 1125  
2024/09/09 21:53:57 - mmengine - INFO - Iter(test) [3750/5104]    eta: 0:03:47  time: 0.1654  data_time: 0.0761  memory: 1136  
2024/09/09 21:54:06 - mmengine - INFO - Iter(test) [3800/5104]    eta: 0:03:39  time: 0.1659  data_time: 0.0767  memory: 1146  
2024/09/09 21:54:14 - mmengine - INFO - Iter(test) [3850/5104]    eta: 0:03:31  time: 0.1912  data_time: 0.0938  memory: 1133  
2024/09/09 21:54:22 - mmengine - INFO - Iter(test) [3900/5104]    eta: 0:03:22  time: 0.1650  data_time: 0.0757  memory: 1128  
2024/09/09 21:54:31 - mmengine - INFO - Iter(test) [3950/5104]    eta: 0:03:14  time: 0.1665  data_time: 0.0733  memory: 1141  
2024/09/09 21:54:39 - mmengine - INFO - Iter(test) [4000/5104]    eta: 0:03:05  time: 0.1638  data_time: 0.0745  memory: 1135  
2024/09/09 21:54:47 - mmengine - INFO - Iter(test) [4050/5104]    eta: 0:02:57  time: 0.1713  data_time: 0.0744  memory: 1140  
2024/09/09 21:54:56 - mmengine - INFO - Iter(test) [4100/5104]    eta: 0:02:48  time: 0.1762  data_time: 0.0714  memory: 1156  
2024/09/09 21:55:04 - mmengine - INFO - Iter(test) [4150/5104]    eta: 0:02:40  time: 0.1612  data_time: 0.0758  memory: 1128  
2024/09/09 21:55:12 - mmengine - INFO - Iter(test) [4200/5104]    eta: 0:02:31  time: 0.1548  data_time: 0.0733  memory: 1128  
2024/09/09 21:55:21 - mmengine - INFO - Iter(test) [4250/5104]    eta: 0:02:23  time: 0.1680  data_time: 0.0749  memory: 1125  
2024/09/09 21:55:29 - mmengine - INFO - Iter(test) [4300/5104]    eta: 0:02:15  time: 0.1807  data_time: 0.0755  memory: 1220  
2024/09/09 21:55:38 - mmengine - INFO - Iter(test) [4350/5104]    eta: 0:02:06  time: 0.1694  data_time: 0.0837  memory: 1174  
2024/09/09 21:55:46 - mmengine - INFO - Iter(test) [4400/5104]    eta: 0:01:58  time: 0.1585  data_time: 0.0808  memory: 1129  
2024/09/09 21:55:54 - mmengine - INFO - Iter(test) [4450/5104]    eta: 0:01:49  time: 0.1603  data_time: 0.0749  memory: 1147  
2024/09/09 21:56:03 - mmengine - INFO - Iter(test) [4500/5104]    eta: 0:01:41  time: 0.1676  data_time: 0.0745  memory: 1141  
2024/09/09 21:56:11 - mmengine - INFO - Iter(test) [4550/5104]    eta: 0:01:33  time: 0.1699  data_time: 0.0728  memory: 1136  
2024/09/09 21:56:19 - mmengine - INFO - Iter(test) [4600/5104]    eta: 0:01:24  time: 0.1682  data_time: 0.0746  memory: 1124  
2024/09/09 21:56:28 - mmengine - INFO - Iter(test) [4650/5104]    eta: 0:01:16  time: 0.1654  data_time: 0.0722  memory: 1137  
2024/09/09 21:56:36 - mmengine - INFO - Iter(test) [4700/5104]    eta: 0:01:07  time: 0.1658  data_time: 0.0766  memory: 1139  
2024/09/09 21:56:44 - mmengine - INFO - Iter(test) [4750/5104]    eta: 0:00:59  time: 0.1704  data_time: 0.0772  memory: 1173  
2024/09/09 21:56:53 - mmengine - INFO - Iter(test) [4800/5104]    eta: 0:00:51  time: 0.1707  data_time: 0.0738  memory: 1125  
2024/09/09 21:57:02 - mmengine - INFO - Iter(test) [4850/5104]    eta: 0:00:42  time: 0.1582  data_time: 0.0767  memory: 1139  
2024/09/09 21:57:10 - mmengine - INFO - Iter(test) [4900/5104]    eta: 0:00:34  time: 0.1717  data_time: 0.0747  memory: 1163  
2024/09/09 21:57:18 - mmengine - INFO - Iter(test) [4950/5104]    eta: 0:00:25  time: 0.1797  data_time: 0.0866  memory: 1143  
2024/09/09 21:57:27 - mmengine - INFO - Iter(test) [5000/5104]    eta: 0:00:17  time: 0.1717  data_time: 0.0785  memory: 1141  
2024/09/09 21:57:35 - mmengine - INFO - Iter(test) [5050/5104]    eta: 0:00:09  time: 0.1681  data_time: 0.0751  memory: 1131  
2024/09/09 21:57:44 - mmengine - INFO - Iter(test) [5100/5104]    eta: 0:00:00  time: 0.1634  data_time: 0.0743  memory: 1127  
2024/09/09 21:57:45 - mmengine - INFO - Iter(test) [5104/5104]    aAcc: 44.1600  mIoU: 30.3300  mAcc: 40.3200  data_time: 0.0765  time: 0.1682
