2024/09/09 21:01:57 - mmengine - INFO - 
------------------------------------------------------------
System environment:
    sys.platform: linux
    Python: 3.9.19 | packaged by conda-forge | (main, Mar 20 2024, 12:50:21) [GCC 12.3.0]
    CUDA available: True
    numpy_random_seed: 1615546766
    CUDA_HOME: /tools/cuda/cuda11.8
    NVCC: Cuda compilation tools, release 11.8, V11.8.89
    GCC: gcc (Ubuntu 7.5.0-3ubuntu1~18.04) 7.5.0
    PyTorch: 1.13.1+cu117
    PyTorch compiling details: PyTorch built with:
  - GCC 9.3
  - C++ Version: 201402
  - Intel(R) Math Kernel Library Version 2020.0.0 Product Build 20191122 for Intel(R) 64 architecture applications
  - Intel(R) MKL-DNN v2.6.0 (Git Hash 52b5f107dd9cf10910aaa19cb47f3abf9b349815)
  - OpenMP 201511 (a.k.a. OpenMP 4.5)
  - LAPACK is enabled (usually provided by MKL)
  - NNPACK is enabled
  - CPU capability usage: AVX2
  - CUDA Runtime 11.7
  - NVCC architecture flags: -gencode;arch=compute_37,code=sm_37;-gencode;arch=compute_50,code=sm_50;-gencode;arch=compute_60,code=sm_60;-gencode;arch=compute_70,code=sm_70;-gencode;arch=compute_75,code=sm_75;-gencode;arch=compute_80,code=sm_80;-gencode;arch=compute_86,code=sm_86
  - CuDNN 8.5
  - Magma 2.6.1
  - Build settings: BLAS_INFO=mkl, BUILD_TYPE=Release, CUDA_VERSION=11.7, CUDNN_VERSION=8.5.0, CXX_COMPILER=/opt/rh/devtoolset-9/root/usr/bin/c++, CXX_FLAGS= -fabi-version=11 -Wno-deprecated -fvisibility-inlines-hidden -DUSE_PTHREADPOOL -fopenmp -DNDEBUG -DUSE_KINETO -DUSE_FBGEMM -DUSE_QNNPACK -DUSE_PYTORCH_QNNPACK -DUSE_XNNPACK -DSYMBOLICATE_MOBILE_DEBUG_HANDLE -DEDGE_PROFILER_USE_KINETO -O2 -fPIC -Wno-narrowing -Wall -Wextra -Werror=return-type -Werror=non-virtual-dtor -Wno-missing-field-initializers -Wno-type-limits -Wno-array-bounds -Wno-unknown-pragmas -Wunused-local-typedefs -Wno-unused-parameter -Wno-unused-function -Wno-unused-result -Wno-strict-overflow -Wno-strict-aliasing -Wno-error=deprecated-declarations -Wno-stringop-overflow -Wno-psabi -Wno-error=pedantic -Wno-error=redundant-decls -Wno-error=old-style-cast -fdiagnostics-color=always -faligned-new -Wno-unused-but-set-variable -Wno-maybe-uninitialized -fno-math-errno -fno-trapping-math -Werror=format -Werror=cast-function-type -Wno-stringop-overflow, LAPACK_INFO=mkl, PERF_WITH_AVX=1, PERF_WITH_AVX2=1, PERF_WITH_AVX512=1, TORCH_VERSION=1.13.1, USE_CUDA=ON, USE_CUDNN=ON, USE_EXCEPTION_PTR=1, USE_GFLAGS=OFF, USE_GLOG=OFF, USE_MKL=ON, USE_MKLDNN=ON, USE_MPI=OFF, USE_NCCL=ON, USE_NNPACK=ON, USE_OPENMP=ON, USE_ROCM=OFF, 

    TorchVision: 0.14.1+cu117
    OpenCV: 4.10.0
    MMEngine: 0.8.4

Runtime environment:
    cudnn_benchmark: True
    mp_cfg: {'mp_start_method': 'fork', 'opencv_num_threads': 0}
    dist_cfg: {'backend': 'nccl'}
    seed: 1615546766
    Distributed launcher: none
    Distributed training: False
    GPU number: 1
------------------------------------------------------------

2024/09/09 21:01:58 - mmengine - INFO - Config:
data_root = '/SHARE_ST/icl/Neurips2024/zeroseg_kdu_khy/data/VOCdevkit/VOC2010'
dataset_type = 'PascalContext60Dataset'
default_hooks = dict(
    checkpoint=dict(by_epoch=False, interval=2000, type='CheckpointHook'),
    logger=dict(interval=50, log_metric_by_epoch=False, type='LoggerHook'),
    param_scheduler=dict(type='ParamSchedulerHook'),
    sampler_seed=dict(type='DistSamplerSeedHook'),
    timer=dict(type='IterTimerHook'),
    visualization=dict(draw=True, interval=1, type='SegVisualizationHook'))
default_scope = 'mmseg'
env_cfg = dict(
    cudnn_benchmark=True,
    dist_cfg=dict(backend='nccl'),
    mp_cfg=dict(mp_start_method='fork', opencv_num_threads=0))
launcher = 'none'
load_from = None
log_level = 'INFO'
log_processor = dict(by_epoch=False)
model = dict(
    P=0.2,
    T=0.09,
    clip_path='ViT-B/16',
    kl_sizes=[
        0.8740030888922894,
        0.7883244540065957,
        0.39557169903567346,
        0.5177720690896945,
        0.30758696333316216,
        0.8996076111887488,
        0.6497661579551135,
    ],
    logit_scale=50,
    name_path='./configs/cls_context60.txt',
    prob_thd=0.5,
    type='CLIPForSegmentation')
resume = False
test_cfg = dict(type='TestLoop')
test_dataloader = dict(
    batch_size=1,
    dataset=dict(
        ann_file='ImageSets/SegmentationContext/val.txt',
        data_prefix=dict(
            img_path='JPEGImages', seg_map_path='SegmentationClassContext'),
        data_root=
        '/SHARE_ST/icl/Neurips2024/zeroseg_kdu_khy/data/VOCdevkit/VOC2010',
        pipeline=[
            dict(type='LoadImageFromFile'),
            dict(keep_ratio=True, scale=(
                2048,
                448,
            ), type='Resize'),
            dict(type='LoadAnnotations'),
            dict(type='PackSegInputs'),
        ],
        type='PascalContext60Dataset'),
    num_workers=4,
    persistent_workers=True,
    sampler=dict(shuffle=False, type='DefaultSampler'))
test_evaluator = dict(
    iou_metrics=[
        'mIoU',
    ], type='IoUMetric')
test_pipeline = [
    dict(type='LoadImageFromFile'),
    dict(keep_ratio=True, scale=(
        2048,
        448,
    ), type='Resize'),
    dict(type='LoadAnnotations'),
    dict(type='PackSegInputs'),
]
vis_backends = [
    dict(type='LocalVisBackend'),
]
visualizer = dict(
    name='visualizer',
    save_dir='./outputs/',
    type='SegLocalVisualizer',
    vis_backends=[
        dict(type='LocalVisBackend'),
    ])
work_dir = './hyper-context'

2024/09/09 21:02:05 - mmengine - INFO - Distributed training is not used, all SyncBatchNorm (SyncBN) layers in the model will be automatically reverted to BatchNormXd layers if they are used.
2024/09/09 21:02:05 - mmengine - INFO - Hooks will be executed in the following order:
before_run:
(VERY_HIGH   ) RuntimeInfoHook                    
(BELOW_NORMAL) LoggerHook                         
 -------------------- 
before_train:
(VERY_HIGH   ) RuntimeInfoHook                    
(NORMAL      ) IterTimerHook                      
(VERY_LOW    ) CheckpointHook                     
 -------------------- 
before_train_epoch:
(VERY_HIGH   ) RuntimeInfoHook                    
(NORMAL      ) IterTimerHook                      
(NORMAL      ) DistSamplerSeedHook                
 -------------------- 
before_train_iter:
(VERY_HIGH   ) RuntimeInfoHook                    
(NORMAL      ) IterTimerHook                      
 -------------------- 
after_train_iter:
(VERY_HIGH   ) RuntimeInfoHook                    
(NORMAL      ) IterTimerHook                      
(NORMAL      ) SegVisualizationHook               
(BELOW_NORMAL) LoggerHook                         
(LOW         ) ParamSchedulerHook                 
(VERY_LOW    ) CheckpointHook                     
 -------------------- 
after_train_epoch:
(NORMAL      ) IterTimerHook                      
(LOW         ) ParamSchedulerHook                 
(VERY_LOW    ) CheckpointHook                     
 -------------------- 
before_val:
(VERY_HIGH   ) RuntimeInfoHook                    
 -------------------- 
before_val_epoch:
(NORMAL      ) IterTimerHook                      
 -------------------- 
before_val_iter:
(NORMAL      ) IterTimerHook                      
 -------------------- 
after_val_iter:
(NORMAL      ) IterTimerHook                      
(NORMAL      ) SegVisualizationHook               
(BELOW_NORMAL) LoggerHook                         
 -------------------- 
after_val_epoch:
(VERY_HIGH   ) RuntimeInfoHook                    
(NORMAL      ) IterTimerHook                      
(BELOW_NORMAL) LoggerHook                         
(LOW         ) ParamSchedulerHook                 
(VERY_LOW    ) CheckpointHook                     
 -------------------- 
after_val:
(VERY_HIGH   ) RuntimeInfoHook                    
 -------------------- 
after_train:
(VERY_HIGH   ) RuntimeInfoHook                    
(VERY_LOW    ) CheckpointHook                     
 -------------------- 
before_test:
(VERY_HIGH   ) RuntimeInfoHook                    
 -------------------- 
before_test_epoch:
(NORMAL      ) IterTimerHook                      
 -------------------- 
before_test_iter:
(NORMAL      ) IterTimerHook                      
 -------------------- 
after_test_iter:
(NORMAL      ) IterTimerHook                      
(NORMAL      ) SegVisualizationHook               
(BELOW_NORMAL) LoggerHook                         
 -------------------- 
after_test_epoch:
(VERY_HIGH   ) RuntimeInfoHook                    
(NORMAL      ) IterTimerHook                      
(BELOW_NORMAL) LoggerHook                         
 -------------------- 
after_test:
(VERY_HIGH   ) RuntimeInfoHook                    
 -------------------- 
after_run:
(BELOW_NORMAL) LoggerHook                         
 -------------------- 
2024/09/09 21:02:15 - mmengine - INFO - Iter(test) [  50/5104]    eta: 0:16:20  time: 0.1803  data_time: 0.0763  memory: 1143  
2024/09/09 21:02:24 - mmengine - INFO - Iter(test) [ 100/5104]    eta: 0:15:31  time: 0.1825  data_time: 0.0692  memory: 1130  
2024/09/09 21:02:33 - mmengine - INFO - Iter(test) [ 150/5104]    eta: 0:15:09  time: 0.1888  data_time: 0.0754  memory: 1125  
2024/09/09 21:02:41 - mmengine - INFO - Iter(test) [ 200/5104]    eta: 0:14:48  time: 0.1941  data_time: 0.0727  memory: 1155  
2024/09/09 21:02:50 - mmengine - INFO - Iter(test) [ 250/5104]    eta: 0:14:34  time: 0.1765  data_time: 0.0768  memory: 1141  
2024/09/09 21:02:59 - mmengine - INFO - Iter(test) [ 300/5104]    eta: 0:14:20  time: 0.1756  data_time: 0.0754  memory: 1124  
2024/09/09 21:03:08 - mmengine - INFO - Iter(test) [ 350/5104]    eta: 0:14:11  time: 0.1771  data_time: 0.0732  memory: 1127  
2024/09/09 21:03:17 - mmengine - INFO - Iter(test) [ 400/5104]    eta: 0:14:04  time: 0.1820  data_time: 0.0737  memory: 1187  
2024/09/09 21:03:26 - mmengine - INFO - Iter(test) [ 450/5104]    eta: 0:13:55  time: 0.1821  data_time: 0.0829  memory: 1130  
2024/09/09 21:03:35 - mmengine - INFO - Iter(test) [ 500/5104]    eta: 0:13:43  time: 0.1661  data_time: 0.0710  memory: 1141  
2024/09/09 21:03:44 - mmengine - INFO - Iter(test) [ 550/5104]    eta: 0:13:34  time: 0.1757  data_time: 0.0759  memory: 1139  
2024/09/09 21:03:52 - mmengine - INFO - Iter(test) [ 600/5104]    eta: 0:13:24  time: 0.1710  data_time: 0.0757  memory: 1141  
2024/09/09 21:04:01 - mmengine - INFO - Iter(test) [ 650/5104]    eta: 0:13:14  time: 0.1761  data_time: 0.0751  memory: 1130  
2024/09/09 21:04:11 - mmengine - INFO - Iter(test) [ 700/5104]    eta: 0:13:13  time: 0.1786  data_time: 0.0859  memory: 1154  
2024/09/09 21:04:21 - mmengine - INFO - Iter(test) [ 750/5104]    eta: 0:13:06  time: 0.1752  data_time: 0.0767  memory: 1168  
2024/09/09 21:04:30 - mmengine - INFO - Iter(test) [ 800/5104]    eta: 0:12:56  time: 0.1751  data_time: 0.0755  memory: 1136  
2024/09/09 21:04:38 - mmengine - INFO - Iter(test) [ 850/5104]    eta: 0:12:45  time: 0.1712  data_time: 0.0761  memory: 1177  
2024/09/09 21:04:47 - mmengine - INFO - Iter(test) [ 900/5104]    eta: 0:12:36  time: 0.1692  data_time: 0.0738  memory: 1271  
2024/09/09 21:04:56 - mmengine - INFO - Iter(test) [ 950/5104]    eta: 0:12:26  time: 0.1808  data_time: 0.0727  memory: 1136  
2024/09/09 21:05:04 - mmengine - INFO - Iter(test) [1000/5104]    eta: 0:12:15  time: 0.1812  data_time: 0.0793  memory: 1128  
2024/09/09 21:05:17 - mmengine - INFO - Iter(test) [1050/5104]    eta: 0:12:20  time: 0.3232  data_time: 0.2148  memory: 1127  
2024/09/09 21:05:26 - mmengine - INFO - Iter(test) [1100/5104]    eta: 0:12:12  time: 0.1851  data_time: 0.0727  memory: 1212  
2024/09/09 21:05:35 - mmengine - INFO - Iter(test) [1150/5104]    eta: 0:12:01  time: 0.1763  data_time: 0.0755  memory: 1132  
2024/09/09 21:05:44 - mmengine - INFO - Iter(test) [1200/5104]    eta: 0:11:52  time: 0.1982  data_time: 0.0855  memory: 1161  
2024/09/09 21:05:54 - mmengine - INFO - Iter(test) [1250/5104]    eta: 0:11:43  time: 0.1764  data_time: 0.0725  memory: 1130  
2024/09/09 21:06:02 - mmengine - INFO - Iter(test) [1300/5104]    eta: 0:11:33  time: 0.1772  data_time: 0.0775  memory: 1149  
2024/09/09 21:06:11 - mmengine - INFO - Iter(test) [1350/5104]    eta: 0:11:24  time: 0.1775  data_time: 0.0771  memory: 1135  
2024/09/09 21:06:20 - mmengine - INFO - Iter(test) [1400/5104]    eta: 0:11:14  time: 0.1729  data_time: 0.0735  memory: 1193  
2024/09/09 21:06:29 - mmengine - INFO - Iter(test) [1450/5104]    eta: 0:11:04  time: 0.1760  data_time: 0.0765  memory: 1128  
2024/09/09 21:06:38 - mmengine - INFO - Iter(test) [1500/5104]    eta: 0:10:55  time: 0.1740  data_time: 0.0738  memory: 1137  
2024/09/09 21:06:47 - mmengine - INFO - Iter(test) [1550/5104]    eta: 0:10:45  time: 0.1780  data_time: 0.0743  memory: 1136  
2024/09/09 21:06:55 - mmengine - INFO - Iter(test) [1600/5104]    eta: 0:10:35  time: 0.1663  data_time: 0.0711  memory: 1155  
2024/09/09 21:07:04 - mmengine - INFO - Iter(test) [1650/5104]    eta: 0:10:25  time: 0.1726  data_time: 0.0772  memory: 1128  
2024/09/09 21:07:13 - mmengine - INFO - Iter(test) [1700/5104]    eta: 0:10:16  time: 0.1724  data_time: 0.0772  memory: 1179  
2024/09/09 21:07:22 - mmengine - INFO - Iter(test) [1750/5104]    eta: 0:10:07  time: 0.1814  data_time: 0.0729  memory: 1145  
2024/09/09 21:07:31 - mmengine - INFO - Iter(test) [1800/5104]    eta: 0:09:58  time: 0.1799  data_time: 0.0731  memory: 1181  
2024/09/09 21:07:40 - mmengine - INFO - Iter(test) [1850/5104]    eta: 0:09:48  time: 0.1708  data_time: 0.0754  memory: 1134  
2024/09/09 21:07:49 - mmengine - INFO - Iter(test) [1900/5104]    eta: 0:09:39  time: 0.1727  data_time: 0.0730  memory: 1191  
2024/09/09 21:07:58 - mmengine - INFO - Iter(test) [1950/5104]    eta: 0:09:30  time: 0.1797  data_time: 0.0717  memory: 1139  
2024/09/09 21:08:06 - mmengine - INFO - Iter(test) [2000/5104]    eta: 0:09:20  time: 0.1613  data_time: 0.0747  memory: 1126  
2024/09/09 21:08:16 - mmengine - INFO - Iter(test) [2050/5104]    eta: 0:09:12  time: 0.1805  data_time: 0.0717  memory: 1153  
2024/09/09 21:08:25 - mmengine - INFO - Iter(test) [2100/5104]    eta: 0:09:03  time: 0.1695  data_time: 0.0749  memory: 1131  
2024/09/09 21:08:34 - mmengine - INFO - Iter(test) [2150/5104]    eta: 0:08:53  time: 0.1761  data_time: 0.0720  memory: 1140  
2024/09/09 21:08:43 - mmengine - INFO - Iter(test) [2200/5104]    eta: 0:08:44  time: 0.1703  data_time: 0.0751  memory: 1155  
2024/09/09 21:08:51 - mmengine - INFO - Iter(test) [2250/5104]    eta: 0:08:35  time: 0.1732  data_time: 0.0735  memory: 1126  
2024/09/09 21:09:00 - mmengine - INFO - Iter(test) [2300/5104]    eta: 0:08:26  time: 0.1685  data_time: 0.0732  memory: 1137  
2024/09/09 21:09:09 - mmengine - INFO - Iter(test) [2350/5104]    eta: 0:08:17  time: 0.1752  data_time: 0.0753  memory: 1187  
2024/09/09 21:09:19 - mmengine - INFO - Iter(test) [2400/5104]    eta: 0:08:08  time: 0.1976  data_time: 0.0757  memory: 1142  
2024/09/09 21:09:28 - mmengine - INFO - Iter(test) [2450/5104]    eta: 0:07:59  time: 0.1796  data_time: 0.0758  memory: 1136  
2024/09/09 21:09:38 - mmengine - INFO - Iter(test) [2500/5104]    eta: 0:07:51  time: 0.1669  data_time: 0.0763  memory: 1252  
2024/09/09 21:09:47 - mmengine - INFO - Iter(test) [2550/5104]    eta: 0:07:41  time: 0.1887  data_time: 0.0845  memory: 1136  
2024/09/09 21:09:57 - mmengine - INFO - Iter(test) [2600/5104]    eta: 0:07:33  time: 0.1831  data_time: 0.0739  memory: 1147  
2024/09/09 21:10:06 - mmengine - INFO - Iter(test) [2650/5104]    eta: 0:07:24  time: 0.1877  data_time: 0.0707  memory: 1140  
2024/09/09 21:10:15 - mmengine - INFO - Iter(test) [2700/5104]    eta: 0:07:16  time: 0.1789  data_time: 0.0705  memory: 1194  
2024/09/09 21:10:24 - mmengine - INFO - Iter(test) [2750/5104]    eta: 0:07:07  time: 0.1831  data_time: 0.0742  memory: 1139  
2024/09/09 21:10:33 - mmengine - INFO - Iter(test) [2800/5104]    eta: 0:06:58  time: 0.1775  data_time: 0.0780  memory: 1131  
2024/09/09 21:10:43 - mmengine - INFO - Iter(test) [2850/5104]    eta: 0:06:49  time: 0.1922  data_time: 0.0777  memory: 1151  
2024/09/09 21:10:52 - mmengine - INFO - Iter(test) [2900/5104]    eta: 0:06:40  time: 0.1843  data_time: 0.0806  memory: 1183  
2024/09/09 21:11:01 - mmengine - INFO - Iter(test) [2950/5104]    eta: 0:06:31  time: 0.1860  data_time: 0.0734  memory: 1158  
2024/09/09 21:11:10 - mmengine - INFO - Iter(test) [3000/5104]    eta: 0:06:22  time: 0.1821  data_time: 0.0735  memory: 1150  
2024/09/09 21:11:20 - mmengine - INFO - Iter(test) [3050/5104]    eta: 0:06:13  time: 0.1781  data_time: 0.0722  memory: 1139  
2024/09/09 21:11:29 - mmengine - INFO - Iter(test) [3100/5104]    eta: 0:06:04  time: 0.1842  data_time: 0.0718  memory: 1151  
2024/09/09 21:11:38 - mmengine - INFO - Iter(test) [3150/5104]    eta: 0:05:55  time: 0.1761  data_time: 0.0764  memory: 1136  
2024/09/09 21:11:47 - mmengine - INFO - Iter(test) [3200/5104]    eta: 0:05:46  time: 0.1779  data_time: 0.0742  memory: 1128  
2024/09/09 21:11:56 - mmengine - INFO - Iter(test) [3250/5104]    eta: 0:05:36  time: 0.1786  data_time: 0.0745  memory: 1125  
2024/09/09 21:12:05 - mmengine - INFO - Iter(test) [3300/5104]    eta: 0:05:27  time: 0.1813  data_time: 0.0731  memory: 1137  
2024/09/09 21:12:14 - mmengine - INFO - Iter(test) [3350/5104]    eta: 0:05:18  time: 0.1714  data_time: 0.0761  memory: 1133  
2024/09/09 21:12:23 - mmengine - INFO - Iter(test) [3400/5104]    eta: 0:05:09  time: 0.1784  data_time: 0.0747  memory: 1136  
2024/09/09 21:12:32 - mmengine - INFO - Iter(test) [3450/5104]    eta: 0:05:00  time: 0.1801  data_time: 0.0762  memory: 1129  
2024/09/09 21:12:42 - mmengine - INFO - Iter(test) [3500/5104]    eta: 0:04:51  time: 0.1918  data_time: 0.0822  memory: 1140  
2024/09/09 21:12:50 - mmengine - INFO - Iter(test) [3550/5104]    eta: 0:04:42  time: 0.1751  data_time: 0.0714  memory: 1159  
2024/09/09 21:12:59 - mmengine - INFO - Iter(test) [3600/5104]    eta: 0:04:33  time: 0.1676  data_time: 0.0762  memory: 1136  
2024/09/09 21:13:08 - mmengine - INFO - Iter(test) [3650/5104]    eta: 0:04:24  time: 0.1805  data_time: 0.0743  memory: 1136  
2024/09/09 21:13:17 - mmengine - INFO - Iter(test) [3700/5104]    eta: 0:04:14  time: 0.1932  data_time: 0.0893  memory: 1125  
2024/09/09 21:13:26 - mmengine - INFO - Iter(test) [3750/5104]    eta: 0:04:05  time: 0.1743  data_time: 0.0744  memory: 1137  
2024/09/09 21:13:34 - mmengine - INFO - Iter(test) [3800/5104]    eta: 0:03:56  time: 0.1754  data_time: 0.0759  memory: 1146  
2024/09/09 21:13:43 - mmengine - INFO - Iter(test) [3850/5104]    eta: 0:03:47  time: 0.1804  data_time: 0.0720  memory: 1134  
2024/09/09 21:13:52 - mmengine - INFO - Iter(test) [3900/5104]    eta: 0:03:38  time: 0.1738  data_time: 0.0744  memory: 1128  
2024/09/09 21:14:01 - mmengine - INFO - Iter(test) [3950/5104]    eta: 0:03:29  time: 0.1818  data_time: 0.0732  memory: 1142  
2024/09/09 21:14:10 - mmengine - INFO - Iter(test) [4000/5104]    eta: 0:03:19  time: 0.1728  data_time: 0.0734  memory: 1134  
2024/09/09 21:14:19 - mmengine - INFO - Iter(test) [4050/5104]    eta: 0:03:10  time: 0.2131  data_time: 0.1047  memory: 1140  
2024/09/09 21:14:28 - mmengine - INFO - Iter(test) [4100/5104]    eta: 0:03:01  time: 0.1910  data_time: 0.0705  memory: 1158  
2024/09/09 21:14:37 - mmengine - INFO - Iter(test) [4150/5104]    eta: 0:02:52  time: 0.1704  data_time: 0.0753  memory: 1128  
2024/09/09 21:14:45 - mmengine - INFO - Iter(test) [4200/5104]    eta: 0:02:43  time: 0.1636  data_time: 0.0729  memory: 1129  
2024/09/09 21:14:54 - mmengine - INFO - Iter(test) [4250/5104]    eta: 0:02:34  time: 0.1781  data_time: 0.0741  memory: 1125  
2024/09/09 21:15:03 - mmengine - INFO - Iter(test) [4300/5104]    eta: 0:02:25  time: 0.1971  data_time: 0.0745  memory: 1219  
2024/09/09 21:15:12 - mmengine - INFO - Iter(test) [4350/5104]    eta: 0:02:16  time: 0.1784  data_time: 0.0834  memory: 1174  
2024/09/09 21:15:21 - mmengine - INFO - Iter(test) [4400/5104]    eta: 0:02:07  time: 0.2016  data_time: 0.1149  memory: 1129  
2024/09/09 21:15:30 - mmengine - INFO - Iter(test) [4450/5104]    eta: 0:01:58  time: 0.1694  data_time: 0.0743  memory: 1147  
2024/09/09 21:15:39 - mmengine - INFO - Iter(test) [4500/5104]    eta: 0:01:49  time: 0.1795  data_time: 0.0734  memory: 1141  
2024/09/09 21:15:48 - mmengine - INFO - Iter(test) [4550/5104]    eta: 0:01:40  time: 0.1805  data_time: 0.0723  memory: 1136  
2024/09/09 21:15:56 - mmengine - INFO - Iter(test) [4600/5104]    eta: 0:01:31  time: 0.1788  data_time: 0.0749  memory: 1124  
2024/09/09 21:16:05 - mmengine - INFO - Iter(test) [4650/5104]    eta: 0:01:22  time: 0.1764  data_time: 0.0724  memory: 1136  
2024/09/09 21:16:14 - mmengine - INFO - Iter(test) [4700/5104]    eta: 0:01:12  time: 0.1760  data_time: 0.0765  memory: 1140  
2024/09/09 21:16:24 - mmengine - INFO - Iter(test) [4750/5104]    eta: 0:01:03  time: 0.1809  data_time: 0.0768  memory: 1173  
2024/09/09 21:16:32 - mmengine - INFO - Iter(test) [4800/5104]    eta: 0:00:54  time: 0.1792  data_time: 0.0709  memory: 1125  
2024/09/09 21:16:41 - mmengine - INFO - Iter(test) [4850/5104]    eta: 0:00:45  time: 0.1672  data_time: 0.0762  memory: 1138  
2024/09/09 21:16:50 - mmengine - INFO - Iter(test) [4900/5104]    eta: 0:00:36  time: 0.1838  data_time: 0.0757  memory: 1163  
2024/09/09 21:16:59 - mmengine - INFO - Iter(test) [4950/5104]    eta: 0:00:27  time: 0.1797  data_time: 0.0737  memory: 1143  
2024/09/09 21:17:08 - mmengine - INFO - Iter(test) [5000/5104]    eta: 0:00:18  time: 0.1790  data_time: 0.0751  memory: 1141  
2024/09/09 21:17:17 - mmengine - INFO - Iter(test) [5050/5104]    eta: 0:00:09  time: 0.1810  data_time: 0.0748  memory: 1131  
2024/09/09 21:17:26 - mmengine - INFO - Iter(test) [5100/5104]    eta: 0:00:00  time: 0.1738  data_time: 0.0739  memory: 1129  
2024/09/09 21:17:27 - mmengine - INFO - Iter(test) [5104/5104]    aAcc: 42.0800  mIoU: 28.6700  mAcc: 37.7800  data_time: 0.0775  time: 0.1805
