2024/09/09 21:57:50 - mmengine - INFO - 
------------------------------------------------------------
System environment:
    sys.platform: linux
    Python: 3.9.19 | packaged by conda-forge | (main, Mar 20 2024, 12:50:21) [GCC 12.3.0]
    CUDA available: True
    numpy_random_seed: 1333703445
    CUDA_HOME: /tools/cuda/cuda11.8
    NVCC: Cuda compilation tools, release 11.8, V11.8.89
    GCC: gcc (Ubuntu 7.5.0-3ubuntu1~18.04) 7.5.0
    PyTorch: 1.13.1+cu117
    PyTorch compiling details: PyTorch built with:
  - GCC 9.3
  - C++ Version: 201402
  - Intel(R) Math Kernel Library Version 2020.0.0 Product Build 20191122 for Intel(R) 64 architecture applications
  - Intel(R) MKL-DNN v2.6.0 (Git Hash 52b5f107dd9cf10910aaa19cb47f3abf9b349815)
  - OpenMP 201511 (a.k.a. OpenMP 4.5)
  - LAPACK is enabled (usually provided by MKL)
  - NNPACK is enabled
  - CPU capability usage: AVX2
  - CUDA Runtime 11.7
  - NVCC architecture flags: -gencode;arch=compute_37,code=sm_37;-gencode;arch=compute_50,code=sm_50;-gencode;arch=compute_60,code=sm_60;-gencode;arch=compute_70,code=sm_70;-gencode;arch=compute_75,code=sm_75;-gencode;arch=compute_80,code=sm_80;-gencode;arch=compute_86,code=sm_86
  - CuDNN 8.5
  - Magma 2.6.1
  - Build settings: BLAS_INFO=mkl, BUILD_TYPE=Release, CUDA_VERSION=11.7, CUDNN_VERSION=8.5.0, CXX_COMPILER=/opt/rh/devtoolset-9/root/usr/bin/c++, CXX_FLAGS= -fabi-version=11 -Wno-deprecated -fvisibility-inlines-hidden -DUSE_PTHREADPOOL -fopenmp -DNDEBUG -DUSE_KINETO -DUSE_FBGEMM -DUSE_QNNPACK -DUSE_PYTORCH_QNNPACK -DUSE_XNNPACK -DSYMBOLICATE_MOBILE_DEBUG_HANDLE -DEDGE_PROFILER_USE_KINETO -O2 -fPIC -Wno-narrowing -Wall -Wextra -Werror=return-type -Werror=non-virtual-dtor -Wno-missing-field-initializers -Wno-type-limits -Wno-array-bounds -Wno-unknown-pragmas -Wunused-local-typedefs -Wno-unused-parameter -Wno-unused-function -Wno-unused-result -Wno-strict-overflow -Wno-strict-aliasing -Wno-error=deprecated-declarations -Wno-stringop-overflow -Wno-psabi -Wno-error=pedantic -Wno-error=redundant-decls -Wno-error=old-style-cast -fdiagnostics-color=always -faligned-new -Wno-unused-but-set-variable -Wno-maybe-uninitialized -fno-math-errno -fno-trapping-math -Werror=format -Werror=cast-function-type -Wno-stringop-overflow, LAPACK_INFO=mkl, PERF_WITH_AVX=1, PERF_WITH_AVX2=1, PERF_WITH_AVX512=1, TORCH_VERSION=1.13.1, USE_CUDA=ON, USE_CUDNN=ON, USE_EXCEPTION_PTR=1, USE_GFLAGS=OFF, USE_GLOG=OFF, USE_MKL=ON, USE_MKLDNN=ON, USE_MPI=OFF, USE_NCCL=ON, USE_NNPACK=ON, USE_OPENMP=ON, USE_ROCM=OFF, 

    TorchVision: 0.14.1+cu117
    OpenCV: 4.10.0
    MMEngine: 0.8.4

Runtime environment:
    cudnn_benchmark: True
    mp_cfg: {'mp_start_method': 'fork', 'opencv_num_threads': 0}
    dist_cfg: {'backend': 'nccl'}
    seed: 1333703445
    Distributed launcher: none
    Distributed training: False
    GPU number: 1
------------------------------------------------------------

2024/09/09 21:57:50 - mmengine - INFO - Config:
data_root = '/SHARE_ST/icl/Neurips2024/zeroseg_kdu_khy/data/VOCdevkit/VOC2010'
dataset_type = 'PascalContext60Dataset'
default_hooks = dict(
    checkpoint=dict(by_epoch=False, interval=2000, type='CheckpointHook'),
    logger=dict(interval=50, log_metric_by_epoch=False, type='LoggerHook'),
    param_scheduler=dict(type='ParamSchedulerHook'),
    sampler_seed=dict(type='DistSamplerSeedHook'),
    timer=dict(type='IterTimerHook'),
    visualization=dict(draw=True, interval=1, type='SegVisualizationHook'))
default_scope = 'mmseg'
env_cfg = dict(
    cudnn_benchmark=True,
    dist_cfg=dict(backend='nccl'),
    mp_cfg=dict(mp_start_method='fork', opencv_num_threads=0))
launcher = 'none'
load_from = None
log_level = 'INFO'
log_processor = dict(by_epoch=False)
model = dict(
    P=0.1,
    T=0.08,
    clip_path='ViT-B/16',
    kl_sizes=[
        0.77101550763397,
        0.4113607995310389,
        0.31481733078379515,
        0.7858322766373605,
        0.9035387418347414,
        0.32070520766767263,
    ],
    logit_scale=50,
    name_path='./configs/cls_context60.txt',
    prob_thd=0.5,
    type='CLIPForSegmentation')
resume = False
test_cfg = dict(type='TestLoop')
test_dataloader = dict(
    batch_size=1,
    dataset=dict(
        ann_file='ImageSets/SegmentationContext/val.txt',
        data_prefix=dict(
            img_path='JPEGImages', seg_map_path='SegmentationClassContext'),
        data_root=
        '/SHARE_ST/icl/Neurips2024/zeroseg_kdu_khy/data/VOCdevkit/VOC2010',
        pipeline=[
            dict(type='LoadImageFromFile'),
            dict(keep_ratio=True, scale=(
                2048,
                448,
            ), type='Resize'),
            dict(type='LoadAnnotations'),
            dict(type='PackSegInputs'),
        ],
        type='PascalContext60Dataset'),
    num_workers=4,
    persistent_workers=True,
    sampler=dict(shuffle=False, type='DefaultSampler'))
test_evaluator = dict(
    iou_metrics=[
        'mIoU',
    ], type='IoUMetric')
test_pipeline = [
    dict(type='LoadImageFromFile'),
    dict(keep_ratio=True, scale=(
        2048,
        448,
    ), type='Resize'),
    dict(type='LoadAnnotations'),
    dict(type='PackSegInputs'),
]
vis_backends = [
    dict(type='LocalVisBackend'),
]
visualizer = dict(
    name='visualizer',
    save_dir='./outputs/',
    type='SegLocalVisualizer',
    vis_backends=[
        dict(type='LocalVisBackend'),
    ])
work_dir = './hyper-context'

2024/09/09 21:57:57 - mmengine - INFO - Distributed training is not used, all SyncBatchNorm (SyncBN) layers in the model will be automatically reverted to BatchNormXd layers if they are used.
2024/09/09 21:57:57 - mmengine - INFO - Hooks will be executed in the following order:
before_run:
(VERY_HIGH   ) RuntimeInfoHook                    
(BELOW_NORMAL) LoggerHook                         
 -------------------- 
before_train:
(VERY_HIGH   ) RuntimeInfoHook                    
(NORMAL      ) IterTimerHook                      
(VERY_LOW    ) CheckpointHook                     
 -------------------- 
before_train_epoch:
(VERY_HIGH   ) RuntimeInfoHook                    
(NORMAL      ) IterTimerHook                      
(NORMAL      ) DistSamplerSeedHook                
 -------------------- 
before_train_iter:
(VERY_HIGH   ) RuntimeInfoHook                    
(NORMAL      ) IterTimerHook                      
 -------------------- 
after_train_iter:
(VERY_HIGH   ) RuntimeInfoHook                    
(NORMAL      ) IterTimerHook                      
(NORMAL      ) SegVisualizationHook               
(BELOW_NORMAL) LoggerHook                         
(LOW         ) ParamSchedulerHook                 
(VERY_LOW    ) CheckpointHook                     
 -------------------- 
after_train_epoch:
(NORMAL      ) IterTimerHook                      
(LOW         ) ParamSchedulerHook                 
(VERY_LOW    ) CheckpointHook                     
 -------------------- 
before_val:
(VERY_HIGH   ) RuntimeInfoHook                    
 -------------------- 
before_val_epoch:
(NORMAL      ) IterTimerHook                      
 -------------------- 
before_val_iter:
(NORMAL      ) IterTimerHook                      
 -------------------- 
after_val_iter:
(NORMAL      ) IterTimerHook                      
(NORMAL      ) SegVisualizationHook               
(BELOW_NORMAL) LoggerHook                         
 -------------------- 
after_val_epoch:
(VERY_HIGH   ) RuntimeInfoHook                    
(NORMAL      ) IterTimerHook                      
(BELOW_NORMAL) LoggerHook                         
(LOW         ) ParamSchedulerHook                 
(VERY_LOW    ) CheckpointHook                     
 -------------------- 
after_val:
(VERY_HIGH   ) RuntimeInfoHook                    
 -------------------- 
after_train:
(VERY_HIGH   ) RuntimeInfoHook                    
(VERY_LOW    ) CheckpointHook                     
 -------------------- 
before_test:
(VERY_HIGH   ) RuntimeInfoHook                    
 -------------------- 
before_test_epoch:
(NORMAL      ) IterTimerHook                      
 -------------------- 
before_test_iter:
(NORMAL      ) IterTimerHook                      
 -------------------- 
after_test_iter:
(NORMAL      ) IterTimerHook                      
(NORMAL      ) SegVisualizationHook               
(BELOW_NORMAL) LoggerHook                         
 -------------------- 
after_test_epoch:
(VERY_HIGH   ) RuntimeInfoHook                    
(NORMAL      ) IterTimerHook                      
(BELOW_NORMAL) LoggerHook                         
 -------------------- 
after_test:
(VERY_HIGH   ) RuntimeInfoHook                    
 -------------------- 
after_run:
(BELOW_NORMAL) LoggerHook                         
 -------------------- 
2024/09/09 21:58:06 - mmengine - INFO - Iter(test) [  50/5104]    eta: 0:15:17  time: 0.1679  data_time: 0.0759  memory: 1143  
2024/09/09 21:58:15 - mmengine - INFO - Iter(test) [ 100/5104]    eta: 0:14:25  time: 0.1681  data_time: 0.0687  memory: 1130  
2024/09/09 21:58:23 - mmengine - INFO - Iter(test) [ 150/5104]    eta: 0:14:13  time: 0.1768  data_time: 0.0763  memory: 1125  
2024/09/09 21:58:31 - mmengine - INFO - Iter(test) [ 200/5104]    eta: 0:13:56  time: 0.1794  data_time: 0.0723  memory: 1157  
2024/09/09 21:58:40 - mmengine - INFO - Iter(test) [ 250/5104]    eta: 0:13:41  time: 0.1649  data_time: 0.0769  memory: 1141  
2024/09/09 21:58:48 - mmengine - INFO - Iter(test) [ 300/5104]    eta: 0:13:28  time: 0.1633  data_time: 0.0753  memory: 1123  
2024/09/09 21:58:56 - mmengine - INFO - Iter(test) [ 350/5104]    eta: 0:13:15  time: 0.1657  data_time: 0.0736  memory: 1127  
2024/09/09 21:59:04 - mmengine - INFO - Iter(test) [ 400/5104]    eta: 0:13:08  time: 0.1697  data_time: 0.0740  memory: 1187  
2024/09/09 21:59:13 - mmengine - INFO - Iter(test) [ 450/5104]    eta: 0:13:00  time: 0.1687  data_time: 0.0844  memory: 1130  
2024/09/09 21:59:21 - mmengine - INFO - Iter(test) [ 500/5104]    eta: 0:12:50  time: 0.1667  data_time: 0.0826  memory: 1141  
2024/09/09 21:59:30 - mmengine - INFO - Iter(test) [ 550/5104]    eta: 0:12:44  time: 0.1754  data_time: 0.0874  memory: 1139  
2024/09/09 21:59:38 - mmengine - INFO - Iter(test) [ 600/5104]    eta: 0:12:35  time: 0.1607  data_time: 0.0764  memory: 1142  
2024/09/09 21:59:46 - mmengine - INFO - Iter(test) [ 650/5104]    eta: 0:12:26  time: 0.1634  data_time: 0.0752  memory: 1130  
2024/09/09 21:59:54 - mmengine - INFO - Iter(test) [ 700/5104]    eta: 0:12:16  time: 0.1540  data_time: 0.0736  memory: 1154  
2024/09/09 22:00:03 - mmengine - INFO - Iter(test) [ 750/5104]    eta: 0:12:07  time: 0.1610  data_time: 0.0767  memory: 1168  
2024/09/09 22:00:11 - mmengine - INFO - Iter(test) [ 800/5104]    eta: 0:11:59  time: 0.1658  data_time: 0.0777  memory: 1137  
2024/09/09 22:00:19 - mmengine - INFO - Iter(test) [ 850/5104]    eta: 0:11:49  time: 0.1609  data_time: 0.0766  memory: 1177  
2024/09/09 22:00:28 - mmengine - INFO - Iter(test) [ 900/5104]    eta: 0:11:41  time: 0.1591  data_time: 0.0742  memory: 1271  
2024/09/09 22:00:37 - mmengine - INFO - Iter(test) [ 950/5104]    eta: 0:11:38  time: 0.1692  data_time: 0.0734  memory: 1136  
2024/09/09 22:00:45 - mmengine - INFO - Iter(test) [1000/5104]    eta: 0:11:28  time: 0.1600  data_time: 0.0720  memory: 1127  
2024/09/09 22:00:53 - mmengine - INFO - Iter(test) [1050/5104]    eta: 0:11:19  time: 0.1716  data_time: 0.0759  memory: 1128  
2024/09/09 22:01:02 - mmengine - INFO - Iter(test) [1100/5104]    eta: 0:11:11  time: 0.1732  data_time: 0.0737  memory: 1211  
2024/09/09 22:01:10 - mmengine - INFO - Iter(test) [1150/5104]    eta: 0:11:02  time: 0.1641  data_time: 0.0760  memory: 1131  
2024/09/09 22:01:18 - mmengine - INFO - Iter(test) [1200/5104]    eta: 0:10:53  time: 0.1712  data_time: 0.0717  memory: 1160  
2024/09/09 22:01:27 - mmengine - INFO - Iter(test) [1250/5104]    eta: 0:10:47  time: 0.1653  data_time: 0.0733  memory: 1130  
2024/09/09 22:01:35 - mmengine - INFO - Iter(test) [1300/5104]    eta: 0:10:38  time: 0.1687  data_time: 0.0782  memory: 1148  
2024/09/09 22:01:44 - mmengine - INFO - Iter(test) [1350/5104]    eta: 0:10:29  time: 0.1660  data_time: 0.0778  memory: 1135  
2024/09/09 22:01:52 - mmengine - INFO - Iter(test) [1400/5104]    eta: 0:10:21  time: 0.1615  data_time: 0.0734  memory: 1194  
2024/09/09 22:02:00 - mmengine - INFO - Iter(test) [1450/5104]    eta: 0:10:12  time: 0.1653  data_time: 0.0772  memory: 1127  
2024/09/09 22:02:09 - mmengine - INFO - Iter(test) [1500/5104]    eta: 0:10:03  time: 0.1621  data_time: 0.0739  memory: 1138  
2024/09/09 22:02:17 - mmengine - INFO - Iter(test) [1550/5104]    eta: 0:09:54  time: 0.1670  data_time: 0.0751  memory: 1135  
2024/09/09 22:02:25 - mmengine - INFO - Iter(test) [1600/5104]    eta: 0:09:45  time: 0.1593  data_time: 0.0751  memory: 1155  
2024/09/09 22:02:33 - mmengine - INFO - Iter(test) [1650/5104]    eta: 0:09:37  time: 0.1638  data_time: 0.0782  memory: 1127  
2024/09/09 22:02:42 - mmengine - INFO - Iter(test) [1700/5104]    eta: 0:09:29  time: 0.1621  data_time: 0.0777  memory: 1179  
2024/09/09 22:02:50 - mmengine - INFO - Iter(test) [1750/5104]    eta: 0:09:20  time: 0.1689  data_time: 0.0730  memory: 1146  
2024/09/09 22:02:58 - mmengine - INFO - Iter(test) [1800/5104]    eta: 0:09:12  time: 0.1653  data_time: 0.0733  memory: 1181  
2024/09/09 22:03:06 - mmengine - INFO - Iter(test) [1850/5104]    eta: 0:09:03  time: 0.1597  data_time: 0.0753  memory: 1134  
2024/09/09 22:03:15 - mmengine - INFO - Iter(test) [1900/5104]    eta: 0:08:55  time: 0.1617  data_time: 0.0734  memory: 1191  
2024/09/09 22:03:23 - mmengine - INFO - Iter(test) [1950/5104]    eta: 0:08:47  time: 0.1678  data_time: 0.0721  memory: 1138  
2024/09/09 22:03:32 - mmengine - INFO - Iter(test) [2000/5104]    eta: 0:08:39  time: 0.1518  data_time: 0.0749  memory: 1124  
2024/09/09 22:03:40 - mmengine - INFO - Iter(test) [2050/5104]    eta: 0:08:30  time: 0.1681  data_time: 0.0724  memory: 1153  
2024/09/09 22:03:48 - mmengine - INFO - Iter(test) [2100/5104]    eta: 0:08:22  time: 0.1558  data_time: 0.0754  memory: 1130  
2024/09/09 22:03:57 - mmengine - INFO - Iter(test) [2150/5104]    eta: 0:08:13  time: 0.1638  data_time: 0.0719  memory: 1139  
2024/09/09 22:04:05 - mmengine - INFO - Iter(test) [2200/5104]    eta: 0:08:05  time: 0.1597  data_time: 0.0752  memory: 1155  
2024/09/09 22:04:13 - mmengine - INFO - Iter(test) [2250/5104]    eta: 0:07:56  time: 0.1611  data_time: 0.0730  memory: 1127  
2024/09/09 22:04:21 - mmengine - INFO - Iter(test) [2300/5104]    eta: 0:07:48  time: 0.1577  data_time: 0.0733  memory: 1135  
2024/09/09 22:04:30 - mmengine - INFO - Iter(test) [2350/5104]    eta: 0:07:40  time: 0.1709  data_time: 0.0828  memory: 1186  
2024/09/09 22:04:38 - mmengine - INFO - Iter(test) [2400/5104]    eta: 0:07:31  time: 0.1793  data_time: 0.0750  memory: 1142  
2024/09/09 22:04:47 - mmengine - INFO - Iter(test) [2450/5104]    eta: 0:07:23  time: 0.1668  data_time: 0.0748  memory: 1134  
2024/09/09 22:04:56 - mmengine - INFO - Iter(test) [2500/5104]    eta: 0:07:16  time: 0.1570  data_time: 0.0764  memory: 1251  
2024/09/09 22:05:04 - mmengine - INFO - Iter(test) [2550/5104]    eta: 0:07:07  time: 0.1769  data_time: 0.0850  memory: 1136  
2024/09/09 22:05:13 - mmengine - INFO - Iter(test) [2600/5104]    eta: 0:06:59  time: 0.1663  data_time: 0.0744  memory: 1147  
2024/09/09 22:05:21 - mmengine - INFO - Iter(test) [2650/5104]    eta: 0:06:50  time: 0.1749  data_time: 0.0715  memory: 1141  
2024/09/09 22:05:30 - mmengine - INFO - Iter(test) [2700/5104]    eta: 0:06:42  time: 0.1791  data_time: 0.0831  memory: 1194  
2024/09/09 22:05:38 - mmengine - INFO - Iter(test) [2750/5104]    eta: 0:06:34  time: 0.1675  data_time: 0.0752  memory: 1138  
2024/09/09 22:05:47 - mmengine - INFO - Iter(test) [2800/5104]    eta: 0:06:26  time: 0.1666  data_time: 0.0783  memory: 1130  
2024/09/09 22:05:56 - mmengine - INFO - Iter(test) [2850/5104]    eta: 0:06:18  time: 0.1760  data_time: 0.0763  memory: 1151  
2024/09/09 22:06:04 - mmengine - INFO - Iter(test) [2900/5104]    eta: 0:06:10  time: 0.1680  data_time: 0.0800  memory: 1182  
2024/09/09 22:06:13 - mmengine - INFO - Iter(test) [2950/5104]    eta: 0:06:01  time: 0.1738  data_time: 0.0742  memory: 1158  
2024/09/09 22:06:21 - mmengine - INFO - Iter(test) [3000/5104]    eta: 0:05:53  time: 0.1692  data_time: 0.0735  memory: 1150  
2024/09/09 22:06:30 - mmengine - INFO - Iter(test) [3050/5104]    eta: 0:05:44  time: 0.1657  data_time: 0.0737  memory: 1139  
2024/09/09 22:06:38 - mmengine - INFO - Iter(test) [3100/5104]    eta: 0:05:36  time: 0.1721  data_time: 0.0724  memory: 1151  
2024/09/09 22:06:47 - mmengine - INFO - Iter(test) [3150/5104]    eta: 0:05:28  time: 0.1609  data_time: 0.0767  memory: 1136  
2024/09/09 22:06:56 - mmengine - INFO - Iter(test) [3200/5104]    eta: 0:05:20  time: 0.1968  data_time: 0.1049  memory: 1128  
2024/09/09 22:07:05 - mmengine - INFO - Iter(test) [3250/5104]    eta: 0:05:12  time: 0.1667  data_time: 0.0748  memory: 1125  
2024/09/09 22:07:13 - mmengine - INFO - Iter(test) [3300/5104]    eta: 0:05:03  time: 0.1689  data_time: 0.0732  memory: 1136  
2024/09/09 22:07:22 - mmengine - INFO - Iter(test) [3350/5104]    eta: 0:04:55  time: 0.1611  data_time: 0.0767  memory: 1132  
2024/09/09 22:07:30 - mmengine - INFO - Iter(test) [3400/5104]    eta: 0:04:46  time: 0.1672  data_time: 0.0752  memory: 1136  
2024/09/09 22:07:38 - mmengine - INFO - Iter(test) [3450/5104]    eta: 0:04:38  time: 0.1690  data_time: 0.0768  memory: 1130  
2024/09/09 22:07:47 - mmengine - INFO - Iter(test) [3500/5104]    eta: 0:04:30  time: 0.1805  data_time: 0.0847  memory: 1140  
2024/09/09 22:07:56 - mmengine - INFO - Iter(test) [3550/5104]    eta: 0:04:21  time: 0.2019  data_time: 0.1095  memory: 1159  
2024/09/09 22:08:04 - mmengine - INFO - Iter(test) [3600/5104]    eta: 0:04:13  time: 0.1581  data_time: 0.0775  memory: 1136  
2024/09/09 22:08:13 - mmengine - INFO - Iter(test) [3650/5104]    eta: 0:04:05  time: 0.1634  data_time: 0.0755  memory: 1136  
2024/09/09 22:08:21 - mmengine - INFO - Iter(test) [3700/5104]    eta: 0:03:56  time: 0.1674  data_time: 0.0755  memory: 1124  
2024/09/09 22:08:29 - mmengine - INFO - Iter(test) [3750/5104]    eta: 0:03:47  time: 0.1632  data_time: 0.0750  memory: 1137  
2024/09/09 22:08:38 - mmengine - INFO - Iter(test) [3800/5104]    eta: 0:03:39  time: 0.1645  data_time: 0.0763  memory: 1147  
2024/09/09 22:08:46 - mmengine - INFO - Iter(test) [3850/5104]    eta: 0:03:31  time: 0.1675  data_time: 0.0716  memory: 1133  
2024/09/09 22:08:54 - mmengine - INFO - Iter(test) [3900/5104]    eta: 0:03:22  time: 0.1624  data_time: 0.0744  memory: 1128  
2024/09/09 22:09:02 - mmengine - INFO - Iter(test) [3950/5104]    eta: 0:03:14  time: 0.1646  data_time: 0.0729  memory: 1142  
2024/09/09 22:09:10 - mmengine - INFO - Iter(test) [4000/5104]    eta: 0:03:05  time: 0.1617  data_time: 0.0735  memory: 1134  
2024/09/09 22:09:18 - mmengine - INFO - Iter(test) [4050/5104]    eta: 0:02:57  time: 0.1700  data_time: 0.0743  memory: 1140  
2024/09/09 22:09:27 - mmengine - INFO - Iter(test) [4100/5104]    eta: 0:02:48  time: 0.1750  data_time: 0.0718  memory: 1156  
2024/09/09 22:09:35 - mmengine - INFO - Iter(test) [4150/5104]    eta: 0:02:40  time: 0.1685  data_time: 0.0842  memory: 1129  
2024/09/09 22:09:44 - mmengine - INFO - Iter(test) [4200/5104]    eta: 0:02:32  time: 0.1541  data_time: 0.0737  memory: 1128  
2024/09/09 22:09:52 - mmengine - INFO - Iter(test) [4250/5104]    eta: 0:02:23  time: 0.1666  data_time: 0.0747  memory: 1125  
2024/09/09 22:10:00 - mmengine - INFO - Iter(test) [4300/5104]    eta: 0:02:15  time: 0.1785  data_time: 0.0748  memory: 1219  
2024/09/09 22:10:09 - mmengine - INFO - Iter(test) [4350/5104]    eta: 0:02:06  time: 0.1673  data_time: 0.0831  memory: 1173  
2024/09/09 22:10:17 - mmengine - INFO - Iter(test) [4400/5104]    eta: 0:01:58  time: 0.1540  data_time: 0.0774  memory: 1129  
2024/09/09 22:10:25 - mmengine - INFO - Iter(test) [4450/5104]    eta: 0:01:49  time: 0.1590  data_time: 0.0749  memory: 1147  
2024/09/09 22:10:33 - mmengine - INFO - Iter(test) [4500/5104]    eta: 0:01:41  time: 0.1671  data_time: 0.0752  memory: 1142  
2024/09/09 22:10:42 - mmengine - INFO - Iter(test) [4550/5104]    eta: 0:01:33  time: 0.1684  data_time: 0.0727  memory: 1136  
2024/09/09 22:10:50 - mmengine - INFO - Iter(test) [4600/5104]    eta: 0:01:24  time: 0.1668  data_time: 0.0749  memory: 1126  
2024/09/09 22:10:59 - mmengine - INFO - Iter(test) [4650/5104]    eta: 0:01:16  time: 0.1653  data_time: 0.0732  memory: 1137  
2024/09/09 22:11:07 - mmengine - INFO - Iter(test) [4700/5104]    eta: 0:01:07  time: 0.1645  data_time: 0.0764  memory: 1139  
2024/09/09 22:11:15 - mmengine - INFO - Iter(test) [4750/5104]    eta: 0:00:59  time: 0.1694  data_time: 0.0774  memory: 1173  
2024/09/09 22:11:23 - mmengine - INFO - Iter(test) [4800/5104]    eta: 0:00:51  time: 0.1672  data_time: 0.0715  memory: 1124  
2024/09/09 22:11:31 - mmengine - INFO - Iter(test) [4850/5104]    eta: 0:00:42  time: 0.1572  data_time: 0.0767  memory: 1140  
2024/09/09 22:11:42 - mmengine - INFO - Iter(test) [4900/5104]    eta: 0:00:34  time: 0.2802  data_time: 0.1843  memory: 1162  
2024/09/09 22:11:51 - mmengine - INFO - Iter(test) [4950/5104]    eta: 0:00:25  time: 0.1670  data_time: 0.0750  memory: 1144  
2024/09/09 22:11:59 - mmengine - INFO - Iter(test) [5000/5104]    eta: 0:00:17  time: 0.1674  data_time: 0.0755  memory: 1142  
2024/09/09 22:12:07 - mmengine - INFO - Iter(test) [5050/5104]    eta: 0:00:09  time: 0.1668  data_time: 0.0748  memory: 1131  
2024/09/09 22:12:16 - mmengine - INFO - Iter(test) [5100/5104]    eta: 0:00:00  time: 0.1620  data_time: 0.0738  memory: 1128  
2024/09/09 22:12:16 - mmengine - INFO - Iter(test) [5104/5104]    aAcc: 44.1600  mIoU: 30.3300  mAcc: 40.2800  data_time: 0.0776  time: 0.1683
