2024/09/09 22:12:21 - mmengine - INFO - 
------------------------------------------------------------
System environment:
    sys.platform: linux
    Python: 3.9.19 | packaged by conda-forge | (main, Mar 20 2024, 12:50:21) [GCC 12.3.0]
    CUDA available: True
    numpy_random_seed: 1025564637
    CUDA_HOME: /tools/cuda/cuda11.8
    NVCC: Cuda compilation tools, release 11.8, V11.8.89
    GCC: gcc (Ubuntu 7.5.0-3ubuntu1~18.04) 7.5.0
    PyTorch: 1.13.1+cu117
    PyTorch compiling details: PyTorch built with:
  - GCC 9.3
  - C++ Version: 201402
  - Intel(R) Math Kernel Library Version 2020.0.0 Product Build 20191122 for Intel(R) 64 architecture applications
  - Intel(R) MKL-DNN v2.6.0 (Git Hash 52b5f107dd9cf10910aaa19cb47f3abf9b349815)
  - OpenMP 201511 (a.k.a. OpenMP 4.5)
  - LAPACK is enabled (usually provided by MKL)
  - NNPACK is enabled
  - CPU capability usage: AVX2
  - CUDA Runtime 11.7
  - NVCC architecture flags: -gencode;arch=compute_37,code=sm_37;-gencode;arch=compute_50,code=sm_50;-gencode;arch=compute_60,code=sm_60;-gencode;arch=compute_70,code=sm_70;-gencode;arch=compute_75,code=sm_75;-gencode;arch=compute_80,code=sm_80;-gencode;arch=compute_86,code=sm_86
  - CuDNN 8.5
  - Magma 2.6.1
  - Build settings: BLAS_INFO=mkl, BUILD_TYPE=Release, CUDA_VERSION=11.7, CUDNN_VERSION=8.5.0, CXX_COMPILER=/opt/rh/devtoolset-9/root/usr/bin/c++, CXX_FLAGS= -fabi-version=11 -Wno-deprecated -fvisibility-inlines-hidden -DUSE_PTHREADPOOL -fopenmp -DNDEBUG -DUSE_KINETO -DUSE_FBGEMM -DUSE_QNNPACK -DUSE_PYTORCH_QNNPACK -DUSE_XNNPACK -DSYMBOLICATE_MOBILE_DEBUG_HANDLE -DEDGE_PROFILER_USE_KINETO -O2 -fPIC -Wno-narrowing -Wall -Wextra -Werror=return-type -Werror=non-virtual-dtor -Wno-missing-field-initializers -Wno-type-limits -Wno-array-bounds -Wno-unknown-pragmas -Wunused-local-typedefs -Wno-unused-parameter -Wno-unused-function -Wno-unused-result -Wno-strict-overflow -Wno-strict-aliasing -Wno-error=deprecated-declarations -Wno-stringop-overflow -Wno-psabi -Wno-error=pedantic -Wno-error=redundant-decls -Wno-error=old-style-cast -fdiagnostics-color=always -faligned-new -Wno-unused-but-set-variable -Wno-maybe-uninitialized -fno-math-errno -fno-trapping-math -Werror=format -Werror=cast-function-type -Wno-stringop-overflow, LAPACK_INFO=mkl, PERF_WITH_AVX=1, PERF_WITH_AVX2=1, PERF_WITH_AVX512=1, TORCH_VERSION=1.13.1, USE_CUDA=ON, USE_CUDNN=ON, USE_EXCEPTION_PTR=1, USE_GFLAGS=OFF, USE_GLOG=OFF, USE_MKL=ON, USE_MKLDNN=ON, USE_MPI=OFF, USE_NCCL=ON, USE_NNPACK=ON, USE_OPENMP=ON, USE_ROCM=OFF, 

    TorchVision: 0.14.1+cu117
    OpenCV: 4.10.0
    MMEngine: 0.8.4

Runtime environment:
    cudnn_benchmark: True
    mp_cfg: {'mp_start_method': 'fork', 'opencv_num_threads': 0}
    dist_cfg: {'backend': 'nccl'}
    seed: 1025564637
    Distributed launcher: none
    Distributed training: False
    GPU number: 1
------------------------------------------------------------

2024/09/09 22:12:21 - mmengine - INFO - Config:
data_root = '/SHARE_ST/icl/Neurips2024/zeroseg_kdu_khy/data/VOCdevkit/VOC2010'
dataset_type = 'PascalContext60Dataset'
default_hooks = dict(
    checkpoint=dict(by_epoch=False, interval=2000, type='CheckpointHook'),
    logger=dict(interval=50, log_metric_by_epoch=False, type='LoggerHook'),
    param_scheduler=dict(type='ParamSchedulerHook'),
    sampler_seed=dict(type='DistSamplerSeedHook'),
    timer=dict(type='IterTimerHook'),
    visualization=dict(draw=True, interval=1, type='SegVisualizationHook'))
default_scope = 'mmseg'
env_cfg = dict(
    cudnn_benchmark=True,
    dist_cfg=dict(backend='nccl'),
    mp_cfg=dict(mp_start_method='fork', opencv_num_threads=0))
launcher = 'none'
load_from = None
log_level = 'INFO'
log_processor = dict(by_epoch=False)
model = dict(
    P=0.14,
    T=0.12,
    clip_path='ViT-B/16',
    kl_sizes=[
        0.7752192035991311,
        0.925508381308105,
        0.47315830679538073,
        0.6482341965121091,
        0.6866127396912376,
    ],
    logit_scale=50,
    name_path='./configs/cls_context60.txt',
    prob_thd=0.5,
    type='CLIPForSegmentation')
resume = False
test_cfg = dict(type='TestLoop')
test_dataloader = dict(
    batch_size=1,
    dataset=dict(
        ann_file='ImageSets/SegmentationContext/val.txt',
        data_prefix=dict(
            img_path='JPEGImages', seg_map_path='SegmentationClassContext'),
        data_root=
        '/SHARE_ST/icl/Neurips2024/zeroseg_kdu_khy/data/VOCdevkit/VOC2010',
        pipeline=[
            dict(type='LoadImageFromFile'),
            dict(keep_ratio=True, scale=(
                2048,
                448,
            ), type='Resize'),
            dict(type='LoadAnnotations'),
            dict(type='PackSegInputs'),
        ],
        type='PascalContext60Dataset'),
    num_workers=4,
    persistent_workers=True,
    sampler=dict(shuffle=False, type='DefaultSampler'))
test_evaluator = dict(
    iou_metrics=[
        'mIoU',
    ], type='IoUMetric')
test_pipeline = [
    dict(type='LoadImageFromFile'),
    dict(keep_ratio=True, scale=(
        2048,
        448,
    ), type='Resize'),
    dict(type='LoadAnnotations'),
    dict(type='PackSegInputs'),
]
vis_backends = [
    dict(type='LocalVisBackend'),
]
visualizer = dict(
    name='visualizer',
    save_dir='./outputs/',
    type='SegLocalVisualizer',
    vis_backends=[
        dict(type='LocalVisBackend'),
    ])
work_dir = './hyper-context'

2024/09/09 22:12:28 - mmengine - INFO - Distributed training is not used, all SyncBatchNorm (SyncBN) layers in the model will be automatically reverted to BatchNormXd layers if they are used.
2024/09/09 22:12:28 - mmengine - INFO - Hooks will be executed in the following order:
before_run:
(VERY_HIGH   ) RuntimeInfoHook                    
(BELOW_NORMAL) LoggerHook                         
 -------------------- 
before_train:
(VERY_HIGH   ) RuntimeInfoHook                    
(NORMAL      ) IterTimerHook                      
(VERY_LOW    ) CheckpointHook                     
 -------------------- 
before_train_epoch:
(VERY_HIGH   ) RuntimeInfoHook                    
(NORMAL      ) IterTimerHook                      
(NORMAL      ) DistSamplerSeedHook                
 -------------------- 
before_train_iter:
(VERY_HIGH   ) RuntimeInfoHook                    
(NORMAL      ) IterTimerHook                      
 -------------------- 
after_train_iter:
(VERY_HIGH   ) RuntimeInfoHook                    
(NORMAL      ) IterTimerHook                      
(NORMAL      ) SegVisualizationHook               
(BELOW_NORMAL) LoggerHook                         
(LOW         ) ParamSchedulerHook                 
(VERY_LOW    ) CheckpointHook                     
 -------------------- 
after_train_epoch:
(NORMAL      ) IterTimerHook                      
(LOW         ) ParamSchedulerHook                 
(VERY_LOW    ) CheckpointHook                     
 -------------------- 
before_val:
(VERY_HIGH   ) RuntimeInfoHook                    
 -------------------- 
before_val_epoch:
(NORMAL      ) IterTimerHook                      
 -------------------- 
before_val_iter:
(NORMAL      ) IterTimerHook                      
 -------------------- 
after_val_iter:
(NORMAL      ) IterTimerHook                      
(NORMAL      ) SegVisualizationHook               
(BELOW_NORMAL) LoggerHook                         
 -------------------- 
after_val_epoch:
(VERY_HIGH   ) RuntimeInfoHook                    
(NORMAL      ) IterTimerHook                      
(BELOW_NORMAL) LoggerHook                         
(LOW         ) ParamSchedulerHook                 
(VERY_LOW    ) CheckpointHook                     
 -------------------- 
after_val:
(VERY_HIGH   ) RuntimeInfoHook                    
 -------------------- 
after_train:
(VERY_HIGH   ) RuntimeInfoHook                    
(VERY_LOW    ) CheckpointHook                     
 -------------------- 
before_test:
(VERY_HIGH   ) RuntimeInfoHook                    
 -------------------- 
before_test_epoch:
(NORMAL      ) IterTimerHook                      
 -------------------- 
before_test_iter:
(NORMAL      ) IterTimerHook                      
 -------------------- 
after_test_iter:
(NORMAL      ) IterTimerHook                      
(NORMAL      ) SegVisualizationHook               
(BELOW_NORMAL) LoggerHook                         
 -------------------- 
after_test_epoch:
(VERY_HIGH   ) RuntimeInfoHook                    
(NORMAL      ) IterTimerHook                      
(BELOW_NORMAL) LoggerHook                         
 -------------------- 
after_test:
(VERY_HIGH   ) RuntimeInfoHook                    
 -------------------- 
after_run:
(BELOW_NORMAL) LoggerHook                         
 -------------------- 
2024/09/09 22:12:38 - mmengine - INFO - Iter(test) [  50/5104]    eta: 0:15:08  time: 0.1679  data_time: 0.0764  memory: 1144  
2024/09/09 22:12:46 - mmengine - INFO - Iter(test) [ 100/5104]    eta: 0:14:34  time: 0.1688  data_time: 0.0699  memory: 1130  
2024/09/09 22:12:55 - mmengine - INFO - Iter(test) [ 150/5104]    eta: 0:14:11  time: 0.1765  data_time: 0.0774  memory: 1125  
2024/09/09 22:13:03 - mmengine - INFO - Iter(test) [ 200/5104]    eta: 0:13:50  time: 0.1796  data_time: 0.0731  memory: 1156  
2024/09/09 22:13:11 - mmengine - INFO - Iter(test) [ 250/5104]    eta: 0:13:37  time: 0.1665  data_time: 0.0790  memory: 1141  
2024/09/09 22:13:19 - mmengine - INFO - Iter(test) [ 300/5104]    eta: 0:13:24  time: 0.1641  data_time: 0.0767  memory: 1123  
2024/09/09 22:13:27 - mmengine - INFO - Iter(test) [ 350/5104]    eta: 0:13:12  time: 0.1654  data_time: 0.0738  memory: 1128  
2024/09/09 22:13:36 - mmengine - INFO - Iter(test) [ 400/5104]    eta: 0:13:05  time: 0.1700  data_time: 0.0749  memory: 1188  
2024/09/09 22:13:44 - mmengine - INFO - Iter(test) [ 450/5104]    eta: 0:12:58  time: 0.1685  data_time: 0.0847  memory: 1131  
2024/09/09 22:13:52 - mmengine - INFO - Iter(test) [ 500/5104]    eta: 0:12:47  time: 0.1562  data_time: 0.0721  memory: 1141  
2024/09/09 22:14:01 - mmengine - INFO - Iter(test) [ 550/5104]    eta: 0:12:39  time: 0.1635  data_time: 0.0759  memory: 1138  
2024/09/09 22:14:09 - mmengine - INFO - Iter(test) [ 600/5104]    eta: 0:12:29  time: 0.1603  data_time: 0.0766  memory: 1141  
2024/09/09 22:14:17 - mmengine - INFO - Iter(test) [ 650/5104]    eta: 0:12:20  time: 0.1641  data_time: 0.0765  memory: 1130  
2024/09/09 22:14:25 - mmengine - INFO - Iter(test) [ 700/5104]    eta: 0:12:11  time: 0.1547  data_time: 0.0748  memory: 1155  
2024/09/09 22:14:33 - mmengine - INFO - Iter(test) [ 750/5104]    eta: 0:12:02  time: 0.1610  data_time: 0.0772  memory: 1168  
2024/09/09 22:14:42 - mmengine - INFO - Iter(test) [ 800/5104]    eta: 0:11:54  time: 0.1642  data_time: 0.0767  memory: 1136  
2024/09/09 22:14:50 - mmengine - INFO - Iter(test) [ 850/5104]    eta: 0:11:47  time: 0.1606  data_time: 0.0770  memory: 1177  
2024/09/09 22:14:59 - mmengine - INFO - Iter(test) [ 900/5104]    eta: 0:11:39  time: 0.1586  data_time: 0.0748  memory: 1271  
2024/09/09 22:15:07 - mmengine - INFO - Iter(test) [ 950/5104]    eta: 0:11:30  time: 0.1685  data_time: 0.0733  memory: 1136  
2024/09/09 22:15:15 - mmengine - INFO - Iter(test) [1000/5104]    eta: 0:11:20  time: 0.1598  data_time: 0.0722  memory: 1127  
2024/09/09 22:15:23 - mmengine - INFO - Iter(test) [1050/5104]    eta: 0:11:12  time: 0.1712  data_time: 0.0762  memory: 1127  
2024/09/09 22:15:31 - mmengine - INFO - Iter(test) [1100/5104]    eta: 0:11:04  time: 0.1720  data_time: 0.0731  memory: 1212  
2024/09/09 22:15:40 - mmengine - INFO - Iter(test) [1150/5104]    eta: 0:10:55  time: 0.1648  data_time: 0.0772  memory: 1132  
2024/09/09 22:15:48 - mmengine - INFO - Iter(test) [1200/5104]    eta: 0:10:48  time: 0.1714  data_time: 0.0724  memory: 1161  
2024/09/09 22:15:57 - mmengine - INFO - Iter(test) [1250/5104]    eta: 0:10:40  time: 0.1703  data_time: 0.0745  memory: 1129  
2024/09/09 22:16:05 - mmengine - INFO - Iter(test) [1300/5104]    eta: 0:10:32  time: 0.1655  data_time: 0.0779  memory: 1147  
2024/09/09 22:16:13 - mmengine - INFO - Iter(test) [1350/5104]    eta: 0:10:23  time: 0.1659  data_time: 0.0783  memory: 1135  
2024/09/09 22:16:22 - mmengine - INFO - Iter(test) [1400/5104]    eta: 0:10:15  time: 0.1614  data_time: 0.0739  memory: 1193  
2024/09/09 22:16:30 - mmengine - INFO - Iter(test) [1450/5104]    eta: 0:10:06  time: 0.1641  data_time: 0.0766  memory: 1127  
2024/09/09 22:16:38 - mmengine - INFO - Iter(test) [1500/5104]    eta: 0:09:58  time: 0.1610  data_time: 0.0733  memory: 1136  
2024/09/09 22:16:46 - mmengine - INFO - Iter(test) [1550/5104]    eta: 0:09:50  time: 0.2010  data_time: 0.1096  memory: 1135  
2024/09/09 22:16:55 - mmengine - INFO - Iter(test) [1600/5104]    eta: 0:09:41  time: 0.1554  data_time: 0.0717  memory: 1155  
2024/09/09 22:17:03 - mmengine - INFO - Iter(test) [1650/5104]    eta: 0:09:33  time: 0.1619  data_time: 0.0781  memory: 1127  
2024/09/09 22:17:11 - mmengine - INFO - Iter(test) [1700/5104]    eta: 0:09:24  time: 0.1637  data_time: 0.0780  memory: 1179  
2024/09/09 22:17:20 - mmengine - INFO - Iter(test) [1750/5104]    eta: 0:09:16  time: 0.1691  data_time: 0.0740  memory: 1145  
2024/09/09 22:17:28 - mmengine - INFO - Iter(test) [1800/5104]    eta: 0:09:08  time: 0.1654  data_time: 0.0740  memory: 1181  
2024/09/09 22:17:36 - mmengine - INFO - Iter(test) [1850/5104]    eta: 0:09:00  time: 0.1599  data_time: 0.0760  memory: 1135  
2024/09/09 22:17:44 - mmengine - INFO - Iter(test) [1900/5104]    eta: 0:08:51  time: 0.1623  data_time: 0.0747  memory: 1192  
2024/09/09 22:17:53 - mmengine - INFO - Iter(test) [1950/5104]    eta: 0:08:44  time: 0.1673  data_time: 0.0721  memory: 1138  
2024/09/09 22:18:01 - mmengine - INFO - Iter(test) [2000/5104]    eta: 0:08:35  time: 0.1528  data_time: 0.0766  memory: 1125  
2024/09/09 22:18:10 - mmengine - INFO - Iter(test) [2050/5104]    eta: 0:08:27  time: 0.1680  data_time: 0.0728  memory: 1153  
2024/09/09 22:18:18 - mmengine - INFO - Iter(test) [2100/5104]    eta: 0:08:19  time: 0.1559  data_time: 0.0760  memory: 1130  
2024/09/09 22:18:26 - mmengine - INFO - Iter(test) [2150/5104]    eta: 0:08:10  time: 0.1636  data_time: 0.0723  memory: 1139  
2024/09/09 22:18:34 - mmengine - INFO - Iter(test) [2200/5104]    eta: 0:08:02  time: 0.1594  data_time: 0.0756  memory: 1155  
2024/09/09 22:18:42 - mmengine - INFO - Iter(test) [2250/5104]    eta: 0:07:53  time: 0.1620  data_time: 0.0743  memory: 1126  
2024/09/09 22:18:51 - mmengine - INFO - Iter(test) [2300/5104]    eta: 0:07:46  time: 0.1637  data_time: 0.0799  memory: 1135  
2024/09/09 22:19:00 - mmengine - INFO - Iter(test) [2350/5104]    eta: 0:07:38  time: 0.1634  data_time: 0.0757  memory: 1187  
2024/09/09 22:19:08 - mmengine - INFO - Iter(test) [2400/5104]    eta: 0:07:29  time: 0.1792  data_time: 0.0764  memory: 1143  
2024/09/09 22:19:17 - mmengine - INFO - Iter(test) [2450/5104]    eta: 0:07:21  time: 0.1664  data_time: 0.0750  memory: 1134  
2024/09/09 22:19:25 - mmengine - INFO - Iter(test) [2500/5104]    eta: 0:07:13  time: 0.1572  data_time: 0.0770  memory: 1251  
2024/09/09 22:19:34 - mmengine - INFO - Iter(test) [2550/5104]    eta: 0:07:05  time: 0.1763  data_time: 0.0850  memory: 1136  
2024/09/09 22:19:42 - mmengine - INFO - Iter(test) [2600/5104]    eta: 0:06:57  time: 0.1651  data_time: 0.0738  memory: 1147  
2024/09/09 22:19:51 - mmengine - INFO - Iter(test) [2650/5104]    eta: 0:06:49  time: 0.2228  data_time: 0.1201  memory: 1140  
2024/09/09 22:20:01 - mmengine - INFO - Iter(test) [2700/5104]    eta: 0:06:42  time: 0.1659  data_time: 0.0707  memory: 1194  
2024/09/09 22:20:09 - mmengine - INFO - Iter(test) [2750/5104]    eta: 0:06:33  time: 0.1673  data_time: 0.0759  memory: 1138  
2024/09/09 22:20:18 - mmengine - INFO - Iter(test) [2800/5104]    eta: 0:06:25  time: 0.1666  data_time: 0.0790  memory: 1131  
2024/09/09 22:20:26 - mmengine - INFO - Iter(test) [2850/5104]    eta: 0:06:17  time: 0.1760  data_time: 0.0769  memory: 1151  
2024/09/09 22:20:35 - mmengine - INFO - Iter(test) [2900/5104]    eta: 0:06:09  time: 0.1698  data_time: 0.0822  memory: 1183  
2024/09/09 22:20:43 - mmengine - INFO - Iter(test) [2950/5104]    eta: 0:06:00  time: 0.1736  data_time: 0.0747  memory: 1159  
2024/09/09 22:20:52 - mmengine - INFO - Iter(test) [3000/5104]    eta: 0:05:52  time: 0.1881  data_time: 0.0930  memory: 1150  
2024/09/09 22:21:02 - mmengine - INFO - Iter(test) [3050/5104]    eta: 0:05:45  time: 0.1643  data_time: 0.0729  memory: 1138  
2024/09/09 22:21:11 - mmengine - INFO - Iter(test) [3100/5104]    eta: 0:05:37  time: 0.1717  data_time: 0.0726  memory: 1150  
2024/09/09 22:21:19 - mmengine - INFO - Iter(test) [3150/5104]    eta: 0:05:28  time: 0.1605  data_time: 0.0768  memory: 1135  
2024/09/09 22:21:27 - mmengine - INFO - Iter(test) [3200/5104]    eta: 0:05:20  time: 0.1665  data_time: 0.0752  memory: 1128  
2024/09/09 22:21:36 - mmengine - INFO - Iter(test) [3250/5104]    eta: 0:05:11  time: 0.1666  data_time: 0.0753  memory: 1125  
2024/09/09 22:21:44 - mmengine - INFO - Iter(test) [3300/5104]    eta: 0:05:03  time: 0.1690  data_time: 0.0737  memory: 1136  
2024/09/09 22:21:52 - mmengine - INFO - Iter(test) [3350/5104]    eta: 0:04:54  time: 0.1663  data_time: 0.0825  memory: 1132  
2024/09/09 22:22:04 - mmengine - INFO - Iter(test) [3400/5104]    eta: 0:04:47  time: 0.1667  data_time: 0.0752  memory: 1136  
2024/09/09 22:22:12 - mmengine - INFO - Iter(test) [3450/5104]    eta: 0:04:39  time: 0.1686  data_time: 0.0772  memory: 1130  
2024/09/09 22:22:20 - mmengine - INFO - Iter(test) [3500/5104]    eta: 0:04:31  time: 0.1787  data_time: 0.0835  memory: 1139  
2024/09/09 22:22:28 - mmengine - INFO - Iter(test) [3550/5104]    eta: 0:04:22  time: 0.1637  data_time: 0.0726  memory: 1159  
2024/09/09 22:22:37 - mmengine - INFO - Iter(test) [3600/5104]    eta: 0:04:13  time: 0.1576  data_time: 0.0776  memory: 1136  
2024/09/09 22:22:45 - mmengine - INFO - Iter(test) [3650/5104]    eta: 0:04:05  time: 0.1634  data_time: 0.0756  memory: 1136  
2024/09/09 22:22:53 - mmengine - INFO - Iter(test) [3700/5104]    eta: 0:03:56  time: 0.1677  data_time: 0.0762  memory: 1124  
2024/09/09 22:23:04 - mmengine - INFO - Iter(test) [3750/5104]    eta: 0:03:49  time: 0.1816  data_time: 0.0939  memory: 1138  
2024/09/09 22:23:12 - mmengine - INFO - Iter(test) [3800/5104]    eta: 0:03:40  time: 0.1650  data_time: 0.0773  memory: 1146  
2024/09/09 22:23:21 - mmengine - INFO - Iter(test) [3850/5104]    eta: 0:03:32  time: 0.1938  data_time: 0.0980  memory: 1133  
2024/09/09 22:23:29 - mmengine - INFO - Iter(test) [3900/5104]    eta: 0:03:23  time: 0.1636  data_time: 0.0759  memory: 1127  
2024/09/09 22:23:37 - mmengine - INFO - Iter(test) [3950/5104]    eta: 0:03:15  time: 0.1655  data_time: 0.0741  memory: 1141  
2024/09/09 22:23:46 - mmengine - INFO - Iter(test) [4000/5104]    eta: 0:03:06  time: 0.1634  data_time: 0.0755  memory: 1135  
2024/09/09 22:23:54 - mmengine - INFO - Iter(test) [4050/5104]    eta: 0:02:58  time: 0.1706  data_time: 0.0752  memory: 1140  
2024/09/09 22:24:05 - mmengine - INFO - Iter(test) [4100/5104]    eta: 0:02:50  time: 0.2236  data_time: 0.1209  memory: 1157  
2024/09/09 22:24:13 - mmengine - INFO - Iter(test) [4150/5104]    eta: 0:02:41  time: 0.1605  data_time: 0.0767  memory: 1128  
2024/09/09 22:24:21 - mmengine - INFO - Iter(test) [4200/5104]    eta: 0:02:33  time: 0.1538  data_time: 0.0737  memory: 1128  
2024/09/09 22:24:29 - mmengine - INFO - Iter(test) [4250/5104]    eta: 0:02:24  time: 0.1668  data_time: 0.0753  memory: 1124  
2024/09/09 22:24:38 - mmengine - INFO - Iter(test) [4300/5104]    eta: 0:02:16  time: 0.1783  data_time: 0.0753  memory: 1219  
2024/09/09 22:24:46 - mmengine - INFO - Iter(test) [4350/5104]    eta: 0:02:07  time: 0.1668  data_time: 0.0829  memory: 1174  
2024/09/09 22:24:54 - mmengine - INFO - Iter(test) [4400/5104]    eta: 0:01:59  time: 0.1543  data_time: 0.0780  memory: 1129  
2024/09/09 22:25:04 - mmengine - INFO - Iter(test) [4450/5104]    eta: 0:01:50  time: 0.1898  data_time: 0.1061  memory: 1147  
2024/09/09 22:25:13 - mmengine - INFO - Iter(test) [4500/5104]    eta: 0:01:42  time: 0.1664  data_time: 0.0749  memory: 1141  
2024/09/09 22:25:21 - mmengine - INFO - Iter(test) [4550/5104]    eta: 0:01:34  time: 0.1682  data_time: 0.0731  memory: 1136  
2024/09/09 22:25:30 - mmengine - INFO - Iter(test) [4600/5104]    eta: 0:01:25  time: 0.1669  data_time: 0.0755  memory: 1125  
2024/09/09 22:25:38 - mmengine - INFO - Iter(test) [4650/5104]    eta: 0:01:17  time: 0.1655  data_time: 0.0737  memory: 1136  
2024/09/09 22:25:46 - mmengine - INFO - Iter(test) [4700/5104]    eta: 0:01:08  time: 0.1643  data_time: 0.0767  memory: 1139  
2024/09/09 22:25:54 - mmengine - INFO - Iter(test) [4750/5104]    eta: 0:01:00  time: 0.1690  data_time: 0.0777  memory: 1173  
2024/09/09 22:26:04 - mmengine - INFO - Iter(test) [4800/5104]    eta: 0:00:51  time: 0.2197  data_time: 0.1246  memory: 1124  
2024/09/09 22:26:13 - mmengine - INFO - Iter(test) [4850/5104]    eta: 0:00:43  time: 0.1573  data_time: 0.0772  memory: 1140  
2024/09/09 22:26:21 - mmengine - INFO - Iter(test) [4900/5104]    eta: 0:00:34  time: 0.1703  data_time: 0.0752  memory: 1163  
2024/09/09 22:26:29 - mmengine - INFO - Iter(test) [4950/5104]    eta: 0:00:26  time: 0.1653  data_time: 0.0739  memory: 1143  
2024/09/09 22:26:37 - mmengine - INFO - Iter(test) [5000/5104]    eta: 0:00:17  time: 0.1671  data_time: 0.0757  memory: 1141  
2024/09/09 22:26:46 - mmengine - INFO - Iter(test) [5050/5104]    eta: 0:00:09  time: 0.1667  data_time: 0.0753  memory: 1132  
2024/09/09 22:26:54 - mmengine - INFO - Iter(test) [5100/5104]    eta: 0:00:00  time: 0.1620  data_time: 0.0744  memory: 1128  
2024/09/09 22:26:55 - mmengine - INFO - Iter(test) [5104/5104]    aAcc: 43.4600  mIoU: 29.8800  mAcc: 39.5500  data_time: 0.0795  time: 0.1695
